2024-08-08 21:43:46,069 [INFO] Activator:176 - 


2024-08-08 21:43:46,074 [INFO] Activator:177 - !SESSION log4j initialized
2024-08-08 21:43:53,067 [INFO] LogOutputStream:77 - [STDOUT_REDIRECT] 
2024-08-08 21:43:55,828 [INFO] ApplicationProperties:184 - Using Application install path: C:\ST\STM32CubeIDE_1.16.0\STM32CubeIDE\plugins\com.st.stm32cube.common.mx_6.12.0.202406281431
2024-08-08 21:43:55,849 [INFO] DbMcusXml:78 - Set database path to: C:\ST\STM32CubeIDE_1.16.0\STM32CubeIDE\plugins\com.st.stm32cube.common.mx_6.12.0.202406281431\\db\/mcu/
2024-08-08 21:43:55,849 [INFO] ApiDb:274 - Set plugin database path to: C:\ST\STM32CubeIDE_1.16.0\STM32CubeIDE\plugins\com.st.stm32cube.common.mx_6.12.0.202406281431\\db\/plugins/boardmanager/
2024-08-08 21:43:55,850 [WARN] ApiDb:259 - Overriding images path with different value:  => C:\ST\STM32CubeIDE_1.16.0\STM32CubeIDE\plugins\com.st.stm32cube.common.mx_6.12.0.202406281431\\db\/plugins/mcufinder/images/
2024-08-08 21:43:55,868 [INFO] ApiDb:250 - Set database path to: C:\Users\admin\.stmcufinder\plugins\mcufinder//mcu/
2024-08-08 21:43:55,869 [INFO] DbMcusAds:125 - Set database path to: C:\Users\admin\.stmcufinder\plugins\mcufinder//mcu/
2024-08-08 21:43:55,873 [INFO] CrossReferenceDbSqlite:203 - Set database path to: C:\Users\admin\.stmcufinder\plugins\mcufinder//mcu/cs/
2024-08-08 21:43:56,012 [INFO] RulesReader:64 - Compatibility file has been processed (297 Rules)
2024-08-08 21:43:56,100 [INFO] DbMcusXml:78 - Set database path to: C:\ST\STM32CubeIDE_1.16.0\STM32CubeIDE\plugins\com.st.stm32cube.common.mx_6.12.0.202406281431\\db\/mcu/
2024-08-08 21:43:56,100 [INFO] ApiDb:274 - Set plugin database path to: C:\ST\STM32CubeIDE_1.16.0\STM32CubeIDE\plugins\com.st.stm32cube.common.mx_6.12.0.202406281431\\db\/plugins/boardmanager/
2024-08-08 21:43:56,100 [INFO] ApiDb:261 - Set plugin images path to: C:\ST\STM32CubeIDE_1.16.0\STM32CubeIDE\plugins\com.st.stm32cube.common.mx_6.12.0.202406281431\\db\/plugins/mcufinder/images/
2024-08-08 21:43:56,100 [WARN] DbFile:41 - Overriding database path with different value: C:\Users\admin\.stmcufinder\plugins\mcufinder/ => C:\Users\admin\.stmcufinder\plugins\mcufinder
2024-08-08 21:43:56,100 [INFO] ApiDb:250 - Set database path to: C:\Users\admin\.stmcufinder\plugins\mcufinder//mcu/
2024-08-08 21:43:56,100 [WARN] DbFile:41 - Overriding database path with different value: C:\Users\admin\.stmcufinder\plugins\mcufinder/ => C:\Users\admin\.stmcufinder\plugins\mcufinder
2024-08-08 21:43:56,100 [INFO] DbMcusAds:125 - Set database path to: C:\Users\admin\.stmcufinder\plugins\mcufinder//mcu/
2024-08-08 21:43:56,101 [WARN] DbFile:41 - Overriding database path with different value: C:\Users\admin\.stmcufinder\plugins\mcufinder/ => C:\Users\admin\.stmcufinder\plugins\mcufinder
2024-08-08 21:43:56,101 [WARN] DbFile:41 - Overriding database path with different value: C:\Users\admin\.stmcufinder\plugins\mcufinder/ => C:\Users\admin\.stmcufinder\plugins\mcufinder
2024-08-08 21:43:56,101 [INFO] CrossReferenceDbSqlite:203 - Set database path to: C:\Users\admin\.stmcufinder\plugins\mcufinder//mcu/cs/
2024-08-08 21:43:56,190 [INFO] MainPanel:268 - HeapMemory: 268435456
2024-08-08 21:43:56,325 [INFO] DbMcusXml:78 - Set database path to: C:\ST\STM32CubeIDE_1.16.0\STM32CubeIDE\plugins\com.st.stm32cube.common.mx_6.12.0.202406281431\\db\/mcu/
2024-08-08 21:43:56,325 [INFO] ApiDb:274 - Set plugin database path to: C:\ST\STM32CubeIDE_1.16.0\STM32CubeIDE\plugins\com.st.stm32cube.common.mx_6.12.0.202406281431\\db\/plugins/boardmanager/
2024-08-08 21:43:56,325 [INFO] ApiDb:261 - Set plugin images path to: C:\ST\STM32CubeIDE_1.16.0\STM32CubeIDE\plugins\com.st.stm32cube.common.mx_6.12.0.202406281431\\db\/plugins/mcufinder/images/
2024-08-08 21:43:56,326 [WARN] DbFile:41 - Overriding database path with different value: C:\Users\admin\.stmcufinder\plugins\mcufinder/ => C:\Users\admin\.stmcufinder\plugins\mcufinder
2024-08-08 21:43:56,326 [INFO] ApiDb:250 - Set database path to: C:\Users\admin\.stmcufinder\plugins\mcufinder//mcu/
2024-08-08 21:43:56,326 [WARN] DbFile:41 - Overriding database path with different value: C:\Users\admin\.stmcufinder\plugins\mcufinder/ => C:\Users\admin\.stmcufinder\plugins\mcufinder
2024-08-08 21:43:56,326 [INFO] DbMcusAds:125 - Set database path to: C:\Users\admin\.stmcufinder\plugins\mcufinder//mcu/
2024-08-08 21:43:56,326 [WARN] DbFile:41 - Overriding database path with different value: C:\Users\admin\.stmcufinder\plugins\mcufinder/ => C:\Users\admin\.stmcufinder\plugins\mcufinder
2024-08-08 21:43:56,326 [WARN] DbFile:41 - Overriding database path with different value: C:\Users\admin\.stmcufinder\plugins\mcufinder/ => C:\Users\admin\.stmcufinder\plugins\mcufinder
2024-08-08 21:43:56,326 [INFO] CrossReferenceDbSqlite:203 - Set database path to: C:\Users\admin\.stmcufinder\plugins\mcufinder//mcu/cs/
2024-08-08 21:43:56,347 [INFO] ApplicationProperties:184 - Using Application install path: C:\ST\STM32CubeIDE_1.16.0\STM32CubeIDE\plugins\com.st.stm32cube.common.mx_6.12.0.202406281431
2024-08-08 21:43:56,349 [INFO] PluginManage:196 - Search for loadable plugins [exclusion list=, ]
2024-08-08 21:43:56,350 [INFO] PluginManage:310 - Check plugin analytics
2024-08-08 21:43:56,564 [INFO] AnalyticsPlugin:253 - Accepted Software Licenses: STM32CubeMX.6.12.0
2024-08-08 21:43:56,564 [INFO] AnalyticsPlugin:255 - Accepted CMSIS Pack Licenses: 
2024-08-08 21:43:56,565 [INFO] AnalyticsPlugin:257 - Accepted Firmware Licenses: 
2024-08-08 21:43:56,569 [INFO] PluginManage:359 - Loaded plugin analytics (category:tool,tabindex:-1)
2024-08-08 21:43:56,569 [INFO] PluginManage:310 - Check plugin cadmodel
2024-08-08 21:43:56,591 [INFO] CADModel:105 - Init CAD model plugin
2024-08-08 21:43:56,592 [INFO] PluginManage:359 - Loaded plugin cadmodel (category:power,tabindex:5)
2024-08-08 21:43:56,592 [INFO] PluginManage:310 - Check plugin clock
2024-08-08 21:43:56,621 [INFO] PluginManage:359 - Loaded plugin clock (category:base,tabindex:2)
2024-08-08 21:43:56,621 [INFO] PluginManage:310 - Check plugin ddr
2024-08-08 21:43:56,625 [INFO] PluginManage:359 - Loaded plugin ddr (category:tool,tabindex:6)
2024-08-08 21:43:56,625 [INFO] PluginManage:310 - Check plugin filemanager
2024-08-08 21:43:56,854 [INFO] PluginManage:359 - Loaded plugin filemanager (category:base,tabindex:10)
2024-08-08 21:43:56,854 [INFO] PluginManage:310 - Check plugin ipmanager
2024-08-08 21:43:56,867 [INFO] PluginManage:359 - Loaded plugin ipmanager (category:base,tabindex:5)
2024-08-08 21:43:56,867 [INFO] PluginManage:310 - Check plugin lpbam
2024-08-08 21:43:56,892 [INFO] PluginManage:359 - Loaded plugin lpbam (category:base,tabindex:0)
2024-08-08 21:43:56,892 [INFO] PluginManage:310 - Check plugin memorymap
2024-08-08 21:43:56,926 [INFO] PluginManage:359 - Loaded plugin memorymap (category:base,tabindex:4)
2024-08-08 21:43:56,926 [INFO] PluginManage:310 - Check plugin pinoutandconfiguration
2024-08-08 21:43:56,943 [INFO] PluginManage:359 - Loaded plugin pinoutandconfiguration (category:base,tabindex:1)
2024-08-08 21:43:56,943 [INFO] PluginManage:310 - Check plugin pinoutconfig
2024-08-08 21:43:57,053 [WARN] SupportedApi:132 - Cannot load RTOS API schema: s4s-elt-must-match.1: The content of 'definitions' must match (annotation?, (simpleType | complexType)?, (unique | key | keyref)*)). A problem was found starting at: attribute.
2024-08-08 21:43:57,198 [INFO] PluginManage:359 - Loaded plugin pinoutconfig (category:base,tabindex:0)
2024-08-08 21:43:57,198 [INFO] PluginManage:310 - Check plugin power
2024-08-08 21:43:57,225 [INFO] PluginManage:359 - Loaded plugin power (category:power,tabindex:4)
2024-08-08 21:43:57,225 [INFO] PluginManage:310 - Check plugin projectmanager
2024-08-08 21:43:57,289 [INFO] PluginManage:359 - Loaded plugin projectmanager (category:projectmanager,tabindex:4)
2024-08-08 21:43:57,290 [INFO] PluginManage:310 - Check plugin rif
2024-08-08 21:43:57,315 [INFO] PluginManage:359 - Loaded plugin rif (category:base,tabindex:3)
2024-08-08 21:43:57,315 [INFO] PluginManage:310 - Check plugin thirdparty
2024-08-08 21:43:57,755 [WARN] IntegrityCheckThread:84 - waiting for thirdparty lock release [integrity check]
2024-08-08 21:43:57,756 [INFO] IntegrityCheckThread:86 - entering critical section [integrity check]
2024-08-08 21:43:57,756 [INFO] PluginManage:359 - Loaded plugin thirdparty (category:base,tabindex:-1)
2024-08-08 21:43:57,756 [INFO] ThirdPartyUpdaterWithRetryManager:70 - Updater plugin not ready yet. [1/15]
2024-08-08 21:43:57,756 [INFO] PluginManage:310 - Check plugin tools
2024-08-08 21:43:57,833 [INFO] PluginManage:359 - Loaded plugin tools (category:base,tabindex:7)
2024-08-08 21:43:57,833 [INFO] PluginManage:310 - Check plugin tutovideos
2024-08-08 21:43:58,153 [INFO] PluginManage:359 - Loaded plugin tutovideos (category:base,tabindex:-1)
2024-08-08 21:43:58,153 [INFO] PluginManage:310 - Check plugin updater
2024-08-08 21:43:58,175 [INFO] PluginManage:359 - Loaded plugin updater (category:base,tabindex:12)
2024-08-08 21:43:58,175 [INFO] PluginManage:310 - Check plugin userauth
2024-08-08 21:43:58,183 [INFO] UserAuth:113 - Init User Auth plugin
2024-08-08 21:43:58,183 [INFO] PluginManage:359 - Loaded plugin userauth (category:base,tabindex:14)
2024-08-08 21:43:58,183 [INFO] PluginManage:283 - PluginManage : Loaded plugins [18]
2024-08-08 21:43:58,442 [INFO] PinOutPanel:1561 - setPackage(No Configuration,No Configuration)
2024-08-08 21:43:58,527 [INFO] CADModel:165 - CPN selected for project level
2024-08-08 21:43:58,527 [INFO] CADModel:114 - Register for checkConnection events
2024-08-08 21:43:58,554 [INFO] IPUIPlugin:80 - create IPUIPlugin
2024-08-08 21:43:58,554 [INFO] PluginManager:220 - loadIPPluginJar : add adc
2024-08-08 21:43:58,597 [INFO] IPUIPlugin:80 - create IPUIPlugin
2024-08-08 21:43:58,597 [INFO] PluginManager:220 - loadIPPluginJar : add aes
2024-08-08 21:43:58,641 [INFO] IPUIPlugin:80 - create IPUIPlugin
2024-08-08 21:43:58,642 [INFO] PluginManager:220 - loadIPPluginJar : add can
2024-08-08 21:43:58,665 [INFO] IPUIPlugin:80 - create IPUIPlugin
2024-08-08 21:43:58,665 [INFO] PluginManager:220 - loadIPPluginJar : add comp
2024-08-08 21:43:58,702 [INFO] IPUIPlugin:80 - create IPUIPlugin
2024-08-08 21:43:58,702 [INFO] PluginManager:220 - loadIPPluginJar : add cryp
2024-08-08 21:43:58,714 [INFO] IPUIPlugin:80 - create IPUIPlugin
2024-08-08 21:43:58,714 [INFO] PluginManager:220 - loadIPPluginJar : add ddr_ctrl_phy
2024-08-08 21:43:58,751 [INFO] IPUIPlugin:80 - create IPUIPlugin
2024-08-08 21:43:58,751 [INFO] PluginManager:220 - loadIPPluginJar : add dfsdm
2024-08-08 21:43:58,769 [INFO] IPUIPlugin:80 - create IPUIPlugin
2024-08-08 21:43:58,769 [INFO] PluginManager:220 - loadIPPluginJar : add dma
2024-08-08 21:43:58,824 [INFO] IPUIPlugin:80 - create IPUIPlugin
2024-08-08 21:43:58,824 [INFO] PluginManager:220 - loadIPPluginJar : add dma3
2024-08-08 21:43:58,873 [INFO] IPUIPlugin:80 - create IPUIPlugin
2024-08-08 21:43:58,873 [INFO] PluginManager:220 - loadIPPluginJar : add extmemmanager
2024-08-08 21:43:58,894 [INFO] IPUIPlugin:80 - create IPUIPlugin
2024-08-08 21:43:58,894 [INFO] PluginManager:220 - loadIPPluginJar : add fatfs
2024-08-08 21:43:58,945 [INFO] IPUIPlugin:80 - create IPUIPlugin
2024-08-08 21:43:58,945 [INFO] PluginManager:220 - loadIPPluginJar : add fmc
2024-08-08 21:43:58,960 [INFO] IPUIPlugin:80 - create IPUIPlugin
2024-08-08 21:43:58,960 [INFO] PluginManager:220 - loadIPPluginJar : add freertos
2024-08-08 21:43:58,983 [INFO] IPUIPlugin:80 - create IPUIPlugin
2024-08-08 21:43:58,984 [INFO] PluginManager:220 - loadIPPluginJar : add genericplugin
2024-08-08 21:43:59,084 [INFO] IPUIPlugin:80 - create IPUIPlugin
2024-08-08 21:43:59,084 [INFO] PluginManager:220 - loadIPPluginJar : add gfxmmu
2024-08-08 21:43:59,226 [INFO] IPUIPlugin:80 - create IPUIPlugin
2024-08-08 21:43:59,227 [INFO] PluginManager:220 - loadIPPluginJar : add gic
2024-08-08 21:43:59,240 [INFO] IPUIPlugin:80 - create IPUIPlugin
2024-08-08 21:43:59,240 [INFO] PluginManager:220 - loadIPPluginJar : add gpio
2024-08-08 21:43:59,342 [INFO] IPUIPlugin:80 - create IPUIPlugin
2024-08-08 21:43:59,343 [INFO] PluginManager:220 - loadIPPluginJar : add gtzc
2024-08-08 21:43:59,376 [INFO] IPUIPlugin:80 - create IPUIPlugin
2024-08-08 21:43:59,376 [INFO] PluginManager:220 - loadIPPluginJar : add hash
2024-08-08 21:43:59,432 [INFO] IPUIPlugin:80 - create IPUIPlugin
2024-08-08 21:43:59,432 [INFO] PluginManager:220 - loadIPPluginJar : add i2c
2024-08-08 21:43:59,472 [INFO] IPUIPlugin:80 - create IPUIPlugin
2024-08-08 21:43:59,472 [INFO] PluginManager:220 - loadIPPluginJar : add i2s
2024-08-08 21:43:59,512 [INFO] IPUIPlugin:80 - create IPUIPlugin
2024-08-08 21:43:59,512 [INFO] PluginManager:220 - loadIPPluginJar : add i3c
2024-08-08 21:43:59,622 [INFO] IPUIPlugin:80 - create IPUIPlugin
2024-08-08 21:43:59,622 [INFO] PluginManager:220 - loadIPPluginJar : add ipddr
2024-08-08 21:43:59,737 [INFO] IPUIPlugin:80 - create IPUIPlugin
2024-08-08 21:43:59,738 [INFO] PluginManager:220 - loadIPPluginJar : add linkedlist
2024-08-08 21:43:59,783 [INFO] IPUIPlugin:80 - create IPUIPlugin
2024-08-08 21:43:59,783 [INFO] PluginManager:220 - loadIPPluginJar : add lorawan
2024-08-08 21:43:59,828 [INFO] IPUIPlugin:80 - create IPUIPlugin
2024-08-08 21:43:59,829 [INFO] PluginManager:220 - loadIPPluginJar : add ltdc
2024-08-08 21:43:59,847 [INFO] IPUIPlugin:80 - create IPUIPlugin
2024-08-08 21:43:59,848 [INFO] PluginManager:220 - loadIPPluginJar : add mdma
2024-08-08 21:43:59,863 [INFO] IPUIPlugin:80 - create IPUIPlugin
2024-08-08 21:43:59,863 [INFO] PluginManager:220 - loadIPPluginJar : add nvic
2024-08-08 21:43:59,909 [INFO] IPUIPlugin:80 - create IPUIPlugin
2024-08-08 21:43:59,909 [INFO] PluginManager:220 - loadIPPluginJar : add opamp
2024-08-08 21:43:59,984 [INFO] IPUIPlugin:80 - create IPUIPlugin
2024-08-08 21:43:59,984 [INFO] PluginManager:220 - loadIPPluginJar : add openamp
2024-08-08 21:44:00,055 [INFO] IPUIPlugin:80 - create IPUIPlugin
2024-08-08 21:44:00,055 [INFO] PluginManager:220 - loadIPPluginJar : add pdm2pcm
2024-08-08 21:44:00,075 [INFO] IPUIPlugin:80 - create IPUIPlugin
2024-08-08 21:44:00,080 [INFO] PluginManager:220 - loadIPPluginJar : add plateformsettings
2024-08-08 21:44:00,103 [INFO] IPUIPlugin:80 - create IPUIPlugin
2024-08-08 21:44:00,104 [INFO] PluginManager:220 - loadIPPluginJar : add quadspi
2024-08-08 21:44:00,137 [INFO] IPUIPlugin:80 - create IPUIPlugin
2024-08-08 21:44:00,137 [INFO] PluginManager:220 - loadIPPluginJar : add radio
2024-08-08 21:44:00,149 [INFO] IPUIPlugin:80 - create IPUIPlugin
2024-08-08 21:44:00,149 [INFO] PluginManager:220 - loadIPPluginJar : add resmgrutility
2024-08-08 21:44:00,219 [INFO] IPUIPlugin:80 - create IPUIPlugin
2024-08-08 21:44:00,220 [INFO] PluginManager:220 - loadIPPluginJar : add sai
2024-08-08 21:44:00,271 [INFO] IPUIPlugin:80 - create IPUIPlugin
2024-08-08 21:44:00,271 [INFO] PluginManager:220 - loadIPPluginJar : add spi
2024-08-08 21:44:00,356 [INFO] IPUIPlugin:80 - create IPUIPlugin
2024-08-08 21:44:00,356 [INFO] PluginManager:220 - loadIPPluginJar : add stm32_wpan
2024-08-08 21:44:00,387 [INFO] IPUIPlugin:80 - create IPUIPlugin
2024-08-08 21:44:00,387 [INFO] PluginManager:220 - loadIPPluginJar : add tim
2024-08-08 21:44:00,464 [INFO] IPUIPlugin:80 - create IPUIPlugin
2024-08-08 21:44:00,465 [INFO] PluginManager:220 - loadIPPluginJar : add touchsensing
2024-08-08 21:44:00,496 [INFO] IPUIPlugin:80 - create IPUIPlugin
2024-08-08 21:44:00,496 [INFO] PluginManager:220 - loadIPPluginJar : add tracer_emb
2024-08-08 21:44:00,536 [INFO] IPUIPlugin:80 - create IPUIPlugin
2024-08-08 21:44:00,537 [INFO] PluginManager:220 - loadIPPluginJar : add ts
2024-08-08 21:44:00,569 [INFO] IPUIPlugin:80 - create IPUIPlugin
2024-08-08 21:44:00,569 [INFO] PluginManager:220 - loadIPPluginJar : add tsc
2024-08-08 21:44:00,599 [INFO] IPUIPlugin:80 - create IPUIPlugin
2024-08-08 21:44:00,599 [INFO] PluginManager:220 - loadIPPluginJar : add ucpd
2024-08-08 21:44:00,663 [INFO] IPUIPlugin:80 - create IPUIPlugin
2024-08-08 21:44:00,663 [INFO] PluginManager:220 - loadIPPluginJar : add usart
2024-08-08 21:44:00,744 [INFO] IPUIPlugin:80 - create IPUIPlugin
2024-08-08 21:44:00,744 [INFO] PluginManager:220 - loadIPPluginJar : add usbx
2024-08-08 21:44:00,757 [INFO] ThirdPartyUpdaterWithRetryManager:70 - Updater plugin not ready yet. [2/15]
2024-08-08 21:44:00,892 [INFO] CADModel:165 - CPN selected for project level
2024-08-08 21:44:00,893 [INFO] CADModel:114 - Register for checkConnection events
2024-08-08 21:44:00,893 [FATAL] Updater:334 - Updater called before beeing initialized
2024-08-08 21:44:00,893 [ERROR] CADModel:125 - Updater not yet initialized, retry later 
2024-08-08 21:44:01,071 [INFO] CADModel:165 - CPN selected for project level
2024-08-08 21:44:01,071 [INFO] CADModel:114 - Register for checkConnection events
2024-08-08 21:44:01,071 [FATAL] Updater:334 - Updater called before beeing initialized
2024-08-08 21:44:01,071 [ERROR] CADModel:125 - Updater not yet initialized, retry later 
2024-08-08 21:44:01,081 [FATAL] Updater:334 - Updater called before beeing initialized
2024-08-08 21:44:01,227 [FATAL] Updater:334 - Updater called before beeing initialized
2024-08-08 21:44:01,240 [INFO] DbMcusAds:53 - JSON generation date=Thu May 16 17:22:00 CST 2024 (1715851320667)
2024-08-08 21:44:01,240 [FATAL] Updater:334 - Updater called before beeing initialized
2024-08-08 21:44:01,286 [WARN] DetailPanel:346 - Failed to get advertising image, set to default
2024-08-08 21:44:01,395 [FATAL] Updater:334 - Updater called before beeing initialized
2024-08-08 21:44:01,397 [FATAL] Updater:334 - Updater called before beeing initialized
2024-08-08 21:44:01,397 [FATAL] Updater:334 - Updater called before beeing initialized
2024-08-08 21:44:01,397 [WARN] DetailPanel:346 - Failed to get advertising image, set to default
2024-08-08 21:44:01,398 [FATAL] Updater:334 - Updater called before beeing initialized
2024-08-08 21:44:01,468 [ERROR] Updater:1164 - MainUpdater not yet initialized. External WinMGr cannot be set.
2024-08-08 21:44:01,485 [INFO] Updater:1100 - Updater Version found : 6.12.0
2024-08-08 21:44:01,506 [INFO] ApplicationProperties:184 - Using Application install path: C:\ST\STM32CubeIDE_1.16.0\STM32CubeIDE\plugins\com.st.stm32cube.common.mx_6.12.0.202406281431
2024-08-08 21:44:03,091 [ERROR] LogOutputStream:75 - [STDERR_REDIRECT] Aug 08, 2024 9:44:03 PM java.util.prefs.WindowsPreferences <init>
2024-08-08 21:44:03,093 [ERROR] LogOutputStream:75 - [STDERR_REDIRECT] WARNING: Could not open/create prefs root node Software\JavaSoft\Prefs at root 0xffffffff80000002. Windows RegCreateKeyEx(...) returned error code 5.
2024-08-08 21:44:03,093 [ERROR] LogOutputStream:75 - [STDERR_REDIRECT] 
2024-08-08 21:44:03,436 [INFO] MainUpdater:2873 - connection check result : 10
2024-08-08 21:44:03,438 [INFO] MainUpdater:290 - Updater Check For Update Now.
2024-08-08 21:44:03,439 [INFO] MicroXplorer:498 - Change Database Version : DB.6.0.120
2024-08-08 21:44:03,460 [INFO] McuFinderGlobals:63 - Set McuFinder mode to 2 (CubeIDE integrated)
2024-08-08 21:44:03,467 [INFO] UserAuth:417 - Internet connection configuration mode: 1
2024-08-08 21:44:03,512 [INFO] JxBrowserEngine:152 - Initiate JxBrowser Engine with user profile folder
2024-08-08 21:44:03,679 [INFO] CheckServerUpdateThread:120 - End of CheckServer Thread
2024-08-08 21:44:03,992 [WARN] PackLoader:240 - Cannot read IP mode file for STMicroelectronics.FP-SNS-MOTENVWB1.1.4.0
2024-08-08 21:44:04,013 [WARN] PackLoader:240 - Cannot read IP mode file for STMicroelectronics.X-CUBE-SMBUS.2.1.0
2024-08-08 21:44:04,077 [WARN] PackLoader:240 - Cannot read IP mode file for STMicroelectronics.X-CUBE-AZRTOS-F7.1.1.0
2024-08-08 21:44:04,101 [WARN] PackLoader:240 - Cannot read IP mode file for STMicroelectronics.FP-SNS-FLIGHT1.5.0.2
2024-08-08 21:44:04,125 [WARN] PackLoader:240 - Cannot read IP mode file for STMicroelectronics.X-CUBE-DISPLAY.3.0.0
2024-08-08 21:44:04,159 [WARN] PackLoader:240 - Cannot read IP mode file for STMicroelectronics.X-CUBE-BLE1.7.0.0
2024-08-08 21:44:04,178 [WARN] PackLoader:240 - Cannot read IP mode file for emotas.I-CUBE-CANOPEN.1.3.0
2024-08-08 21:44:04,201 [WARN] PackLoader:240 - Cannot read IP mode file for STMicroelectronics.X-CUBE-BLEMGR.3.1.0
2024-08-08 21:44:04,223 [WARN] PackLoader:240 - Cannot read IP mode file for STMicroelectronics.FP-SNS-SMARTAG2.1.2.0
2024-08-08 21:44:04,251 [INFO] LogOutputStream:77 - [STDOUT_REDIRECT] 1 : Invalid condition id : UX_CORESTACK_Condition cause : null
2024-08-08 21:44:04,251 [INFO] LogOutputStream:77 - [STDOUT_REDIRECT] 1 : Invalid condition id : UX_CORESTACK_Condition cause : null
2024-08-08 21:44:04,253 [INFO] LogOutputStream:77 - [STDOUT_REDIRECT] 1 : Invalid condition id : UX_CORESTACK_Condition cause : null
2024-08-08 21:44:04,258 [INFO] LogOutputStream:77 - [STDOUT_REDIRECT] 1 : Invalid condition id : UX_CORESTACK_Condition cause : null
2024-08-08 21:44:04,260 [INFO] LogOutputStream:77 - [STDOUT_REDIRECT] 1 : Invalid condition id : UX_CORESTACK_Condition cause : null
2024-08-08 21:44:04,263 [WARN] PackLoader:240 - Cannot read IP mode file for STMicroelectronics.X-CUBE-AZRTOS-WL.2.0.0
2024-08-08 21:44:04,288 [WARN] PackLoader:240 - Cannot read IP mode file for STMicroelectronics.FP-SNS-MOTENV1.5.0.0
2024-08-08 21:44:04,306 [WARN] PackLoader:240 - Cannot read IP mode file for wolfSSL.I-CUBE-wolfMQTT.1.19.0
2024-08-08 21:44:04,324 [WARN] PackLoader:240 - Cannot read IP mode file for WES.I-CUBE-Cesium.1.3.0
2024-08-08 21:44:04,341 [WARN] PackLoader:240 - Cannot read IP mode file for STMicroelectronics.X-CUBE-BLE2.3.3.0
2024-08-08 21:44:04,358 [WARN] PackLoader:240 - Cannot read IP mode file for STMicroelectronics.X-CUBE-TCPP.4.1.0
2024-08-08 21:44:04,394 [WARN] PackLoader:240 - Cannot read IP mode file for STMicroelectronics.X-CUBE-AZRTOS-G0.1.1.0
2024-08-08 21:44:04,413 [WARN] PackLoader:240 - Cannot read IP mode file for STMicroelectronics.X-CUBE-SAFEA1.1.2.2
2024-08-08 21:44:04,430 [WARN] PackLoader:240 - Cannot read IP mode file for STMicroelectronics.X-CUBE-NFC4.3.0.0
2024-08-08 21:44:04,452 [WARN] PackLoader:240 - Cannot read IP mode file for EmbeddedOffice.I-CUBE-FS-RTOS.1.0.1
2024-08-08 21:44:04,452 [ERROR] ConditionMgr:805 - Attr not supported : Dmpu
2024-08-08 21:44:04,452 [ERROR] ConditionMgr:805 - Attr not supported : Dmpu
2024-08-08 21:44:04,452 [ERROR] ConditionMgr:805 - Attr not supported : Dmpu
2024-08-08 21:44:04,452 [ERROR] ConditionMgr:805 - Attr not supported : Dmpu
2024-08-08 21:44:04,452 [ERROR] ConditionMgr:805 - Attr not supported : Dmpu
2024-08-08 21:44:04,453 [ERROR] ConditionMgr:805 - Attr not supported : Dmpu
2024-08-08 21:44:04,453 [ERROR] ConditionMgr:805 - Attr not supported : Dmpu
2024-08-08 21:44:04,453 [ERROR] ConditionMgr:805 - Attr not supported : Dmpu
2024-08-08 21:44:04,453 [ERROR] ConditionMgr:805 - Attr not supported : Dmpu
2024-08-08 21:44:04,453 [ERROR] ConditionMgr:805 - Attr not supported : Dmpu
2024-08-08 21:44:04,453 [ERROR] ConditionMgr:805 - Attr not supported : Dmpu
2024-08-08 21:44:04,453 [ERROR] ConditionMgr:805 - Attr not supported : Dmpu
2024-08-08 21:44:04,453 [ERROR] ConditionMgr:805 - Attr not supported : Dmpu
2024-08-08 21:44:04,453 [ERROR] ConditionMgr:805 - Attr not supported : Dmpu
2024-08-08 21:44:04,453 [ERROR] ConditionMgr:805 - Attr not supported : Dmpu
2024-08-08 21:44:04,453 [ERROR] ConditionMgr:805 - Attr not supported : Dmpu
2024-08-08 21:44:04,453 [ERROR] ConditionMgr:805 - Attr not supported : Dmpu
2024-08-08 21:44:04,453 [ERROR] ConditionMgr:805 - Attr not supported : Dmpu
2024-08-08 21:44:04,454 [ERROR] ConditionMgr:805 - Attr not supported : Dmpu
2024-08-08 21:44:04,454 [ERROR] ConditionMgr:805 - Attr not supported : Dmpu
2024-08-08 21:44:04,455 [ERROR] ConditionMgr:805 - Attr not supported : Dmpu
2024-08-08 21:44:04,455 [ERROR] ConditionMgr:805 - Attr not supported : Dmpu
2024-08-08 21:44:04,455 [ERROR] ConditionMgr:805 - Attr not supported : Dmpu
2024-08-08 21:44:04,455 [ERROR] ConditionMgr:805 - Attr not supported : Dmpu
2024-08-08 21:44:04,456 [ERROR] ConditionMgr:805 - Attr not supported : Dmpu
2024-08-08 21:44:04,456 [ERROR] ConditionMgr:805 - Attr not supported : Dmpu
2024-08-08 21:44:04,457 [ERROR] ConditionMgr:805 - Attr not supported : Dmpu
2024-08-08 21:44:04,457 [ERROR] ConditionMgr:805 - Attr not supported : Dmpu
2024-08-08 21:44:04,457 [ERROR] ConditionMgr:805 - Attr not supported : Dmpu
2024-08-08 21:44:04,457 [ERROR] ConditionMgr:805 - Attr not supported : Dmpu
2024-08-08 21:44:04,457 [ERROR] ConditionMgr:805 - Attr not supported : Dmpu
2024-08-08 21:44:04,457 [ERROR] ConditionMgr:805 - Attr not supported : Dmpu
2024-08-08 21:44:04,457 [ERROR] ConditionMgr:805 - Attr not supported : Dmpu
2024-08-08 21:44:04,458 [ERROR] ConditionMgr:805 - Attr not supported : Dmpu
2024-08-08 21:44:04,458 [ERROR] ConditionMgr:805 - Attr not supported : Dmpu
2024-08-08 21:44:04,458 [ERROR] ConditionMgr:805 - Attr not supported : Dmpu
2024-08-08 21:44:04,458 [ERROR] ConditionMgr:805 - Attr not supported : Dmpu
2024-08-08 21:44:04,458 [ERROR] ConditionMgr:805 - Attr not supported : Dmpu
2024-08-08 21:44:04,458 [ERROR] ConditionMgr:805 - Attr not supported : Dmpu
2024-08-08 21:44:04,458 [ERROR] ConditionMgr:805 - Attr not supported : Dmpu
2024-08-08 21:44:04,458 [ERROR] ConditionMgr:805 - Attr not supported : Dmpu
2024-08-08 21:44:04,458 [ERROR] ConditionMgr:805 - Attr not supported : Dmpu
2024-08-08 21:44:04,459 [ERROR] ConditionMgr:805 - Attr not supported : Dmpu
2024-08-08 21:44:04,459 [ERROR] ConditionMgr:805 - Attr not supported : Dmpu
2024-08-08 21:44:04,459 [ERROR] ConditionMgr:805 - Attr not supported : Dmpu
2024-08-08 21:44:04,459 [ERROR] ConditionMgr:805 - Attr not supported : Dmpu
2024-08-08 21:44:04,459 [ERROR] ConditionMgr:805 - Attr not supported : Dmpu
2024-08-08 21:44:04,459 [ERROR] ConditionMgr:805 - Attr not supported : Dmpu
2024-08-08 21:44:04,459 [ERROR] ConditionMgr:805 - Attr not supported : Dmpu
2024-08-08 21:44:04,459 [ERROR] ConditionMgr:805 - Attr not supported : Dmpu
2024-08-08 21:44:04,459 [ERROR] ConditionMgr:805 - Attr not supported : Dmpu
2024-08-08 21:44:04,460 [ERROR] ConditionMgr:805 - Attr not supported : Dmpu
2024-08-08 21:44:04,460 [ERROR] ConditionMgr:805 - Attr not supported : Dmpu
2024-08-08 21:44:04,460 [ERROR] ConditionMgr:805 - Attr not supported : Dmpu
2024-08-08 21:44:04,460 [ERROR] ConditionMgr:805 - Attr not supported : Dmpu
2024-08-08 21:44:04,460 [ERROR] ConditionMgr:805 - Attr not supported : Dmpu
2024-08-08 21:44:04,460 [ERROR] ConditionMgr:805 - Attr not supported : Dmpu
2024-08-08 21:44:04,460 [ERROR] ConditionMgr:805 - Attr not supported : Dmpu
2024-08-08 21:44:04,460 [ERROR] ConditionMgr:805 - Attr not supported : Dmpu
2024-08-08 21:44:04,460 [ERROR] ConditionMgr:805 - Attr not supported : Dmpu
2024-08-08 21:44:04,460 [ERROR] ConditionMgr:805 - Attr not supported : Dmpu
2024-08-08 21:44:04,460 [ERROR] ConditionMgr:805 - Attr not supported : Dmpu
2024-08-08 21:44:04,461 [ERROR] ConditionMgr:805 - Attr not supported : Dmpu
2024-08-08 21:44:04,461 [ERROR] ConditionMgr:805 - Attr not supported : Dmpu
2024-08-08 21:44:04,476 [WARN] PackLoader:240 - Cannot read IP mode file for RealThread.X-CUBE-RT-Thread_Nano.4.1.1
2024-08-08 21:44:04,488 [WARN] PackLoader:240 - Cannot read IP mode file for STMicroelectronics.FP-ATR-SIGFOX1.3.2.0
2024-08-08 21:44:04,501 [WARN] PackLoader:240 - Cannot read IP mode file for wolfSSL.I-CUBE-wolfSSL.5.7.2
2024-08-08 21:44:04,524 [WARN] PackLoader:240 - Cannot read IP mode file for STMicroelectronics.X-CUBE-EEPRMA1.5.1.0
2024-08-08 21:44:04,546 [WARN] PackLoader:240 - Cannot read IP mode file for ITTIA_DB.I-CUBE-ITTIADB.8.9.0
2024-08-08 21:44:04,606 [WARN] PackLoader:240 - Cannot read IP mode file for SEGGER.I-CUBE-embOS.1.3.1
2024-08-08 21:44:04,675 [WARN] PackLoader:240 - Cannot read IP mode file for STMicroelectronics.X-CUBE-ALGOBUILD.1.4.0
2024-08-08 21:44:04,693 [WARN] PackLoader:240 - Cannot read IP mode file for STMicroelectronics.X-CUBE-GNSS1.6.0.0
2024-08-08 21:44:04,733 [WARN] PackLoader:240 - Cannot read IP mode file for STMicroelectronics.X-CUBE-AZRTOS-F4.1.1.0
2024-08-08 21:44:04,751 [WARN] PackLoader:240 - Cannot read IP mode file for STMicroelectronics.X-CUBE-FREERTOS.1.2.0
2024-08-08 21:44:04,787 [WARN] PackLoader:240 - Cannot read IP mode file for STMicroelectronics.X-CUBE-AZRTOS-L5.2.0.0
2024-08-08 21:44:04,810 [WARN] PackLoader:240 - Cannot read IP mode file for STMicroelectronics.X-CUBE-NFC6.3.1.0
2024-08-08 21:44:04,827 [WARN] PackLoader:240 - Cannot read IP mode file for STMicroelectronics.X-CUBE-DPower.1.2.0
2024-08-08 21:44:04,843 [WARN] PackLoader:240 - Cannot read IP mode file for STMicroelectronics.X-CUBE-AI.9.0.0
2024-08-08 21:44:04,860 [WARN] PackLoader:240 - Cannot read IP mode file for STMicroelectronics.X-CUBE-NFC7.1.0.1
2024-08-08 21:44:04,874 [WARN] PackLoader:240 - Cannot read IP mode file for wolfSSL.I-CUBE-wolfTPM.3.2.0
2024-08-08 21:44:04,910 [WARN] ConditionMgr:438 - getConditionDescription Invalid condition id : LAN8742 Phy interface Condition cause : null
2024-08-08 21:44:04,910 [WARN] PackLoader:240 - Cannot read IP mode file for STMicroelectronics.X-CUBE-AZRTOS-L4.2.0.0
2024-08-08 21:44:04,912 [WARN] ConditionMgr:1039 - genDependencies : Invalid condition id : LAN8742 Phy interface Condition cause : null
2024-08-08 21:44:04,912 [WARN] ConditionMgr:1039 - genDependencies : Invalid condition id : LAN8742 Phy interface Condition cause : null
2024-08-08 21:44:04,913 [WARN] ConditionMgr:1039 - genDependencies : Invalid condition id : LAN8742 Phy interface Condition cause : null
2024-08-08 21:44:04,931 [WARN] PackLoader:240 - Cannot read IP mode file for STMicroelectronics.X-CUBE-SFXS2LP1.4.0.0
2024-08-08 21:44:04,959 [WARN] ConditionMgr:438 - getConditionDescription Invalid condition id : UX DEVICE CLASS RTOS Condition cause : null
2024-08-08 21:44:04,960 [WARN] ConditionMgr:438 - getConditionDescription Invalid condition id : UX DEVICE CLASS RTOS Condition cause : null
2024-08-08 21:44:04,962 [WARN] PackLoader:240 - Cannot read IP mode file for STMicroelectronics.X-CUBE-AZRTOS-WB.2.0.0
2024-08-08 21:44:04,962 [WARN] ConditionMgr:1039 - genDependencies : Invalid condition id : UX DEVICE CLASS RTOS Condition cause : null
2024-08-08 21:44:04,962 [WARN] ConditionMgr:1039 - genDependencies : Invalid condition id : UX DEVICE CLASS RTOS Condition cause : null
2024-08-08 21:44:04,963 [WARN] ConditionMgr:1039 - genDependencies : Invalid condition id : UX DEVICE CLASS RTOS Condition cause : null
2024-08-08 21:44:04,963 [WARN] ConditionMgr:1039 - genDependencies : Invalid condition id : UX DEVICE CLASS RTOS Condition cause : null
2024-08-08 21:44:04,963 [WARN] ConditionMgr:1039 - genDependencies : Invalid condition id : UX DEVICE CLASS RTOS Condition cause : null
2024-08-08 21:44:04,982 [WARN] PackLoader:240 - Cannot read IP mode file for STMicroelectronics.FP-SNS-STBOX1.2.0.0
2024-08-08 21:44:05,006 [WARN] PackLoader:240 - Cannot read IP mode file for STMicroelectronics.X-CUBE-SUBG2.5.0.0
2024-08-08 21:44:05,027 [WARN] PackLoader:240 - Cannot read IP mode file for Cesanta.I-CUBE-Mongoose.7.13.0
2024-08-08 21:44:05,064 [WARN] PackLoader:240 - Cannot read IP mode file for STMicroelectronics.X-CUBE-AZRTOS-G4.2.0.0
2024-08-08 21:44:05,086 [WARN] PackLoader:240 - Cannot read IP mode file for STMicroelectronics.X-CUBE-ISPU.2.0.0
2024-08-08 21:44:05,106 [WARN] PackLoader:240 - Cannot read IP mode file for STMicroelectronics.X-CUBE-ALS.1.0.2
2024-08-08 21:44:05,177 [WARN] PackLoader:240 - Cannot read IP mode file for STMicroelectronics.X-CUBE-MEMS1.10.0.0
2024-08-08 21:44:05,323 [WARN] PackLoader:240 - Cannot read IP mode file for STMicroelectronics.X-CUBE-TOUCHGFX.4.24.0
2024-08-08 21:44:05,337 [WARN] PackLoader:240 - Cannot read IP mode file for portGmbH.I-Cube-SoM-uGOAL.1.1.0
2024-08-08 21:44:05,369 [WARN] PackLoader:240 - Cannot read IP mode file for STMicroelectronics.X-CUBE-AZRTOS-H7RS.1.0.0
2024-08-08 21:44:05,385 [WARN] PackLoader:240 - Cannot read IP mode file for STMicroelectronics.FP-ATR-ASTRA1.2.0.0
2024-08-08 21:44:05,412 [WARN] PackLoader:240 - Cannot read IP mode file for STMicroelectronics.X-CUBE-TOF1.3.4.2
2024-08-08 21:44:05,458 [WARN] PackLoader:240 - Cannot read IP mode file for STMicroelectronics.X-CUBE-AZRTOS-H7.3.2.0
2024-08-08 21:44:05,483 [WARN] PackLoader:240 - Cannot read IP mode file for Infineon.AIROC-Wi-Fi-Bluetooth-STM32.1.6.0
2024-08-08 21:44:05,501 [WARN] PackLoader:240 - Cannot read IP mode file for wolfSSL.I-CUBE-wolfSSH.1.4.17
2024-08-08 21:44:05,503 [INFO] ThirdParty:978 - Integrity check success = true
2024-08-08 21:44:05,503 [INFO] IntegrityCheckThread:100 - exiting critical section [integrity check]
2024-08-08 21:44:05,503 [INFO] IntegrityCheckThread:103 - End integrity checks thread
2024-08-08 21:44:07,466 [INFO] WebApp:167 - Instantiating new browser for Auth
2024-08-08 21:44:08,453 [INFO] WebApp:448 - Apply proxy settings
2024-08-08 21:44:08,455 [INFO] WebApp:533 - Chromium requires no authentication
2024-08-08 21:44:08,468 [INFO] WebApp:476 - Direct internet connection detected
2024-08-08 21:44:08,509 [INFO] WebApp:869 - Register for checkConnection events
2024-08-08 21:44:08,510 [INFO] WebApp:448 - Apply proxy settings
2024-08-08 21:44:08,510 [INFO] WebApp:533 - Chromium requires no authentication
2024-08-08 21:44:08,510 [INFO] WebApp:476 - Direct internet connection detected
2024-08-08 21:44:08,691 [INFO] WebApp:186 - Connection restablished
2024-08-08 21:44:08,793 [INFO] WebApp:220 - Starting web application
2024-08-08 21:44:08,794 [INFO] WebApp:578 - Web application path used C:\ST\STM32CubeIDE_1.16.0\STM32CubeIDE\plugins\com.st.stm32cube.common.mx_6.12.0.202406281431\db\plugins\mcufinder\reactClient1\index.html
2024-08-08 21:44:09,004 [INFO] UserAuth:417 - Internet connection configuration mode: 1
