2024-10-24 15:38:02,963 [INFO] Activator:176 - 


2024-10-24 15:38:02,968 [INFO] Activator:177 - !SESSION log4j initialized
2024-10-24 15:38:10,602 [INFO] LogOutputStream:77 - [STDOUT_REDIRECT] 
2024-10-24 15:38:18,797 [INFO] ApplicationProperties:184 - Using Application install path: C:\ST\STM32CubeIDE_1.16.0\STM32CubeIDE\plugins\com.st.stm32cube.common.mx_6.12.0.202406281431
2024-10-24 15:38:18,817 [INFO] DbMcusXml:78 - Set database path to: C:\ST\STM32CubeIDE_1.16.0\STM32CubeIDE\plugins\com.st.stm32cube.common.mx_6.12.0.202406281431\\db\/mcu/
2024-10-24 15:38:18,817 [INFO] ApiDb:274 - Set plugin database path to: C:\ST\STM32CubeIDE_1.16.0\STM32CubeIDE\plugins\com.st.stm32cube.common.mx_6.12.0.202406281431\\db\/plugins/boardmanager/
2024-10-24 15:38:18,818 [WARN] ApiDb:259 - Overriding images path with different value:  => C:\ST\STM32CubeIDE_1.16.0\STM32CubeIDE\plugins\com.st.stm32cube.common.mx_6.12.0.202406281431\\db\/plugins/mcufinder/images/
2024-10-24 15:38:18,834 [INFO] ApiDb:250 - Set database path to: C:\Users\admin\.stmcufinder\plugins\mcufinder//mcu/
2024-10-24 15:38:18,835 [INFO] DbMcusAds:125 - Set database path to: C:\Users\admin\.stmcufinder\plugins\mcufinder//mcu/
2024-10-24 15:38:18,837 [INFO] CrossReferenceDbSqlite:203 - Set database path to: C:\Users\admin\.stmcufinder\plugins\mcufinder//mcu/cs/
2024-10-24 15:38:18,949 [INFO] RulesReader:64 - Compatibility file has been processed (297 Rules)
2024-10-24 15:38:19,024 [INFO] DbMcusXml:78 - Set database path to: C:\ST\STM32CubeIDE_1.16.0\STM32CubeIDE\plugins\com.st.stm32cube.common.mx_6.12.0.202406281431\\db\/mcu/
2024-10-24 15:38:19,024 [INFO] ApiDb:274 - Set plugin database path to: C:\ST\STM32CubeIDE_1.16.0\STM32CubeIDE\plugins\com.st.stm32cube.common.mx_6.12.0.202406281431\\db\/plugins/boardmanager/
2024-10-24 15:38:19,024 [INFO] ApiDb:261 - Set plugin images path to: C:\ST\STM32CubeIDE_1.16.0\STM32CubeIDE\plugins\com.st.stm32cube.common.mx_6.12.0.202406281431\\db\/plugins/mcufinder/images/
2024-10-24 15:38:19,024 [WARN] DbFile:41 - Overriding database path with different value: C:\Users\admin\.stmcufinder\plugins\mcufinder/ => C:\Users\admin\.stmcufinder\plugins\mcufinder
2024-10-24 15:38:19,024 [INFO] ApiDb:250 - Set database path to: C:\Users\admin\.stmcufinder\plugins\mcufinder//mcu/
2024-10-24 15:38:19,024 [WARN] DbFile:41 - Overriding database path with different value: C:\Users\admin\.stmcufinder\plugins\mcufinder/ => C:\Users\admin\.stmcufinder\plugins\mcufinder
2024-10-24 15:38:19,024 [INFO] DbMcusAds:125 - Set database path to: C:\Users\admin\.stmcufinder\plugins\mcufinder//mcu/
2024-10-24 15:38:19,024 [WARN] DbFile:41 - Overriding database path with different value: C:\Users\admin\.stmcufinder\plugins\mcufinder/ => C:\Users\admin\.stmcufinder\plugins\mcufinder
2024-10-24 15:38:19,024 [WARN] DbFile:41 - Overriding database path with different value: C:\Users\admin\.stmcufinder\plugins\mcufinder/ => C:\Users\admin\.stmcufinder\plugins\mcufinder
2024-10-24 15:38:19,026 [INFO] CrossReferenceDbSqlite:203 - Set database path to: C:\Users\admin\.stmcufinder\plugins\mcufinder//mcu/cs/
2024-10-24 15:38:19,100 [INFO] MainPanel:268 - HeapMemory: 268435456
2024-10-24 15:38:19,196 [INFO] DbMcusXml:78 - Set database path to: C:\ST\STM32CubeIDE_1.16.0\STM32CubeIDE\plugins\com.st.stm32cube.common.mx_6.12.0.202406281431\\db\/mcu/
2024-10-24 15:38:19,196 [INFO] ApiDb:274 - Set plugin database path to: C:\ST\STM32CubeIDE_1.16.0\STM32CubeIDE\plugins\com.st.stm32cube.common.mx_6.12.0.202406281431\\db\/plugins/boardmanager/
2024-10-24 15:38:19,196 [INFO] ApiDb:261 - Set plugin images path to: C:\ST\STM32CubeIDE_1.16.0\STM32CubeIDE\plugins\com.st.stm32cube.common.mx_6.12.0.202406281431\\db\/plugins/mcufinder/images/
2024-10-24 15:38:19,197 [WARN] DbFile:41 - Overriding database path with different value: C:\Users\admin\.stmcufinder\plugins\mcufinder/ => C:\Users\admin\.stmcufinder\plugins\mcufinder
2024-10-24 15:38:19,197 [INFO] ApiDb:250 - Set database path to: C:\Users\admin\.stmcufinder\plugins\mcufinder//mcu/
2024-10-24 15:38:19,197 [WARN] DbFile:41 - Overriding database path with different value: C:\Users\admin\.stmcufinder\plugins\mcufinder/ => C:\Users\admin\.stmcufinder\plugins\mcufinder
2024-10-24 15:38:19,197 [INFO] DbMcusAds:125 - Set database path to: C:\Users\admin\.stmcufinder\plugins\mcufinder//mcu/
2024-10-24 15:38:19,197 [WARN] DbFile:41 - Overriding database path with different value: C:\Users\admin\.stmcufinder\plugins\mcufinder/ => C:\Users\admin\.stmcufinder\plugins\mcufinder
2024-10-24 15:38:19,197 [WARN] DbFile:41 - Overriding database path with different value: C:\Users\admin\.stmcufinder\plugins\mcufinder/ => C:\Users\admin\.stmcufinder\plugins\mcufinder
2024-10-24 15:38:19,197 [INFO] CrossReferenceDbSqlite:203 - Set database path to: C:\Users\admin\.stmcufinder\plugins\mcufinder//mcu/cs/
2024-10-24 15:38:19,212 [INFO] ApplicationProperties:184 - Using Application install path: C:\ST\STM32CubeIDE_1.16.0\STM32CubeIDE\plugins\com.st.stm32cube.common.mx_6.12.0.202406281431
2024-10-24 15:38:19,213 [INFO] PluginManage:196 - Search for loadable plugins [exclusion list=, ]
2024-10-24 15:38:19,215 [INFO] PluginManage:310 - Check plugin analytics
2024-10-24 15:38:19,430 [INFO] AnalyticsPlugin:253 - Accepted Software Licenses: STM32CubeMX.6.12.0
2024-10-24 15:38:19,430 [INFO] AnalyticsPlugin:255 - Accepted CMSIS Pack Licenses: 
2024-10-24 15:38:19,430 [INFO] AnalyticsPlugin:257 - Accepted Firmware Licenses: 
2024-10-24 15:38:19,433 [INFO] PluginManage:359 - Loaded plugin analytics (category:tool,tabindex:-1)
2024-10-24 15:38:19,433 [INFO] PluginManage:310 - Check plugin cadmodel
2024-10-24 15:38:19,447 [INFO] CADModel:105 - Init CAD model plugin
2024-10-24 15:38:19,447 [INFO] PluginManage:359 - Loaded plugin cadmodel (category:power,tabindex:5)
2024-10-24 15:38:19,447 [INFO] PluginManage:310 - Check plugin clock
2024-10-24 15:38:19,468 [INFO] PluginManage:359 - Loaded plugin clock (category:base,tabindex:2)
2024-10-24 15:38:19,469 [INFO] PluginManage:310 - Check plugin ddr
2024-10-24 15:38:19,471 [INFO] PluginManage:359 - Loaded plugin ddr (category:tool,tabindex:6)
2024-10-24 15:38:19,471 [INFO] PluginManage:310 - Check plugin filemanager
2024-10-24 15:38:19,613 [INFO] PluginManage:359 - Loaded plugin filemanager (category:base,tabindex:10)
2024-10-24 15:38:19,613 [INFO] PluginManage:310 - Check plugin ipmanager
2024-10-24 15:38:19,620 [INFO] PluginManage:359 - Loaded plugin ipmanager (category:base,tabindex:5)
2024-10-24 15:38:19,620 [INFO] PluginManage:310 - Check plugin lpbam
2024-10-24 15:38:19,638 [INFO] PluginManage:359 - Loaded plugin lpbam (category:base,tabindex:0)
2024-10-24 15:38:19,638 [INFO] PluginManage:310 - Check plugin memorymap
2024-10-24 15:38:19,660 [INFO] PluginManage:359 - Loaded plugin memorymap (category:base,tabindex:4)
2024-10-24 15:38:19,660 [INFO] PluginManage:310 - Check plugin pinoutandconfiguration
2024-10-24 15:38:19,678 [INFO] PluginManage:359 - Loaded plugin pinoutandconfiguration (category:base,tabindex:1)
2024-10-24 15:38:19,678 [INFO] PluginManage:310 - Check plugin pinoutconfig
2024-10-24 15:38:19,767 [WARN] SupportedApi:132 - Cannot load RTOS API schema: s4s-elt-must-match.1: The content of 'definitions' must match (annotation?, (simpleType | complexType)?, (unique | key | keyref)*)). A problem was found starting at: attribute.
2024-10-24 15:38:19,898 [INFO] PluginManage:359 - Loaded plugin pinoutconfig (category:base,tabindex:0)
2024-10-24 15:38:19,898 [INFO] PluginManage:310 - Check plugin power
2024-10-24 15:38:19,919 [INFO] PluginManage:359 - Loaded plugin power (category:power,tabindex:4)
2024-10-24 15:38:19,919 [INFO] PluginManage:310 - Check plugin projectmanager
2024-10-24 15:38:19,936 [INFO] PluginManage:359 - Loaded plugin projectmanager (category:projectmanager,tabindex:4)
2024-10-24 15:38:19,936 [INFO] PluginManage:310 - Check plugin rif
2024-10-24 15:38:19,950 [INFO] PluginManage:359 - Loaded plugin rif (category:base,tabindex:3)
2024-10-24 15:38:19,950 [INFO] PluginManage:310 - Check plugin thirdparty
2024-10-24 15:38:20,226 [INFO] PluginManage:359 - Loaded plugin thirdparty (category:base,tabindex:-1)
2024-10-24 15:38:20,226 [WARN] IntegrityCheckThread:84 - waiting for thirdparty lock release [integrity check]
2024-10-24 15:38:20,226 [INFO] PluginManage:310 - Check plugin tools
2024-10-24 15:38:20,226 [INFO] IntegrityCheckThread:86 - entering critical section [integrity check]
2024-10-24 15:38:20,227 [INFO] ThirdPartyUpdaterWithRetryManager:70 - Updater plugin not ready yet. [1/15]
2024-10-24 15:38:20,260 [INFO] PluginManage:359 - Loaded plugin tools (category:base,tabindex:7)
2024-10-24 15:38:20,260 [INFO] PluginManage:310 - Check plugin tutovideos
2024-10-24 15:38:20,445 [INFO] PluginManage:359 - Loaded plugin tutovideos (category:base,tabindex:-1)
2024-10-24 15:38:20,445 [INFO] PluginManage:310 - Check plugin updater
2024-10-24 15:38:20,462 [INFO] PluginManage:359 - Loaded plugin updater (category:base,tabindex:12)
2024-10-24 15:38:20,462 [INFO] PluginManage:310 - Check plugin userauth
2024-10-24 15:38:20,468 [INFO] UserAuth:113 - Init User Auth plugin
2024-10-24 15:38:20,468 [INFO] PluginManage:359 - Loaded plugin userauth (category:base,tabindex:14)
2024-10-24 15:38:20,469 [INFO] PluginManage:283 - PluginManage : Loaded plugins [18]
2024-10-24 15:38:20,650 [INFO] PinOutPanel:1561 - setPackage(No Configuration,No Configuration)
2024-10-24 15:38:20,723 [INFO] CADModel:165 - CPN selected for project level
2024-10-24 15:38:20,723 [INFO] CADModel:114 - Register for checkConnection events
2024-10-24 15:38:20,746 [INFO] IPUIPlugin:80 - create IPUIPlugin
2024-10-24 15:38:20,746 [INFO] PluginManager:220 - loadIPPluginJar : add adc
2024-10-24 15:38:20,780 [INFO] IPUIPlugin:80 - create IPUIPlugin
2024-10-24 15:38:20,780 [INFO] PluginManager:220 - loadIPPluginJar : add aes
2024-10-24 15:38:20,818 [INFO] IPUIPlugin:80 - create IPUIPlugin
2024-10-24 15:38:20,818 [INFO] PluginManager:220 - loadIPPluginJar : add can
2024-10-24 15:38:20,839 [INFO] IPUIPlugin:80 - create IPUIPlugin
2024-10-24 15:38:20,839 [INFO] PluginManager:220 - loadIPPluginJar : add comp
2024-10-24 15:38:20,870 [INFO] IPUIPlugin:80 - create IPUIPlugin
2024-10-24 15:38:20,871 [INFO] PluginManager:220 - loadIPPluginJar : add cryp
2024-10-24 15:38:20,882 [INFO] IPUIPlugin:80 - create IPUIPlugin
2024-10-24 15:38:20,882 [INFO] PluginManager:220 - loadIPPluginJar : add ddr_ctrl_phy
2024-10-24 15:38:20,909 [INFO] IPUIPlugin:80 - create IPUIPlugin
2024-10-24 15:38:20,909 [INFO] PluginManager:220 - loadIPPluginJar : add dfsdm
2024-10-24 15:38:20,921 [INFO] IPUIPlugin:80 - create IPUIPlugin
2024-10-24 15:38:20,921 [INFO] PluginManager:220 - loadIPPluginJar : add dma
2024-10-24 15:38:20,962 [INFO] IPUIPlugin:80 - create IPUIPlugin
2024-10-24 15:38:20,963 [INFO] PluginManager:220 - loadIPPluginJar : add dma3
2024-10-24 15:38:21,004 [INFO] IPUIPlugin:80 - create IPUIPlugin
2024-10-24 15:38:21,004 [INFO] PluginManager:220 - loadIPPluginJar : add extmemmanager
2024-10-24 15:38:21,022 [INFO] IPUIPlugin:80 - create IPUIPlugin
2024-10-24 15:38:21,022 [INFO] PluginManager:220 - loadIPPluginJar : add fatfs
2024-10-24 15:38:21,066 [INFO] IPUIPlugin:80 - create IPUIPlugin
2024-10-24 15:38:21,066 [INFO] PluginManager:220 - loadIPPluginJar : add fmc
2024-10-24 15:38:21,079 [INFO] IPUIPlugin:80 - create IPUIPlugin
2024-10-24 15:38:21,079 [INFO] PluginManager:220 - loadIPPluginJar : add freertos
2024-10-24 15:38:21,099 [INFO] IPUIPlugin:80 - create IPUIPlugin
2024-10-24 15:38:21,099 [INFO] PluginManager:220 - loadIPPluginJar : add genericplugin
2024-10-24 15:38:21,184 [INFO] IPUIPlugin:80 - create IPUIPlugin
2024-10-24 15:38:21,184 [INFO] PluginManager:220 - loadIPPluginJar : add gfxmmu
2024-10-24 15:38:21,308 [INFO] IPUIPlugin:80 - create IPUIPlugin
2024-10-24 15:38:21,308 [INFO] PluginManager:220 - loadIPPluginJar : add gic
2024-10-24 15:38:21,320 [INFO] IPUIPlugin:80 - create IPUIPlugin
2024-10-24 15:38:21,320 [INFO] PluginManager:220 - loadIPPluginJar : add gpio
2024-10-24 15:38:21,407 [INFO] IPUIPlugin:80 - create IPUIPlugin
2024-10-24 15:38:21,407 [INFO] PluginManager:220 - loadIPPluginJar : add gtzc
2024-10-24 15:38:21,437 [INFO] IPUIPlugin:80 - create IPUIPlugin
2024-10-24 15:38:21,437 [INFO] PluginManager:220 - loadIPPluginJar : add hash
2024-10-24 15:38:21,484 [INFO] IPUIPlugin:80 - create IPUIPlugin
2024-10-24 15:38:21,484 [INFO] PluginManager:220 - loadIPPluginJar : add i2c
2024-10-24 15:38:21,521 [INFO] IPUIPlugin:80 - create IPUIPlugin
2024-10-24 15:38:21,521 [INFO] PluginManager:220 - loadIPPluginJar : add i2s
2024-10-24 15:38:21,558 [INFO] IPUIPlugin:80 - create IPUIPlugin
2024-10-24 15:38:21,558 [INFO] PluginManager:220 - loadIPPluginJar : add i3c
2024-10-24 15:38:21,657 [INFO] IPUIPlugin:80 - create IPUIPlugin
2024-10-24 15:38:21,657 [INFO] PluginManager:220 - loadIPPluginJar : add ipddr
2024-10-24 15:38:21,736 [INFO] IPUIPlugin:80 - create IPUIPlugin
2024-10-24 15:38:21,736 [INFO] PluginManager:220 - loadIPPluginJar : add linkedlist
2024-10-24 15:38:21,767 [INFO] IPUIPlugin:80 - create IPUIPlugin
2024-10-24 15:38:21,767 [INFO] PluginManager:220 - loadIPPluginJar : add lorawan
2024-10-24 15:38:21,798 [INFO] IPUIPlugin:80 - create IPUIPlugin
2024-10-24 15:38:21,798 [INFO] PluginManager:220 - loadIPPluginJar : add ltdc
2024-10-24 15:38:21,809 [INFO] IPUIPlugin:80 - create IPUIPlugin
2024-10-24 15:38:21,809 [INFO] PluginManager:220 - loadIPPluginJar : add mdma
2024-10-24 15:38:21,820 [INFO] IPUIPlugin:80 - create IPUIPlugin
2024-10-24 15:38:21,821 [INFO] PluginManager:220 - loadIPPluginJar : add nvic
2024-10-24 15:38:21,853 [INFO] IPUIPlugin:80 - create IPUIPlugin
2024-10-24 15:38:21,853 [INFO] PluginManager:220 - loadIPPluginJar : add opamp
2024-10-24 15:38:21,904 [INFO] IPUIPlugin:80 - create IPUIPlugin
2024-10-24 15:38:21,904 [INFO] PluginManager:220 - loadIPPluginJar : add openamp
2024-10-24 15:38:21,940 [INFO] IPUIPlugin:80 - create IPUIPlugin
2024-10-24 15:38:21,940 [INFO] PluginManager:220 - loadIPPluginJar : add pdm2pcm
2024-10-24 15:38:21,953 [INFO] IPUIPlugin:80 - create IPUIPlugin
2024-10-24 15:38:21,955 [INFO] PluginManager:220 - loadIPPluginJar : add plateformsettings
2024-10-24 15:38:21,976 [INFO] IPUIPlugin:80 - create IPUIPlugin
2024-10-24 15:38:21,976 [INFO] PluginManager:220 - loadIPPluginJar : add quadspi
2024-10-24 15:38:22,000 [INFO] IPUIPlugin:80 - create IPUIPlugin
2024-10-24 15:38:22,000 [INFO] PluginManager:220 - loadIPPluginJar : add radio
2024-10-24 15:38:22,011 [INFO] IPUIPlugin:80 - create IPUIPlugin
2024-10-24 15:38:22,011 [INFO] PluginManager:220 - loadIPPluginJar : add resmgrutility
2024-10-24 15:38:22,057 [INFO] IPUIPlugin:80 - create IPUIPlugin
2024-10-24 15:38:22,057 [INFO] PluginManager:220 - loadIPPluginJar : add sai
2024-10-24 15:38:22,093 [INFO] IPUIPlugin:80 - create IPUIPlugin
2024-10-24 15:38:22,093 [INFO] PluginManager:220 - loadIPPluginJar : add spi
2024-10-24 15:38:22,165 [INFO] IPUIPlugin:80 - create IPUIPlugin
2024-10-24 15:38:22,165 [INFO] PluginManager:220 - loadIPPluginJar : add stm32_wpan
2024-10-24 15:38:22,187 [INFO] IPUIPlugin:80 - create IPUIPlugin
2024-10-24 15:38:22,188 [INFO] PluginManager:220 - loadIPPluginJar : add tim
2024-10-24 15:38:22,246 [INFO] IPUIPlugin:80 - create IPUIPlugin
2024-10-24 15:38:22,246 [INFO] PluginManager:220 - loadIPPluginJar : add touchsensing
2024-10-24 15:38:22,266 [INFO] IPUIPlugin:80 - create IPUIPlugin
2024-10-24 15:38:22,266 [INFO] PluginManager:220 - loadIPPluginJar : add tracer_emb
2024-10-24 15:38:22,287 [INFO] IPUIPlugin:80 - create IPUIPlugin
2024-10-24 15:38:22,287 [INFO] PluginManager:220 - loadIPPluginJar : add ts
2024-10-24 15:38:22,307 [INFO] IPUIPlugin:80 - create IPUIPlugin
2024-10-24 15:38:22,307 [INFO] PluginManager:220 - loadIPPluginJar : add tsc
2024-10-24 15:38:22,326 [INFO] IPUIPlugin:80 - create IPUIPlugin
2024-10-24 15:38:22,326 [INFO] PluginManager:220 - loadIPPluginJar : add ucpd
2024-10-24 15:38:22,369 [INFO] IPUIPlugin:80 - create IPUIPlugin
2024-10-24 15:38:22,369 [INFO] PluginManager:220 - loadIPPluginJar : add usart
2024-10-24 15:38:22,410 [INFO] IPUIPlugin:80 - create IPUIPlugin
2024-10-24 15:38:22,410 [INFO] PluginManager:220 - loadIPPluginJar : add usbx
2024-10-24 15:38:22,532 [INFO] CADModel:165 - CPN selected for project level
2024-10-24 15:38:22,532 [INFO] CADModel:114 - Register for checkConnection events
2024-10-24 15:38:22,532 [FATAL] Updater:334 - Updater called before beeing initialized
2024-10-24 15:38:22,532 [ERROR] CADModel:125 - Updater not yet initialized, retry later 
2024-10-24 15:38:22,667 [INFO] CADModel:165 - CPN selected for project level
2024-10-24 15:38:22,667 [INFO] CADModel:114 - Register for checkConnection events
2024-10-24 15:38:22,667 [FATAL] Updater:334 - Updater called before beeing initialized
2024-10-24 15:38:22,667 [ERROR] CADModel:125 - Updater not yet initialized, retry later 
2024-10-24 15:38:22,669 [FATAL] Updater:334 - Updater called before beeing initialized
2024-10-24 15:38:22,759 [FATAL] Updater:334 - Updater called before beeing initialized
2024-10-24 15:38:22,767 [INFO] DbMcusAds:53 - JSON generation date=Fri Sep 20 21:04:23 CST 2024 (1726837463113)
2024-10-24 15:38:22,768 [FATAL] Updater:334 - Updater called before beeing initialized
2024-10-24 15:38:22,808 [WARN] DetailPanel:346 - Failed to get advertising image, set to default
2024-10-24 15:38:22,884 [FATAL] Updater:334 - Updater called before beeing initialized
2024-10-24 15:38:22,886 [FATAL] Updater:334 - Updater called before beeing initialized
2024-10-24 15:38:22,886 [FATAL] Updater:334 - Updater called before beeing initialized
2024-10-24 15:38:22,886 [WARN] DetailPanel:346 - Failed to get advertising image, set to default
2024-10-24 15:38:22,887 [FATAL] Updater:334 - Updater called before beeing initialized
2024-10-24 15:38:22,942 [ERROR] Updater:1164 - MainUpdater not yet initialized. External WinMGr cannot be set.
2024-10-24 15:38:22,951 [INFO] Updater:1100 - Updater Version found : 6.12.0
2024-10-24 15:38:22,974 [INFO] ApplicationProperties:184 - Using Application install path: C:\ST\STM32CubeIDE_1.16.0\STM32CubeIDE\plugins\com.st.stm32cube.common.mx_6.12.0.202406281431
2024-10-24 15:38:23,228 [INFO] ThirdPartyUpdaterWithRetryManager:70 - Updater plugin not ready yet. [2/15]
2024-10-24 15:38:24,549 [ERROR] LogOutputStream:75 - [STDERR_REDIRECT] Oct 24, 2024 3:38:24 PM java.util.prefs.WindowsPreferences <init>
2024-10-24 15:38:24,550 [ERROR] LogOutputStream:75 - [STDERR_REDIRECT] WARNING: Could not open/create prefs root node Software\JavaSoft\Prefs at root 0xffffffff80000002. Windows RegCreateKeyEx(...) returned error code 5.
2024-10-24 15:38:24,550 [ERROR] LogOutputStream:75 - [STDERR_REDIRECT] 
2024-10-24 15:38:24,797 [INFO] MainUpdater:2873 - connection check result : 10
2024-10-24 15:38:24,797 [INFO] MainUpdater:3567 - Updater definition file requires update
2024-10-24 15:38:24,798 [INFO] MainUpdater:290 - Updater Check For Update Now.
2024-10-24 15:38:24,798 [INFO] MicroXplorer:498 - Change Database Version : DB.6.0.120
2024-10-24 15:38:24,812 [INFO] McuFinderGlobals:63 - Set McuFinder mode to 2 (CubeIDE integrated)
2024-10-24 15:38:24,818 [INFO] UserAuth:417 - Internet connection configuration mode: 1
2024-10-24 15:38:24,828 [INFO] ServerAccessManage:473 - Download File updaters.zip
2024-10-24 15:38:24,844 [INFO] JxBrowserEngine:152 - Initiate JxBrowser Engine with user profile folder
2024-10-24 15:38:24,903 [INFO] FileExtend:240 - Unzip File : updaters.zip
2024-10-24 15:38:24,903 [INFO] FileExtend:255 - Standard Zip Deflate
2024-10-24 15:38:25,375 [INFO] ServerAccessManage:473 - Download File PacksControlFlags.xml
2024-10-24 15:38:25,552 [INFO] ServerAccessManage:473 - Download File cubemx.pidx
2024-10-24 15:38:25,742 [INFO] LoadServerUpdatesThread:375 - End of LoadServerUpdate Thread
2024-10-24 15:38:25,936 [INFO] CheckServerUpdateThread:120 - End of CheckServer Thread
2024-10-24 15:38:26,432 [WARN] PackLoader:240 - Cannot read IP mode file for STMicroelectronics.FP-SNS-MOTENVWB1.1.4.0
2024-10-24 15:38:26,448 [WARN] PackLoader:240 - Cannot read IP mode file for STMicroelectronics.X-CUBE-SMBUS.2.1.0
2024-10-24 15:38:26,463 [WARN] PackLoader:240 - Cannot read IP mode file for STMicroelectronics.X-CUBE-WB05N.1.1.0
2024-10-24 15:38:26,499 [WARN] PackLoader:240 - Cannot read IP mode file for STMicroelectronics.X-CUBE-AZRTOS-F7.1.1.0
2024-10-24 15:38:26,578 [WARN] PackLoader:240 - Cannot read IP mode file for STMicroelectronics.X-CUBE-MEMS1.11.0.0
2024-10-24 15:38:26,741 [WARN] PackLoader:240 - Cannot read IP mode file for STMicroelectronics.FP-SNS-FLIGHT1.5.0.2
2024-10-24 15:38:26,755 [WARN] PackLoader:240 - Cannot read IP mode file for STMicroelectronics.X-CUBE-DISPLAY.3.0.0
2024-10-24 15:38:26,770 [WARN] PackLoader:240 - Cannot read IP mode file for STMicroelectronics.X-CUBE-BLE1.7.0.0
2024-10-24 15:38:26,784 [WARN] PackLoader:240 - Cannot read IP mode file for STMicroelectronics.X-CUBE-NFC10.1.0.0
2024-10-24 15:38:26,802 [WARN] PackLoader:240 - Cannot read IP mode file for emotas.I-CUBE-CANOPEN.1.3.0
2024-10-24 15:38:26,819 [WARN] PackLoader:240 - Cannot read IP mode file for STMicroelectronics.X-CUBE-BLEMGR.3.1.0
2024-10-24 15:38:26,838 [WARN] PackLoader:240 - Cannot read IP mode file for STMicroelectronics.FP-SNS-SMARTAG2.1.2.0
2024-10-24 15:38:26,856 [INFO] LogOutputStream:77 - [STDOUT_REDIRECT] 1 : Invalid condition id : UX_CORESTACK_Condition cause : null
2024-10-24 15:38:26,857 [INFO] LogOutputStream:77 - [STDOUT_REDIRECT] 1 : Invalid condition id : UX_CORESTACK_Condition cause : null
2024-10-24 15:38:26,859 [INFO] LogOutputStream:77 - [STDOUT_REDIRECT] 1 : Invalid condition id : UX_CORESTACK_Condition cause : null
2024-10-24 15:38:26,860 [INFO] LogOutputStream:77 - [STDOUT_REDIRECT] 1 : Invalid condition id : UX_CORESTACK_Condition cause : null
2024-10-24 15:38:26,861 [INFO] LogOutputStream:77 - [STDOUT_REDIRECT] 1 : Invalid condition id : UX_CORESTACK_Condition cause : null
2024-10-24 15:38:26,864 [WARN] PackLoader:240 - Cannot read IP mode file for STMicroelectronics.X-CUBE-AZRTOS-WL.2.0.0
2024-10-24 15:38:26,878 [WARN] PackLoader:240 - Cannot read IP mode file for STMicroelectronics.FP-SNS-MOTENV1.5.0.0
2024-10-24 15:38:26,892 [WARN] PackLoader:240 - Cannot read IP mode file for wolfSSL.I-CUBE-wolfMQTT.1.19.0
2024-10-24 15:38:26,905 [WARN] PackLoader:240 - Cannot read IP mode file for WES.I-CUBE-Cesium.1.3.0
2024-10-24 15:38:26,918 [WARN] PackLoader:240 - Cannot read IP mode file for STMicroelectronics.X-CUBE-BLE2.3.3.0
2024-10-24 15:38:26,933 [WARN] PackLoader:240 - Cannot read IP mode file for STMicroelectronics.X-CUBE-NFC9.1.0.0
2024-10-24 15:38:26,947 [WARN] PackLoader:240 - Cannot read IP mode file for STMicroelectronics.X-CUBE-TCPP.4.1.0
2024-10-24 15:38:26,972 [WARN] PackLoader:240 - Cannot read IP mode file for STMicroelectronics.X-CUBE-AZRTOS-G0.1.1.0
2024-10-24 15:38:26,989 [WARN] PackLoader:240 - Cannot read IP mode file for STMicroelectronics.X-CUBE-SAFEA1.1.2.2
2024-10-24 15:38:27,003 [WARN] PackLoader:240 - Cannot read IP mode file for STMicroelectronics.X-CUBE-NFC4.3.0.0
2024-10-24 15:38:27,021 [WARN] PackLoader:240 - Cannot read IP mode file for EmbeddedOffice.I-CUBE-FS-RTOS.1.0.1
2024-10-24 15:38:27,021 [ERROR] ConditionMgr:805 - Attr not supported : Dmpu
2024-10-24 15:38:27,021 [ERROR] ConditionMgr:805 - Attr not supported : Dmpu
2024-10-24 15:38:27,022 [ERROR] ConditionMgr:805 - Attr not supported : Dmpu
2024-10-24 15:38:27,022 [ERROR] ConditionMgr:805 - Attr not supported : Dmpu
2024-10-24 15:38:27,022 [ERROR] ConditionMgr:805 - Attr not supported : Dmpu
2024-10-24 15:38:27,022 [ERROR] ConditionMgr:805 - Attr not supported : Dmpu
2024-10-24 15:38:27,022 [ERROR] ConditionMgr:805 - Attr not supported : Dmpu
2024-10-24 15:38:27,022 [ERROR] ConditionMgr:805 - Attr not supported : Dmpu
2024-10-24 15:38:27,022 [ERROR] ConditionMgr:805 - Attr not supported : Dmpu
2024-10-24 15:38:27,022 [ERROR] ConditionMgr:805 - Attr not supported : Dmpu
2024-10-24 15:38:27,022 [ERROR] ConditionMgr:805 - Attr not supported : Dmpu
2024-10-24 15:38:27,022 [ERROR] ConditionMgr:805 - Attr not supported : Dmpu
2024-10-24 15:38:27,023 [ERROR] ConditionMgr:805 - Attr not supported : Dmpu
2024-10-24 15:38:27,023 [ERROR] ConditionMgr:805 - Attr not supported : Dmpu
2024-10-24 15:38:27,023 [ERROR] ConditionMgr:805 - Attr not supported : Dmpu
2024-10-24 15:38:27,023 [ERROR] ConditionMgr:805 - Attr not supported : Dmpu
2024-10-24 15:38:27,023 [ERROR] ConditionMgr:805 - Attr not supported : Dmpu
2024-10-24 15:38:27,023 [ERROR] ConditionMgr:805 - Attr not supported : Dmpu
2024-10-24 15:38:27,023 [ERROR] ConditionMgr:805 - Attr not supported : Dmpu
2024-10-24 15:38:27,023 [ERROR] ConditionMgr:805 - Attr not supported : Dmpu
2024-10-24 15:38:27,023 [ERROR] ConditionMgr:805 - Attr not supported : Dmpu
2024-10-24 15:38:27,023 [ERROR] ConditionMgr:805 - Attr not supported : Dmpu
2024-10-24 15:38:27,024 [ERROR] ConditionMgr:805 - Attr not supported : Dmpu
2024-10-24 15:38:27,024 [ERROR] ConditionMgr:805 - Attr not supported : Dmpu
2024-10-24 15:38:27,024 [ERROR] ConditionMgr:805 - Attr not supported : Dmpu
2024-10-24 15:38:27,024 [ERROR] ConditionMgr:805 - Attr not supported : Dmpu
2024-10-24 15:38:27,024 [ERROR] ConditionMgr:805 - Attr not supported : Dmpu
2024-10-24 15:38:27,024 [ERROR] ConditionMgr:805 - Attr not supported : Dmpu
2024-10-24 15:38:27,024 [ERROR] ConditionMgr:805 - Attr not supported : Dmpu
2024-10-24 15:38:27,024 [ERROR] ConditionMgr:805 - Attr not supported : Dmpu
2024-10-24 15:38:27,024 [ERROR] ConditionMgr:805 - Attr not supported : Dmpu
2024-10-24 15:38:27,024 [ERROR] ConditionMgr:805 - Attr not supported : Dmpu
2024-10-24 15:38:27,024 [ERROR] ConditionMgr:805 - Attr not supported : Dmpu
2024-10-24 15:38:27,024 [ERROR] ConditionMgr:805 - Attr not supported : Dmpu
2024-10-24 15:38:27,024 [ERROR] ConditionMgr:805 - Attr not supported : Dmpu
2024-10-24 15:38:27,024 [ERROR] ConditionMgr:805 - Attr not supported : Dmpu
2024-10-24 15:38:27,025 [ERROR] ConditionMgr:805 - Attr not supported : Dmpu
2024-10-24 15:38:27,025 [ERROR] ConditionMgr:805 - Attr not supported : Dmpu
2024-10-24 15:38:27,025 [ERROR] ConditionMgr:805 - Attr not supported : Dmpu
2024-10-24 15:38:27,025 [ERROR] ConditionMgr:805 - Attr not supported : Dmpu
2024-10-24 15:38:27,025 [ERROR] ConditionMgr:805 - Attr not supported : Dmpu
2024-10-24 15:38:27,025 [ERROR] ConditionMgr:805 - Attr not supported : Dmpu
2024-10-24 15:38:27,025 [ERROR] ConditionMgr:805 - Attr not supported : Dmpu
2024-10-24 15:38:27,025 [ERROR] ConditionMgr:805 - Attr not supported : Dmpu
2024-10-24 15:38:27,025 [ERROR] ConditionMgr:805 - Attr not supported : Dmpu
2024-10-24 15:38:27,025 [ERROR] ConditionMgr:805 - Attr not supported : Dmpu
2024-10-24 15:38:27,025 [ERROR] ConditionMgr:805 - Attr not supported : Dmpu
2024-10-24 15:38:27,025 [ERROR] ConditionMgr:805 - Attr not supported : Dmpu
2024-10-24 15:38:27,025 [ERROR] ConditionMgr:805 - Attr not supported : Dmpu
2024-10-24 15:38:27,025 [ERROR] ConditionMgr:805 - Attr not supported : Dmpu
2024-10-24 15:38:27,026 [ERROR] ConditionMgr:805 - Attr not supported : Dmpu
2024-10-24 15:38:27,026 [ERROR] ConditionMgr:805 - Attr not supported : Dmpu
2024-10-24 15:38:27,026 [ERROR] ConditionMgr:805 - Attr not supported : Dmpu
2024-10-24 15:38:27,026 [ERROR] ConditionMgr:805 - Attr not supported : Dmpu
2024-10-24 15:38:27,026 [ERROR] ConditionMgr:805 - Attr not supported : Dmpu
2024-10-24 15:38:27,026 [ERROR] ConditionMgr:805 - Attr not supported : Dmpu
2024-10-24 15:38:27,026 [ERROR] ConditionMgr:805 - Attr not supported : Dmpu
2024-10-24 15:38:27,026 [ERROR] ConditionMgr:805 - Attr not supported : Dmpu
2024-10-24 15:38:27,026 [ERROR] ConditionMgr:805 - Attr not supported : Dmpu
2024-10-24 15:38:27,026 [ERROR] ConditionMgr:805 - Attr not supported : Dmpu
2024-10-24 15:38:27,026 [ERROR] ConditionMgr:805 - Attr not supported : Dmpu
2024-10-24 15:38:27,026 [ERROR] ConditionMgr:805 - Attr not supported : Dmpu
2024-10-24 15:38:27,026 [ERROR] ConditionMgr:805 - Attr not supported : Dmpu
2024-10-24 15:38:27,026 [ERROR] ConditionMgr:805 - Attr not supported : Dmpu
2024-10-24 15:38:27,039 [WARN] PackLoader:240 - Cannot read IP mode file for RealThread.X-CUBE-RT-Thread_Nano.4.1.1
2024-10-24 15:38:27,053 [WARN] PackLoader:240 - Cannot read IP mode file for STMicroelectronics.FP-ATR-SIGFOX1.3.2.0
2024-10-24 15:38:27,063 [WARN] PackLoader:240 - Cannot read IP mode file for wolfSSL.I-CUBE-wolfSSL.5.7.2
2024-10-24 15:38:27,076 [WARN] PackLoader:240 - Cannot read IP mode file for STMicroelectronics.X-CUBE-EEPRMA1.5.1.0
2024-10-24 15:38:27,091 [WARN] PackLoader:240 - Cannot read IP mode file for ITTIA_DB.I-CUBE-ITTIADB.8.9.0
2024-10-24 15:38:27,125 [WARN] PackLoader:240 - Cannot read IP mode file for SEGGER.I-CUBE-embOS.1.3.1
2024-10-24 15:38:27,166 [WARN] PackLoader:240 - Cannot read IP mode file for STMicroelectronics.X-CUBE-ALGOBUILD.1.4.0
2024-10-24 15:38:27,179 [WARN] PackLoader:240 - Cannot read IP mode file for STMicroelectronics.X-CUBE-AI.9.1.0
2024-10-24 15:38:27,193 [WARN] PackLoader:240 - Cannot read IP mode file for STMicroelectronics.X-CUBE-GNSS1.6.0.0
2024-10-24 15:38:27,219 [WARN] PackLoader:240 - Cannot read IP mode file for STMicroelectronics.X-CUBE-AZRTOS-F4.1.1.0
2024-10-24 15:38:27,232 [WARN] PackLoader:240 - Cannot read IP mode file for STMicroelectronics.X-CUBE-ISPU.2.1.0
2024-10-24 15:38:27,242 [WARN] PackLoader:240 - Cannot read IP mode file for STMicroelectronics.X-CUBE-FREERTOS.1.2.0
2024-10-24 15:38:27,269 [WARN] PackLoader:240 - Cannot read IP mode file for STMicroelectronics.X-CUBE-AZRTOS-L5.2.0.0
2024-10-24 15:38:27,286 [WARN] PackLoader:240 - Cannot read IP mode file for STMicroelectronics.X-CUBE-NFC6.3.1.0
2024-10-24 15:38:27,301 [WARN] PackLoader:240 - Cannot read IP mode file for STMicroelectronics.X-CUBE-DPower.1.2.0
2024-10-24 15:38:27,314 [WARN] PackLoader:240 - Cannot read IP mode file for STMicroelectronics.X-CUBE-AI.9.0.0
2024-10-24 15:38:27,328 [WARN] PackLoader:240 - Cannot read IP mode file for STMicroelectronics.X-CUBE-NFC7.1.0.1
2024-10-24 15:38:27,341 [WARN] PackLoader:240 - Cannot read IP mode file for wolfSSL.I-CUBE-wolfTPM.3.2.0
2024-10-24 15:38:27,371 [WARN] ConditionMgr:438 - getConditionDescription Invalid condition id : LAN8742 Phy interface Condition cause : null
2024-10-24 15:38:27,372 [WARN] PackLoader:240 - Cannot read IP mode file for STMicroelectronics.X-CUBE-AZRTOS-L4.2.0.0
2024-10-24 15:38:27,373 [WARN] ConditionMgr:1039 - genDependencies : Invalid condition id : LAN8742 Phy interface Condition cause : null
2024-10-24 15:38:27,374 [WARN] ConditionMgr:1039 - genDependencies : Invalid condition id : LAN8742 Phy interface Condition cause : null
2024-10-24 15:38:27,374 [WARN] ConditionMgr:1039 - genDependencies : Invalid condition id : LAN8742 Phy interface Condition cause : null
2024-10-24 15:38:27,391 [WARN] PackLoader:240 - Cannot read IP mode file for STMicroelectronics.X-CUBE-SFXS2LP1.4.0.0
2024-10-24 15:38:27,420 [WARN] PackLoader:240 - Cannot read IP mode file for STMicroelectronics.X-CUBE-AZRTOS-H7.3.3.0
2024-10-24 15:38:27,442 [WARN] PackLoader:240 - Cannot read IP mode file for STMicroelectronics.X-CUBE-IPS.3.0.0
2024-10-24 15:38:27,468 [WARN] ConditionMgr:438 - getConditionDescription Invalid condition id : UX DEVICE CLASS RTOS Condition cause : null
2024-10-24 15:38:27,468 [WARN] ConditionMgr:438 - getConditionDescription Invalid condition id : UX DEVICE CLASS RTOS Condition cause : null
2024-10-24 15:38:27,470 [WARN] PackLoader:240 - Cannot read IP mode file for STMicroelectronics.X-CUBE-AZRTOS-WB.2.0.0
2024-10-24 15:38:27,470 [WARN] ConditionMgr:1039 - genDependencies : Invalid condition id : UX DEVICE CLASS RTOS Condition cause : null
2024-10-24 15:38:27,470 [WARN] ConditionMgr:1039 - genDependencies : Invalid condition id : UX DEVICE CLASS RTOS Condition cause : null
2024-10-24 15:38:27,470 [WARN] ConditionMgr:1039 - genDependencies : Invalid condition id : UX DEVICE CLASS RTOS Condition cause : null
2024-10-24 15:38:27,471 [WARN] ConditionMgr:1039 - genDependencies : Invalid condition id : UX DEVICE CLASS RTOS Condition cause : null
2024-10-24 15:38:27,471 [WARN] ConditionMgr:1039 - genDependencies : Invalid condition id : UX DEVICE CLASS RTOS Condition cause : null
2024-10-24 15:38:27,484 [WARN] PackLoader:240 - Cannot read IP mode file for STMicroelectronics.X-CUBE-GNSS1.7.0.0
2024-10-24 15:38:27,498 [WARN] PackLoader:240 - Cannot read IP mode file for STMicroelectronics.FP-SNS-STBOX1.2.0.0
2024-10-24 15:38:27,518 [WARN] PackLoader:240 - Cannot read IP mode file for STMicroelectronics.X-CUBE-SUBG2.5.0.0
2024-10-24 15:38:27,533 [WARN] PackLoader:240 - Cannot read IP mode file for Cesanta.I-CUBE-Mongoose.7.13.0
2024-10-24 15:38:27,556 [WARN] PackLoader:240 - Cannot read IP mode file for STMicroelectronics.X-CUBE-AZRTOS-G4.2.0.0
2024-10-24 15:38:27,568 [WARN] PackLoader:240 - Cannot read IP mode file for STMicroelectronics.X-CUBE-ISPU.2.0.0
2024-10-24 15:38:27,580 [WARN] PackLoader:240 - Cannot read IP mode file for STMicroelectronics.X-CUBE-ALS.1.0.2
2024-10-24 15:38:27,645 [WARN] PackLoader:240 - Cannot read IP mode file for STMicroelectronics.X-CUBE-MEMS1.10.0.0
2024-10-24 15:38:27,738 [WARN] PackLoader:240 - Cannot read IP mode file for STMicroelectronics.X-CUBE-TOUCHGFX.4.24.0
2024-10-24 15:38:27,749 [WARN] PackLoader:240 - Cannot read IP mode file for STMicroelectronics.X-CUBE-TOUCHGFX.4.24.1
2024-10-24 15:38:27,760 [WARN] PackLoader:240 - Cannot read IP mode file for portGmbH.I-Cube-SoM-uGOAL.1.1.0
2024-10-24 15:38:27,785 [WARN] PackLoader:240 - Cannot read IP mode file for STMicroelectronics.X-CUBE-AZRTOS-H7RS.1.0.0
2024-10-24 15:38:27,796 [WARN] PackLoader:240 - Cannot read IP mode file for STMicroelectronics.FP-ATR-ASTRA1.2.0.0
2024-10-24 15:38:27,813 [WARN] PackLoader:240 - Cannot read IP mode file for STMicroelectronics.X-CUBE-TOF1.3.4.2
2024-10-24 15:38:27,844 [WARN] PackLoader:240 - Cannot read IP mode file for STMicroelectronics.X-CUBE-AZRTOS-H7.3.2.0
2024-10-24 15:38:27,870 [WARN] PackLoader:240 - Cannot read IP mode file for Infineon.AIROC-Wi-Fi-Bluetooth-STM32.1.6.0
2024-10-24 15:38:27,882 [WARN] PackLoader:240 - Cannot read IP mode file for wolfSSL.I-CUBE-wolfSSH.1.4.17
2024-10-24 15:38:27,883 [INFO] ThirdParty:978 - Integrity check success = true
2024-10-24 15:38:27,883 [INFO] IntegrityCheckThread:100 - exiting critical section [integrity check]
2024-10-24 15:38:27,883 [INFO] IntegrityCheckThread:103 - End integrity checks thread
2024-10-24 15:38:31,681 [INFO] WebApp:167 - Instantiating new browser for Auth
2024-10-24 15:38:32,738 [INFO] WebApp:448 - Apply proxy settings
2024-10-24 15:38:32,739 [INFO] WebApp:533 - Chromium requires no authentication
2024-10-24 15:38:32,751 [INFO] WebApp:476 - Direct internet connection detected
2024-10-24 15:38:32,786 [INFO] WebApp:869 - Register for checkConnection events
2024-10-24 15:38:32,787 [INFO] WebApp:448 - Apply proxy settings
2024-10-24 15:38:32,787 [INFO] WebApp:533 - Chromium requires no authentication
2024-10-24 15:38:32,787 [INFO] WebApp:476 - Direct internet connection detected
2024-10-24 15:38:32,941 [INFO] WebApp:186 - Connection restablished
2024-10-24 15:38:33,007 [INFO] WebApp:220 - Starting web application
2024-10-24 15:38:33,007 [INFO] WebApp:578 - Web application path used C:\ST\STM32CubeIDE_1.16.0\STM32CubeIDE\plugins\com.st.stm32cube.common.mx_6.12.0.202406281431\db\plugins\mcufinder\reactClient1\index.html
2024-10-24 15:38:33,205 [INFO] UserAuth:417 - Internet connection configuration mode: 1
2024-10-24 17:58:46,418 [ERROR] LogOutputStream:75 - [STDERR_REDIRECT] 
