2024-09-10 16:59:16,262 [INFO] Activator:176 - 


2024-09-10 16:59:16,268 [INFO] Activator:177 - !SESSION log4j initialized
2024-09-10 16:59:23,542 [INFO] LogOutputStream:77 - [STDOUT_REDIRECT] 
2024-09-10 16:59:30,139 [INFO] ApplicationProperties:184 - Using Application install path: C:\ST\STM32CubeIDE_1.16.0\STM32CubeIDE\plugins\com.st.stm32cube.common.mx_6.12.0.202406281431
2024-09-10 16:59:30,159 [INFO] DbMcusXml:78 - Set database path to: C:\ST\STM32CubeIDE_1.16.0\STM32CubeIDE\plugins\com.st.stm32cube.common.mx_6.12.0.202406281431\\db\/mcu/
2024-09-10 16:59:30,159 [INFO] ApiDb:274 - Set plugin database path to: C:\ST\STM32CubeIDE_1.16.0\STM32CubeIDE\plugins\com.st.stm32cube.common.mx_6.12.0.202406281431\\db\/plugins/boardmanager/
2024-09-10 16:59:30,160 [WARN] ApiDb:259 - Overriding images path with different value:  => C:\ST\STM32CubeIDE_1.16.0\STM32CubeIDE\plugins\com.st.stm32cube.common.mx_6.12.0.202406281431\\db\/plugins/mcufinder/images/
2024-09-10 16:59:30,172 [INFO] ApiDb:250 - Set database path to: C:\Users\admin\.stmcufinder\plugins\mcufinder//mcu/
2024-09-10 16:59:30,173 [INFO] DbMcusAds:125 - Set database path to: C:\Users\admin\.stmcufinder\plugins\mcufinder//mcu/
2024-09-10 16:59:30,176 [INFO] CrossReferenceDbSqlite:203 - Set database path to: C:\Users\admin\.stmcufinder\plugins\mcufinder//mcu/cs/
2024-09-10 16:59:30,294 [INFO] RulesReader:64 - Compatibility file has been processed (297 Rules)
2024-09-10 16:59:30,366 [INFO] DbMcusXml:78 - Set database path to: C:\ST\STM32CubeIDE_1.16.0\STM32CubeIDE\plugins\com.st.stm32cube.common.mx_6.12.0.202406281431\\db\/mcu/
2024-09-10 16:59:30,366 [INFO] ApiDb:274 - Set plugin database path to: C:\ST\STM32CubeIDE_1.16.0\STM32CubeIDE\plugins\com.st.stm32cube.common.mx_6.12.0.202406281431\\db\/plugins/boardmanager/
2024-09-10 16:59:30,366 [INFO] ApiDb:261 - Set plugin images path to: C:\ST\STM32CubeIDE_1.16.0\STM32CubeIDE\plugins\com.st.stm32cube.common.mx_6.12.0.202406281431\\db\/plugins/mcufinder/images/
2024-09-10 16:59:30,366 [WARN] DbFile:41 - Overriding database path with different value: C:\Users\admin\.stmcufinder\plugins\mcufinder/ => C:\Users\admin\.stmcufinder\plugins\mcufinder
2024-09-10 16:59:30,366 [INFO] ApiDb:250 - Set database path to: C:\Users\admin\.stmcufinder\plugins\mcufinder//mcu/
2024-09-10 16:59:30,366 [WARN] DbFile:41 - Overriding database path with different value: C:\Users\admin\.stmcufinder\plugins\mcufinder/ => C:\Users\admin\.stmcufinder\plugins\mcufinder
2024-09-10 16:59:30,366 [INFO] DbMcusAds:125 - Set database path to: C:\Users\admin\.stmcufinder\plugins\mcufinder//mcu/
2024-09-10 16:59:30,366 [WARN] DbFile:41 - Overriding database path with different value: C:\Users\admin\.stmcufinder\plugins\mcufinder/ => C:\Users\admin\.stmcufinder\plugins\mcufinder
2024-09-10 16:59:30,366 [WARN] DbFile:41 - Overriding database path with different value: C:\Users\admin\.stmcufinder\plugins\mcufinder/ => C:\Users\admin\.stmcufinder\plugins\mcufinder
2024-09-10 16:59:30,367 [INFO] CrossReferenceDbSqlite:203 - Set database path to: C:\Users\admin\.stmcufinder\plugins\mcufinder//mcu/cs/
2024-09-10 16:59:30,445 [INFO] MainPanel:268 - HeapMemory: 268435456
2024-09-10 16:59:30,540 [INFO] DbMcusXml:78 - Set database path to: C:\ST\STM32CubeIDE_1.16.0\STM32CubeIDE\plugins\com.st.stm32cube.common.mx_6.12.0.202406281431\\db\/mcu/
2024-09-10 16:59:30,540 [INFO] ApiDb:274 - Set plugin database path to: C:\ST\STM32CubeIDE_1.16.0\STM32CubeIDE\plugins\com.st.stm32cube.common.mx_6.12.0.202406281431\\db\/plugins/boardmanager/
2024-09-10 16:59:30,540 [INFO] ApiDb:261 - Set plugin images path to: C:\ST\STM32CubeIDE_1.16.0\STM32CubeIDE\plugins\com.st.stm32cube.common.mx_6.12.0.202406281431\\db\/plugins/mcufinder/images/
2024-09-10 16:59:30,541 [WARN] DbFile:41 - Overriding database path with different value: C:\Users\admin\.stmcufinder\plugins\mcufinder/ => C:\Users\admin\.stmcufinder\plugins\mcufinder
2024-09-10 16:59:30,541 [INFO] ApiDb:250 - Set database path to: C:\Users\admin\.stmcufinder\plugins\mcufinder//mcu/
2024-09-10 16:59:30,541 [WARN] DbFile:41 - Overriding database path with different value: C:\Users\admin\.stmcufinder\plugins\mcufinder/ => C:\Users\admin\.stmcufinder\plugins\mcufinder
2024-09-10 16:59:30,541 [INFO] DbMcusAds:125 - Set database path to: C:\Users\admin\.stmcufinder\plugins\mcufinder//mcu/
2024-09-10 16:59:30,541 [WARN] DbFile:41 - Overriding database path with different value: C:\Users\admin\.stmcufinder\plugins\mcufinder/ => C:\Users\admin\.stmcufinder\plugins\mcufinder
2024-09-10 16:59:30,541 [WARN] DbFile:41 - Overriding database path with different value: C:\Users\admin\.stmcufinder\plugins\mcufinder/ => C:\Users\admin\.stmcufinder\plugins\mcufinder
2024-09-10 16:59:30,542 [INFO] CrossReferenceDbSqlite:203 - Set database path to: C:\Users\admin\.stmcufinder\plugins\mcufinder//mcu/cs/
2024-09-10 16:59:30,557 [INFO] ApplicationProperties:184 - Using Application install path: C:\ST\STM32CubeIDE_1.16.0\STM32CubeIDE\plugins\com.st.stm32cube.common.mx_6.12.0.202406281431
2024-09-10 16:59:30,558 [INFO] PluginManage:196 - Search for loadable plugins [exclusion list=, ]
2024-09-10 16:59:30,559 [INFO] PluginManage:310 - Check plugin analytics
2024-09-10 16:59:30,742 [INFO] AnalyticsPlugin:253 - Accepted Software Licenses: STM32CubeMX.6.12.0
2024-09-10 16:59:30,742 [INFO] AnalyticsPlugin:255 - Accepted CMSIS Pack Licenses: 
2024-09-10 16:59:30,742 [INFO] AnalyticsPlugin:257 - Accepted Firmware Licenses: 
2024-09-10 16:59:30,745 [INFO] PluginManage:359 - Loaded plugin analytics (category:tool,tabindex:-1)
2024-09-10 16:59:30,746 [INFO] PluginManage:310 - Check plugin cadmodel
2024-09-10 16:59:30,760 [INFO] CADModel:105 - Init CAD model plugin
2024-09-10 16:59:30,760 [INFO] PluginManage:359 - Loaded plugin cadmodel (category:power,tabindex:5)
2024-09-10 16:59:30,760 [INFO] PluginManage:310 - Check plugin clock
2024-09-10 16:59:30,777 [INFO] PluginManage:359 - Loaded plugin clock (category:base,tabindex:2)
2024-09-10 16:59:30,777 [INFO] PluginManage:310 - Check plugin ddr
2024-09-10 16:59:30,780 [INFO] PluginManage:359 - Loaded plugin ddr (category:tool,tabindex:6)
2024-09-10 16:59:30,780 [INFO] PluginManage:310 - Check plugin filemanager
2024-09-10 16:59:30,927 [INFO] PluginManage:359 - Loaded plugin filemanager (category:base,tabindex:10)
2024-09-10 16:59:30,927 [INFO] PluginManage:310 - Check plugin ipmanager
2024-09-10 16:59:30,933 [INFO] PluginManage:359 - Loaded plugin ipmanager (category:base,tabindex:5)
2024-09-10 16:59:30,934 [INFO] PluginManage:310 - Check plugin lpbam
2024-09-10 16:59:30,952 [INFO] PluginManage:359 - Loaded plugin lpbam (category:base,tabindex:0)
2024-09-10 16:59:30,952 [INFO] PluginManage:310 - Check plugin memorymap
2024-09-10 16:59:30,973 [INFO] PluginManage:359 - Loaded plugin memorymap (category:base,tabindex:4)
2024-09-10 16:59:30,973 [INFO] PluginManage:310 - Check plugin pinoutandconfiguration
2024-09-10 16:59:30,988 [INFO] PluginManage:359 - Loaded plugin pinoutandconfiguration (category:base,tabindex:1)
2024-09-10 16:59:30,988 [INFO] PluginManage:310 - Check plugin pinoutconfig
2024-09-10 16:59:31,092 [WARN] SupportedApi:132 - Cannot load RTOS API schema: s4s-elt-must-match.1: The content of 'definitions' must match (annotation?, (simpleType | complexType)?, (unique | key | keyref)*)). A problem was found starting at: attribute.
2024-09-10 16:59:31,247 [INFO] PluginManage:359 - Loaded plugin pinoutconfig (category:base,tabindex:0)
2024-09-10 16:59:31,247 [INFO] PluginManage:310 - Check plugin power
2024-09-10 16:59:31,264 [INFO] PluginManage:359 - Loaded plugin power (category:power,tabindex:4)
2024-09-10 16:59:31,265 [INFO] PluginManage:310 - Check plugin projectmanager
2024-09-10 16:59:31,280 [INFO] PluginManage:359 - Loaded plugin projectmanager (category:projectmanager,tabindex:4)
2024-09-10 16:59:31,280 [INFO] PluginManage:310 - Check plugin rif
2024-09-10 16:59:31,294 [INFO] PluginManage:359 - Loaded plugin rif (category:base,tabindex:3)
2024-09-10 16:59:31,294 [INFO] PluginManage:310 - Check plugin thirdparty
2024-09-10 16:59:31,569 [WARN] IntegrityCheckThread:84 - waiting for thirdparty lock release [integrity check]
2024-09-10 16:59:31,570 [INFO] IntegrityCheckThread:86 - entering critical section [integrity check]
2024-09-10 16:59:31,571 [INFO] ThirdPartyUpdaterWithRetryManager:70 - Updater plugin not ready yet. [1/15]
2024-09-10 16:59:31,571 [INFO] PluginManage:359 - Loaded plugin thirdparty (category:base,tabindex:-1)
2024-09-10 16:59:31,571 [INFO] PluginManage:310 - Check plugin tools
2024-09-10 16:59:31,607 [INFO] PluginManage:359 - Loaded plugin tools (category:base,tabindex:7)
2024-09-10 16:59:31,608 [INFO] PluginManage:310 - Check plugin tutovideos
2024-09-10 16:59:31,803 [INFO] PluginManage:359 - Loaded plugin tutovideos (category:base,tabindex:-1)
2024-09-10 16:59:31,803 [INFO] PluginManage:310 - Check plugin updater
2024-09-10 16:59:31,821 [INFO] PluginManage:359 - Loaded plugin updater (category:base,tabindex:12)
2024-09-10 16:59:31,821 [INFO] PluginManage:310 - Check plugin userauth
2024-09-10 16:59:31,827 [INFO] UserAuth:113 - Init User Auth plugin
2024-09-10 16:59:31,827 [INFO] PluginManage:359 - Loaded plugin userauth (category:base,tabindex:14)
2024-09-10 16:59:31,830 [INFO] PluginManage:283 - PluginManage : Loaded plugins [18]
2024-09-10 16:59:32,034 [INFO] PinOutPanel:1561 - setPackage(No Configuration,No Configuration)
2024-09-10 16:59:32,130 [INFO] CADModel:165 - CPN selected for project level
2024-09-10 16:59:32,130 [INFO] CADModel:114 - Register for checkConnection events
2024-09-10 16:59:32,159 [INFO] IPUIPlugin:80 - create IPUIPlugin
2024-09-10 16:59:32,159 [INFO] PluginManager:220 - loadIPPluginJar : add adc
2024-09-10 16:59:32,200 [INFO] IPUIPlugin:80 - create IPUIPlugin
2024-09-10 16:59:32,200 [INFO] PluginManager:220 - loadIPPluginJar : add aes
2024-09-10 16:59:32,249 [INFO] IPUIPlugin:80 - create IPUIPlugin
2024-09-10 16:59:32,249 [INFO] PluginManager:220 - loadIPPluginJar : add can
2024-09-10 16:59:32,274 [INFO] IPUIPlugin:80 - create IPUIPlugin
2024-09-10 16:59:32,274 [INFO] PluginManager:220 - loadIPPluginJar : add comp
2024-09-10 16:59:32,308 [INFO] IPUIPlugin:80 - create IPUIPlugin
2024-09-10 16:59:32,309 [INFO] PluginManager:220 - loadIPPluginJar : add cryp
2024-09-10 16:59:32,321 [INFO] IPUIPlugin:80 - create IPUIPlugin
2024-09-10 16:59:32,321 [INFO] PluginManager:220 - loadIPPluginJar : add ddr_ctrl_phy
2024-09-10 16:59:32,353 [INFO] IPUIPlugin:80 - create IPUIPlugin
2024-09-10 16:59:32,353 [INFO] PluginManager:220 - loadIPPluginJar : add dfsdm
2024-09-10 16:59:32,366 [INFO] IPUIPlugin:80 - create IPUIPlugin
2024-09-10 16:59:32,367 [INFO] PluginManager:220 - loadIPPluginJar : add dma
2024-09-10 16:59:32,409 [INFO] IPUIPlugin:80 - create IPUIPlugin
2024-09-10 16:59:32,409 [INFO] PluginManager:220 - loadIPPluginJar : add dma3
2024-09-10 16:59:32,450 [INFO] IPUIPlugin:80 - create IPUIPlugin
2024-09-10 16:59:32,450 [INFO] PluginManager:220 - loadIPPluginJar : add extmemmanager
2024-09-10 16:59:32,468 [INFO] IPUIPlugin:80 - create IPUIPlugin
2024-09-10 16:59:32,468 [INFO] PluginManager:220 - loadIPPluginJar : add fatfs
2024-09-10 16:59:32,513 [INFO] IPUIPlugin:80 - create IPUIPlugin
2024-09-10 16:59:32,513 [INFO] PluginManager:220 - loadIPPluginJar : add fmc
2024-09-10 16:59:32,526 [INFO] IPUIPlugin:80 - create IPUIPlugin
2024-09-10 16:59:32,526 [INFO] PluginManager:220 - loadIPPluginJar : add freertos
2024-09-10 16:59:32,545 [INFO] IPUIPlugin:80 - create IPUIPlugin
2024-09-10 16:59:32,545 [INFO] PluginManager:220 - loadIPPluginJar : add genericplugin
2024-09-10 16:59:32,636 [INFO] IPUIPlugin:80 - create IPUIPlugin
2024-09-10 16:59:32,636 [INFO] PluginManager:220 - loadIPPluginJar : add gfxmmu
2024-09-10 16:59:32,774 [INFO] IPUIPlugin:80 - create IPUIPlugin
2024-09-10 16:59:32,774 [INFO] PluginManager:220 - loadIPPluginJar : add gic
2024-09-10 16:59:32,787 [INFO] IPUIPlugin:80 - create IPUIPlugin
2024-09-10 16:59:32,787 [INFO] PluginManager:220 - loadIPPluginJar : add gpio
2024-09-10 16:59:32,882 [INFO] IPUIPlugin:80 - create IPUIPlugin
2024-09-10 16:59:32,882 [INFO] PluginManager:220 - loadIPPluginJar : add gtzc
2024-09-10 16:59:32,914 [INFO] IPUIPlugin:80 - create IPUIPlugin
2024-09-10 16:59:32,914 [INFO] PluginManager:220 - loadIPPluginJar : add hash
2024-09-10 16:59:32,968 [INFO] IPUIPlugin:80 - create IPUIPlugin
2024-09-10 16:59:32,968 [INFO] PluginManager:220 - loadIPPluginJar : add i2c
2024-09-10 16:59:33,007 [INFO] IPUIPlugin:80 - create IPUIPlugin
2024-09-10 16:59:33,007 [INFO] PluginManager:220 - loadIPPluginJar : add i2s
2024-09-10 16:59:33,050 [INFO] IPUIPlugin:80 - create IPUIPlugin
2024-09-10 16:59:33,050 [INFO] PluginManager:220 - loadIPPluginJar : add i3c
2024-09-10 16:59:33,159 [INFO] IPUIPlugin:80 - create IPUIPlugin
2024-09-10 16:59:33,159 [INFO] PluginManager:220 - loadIPPluginJar : add ipddr
2024-09-10 16:59:33,261 [INFO] IPUIPlugin:80 - create IPUIPlugin
2024-09-10 16:59:33,262 [INFO] PluginManager:220 - loadIPPluginJar : add linkedlist
2024-09-10 16:59:33,302 [INFO] IPUIPlugin:80 - create IPUIPlugin
2024-09-10 16:59:33,302 [INFO] PluginManager:220 - loadIPPluginJar : add lorawan
2024-09-10 16:59:33,340 [INFO] IPUIPlugin:80 - create IPUIPlugin
2024-09-10 16:59:33,340 [INFO] PluginManager:220 - loadIPPluginJar : add ltdc
2024-09-10 16:59:33,354 [INFO] IPUIPlugin:80 - create IPUIPlugin
2024-09-10 16:59:33,354 [INFO] PluginManager:220 - loadIPPluginJar : add mdma
2024-09-10 16:59:33,366 [INFO] IPUIPlugin:80 - create IPUIPlugin
2024-09-10 16:59:33,366 [INFO] PluginManager:220 - loadIPPluginJar : add nvic
2024-09-10 16:59:33,405 [INFO] IPUIPlugin:80 - create IPUIPlugin
2024-09-10 16:59:33,405 [INFO] PluginManager:220 - loadIPPluginJar : add opamp
2024-09-10 16:59:33,468 [INFO] IPUIPlugin:80 - create IPUIPlugin
2024-09-10 16:59:33,468 [INFO] PluginManager:220 - loadIPPluginJar : add openamp
2024-09-10 16:59:33,514 [INFO] IPUIPlugin:80 - create IPUIPlugin
2024-09-10 16:59:33,514 [INFO] PluginManager:220 - loadIPPluginJar : add pdm2pcm
2024-09-10 16:59:33,527 [INFO] IPUIPlugin:80 - create IPUIPlugin
2024-09-10 16:59:33,530 [INFO] PluginManager:220 - loadIPPluginJar : add plateformsettings
2024-09-10 16:59:33,552 [INFO] IPUIPlugin:80 - create IPUIPlugin
2024-09-10 16:59:33,552 [INFO] PluginManager:220 - loadIPPluginJar : add quadspi
2024-09-10 16:59:33,578 [INFO] IPUIPlugin:80 - create IPUIPlugin
2024-09-10 16:59:33,579 [INFO] PluginManager:220 - loadIPPluginJar : add radio
2024-09-10 16:59:33,591 [INFO] IPUIPlugin:80 - create IPUIPlugin
2024-09-10 16:59:33,591 [INFO] PluginManager:220 - loadIPPluginJar : add resmgrutility
2024-09-10 16:59:33,642 [INFO] IPUIPlugin:80 - create IPUIPlugin
2024-09-10 16:59:33,642 [INFO] PluginManager:220 - loadIPPluginJar : add sai
2024-09-10 16:59:33,680 [INFO] IPUIPlugin:80 - create IPUIPlugin
2024-09-10 16:59:33,680 [INFO] PluginManager:220 - loadIPPluginJar : add spi
2024-09-10 16:59:33,756 [INFO] IPUIPlugin:80 - create IPUIPlugin
2024-09-10 16:59:33,756 [INFO] PluginManager:220 - loadIPPluginJar : add stm32_wpan
2024-09-10 16:59:33,779 [INFO] IPUIPlugin:80 - create IPUIPlugin
2024-09-10 16:59:33,779 [INFO] PluginManager:220 - loadIPPluginJar : add tim
2024-09-10 16:59:33,843 [INFO] IPUIPlugin:80 - create IPUIPlugin
2024-09-10 16:59:33,843 [INFO] PluginManager:220 - loadIPPluginJar : add touchsensing
2024-09-10 16:59:33,866 [INFO] IPUIPlugin:80 - create IPUIPlugin
2024-09-10 16:59:33,866 [INFO] PluginManager:220 - loadIPPluginJar : add tracer_emb
2024-09-10 16:59:33,890 [INFO] IPUIPlugin:80 - create IPUIPlugin
2024-09-10 16:59:33,890 [INFO] PluginManager:220 - loadIPPluginJar : add ts
2024-09-10 16:59:33,911 [INFO] IPUIPlugin:80 - create IPUIPlugin
2024-09-10 16:59:33,911 [INFO] PluginManager:220 - loadIPPluginJar : add tsc
2024-09-10 16:59:33,934 [INFO] IPUIPlugin:80 - create IPUIPlugin
2024-09-10 16:59:33,934 [INFO] PluginManager:220 - loadIPPluginJar : add ucpd
2024-09-10 16:59:33,978 [INFO] IPUIPlugin:80 - create IPUIPlugin
2024-09-10 16:59:33,979 [INFO] PluginManager:220 - loadIPPluginJar : add usart
2024-09-10 16:59:34,021 [INFO] IPUIPlugin:80 - create IPUIPlugin
2024-09-10 16:59:34,022 [INFO] PluginManager:220 - loadIPPluginJar : add usbx
2024-09-10 16:59:34,147 [INFO] CADModel:165 - CPN selected for project level
2024-09-10 16:59:34,147 [INFO] CADModel:114 - Register for checkConnection events
2024-09-10 16:59:34,147 [FATAL] Updater:334 - Updater called before beeing initialized
2024-09-10 16:59:34,147 [ERROR] CADModel:125 - Updater not yet initialized, retry later 
2024-09-10 16:59:34,292 [INFO] CADModel:165 - CPN selected for project level
2024-09-10 16:59:34,292 [INFO] CADModel:114 - Register for checkConnection events
2024-09-10 16:59:34,292 [FATAL] Updater:334 - Updater called before beeing initialized
2024-09-10 16:59:34,292 [ERROR] CADModel:125 - Updater not yet initialized, retry later 
2024-09-10 16:59:34,295 [FATAL] Updater:334 - Updater called before beeing initialized
2024-09-10 16:59:34,396 [FATAL] Updater:334 - Updater called before beeing initialized
2024-09-10 16:59:34,405 [INFO] DbMcusAds:53 - JSON generation date=Thu May 16 17:22:00 CST 2024 (1715851320667)
2024-09-10 16:59:34,405 [FATAL] Updater:334 - Updater called before beeing initialized
2024-09-10 16:59:34,441 [WARN] DetailPanel:346 - Failed to get advertising image, set to default
2024-09-10 16:59:34,520 [FATAL] Updater:334 - Updater called before beeing initialized
2024-09-10 16:59:34,521 [FATAL] Updater:334 - Updater called before beeing initialized
2024-09-10 16:59:34,521 [FATAL] Updater:334 - Updater called before beeing initialized
2024-09-10 16:59:34,521 [WARN] DetailPanel:346 - Failed to get advertising image, set to default
2024-09-10 16:59:34,522 [FATAL] Updater:334 - Updater called before beeing initialized
2024-09-10 16:59:34,584 [INFO] ThirdPartyUpdaterWithRetryManager:70 - Updater plugin not ready yet. [2/15]
2024-09-10 16:59:34,588 [ERROR] Updater:1164 - MainUpdater not yet initialized. External WinMGr cannot be set.
2024-09-10 16:59:34,600 [INFO] Updater:1100 - Updater Version found : 6.12.0
2024-09-10 16:59:34,620 [INFO] ApplicationProperties:184 - Using Application install path: C:\ST\STM32CubeIDE_1.16.0\STM32CubeIDE\plugins\com.st.stm32cube.common.mx_6.12.0.202406281431
2024-09-10 16:59:36,227 [ERROR] LogOutputStream:75 - [STDERR_REDIRECT] Sep 10, 2024 4:59:36 PM java.util.prefs.WindowsPreferences <init>
2024-09-10 16:59:36,229 [ERROR] LogOutputStream:75 - [STDERR_REDIRECT] WARNING: Could not open/create prefs root node Software\JavaSoft\Prefs at root 0xffffffff80000002. Windows RegCreateKeyEx(...) returned error code 5.
2024-09-10 16:59:36,229 [ERROR] LogOutputStream:75 - [STDERR_REDIRECT] 
2024-09-10 16:59:36,485 [INFO] MainUpdater:2873 - connection check result : 10
2024-09-10 16:59:36,485 [INFO] MainUpdater:3567 - Updater definition file requires update
2024-09-10 16:59:36,486 [INFO] MainUpdater:290 - Updater Check For Update Now.
2024-09-10 16:59:36,486 [INFO] MicroXplorer:498 - Change Database Version : DB.6.0.120
2024-09-10 16:59:36,502 [INFO] McuFinderGlobals:63 - Set McuFinder mode to 2 (CubeIDE integrated)
2024-09-10 16:59:36,508 [INFO] UserAuth:417 - Internet connection configuration mode: 1
2024-09-10 16:59:36,518 [INFO] ServerAccessManage:473 - Download File updaters.zip
2024-09-10 16:59:36,535 [INFO] JxBrowserEngine:152 - Initiate JxBrowser Engine with user profile folder
2024-09-10 16:59:36,793 [INFO] FileExtend:240 - Unzip File : updaters.zip
2024-09-10 16:59:36,793 [INFO] FileExtend:255 - Standard Zip Deflate
2024-09-10 16:59:37,322 [INFO] ServerAccessManage:473 - Download File PacksControlFlags.xml
2024-09-10 16:59:37,460 [INFO] ServerAccessManage:473 - Download File cubemx.pidx
2024-09-10 16:59:37,594 [WARN] MainUpdater:1194 - Updater busy. Cannot search thirdparties
2024-09-10 16:59:37,594 [INFO] ThirdPartyUpdaterWithRetryManager:96 - Updater plugin is busy. [1/15]
2024-09-10 16:59:37,993 [INFO] ServerAccessManage:473 - Download File STMicroelectronics.X-CUBE-GNSS1.pdsc
2024-09-10 16:59:39,062 [ERROR] ServerAccessManage:1089 - Problem, file not found on Server
2024-09-10 16:59:40,007 [ERROR] ServerAccessManage:1089 - Problem, file not found on Server
2024-09-10 16:59:40,091 [INFO] WebApp:167 - Instantiating new browser for Auth
2024-09-10 16:59:40,607 [WARN] MainUpdater:1194 - Updater busy. Cannot search thirdparties
2024-09-10 16:59:40,607 [INFO] ThirdPartyUpdaterWithRetryManager:96 - Updater plugin is busy. [2/15]
2024-09-10 16:59:40,841 [INFO] WebApp:448 - Apply proxy settings
2024-09-10 16:59:40,841 [INFO] WebApp:533 - Chromium requires no authentication
2024-09-10 16:59:40,850 [INFO] WebApp:476 - Direct internet connection detected
2024-09-10 16:59:40,887 [INFO] WebApp:869 - Register for checkConnection events
2024-09-10 16:59:40,887 [INFO] WebApp:448 - Apply proxy settings
2024-09-10 16:59:40,887 [INFO] WebApp:533 - Chromium requires no authentication
2024-09-10 16:59:40,888 [INFO] WebApp:476 - Direct internet connection detected
2024-09-10 16:59:40,939 [ERROR] ServerAccessManage:1089 - Problem, file not found on Server
2024-09-10 16:59:41,051 [INFO] WebApp:186 - Connection restablished
2024-09-10 16:59:41,130 [INFO] WebApp:220 - Starting web application
2024-09-10 16:59:41,131 [INFO] WebApp:578 - Web application path used C:\ST\STM32CubeIDE_1.16.0\STM32CubeIDE\plugins\com.st.stm32cube.common.mx_6.12.0.202406281431\db\plugins\mcufinder\reactClient1\index.html
2024-09-10 16:59:41,281 [INFO] UserAuth:417 - Internet connection configuration mode: 1
2024-09-10 16:59:41,878 [ERROR] ServerAccessManage:1089 - Problem, file not found on Server
2024-09-10 16:59:42,130 [ERROR] ServerAccessManage:1089 - Problem, file not found on Server
2024-09-10 16:59:43,076 [ERROR] ServerAccessManage:1089 - Problem, file not found on Server
2024-09-10 16:59:43,612 [WARN] MainUpdater:1194 - Updater busy. Cannot search thirdparties
2024-09-10 16:59:43,612 [INFO] ThirdPartyUpdaterWithRetryManager:96 - Updater plugin is busy. [3/15]
2024-09-10 16:59:43,943 [WARN] PackLoader:240 - Cannot read IP mode file for STMicroelectronics.X-CUBE-GNSS1.7.0.0
2024-09-10 16:59:43,946 [INFO] PopulateThirdPartyThread:66 - Ending populate Thread
2024-09-10 16:59:43,948 [INFO] ThirdParty:1030 - CMSIS Pack Vendor :STMicroelectronics X-CUBE-GNSS1 7.0.0
2024-09-10 16:59:43,948 [INFO] LoadServerUpdatesThread:375 - End of LoadServerUpdate Thread
2024-09-10 16:59:44,079 [INFO] CheckServerUpdateThread:120 - End of CheckServer Thread
2024-09-10 16:59:46,757 [WARN] PackLoader:240 - Cannot read IP mode file for STMicroelectronics.FP-SNS-MOTENVWB1.1.4.0
2024-09-10 16:59:46,769 [WARN] PackLoader:240 - Cannot read IP mode file for STMicroelectronics.X-CUBE-SMBUS.2.1.0
2024-09-10 16:59:46,799 [WARN] PackLoader:240 - Cannot read IP mode file for STMicroelectronics.X-CUBE-AZRTOS-F7.1.1.0
2024-09-10 16:59:46,858 [WARN] PackLoader:240 - Cannot read IP mode file for STMicroelectronics.X-CUBE-MEMS1.11.0.0
2024-09-10 16:59:46,980 [WARN] PackLoader:240 - Cannot read IP mode file for STMicroelectronics.FP-SNS-FLIGHT1.5.0.2
2024-09-10 16:59:46,994 [WARN] PackLoader:240 - Cannot read IP mode file for STMicroelectronics.X-CUBE-DISPLAY.3.0.0
2024-09-10 16:59:47,009 [WARN] PackLoader:240 - Cannot read IP mode file for STMicroelectronics.X-CUBE-BLE1.7.0.0
2024-09-10 16:59:47,022 [WARN] PackLoader:240 - Cannot read IP mode file for emotas.I-CUBE-CANOPEN.1.3.0
2024-09-10 16:59:47,036 [WARN] PackLoader:240 - Cannot read IP mode file for STMicroelectronics.X-CUBE-BLEMGR.3.1.0
2024-09-10 16:59:47,050 [WARN] PackLoader:240 - Cannot read IP mode file for STMicroelectronics.FP-SNS-SMARTAG2.1.2.0
2024-09-10 16:59:47,068 [INFO] LogOutputStream:77 - [STDOUT_REDIRECT] 1 : Invalid condition id : UX_CORESTACK_Condition cause : null
2024-09-10 16:59:47,069 [INFO] LogOutputStream:77 - [STDOUT_REDIRECT] 1 : Invalid condition id : UX_CORESTACK_Condition cause : null
2024-09-10 16:59:47,070 [INFO] LogOutputStream:77 - [STDOUT_REDIRECT] 1 : Invalid condition id : UX_CORESTACK_Condition cause : null
2024-09-10 16:59:47,071 [INFO] LogOutputStream:77 - [STDOUT_REDIRECT] 1 : Invalid condition id : UX_CORESTACK_Condition cause : null
2024-09-10 16:59:47,073 [INFO] LogOutputStream:77 - [STDOUT_REDIRECT] 1 : Invalid condition id : UX_CORESTACK_Condition cause : null
2024-09-10 16:59:47,075 [WARN] PackLoader:240 - Cannot read IP mode file for STMicroelectronics.X-CUBE-AZRTOS-WL.2.0.0
2024-09-10 16:59:47,087 [WARN] PackLoader:240 - Cannot read IP mode file for STMicroelectronics.FP-SNS-MOTENV1.5.0.0
2024-09-10 16:59:47,093 [WARN] PackLoader:240 - Cannot read IP mode file for wolfSSL.I-CUBE-wolfMQTT.1.19.0
2024-09-10 16:59:47,106 [WARN] PackLoader:240 - Cannot read IP mode file for WES.I-CUBE-Cesium.1.3.0
2024-09-10 16:59:47,116 [WARN] PackLoader:240 - Cannot read IP mode file for STMicroelectronics.X-CUBE-BLE2.3.3.0
2024-09-10 16:59:47,129 [WARN] PackLoader:240 - Cannot read IP mode file for STMicroelectronics.X-CUBE-TCPP.4.1.0
2024-09-10 16:59:47,155 [WARN] PackLoader:240 - Cannot read IP mode file for STMicroelectronics.X-CUBE-AZRTOS-G0.1.1.0
2024-09-10 16:59:47,169 [WARN] PackLoader:240 - Cannot read IP mode file for STMicroelectronics.X-CUBE-SAFEA1.1.2.2
2024-09-10 16:59:47,181 [WARN] PackLoader:240 - Cannot read IP mode file for STMicroelectronics.X-CUBE-NFC4.3.0.0
2024-09-10 16:59:47,198 [WARN] PackLoader:240 - Cannot read IP mode file for EmbeddedOffice.I-CUBE-FS-RTOS.1.0.1
2024-09-10 16:59:47,198 [ERROR] ConditionMgr:805 - Attr not supported : Dmpu
2024-09-10 16:59:47,198 [ERROR] ConditionMgr:805 - Attr not supported : Dmpu
2024-09-10 16:59:47,198 [ERROR] ConditionMgr:805 - Attr not supported : Dmpu
2024-09-10 16:59:47,198 [ERROR] ConditionMgr:805 - Attr not supported : Dmpu
2024-09-10 16:59:47,198 [ERROR] ConditionMgr:805 - Attr not supported : Dmpu
2024-09-10 16:59:47,198 [ERROR] ConditionMgr:805 - Attr not supported : Dmpu
2024-09-10 16:59:47,198 [ERROR] ConditionMgr:805 - Attr not supported : Dmpu
2024-09-10 16:59:47,198 [ERROR] ConditionMgr:805 - Attr not supported : Dmpu
2024-09-10 16:59:47,199 [ERROR] ConditionMgr:805 - Attr not supported : Dmpu
2024-09-10 16:59:47,199 [ERROR] ConditionMgr:805 - Attr not supported : Dmpu
2024-09-10 16:59:47,199 [ERROR] ConditionMgr:805 - Attr not supported : Dmpu
2024-09-10 16:59:47,199 [ERROR] ConditionMgr:805 - Attr not supported : Dmpu
2024-09-10 16:59:47,199 [ERROR] ConditionMgr:805 - Attr not supported : Dmpu
2024-09-10 16:59:47,199 [ERROR] ConditionMgr:805 - Attr not supported : Dmpu
2024-09-10 16:59:47,199 [ERROR] ConditionMgr:805 - Attr not supported : Dmpu
2024-09-10 16:59:47,199 [ERROR] ConditionMgr:805 - Attr not supported : Dmpu
2024-09-10 16:59:47,199 [ERROR] ConditionMgr:805 - Attr not supported : Dmpu
2024-09-10 16:59:47,199 [ERROR] ConditionMgr:805 - Attr not supported : Dmpu
2024-09-10 16:59:47,199 [ERROR] ConditionMgr:805 - Attr not supported : Dmpu
2024-09-10 16:59:47,199 [ERROR] ConditionMgr:805 - Attr not supported : Dmpu
2024-09-10 16:59:47,199 [ERROR] ConditionMgr:805 - Attr not supported : Dmpu
2024-09-10 16:59:47,199 [ERROR] ConditionMgr:805 - Attr not supported : Dmpu
2024-09-10 16:59:47,199 [ERROR] ConditionMgr:805 - Attr not supported : Dmpu
2024-09-10 16:59:47,199 [ERROR] ConditionMgr:805 - Attr not supported : Dmpu
2024-09-10 16:59:47,199 [ERROR] ConditionMgr:805 - Attr not supported : Dmpu
2024-09-10 16:59:47,199 [ERROR] ConditionMgr:805 - Attr not supported : Dmpu
2024-09-10 16:59:47,200 [ERROR] ConditionMgr:805 - Attr not supported : Dmpu
2024-09-10 16:59:47,200 [ERROR] ConditionMgr:805 - Attr not supported : Dmpu
2024-09-10 16:59:47,200 [ERROR] ConditionMgr:805 - Attr not supported : Dmpu
2024-09-10 16:59:47,200 [ERROR] ConditionMgr:805 - Attr not supported : Dmpu
2024-09-10 16:59:47,200 [ERROR] ConditionMgr:805 - Attr not supported : Dmpu
2024-09-10 16:59:47,200 [ERROR] ConditionMgr:805 - Attr not supported : Dmpu
2024-09-10 16:59:47,200 [ERROR] ConditionMgr:805 - Attr not supported : Dmpu
2024-09-10 16:59:47,200 [ERROR] ConditionMgr:805 - Attr not supported : Dmpu
2024-09-10 16:59:47,200 [ERROR] ConditionMgr:805 - Attr not supported : Dmpu
2024-09-10 16:59:47,200 [ERROR] ConditionMgr:805 - Attr not supported : Dmpu
2024-09-10 16:59:47,200 [ERROR] ConditionMgr:805 - Attr not supported : Dmpu
2024-09-10 16:59:47,200 [ERROR] ConditionMgr:805 - Attr not supported : Dmpu
2024-09-10 16:59:47,200 [ERROR] ConditionMgr:805 - Attr not supported : Dmpu
2024-09-10 16:59:47,200 [ERROR] ConditionMgr:805 - Attr not supported : Dmpu
2024-09-10 16:59:47,200 [ERROR] ConditionMgr:805 - Attr not supported : Dmpu
2024-09-10 16:59:47,200 [ERROR] ConditionMgr:805 - Attr not supported : Dmpu
2024-09-10 16:59:47,200 [ERROR] ConditionMgr:805 - Attr not supported : Dmpu
2024-09-10 16:59:47,201 [ERROR] ConditionMgr:805 - Attr not supported : Dmpu
2024-09-10 16:59:47,201 [ERROR] ConditionMgr:805 - Attr not supported : Dmpu
2024-09-10 16:59:47,201 [ERROR] ConditionMgr:805 - Attr not supported : Dmpu
2024-09-10 16:59:47,201 [ERROR] ConditionMgr:805 - Attr not supported : Dmpu
2024-09-10 16:59:47,201 [ERROR] ConditionMgr:805 - Attr not supported : Dmpu
2024-09-10 16:59:47,201 [ERROR] ConditionMgr:805 - Attr not supported : Dmpu
2024-09-10 16:59:47,201 [ERROR] ConditionMgr:805 - Attr not supported : Dmpu
2024-09-10 16:59:47,201 [ERROR] ConditionMgr:805 - Attr not supported : Dmpu
2024-09-10 16:59:47,201 [ERROR] ConditionMgr:805 - Attr not supported : Dmpu
2024-09-10 16:59:47,201 [ERROR] ConditionMgr:805 - Attr not supported : Dmpu
2024-09-10 16:59:47,201 [ERROR] ConditionMgr:805 - Attr not supported : Dmpu
2024-09-10 16:59:47,201 [ERROR] ConditionMgr:805 - Attr not supported : Dmpu
2024-09-10 16:59:47,201 [ERROR] ConditionMgr:805 - Attr not supported : Dmpu
2024-09-10 16:59:47,201 [ERROR] ConditionMgr:805 - Attr not supported : Dmpu
2024-09-10 16:59:47,201 [ERROR] ConditionMgr:805 - Attr not supported : Dmpu
2024-09-10 16:59:47,201 [ERROR] ConditionMgr:805 - Attr not supported : Dmpu
2024-09-10 16:59:47,201 [ERROR] ConditionMgr:805 - Attr not supported : Dmpu
2024-09-10 16:59:47,202 [ERROR] ConditionMgr:805 - Attr not supported : Dmpu
2024-09-10 16:59:47,202 [ERROR] ConditionMgr:805 - Attr not supported : Dmpu
2024-09-10 16:59:47,202 [ERROR] ConditionMgr:805 - Attr not supported : Dmpu
2024-09-10 16:59:47,202 [ERROR] ConditionMgr:805 - Attr not supported : Dmpu
2024-09-10 16:59:47,215 [WARN] PackLoader:240 - Cannot read IP mode file for RealThread.X-CUBE-RT-Thread_Nano.4.1.1
2024-09-10 16:59:47,219 [WARN] PackLoader:240 - Cannot read IP mode file for STMicroelectronics.FP-ATR-SIGFOX1.3.2.0
2024-09-10 16:59:47,231 [WARN] PackLoader:240 - Cannot read IP mode file for wolfSSL.I-CUBE-wolfSSL.5.7.2
2024-09-10 16:59:47,242 [WARN] PackLoader:240 - Cannot read IP mode file for STMicroelectronics.X-CUBE-EEPRMA1.5.1.0
2024-09-10 16:59:47,259 [WARN] PackLoader:240 - Cannot read IP mode file for ITTIA_DB.I-CUBE-ITTIADB.8.9.0
2024-09-10 16:59:47,292 [WARN] PackLoader:240 - Cannot read IP mode file for SEGGER.I-CUBE-embOS.1.3.1
2024-09-10 16:59:47,332 [WARN] PackLoader:240 - Cannot read IP mode file for STMicroelectronics.X-CUBE-ALGOBUILD.1.4.0
2024-09-10 16:59:47,345 [WARN] PackLoader:240 - Cannot read IP mode file for STMicroelectronics.X-CUBE-GNSS1.6.0.0
2024-09-10 16:59:47,370 [WARN] PackLoader:240 - Cannot read IP mode file for STMicroelectronics.X-CUBE-AZRTOS-F4.1.1.0
2024-09-10 16:59:47,390 [WARN] PackLoader:240 - Cannot read IP mode file for STMicroelectronics.X-CUBE-FREERTOS.1.2.0
2024-09-10 16:59:47,415 [WARN] PackLoader:240 - Cannot read IP mode file for STMicroelectronics.X-CUBE-AZRTOS-L5.2.0.0
2024-09-10 16:59:47,431 [WARN] PackLoader:240 - Cannot read IP mode file for STMicroelectronics.X-CUBE-NFC6.3.1.0
2024-09-10 16:59:47,446 [WARN] PackLoader:240 - Cannot read IP mode file for STMicroelectronics.X-CUBE-DPower.1.2.0
2024-09-10 16:59:47,457 [WARN] PackLoader:240 - Cannot read IP mode file for STMicroelectronics.X-CUBE-AI.9.0.0
2024-09-10 16:59:47,468 [WARN] PackLoader:240 - Cannot read IP mode file for STMicroelectronics.X-CUBE-NFC7.1.0.1
2024-09-10 16:59:47,473 [WARN] PackLoader:240 - Cannot read IP mode file for wolfSSL.I-CUBE-wolfTPM.3.2.0
2024-09-10 16:59:47,499 [WARN] ConditionMgr:438 - getConditionDescription Invalid condition id : LAN8742 Phy interface Condition cause : null
2024-09-10 16:59:47,500 [WARN] PackLoader:240 - Cannot read IP mode file for STMicroelectronics.X-CUBE-AZRTOS-L4.2.0.0
2024-09-10 16:59:47,501 [WARN] ConditionMgr:1039 - genDependencies : Invalid condition id : LAN8742 Phy interface Condition cause : null
2024-09-10 16:59:47,501 [WARN] ConditionMgr:1039 - genDependencies : Invalid condition id : LAN8742 Phy interface Condition cause : null
2024-09-10 16:59:47,501 [WARN] ConditionMgr:1039 - genDependencies : Invalid condition id : LAN8742 Phy interface Condition cause : null
2024-09-10 16:59:47,517 [WARN] PackLoader:240 - Cannot read IP mode file for STMicroelectronics.X-CUBE-SFXS2LP1.4.0.0
2024-09-10 16:59:47,545 [WARN] PackLoader:240 - Cannot read IP mode file for STMicroelectronics.X-CUBE-AZRTOS-H7.3.3.0
2024-09-10 16:59:47,570 [WARN] ConditionMgr:438 - getConditionDescription Invalid condition id : UX DEVICE CLASS RTOS Condition cause : null
2024-09-10 16:59:47,570 [WARN] ConditionMgr:438 - getConditionDescription Invalid condition id : UX DEVICE CLASS RTOS Condition cause : null
2024-09-10 16:59:47,572 [WARN] PackLoader:240 - Cannot read IP mode file for STMicroelectronics.X-CUBE-AZRTOS-WB.2.0.0
2024-09-10 16:59:47,572 [WARN] ConditionMgr:1039 - genDependencies : Invalid condition id : UX DEVICE CLASS RTOS Condition cause : null
2024-09-10 16:59:47,572 [WARN] ConditionMgr:1039 - genDependencies : Invalid condition id : UX DEVICE CLASS RTOS Condition cause : null
2024-09-10 16:59:47,573 [WARN] ConditionMgr:1039 - genDependencies : Invalid condition id : UX DEVICE CLASS RTOS Condition cause : null
2024-09-10 16:59:47,573 [WARN] ConditionMgr:1039 - genDependencies : Invalid condition id : UX DEVICE CLASS RTOS Condition cause : null
2024-09-10 16:59:47,573 [WARN] ConditionMgr:1039 - genDependencies : Invalid condition id : UX DEVICE CLASS RTOS Condition cause : null
2024-09-10 16:59:47,576 [WARN] PackLoader:240 - Cannot read IP mode file for STMicroelectronics.X-CUBE-GNSS1.7.0.0
2024-09-10 16:59:47,589 [WARN] PackLoader:240 - Cannot read IP mode file for STMicroelectronics.FP-SNS-STBOX1.2.0.0
2024-09-10 16:59:47,608 [WARN] PackLoader:240 - Cannot read IP mode file for STMicroelectronics.X-CUBE-SUBG2.5.0.0
2024-09-10 16:59:47,616 [WARN] PackLoader:240 - Cannot read IP mode file for Cesanta.I-CUBE-Mongoose.7.13.0
2024-09-10 16:59:47,638 [WARN] PackLoader:240 - Cannot read IP mode file for STMicroelectronics.X-CUBE-AZRTOS-G4.2.0.0
2024-09-10 16:59:47,650 [WARN] PackLoader:240 - Cannot read IP mode file for STMicroelectronics.X-CUBE-ISPU.2.0.0
2024-09-10 16:59:47,662 [WARN] PackLoader:240 - Cannot read IP mode file for STMicroelectronics.X-CUBE-ALS.1.0.2
2024-09-10 16:59:47,704 [WARN] PackLoader:240 - Cannot read IP mode file for STMicroelectronics.X-CUBE-MEMS1.10.0.0
2024-09-10 16:59:47,802 [WARN] PackLoader:240 - Cannot read IP mode file for STMicroelectronics.X-CUBE-TOUCHGFX.4.24.0
2024-09-10 16:59:47,816 [WARN] PackLoader:240 - Cannot read IP mode file for portGmbH.I-Cube-SoM-uGOAL.1.1.0
2024-09-10 16:59:47,846 [WARN] PackLoader:240 - Cannot read IP mode file for STMicroelectronics.X-CUBE-AZRTOS-H7RS.1.0.0
2024-09-10 16:59:47,851 [WARN] PackLoader:240 - Cannot read IP mode file for STMicroelectronics.FP-ATR-ASTRA1.2.0.0
2024-09-10 16:59:47,869 [WARN] PackLoader:240 - Cannot read IP mode file for STMicroelectronics.X-CUBE-TOF1.3.4.2
2024-09-10 16:59:47,901 [WARN] PackLoader:240 - Cannot read IP mode file for STMicroelectronics.X-CUBE-AZRTOS-H7.3.2.0
2024-09-10 16:59:47,923 [WARN] PackLoader:240 - Cannot read IP mode file for Infineon.AIROC-Wi-Fi-Bluetooth-STM32.1.6.0
2024-09-10 16:59:47,928 [WARN] PackLoader:240 - Cannot read IP mode file for wolfSSL.I-CUBE-wolfSSH.1.4.17
2024-09-10 16:59:47,929 [INFO] ThirdParty:978 - Integrity check success = true
2024-09-10 16:59:47,929 [INFO] IntegrityCheckThread:100 - exiting critical section [integrity check]
2024-09-10 16:59:47,929 [INFO] IntegrityCheckThread:103 - End integrity checks thread
2024-09-10 17:01:51,602 [INFO] McuFinderGlobals:63 - Set McuFinder mode to 2 (CubeIDE integrated)
2024-09-10 17:01:51,625 [INFO] MainUpdater:2873 - connection check result : 10
2024-09-10 17:01:51,647 [INFO] McuFinderGlobals:76 - Set McuFinderConnectedMode to true
2024-09-10 17:01:52,269 [INFO] ServerAccessManage:473 - Download File mcusAds.json._tmp_
2024-09-10 17:01:52,384 [INFO] LoadUrlFilesThread:156 - End of LoadUrlFiles Thread
2024-09-10 17:01:53,153 [INFO] ServerAccessManage:473 - Download File cube-finder-db.zip
2024-09-10 17:02:28,691 [INFO] FileExtend:240 - Unzip File : cube-finder-db.zip
2024-09-10 17:02:28,692 [INFO] FileExtend:255 - Standard Zip Deflate
2024-09-10 17:02:29,458 [INFO] LoadUrlFilesThread:156 - End of LoadUrlFiles Thread
2024-09-10 17:02:30,500 [INFO] ServerAccessManage:473 - Download File crdb.zip
2024-09-10 17:02:31,893 [INFO] FileExtend:240 - Unzip File : crdb.zip
2024-09-10 17:02:31,893 [INFO] FileExtend:255 - Standard Zip Deflate
2024-09-10 17:02:32,028 [INFO] LoadUrlFilesThread:156 - End of LoadUrlFiles Thread
2024-09-10 17:02:32,150 [INFO] ServerAccessManage:473 - Download File tutoVideoDB.zip
2024-09-10 17:02:32,273 [INFO] FileExtend:240 - Unzip File : tutoVideoDB.zip
2024-09-10 17:02:32,274 [INFO] FileExtend:255 - Standard Zip Deflate
2024-09-10 17:02:32,389 [INFO] LoadUrlFilesThread:156 - End of LoadUrlFiles Thread
2024-09-10 17:02:32,390 [WARN] DbFile:41 - Overriding database path with different value: C:\Users\admin\.stmcufinder\plugins\mcufinder/ => C:\Users\admin\.stmcufinder\plugins\mcufinder
2024-09-10 17:02:32,552 [INFO] ServerAccessManage:473 - Download File api_config.json
2024-09-10 17:02:32,662 [INFO] LoadUrlFilesThread:156 - End of LoadUrlFiles Thread
2024-09-10 17:02:32,662 [INFO] DbMcusAds:53 - JSON generation date=Thu May 16 17:22:00 CST 2024 (1715851320667)
2024-09-10 17:02:32,680 [INFO] LoadUrlFilesThread:185 - End of LoadServerUrlFiles without Thread
2024-09-10 17:02:32,681 [INFO] TargetSelectorAdapter:259 - Refresh data is successful
2024-09-10 17:02:32,793 [INFO] ApiDb:581 - Connected to CubeFinder SQLite database (C:\Users\admin\.stmcufinder\plugins\mcufinder\mcu\cube-finder-db.db)
2024-09-10 17:02:32,863 [INFO] ApiDb:668 - CubeFinder database Data Model version=2.1
2024-09-10 17:02:32,863 [INFO] ApiDb:669 - CubeFinder database Configuration version=3.0.39
2024-09-10 17:02:32,864 [INFO] ApiDb:670 - CubeFinder database generation date=2024-08-06 (1722941618)
2024-09-10 17:02:32,864 [INFO] ApiDb:671 - CubeFinder database FW Pack versions=[FP-ATR-ASTRA1_V2.0.0, FP-SNS-FLIGHT1_V5.0.2, FP-SNS-MOTENV1_V5.0.0, FP-SNS-MOTENVWB1_V1.4.0, FP-SNS-SMARTAG2_V1.2.0, FP-SNS-STBOX1_V2.0.0, STM32Cube_FW_C0_V1.2.0, STM32Cube_FW_F4_V1.28.0, STM32Cube_FW_F7_V1.17.2, STM32Cube_FW_G0_V1.6.2, STM32Cube_FW_G4_V1.6.0, STM32Cube_FW_H5_V1.3.0, STM32Cube_FW_H7RS_V1.1.0, STM32Cube_FW_H7_V1.11.2, STM32Cube_FW_L0_V1.12.2, STM32Cube_FW_L5_V1.5.1, STM32Cube_FW_U0_V1.1.0, STM32Cube_FW_U5_V1.6.0, STM32Cube_FW_WB0_V1.0.0, STM32Cube_FW_WBA_V1.4.1, STM32Cube_FW_WB_V1.20.0, STM32Cube_FW_WL_V1.3.0, X-CUBE-ALGOBUILD_V1.4.0, X-CUBE-ALS_V1.0.2, X-CUBE-AZRTOS-F4_V1.1.0, X-CUBE-AZRTOS-F7_V1.1.0, X-CUBE-AZRTOS-G0_V1.1.0, X-CUBE-AZRTOS-G4_V2.0.0, X-CUBE-AZRTOS-H7RS_V1.0.0, X-CUBE-AZRTOS-H7_V3.2.0, X-CUBE-AZRTOS-L4_V2.0.0, X-CUBE-AZRTOS-L5_V1.1.0, X-CUBE-AZRTOS-WB_V2.0.0, X-CUBE-AZRTOS-WL_V2.0.0, X-CUBE-BLE1_V7.0.0, X-CUBE-BLE2_V3.3.0, X-CUBE-BLEMGR_V3.1.0, X-CUBE-EEPRMA1_V5.1.0, X-CUBE-FREERTOS_V1.2.0, X-CUBE-GNSS1_V6.0.0, X-CUBE-MEMS1_V10.0.0, X-CUBE-NFC4_V3.0.0, X-CUBE-NFC7_V1.0.1, X-CUBE-SFXS2LP1_V4.0.0, X-CUBE-SUBG2_V5.0.0, X-CUBE-TOF1_V3.4.2]
2024-09-10 17:02:35,755 [INFO] ApiDb:240 - Found 646 in-development CPN: [B-G473E-ZEST1S, B-WB1M-WPAN1, B-WL5M-SUBG1, NUCLEO-C031C6, NUCLEO-C071RB, NUCLEO-H503RB, NUCLEO-H533RE, NUCLEO-H563ZI, NUCLEO-H7S3L8, NUCLEO-U031R8, NUCLEO-U083RC, NUCLEO-U545RE-Q, NUCLEO-U5A5ZJ-Q, NUCLEO-WB05KZ, NUCLEO-WB07CC, NUCLEO-WB09KE, NUCLEO-WBA52CG, NUCLEO-WBA55CG, STEVAL-PROTEUS1, STEVAL-SMARTAG2, STEVAL-STWINBX1, STM320518-EVAL, STM32C0116-DK, STM32C011D6Y3TR, STM32C011D6Y6TR, STM32C011F4P3, STM32C011F4P6, STM32C011F4U3, STM32C011F4U6TR, STM32C011F6P3, STM32C011F6P6, STM32C011F6U3, STM32C011F6U6TR, STM32C011J4M3, STM32C011J4M6, STM32C011J6M3, STM32C011J6M6, STM32C0316-DK, STM32C031C4T3, STM32C031C4T6, STM32C031C4U3, STM32C031C4U6, STM32C031C6T3, STM32C031C6T6, STM32C031C6U3, STM32C031C6U6, STM32C031F4P3, STM32C031F4P6, STM32C031F6P3, STM32C031F6P6, STM32C031G4U3, STM32C031G4U6, STM32C031G6U3, STM32C031G6U6, STM32C031K4T3, STM32C031K4T6, STM32C031K4U3, STM32C031K4U6, STM32C031K6T3, STM32C031K6T6, STM32C031K6U3, STM32C031K6U6, STM32C071C8T6, STM32C071C8T6N, STM32C071C8U6, STM32C071C8U6N, STM32C071CBT6, STM32C071CBT6N, STM32C071CBU6, STM32C071CBU6N, STM32C071F8P6, STM32C071F8P6N, STM32C071FBP6, STM32C071FBP6N, STM32C071FBY6TR, STM32C071G8U6, STM32C071G8U6N, STM32C071GBU6, STM32C071GBU6N, STM32C071K8T6, STM32C071K8T6N, STM32C071K8U6, STM32C071K8U6N, STM32C071KBT6, STM32C071KBT6N, STM32C071KBU6, STM32C071KBU6N, STM32C071R8T6, STM32C071R8T6N, STM32C071RBI6N, STM32C071RBT6, STM32C071RBT6N, STM32G071K8TXN, STM32G071K8UXN, STM32G081GBU6N, STM32G081KBT6N, STM32G081KBUXN, STM32G0B1CCT6N, STM32G0B1KCT6, STM32G0B1NEY6TR, STM32G0B1RCT6N, STM32G0C1CCT6, STM32G0C1CCT6N, STM32G0C1CCU6N, STM32G0C1CET6N, STM32G0C1CEU6N, STM32G0C1KCT6, STM32G0C1NEY6TR, STM32G0C1RCI6N, STM32G0C1RCT6N, STM32G0C1REI6N, STM32G0C1RET6N, STM32G0C1VCI6, STM32G0C1VEI6, STM32G411C6T3, STM32G411C6T6, STM32G411C6U3, STM32G411C6U6, STM32G411C8T3, STM32G411C8T6, STM32G411C8U3, STM32G411C8U6, STM32G411CBT3, STM32G411CBT6, STM32G411CBU3, STM32G411CBU6, STM32G411K6T3, STM32G411K6T6, STM32G411K6U3, STM32G411K6U6, STM32G411K8T3, STM32G411K8T6, STM32G411K8U3, STM32G411K8U6, STM32G411KBT3, STM32G411KBT6, STM32G411KBU3, STM32G411KBU6, STM32G411M6T3, STM32G411M6T6, STM32G411M8T3, STM32G411M8T6, STM32G411MBT3, STM32G411MBT6, STM32G411R6T3, STM32G411R6T6, STM32G411R8T3, STM32G411R8T6, STM32G411RBT3, STM32G411RBT6, STM32G414CBT3, STM32G414CBT6, STM32G414CBU3, STM32G414CBU6, STM32G414CCT3, STM32G414CCT6, STM32G414CCU3, STM32G414CCU6, STM32G414MBT3, STM32G414MBT6, STM32G414MCT3, STM32G414MCT6, STM32G414RBT3, STM32G414RBT6, STM32G414RCT3, STM32G414RCT6, STM32G414VBT3, STM32G414VBT6, STM32G414VCT3, STM32G414VCT6, STM32G431CBT3Z, STM32G431RBT3Z, STM32G471CCT6, STM32G471CCU6, STM32G471CET3, STM32G471CET6, STM32G471CEU3, STM32G471CEU6, STM32G471MCT6, STM32G471MET3, STM32G471MET6, STM32G471MEY6TR, STM32G471QCT6, STM32G471QET3, STM32G471RCT6, STM32G471RET3, STM32G471RET6, STM32G471VCH6, STM32G471VCI6, STM32G471VCT6, STM32G471VEH3, STM32G471VEH6, STM32G471VEI3, STM32G471VEI6, STM32G471VET3, STM32G471VET6, STM32G473QET3Z, STM32G473RET3Z, STM32G474CCT6, STM32G491RET3Z, STM32H503CBT6, STM32H503CBU6, STM32H503EBY6TR, STM32H503KBU6, STM32H503RBT6, STM32H523CCT6, STM32H523CCU6, STM32H523CET6, STM32H523CEU6, STM32H523HEY6TR, STM32H523RCT6, STM32H523RET6, STM32H523VCI6, STM32H523VCT6, STM32H523VEI6, STM32H523VET6, STM32H523ZCJ6, STM32H523ZCT6, STM32H523ZEJ6, STM32H523ZET6, STM32H533CET6, STM32H533CEU6, STM32H533HEY6TR, STM32H533RET6, STM32H533VEI6, STM32H533VET6, STM32H533ZEJ6, STM32H533ZET6, STM32H562AGI6, STM32H562AII6, STM32H562IGK6, STM32H562IGT6, STM32H562IIK6, STM32H562IIT6, STM32H562RGT6, STM32H562RGV6, STM32H562RIT6, STM32H562RIV6, STM32H562VGT6, STM32H562VIT6, STM32H562ZGT6, STM32H562ZIT6, STM32H563AGI6, STM32H563AII3Q, STM32H563AII6, STM32H563IGK6, STM32H563IGT6, STM32H563IIK3Q, STM32H563IIK6, STM32H563IIT3Q, STM32H563IIT6, STM32H563MIY3QTR, STM32H563RGT6, STM32H563RGV6, STM32H563RIT6, STM32H563RIV6, STM32H563VGT6, STM32H563VIT3Q, STM32H563VIT6, STM32H563ZGT6, STM32H563ZIT3Q, STM32H563ZIT6, STM32H573AII3Q, STM32H573AII6, STM32H573I-DK, STM32H573IIK3Q, STM32H573IIK6, STM32H573IIT3Q, STM32H573IIT6, STM32H573MIY3QTR, STM32H573RIT6, STM32H573RIV6, STM32H573VIT3Q, STM32H573VIT6, STM32H573ZIT3Q, STM32H573ZIT6, STM32H7R3A8I6, STM32H7R3I8K6, STM32H7R3I8T6, STM32H7R3L8H6, STM32H7R3L8H6H, STM32H7R3R8V6, STM32H7R3V8H6, STM32H7R3V8T6, STM32H7R3V8Y6TR, STM32H7R3Z8J6, STM32H7R3Z8T6, STM32H7R7A8I6, STM32H7R7I8K6, STM32H7R7I8T6, STM32H7R7L8H6, STM32H7R7L8H6H, STM32H7R7Z8J6, STM32H7S3A8I6, STM32H7S3I8K6, STM32H7S3I8T6, STM32H7S3L8H6, STM32H7S3L8H6H, STM32H7S3R8V6, STM32H7S3V8H6, STM32H7S3V8T6, STM32H7S3V8Y6TR, STM32H7S3Z8J6, STM32H7S3Z8T6, STM32H7S78-DK, STM32H7S7A8I6, STM32H7S7I8K6, STM32H7S7I8T6, STM32H7S7L8H6, STM32H7S7L8H6H, STM32H7S7Z8J6, STM32L4R5QGI6STR, STM32MP131AAE3, STM32MP131AAF3, STM32MP131AAG3, STM32MP131CAE3, STM32MP131CAF3, STM32MP131CAG3, STM32MP131DAE7, STM32MP131DAF7, STM32MP131DAG7, STM32MP131FAE7, STM32MP131FAF7, STM32MP131FAG7, STM32MP133AAE3, STM32MP133AAF3, STM32MP133AAG3, STM32MP133CAE3, STM32MP133CAF3, STM32MP133CAG3, STM32MP133DAE7, STM32MP133DAF7, STM32MP133DAG7, STM32MP133FAE7, STM32MP133FAF7, STM32MP133FAG7, STM32MP135AAE3, STM32MP135AAF3, STM32MP135AAG3, STM32MP135CAE3, STM32MP135CAF3, STM32MP135CAG3, STM32MP135DAE7, STM32MP135DAF7, STM32MP135DAG7, STM32MP135F-DK, STM32MP135FAE7, STM32MP135FAF7, STM32MP135FAF7T, STM32MP135FAF7U, STM32MP135FAG7, STM32MP251AAI3, STM32MP251AAK3, STM32MP251AAL3, STM32MP251CAI3, STM32MP251CAK3, STM32MP251CAL3, STM32MP251DAI3, STM32MP251DAK3, STM32MP251DAL3, STM32MP251FAI3, STM32MP251FAK3, STM32MP251FAL3, STM32MP253AAI3, STM32MP253AAK3, STM32MP253AAL3, STM32MP253CAI3, STM32MP253CAK3, STM32MP253CAL3, STM32MP253DAI3, STM32MP253DAK3, STM32MP253DAL3, STM32MP253FAI3, STM32MP253FAK3, STM32MP253FAL3, STM32MP255AAI3, STM32MP255AAK3, STM32MP255AAL3, STM32MP255CAI3, STM32MP255CAK3, STM32MP255CAL3, STM32MP255DAI3, STM32MP255DAK3, STM32MP255DAL3, STM32MP255FAI3, STM32MP255FAK3, STM32MP255FAL3, STM32MP257AAI3, STM32MP257AAK3, STM32MP257AAL3, STM32MP257CAI3, STM32MP257CAK3, STM32MP257CAL3, STM32MP257DAI3, STM32MP257DAK3, STM32MP257DAL3, STM32MP257F-DK, STM32MP257F-EV1, STM32MP257FAI3, STM32MP257FAK3, STM32MP257FAL3, STM32U031C6T6, STM32U031C6U6, STM32U031C8T6, STM32U031C8U6, STM32U031F4P6, STM32U031F6P6, STM32U031F8P6, STM32U031G6Y6TR, STM32U031G8Y6TR, STM32U031K4U6, STM32U031K6U6, STM32U031K8U6, STM32U031R6I6, STM32U031R6T6, STM32U031R8I6, STM32U031R8T6, STM32U073C8T6, STM32U073C8U6, STM32U073CBT6, STM32U073CBU6, STM32U073CCT6, STM32U073CCU6, STM32U073H8Y6TR, STM32U073HBY6TR, STM32U073HCY6TR, STM32U073K8U6, STM32U073KBU6, STM32U073KCU6, STM32U073M8I6, STM32U073M8T6, STM32U073MBI6, STM32U073MBT6, STM32U073MCI6, STM32U073MCT6, STM32U073R8I6, STM32U073R8T6, STM32U073RBI6, STM32U073RBT6, STM32U073RCI6, STM32U073RCT6, STM32U083C-DK, STM32U083CCT6, STM32U083CCU6, STM32U083HCY6TR, STM32U083KCU6, STM32U083MCI6, STM32U083MCT6, STM32U083RCI6, STM32U083RCT6, STM32U535CBT6, STM32U535CBT6Q, STM32U535CBU6, STM32U535CBU6Q, STM32U535CCT6, STM32U535CCT6Q, STM32U535CCU6, STM32U535CCU6Q, STM32U535CET6, STM32U535CET6Q, STM32U535CEU6, STM32U535CEU6Q, STM32U535JEY6QTR, STM32U535NCY6QTR, STM32U535NEY6QTR, STM32U535RBI6, STM32U535RBI6Q, STM32U535RBT6, STM32U535RBT6Q, STM32U535RCI6, STM32U535RCI6Q, STM32U535RCT6, STM32U535RCT6Q, STM32U535REI6, STM32U535REI6Q, STM32U535RET6, STM32U535RET6Q, STM32U535VCI6, STM32U535VCI6Q, STM32U535VCT6, STM32U535VCT6Q, STM32U535VEI6, STM32U535VEI6Q, STM32U535VET6, STM32U535VET6Q, STM32U545CET6, STM32U545CET6Q, STM32U545CEU6, STM32U545CEU6Q, STM32U545JEY6QTR, STM32U545NEY6QTR, STM32U545REI6, STM32U545REI6Q, STM32U545RET6, STM32U545RET6Q, STM32U545VEI6, STM32U545VEI6Q, STM32U545VET6, STM32U545VET6Q, STM32U595AIH6, STM32U595AIH6Q, STM32U595AJH6, STM32U595AJH6Q, STM32U595QII6, STM32U595QII6Q, STM32U595QJI6, STM32U595QJI6Q, STM32U595RIT6, STM32U595RIT6Q, STM32U595RJT6, STM32U595RJT6Q, STM32U595VIT6, STM32U595VIT6Q, STM32U595VJT6, STM32U595VJT6Q, STM32U595ZIT6, STM32U595ZIT6Q, STM32U595ZIY6QTR, STM32U595ZJT6, STM32U595ZJT6Q, STM32U595ZJY6QTR, STM32U599BJY6QTR, STM32U599NIH6Q, STM32U599NJH6Q, STM32U599VIT6Q, STM32U599VJT6, STM32U599VJT6Q, STM32U599ZIT6Q, STM32U599ZIY6QTR, STM32U599ZJT6Q, STM32U599ZJY6QTR, STM32U5A5AJH6, STM32U5A5AJH6Q, STM32U5A5QII3Q , STM32U5A5QJI6, STM32U5A5QJI6Q, STM32U5A5RJT6, STM32U5A5RJT6Q, STM32U5A5VJT6, STM32U5A5VJT6Q, STM32U5A5ZJT6, STM32U5A5ZJT6Q, STM32U5A5ZJY6QTR, STM32U5A9BJY6QTR, STM32U5A9J-DK, STM32U5A9NJH6Q, STM32U5A9VJT6Q, STM32U5A9ZJT6Q, STM32U5A9ZJY6QTR, STM32U5F7VIT6, STM32U5F7VIT6Q, STM32U5F7VJT6, STM32U5F7VJT6Q, STM32U5F9BJY6QTR, STM32U5F9NJH6Q, STM32U5F9VIT6Q, STM32U5F9VJT6Q, STM32U5F9ZIJ6QTR, STM32U5F9ZIT6Q, STM32U5F9ZJJ6QTR, STM32U5F9ZJT6Q, STM32U5G7VJT6, STM32U5G7VJT6Q, STM32U5G9BJY6QTR, STM32U5G9J-DK1, STM32U5G9J-DK2, STM32U5G9NJH6Q, STM32U5G9VJT6Q, STM32U5G9ZJJ6QTR, STM32U5G9ZJT6Q, STM32WB05KZV6TR, STM32WB05KZV7TR, STM32WB05TZF6TR, STM32WB05TZF7TR, STM32WB06CCF6TR, STM32WB06CCF7TR, STM32WB06CCV6TR, STM32WB06CCV7TR, STM32WB06KCV6TR, STM32WB06KCV7TR, STM32WB07CCF6TR, STM32WB07CCF7TR, STM32WB07CCV6TR, STM32WB07CCV7TR, STM32WB07KCV6TR, STM32WB07KCV7TR, STM32WB09KEV6TR, STM32WB09KEV7TR, STM32WB09TEF6TR, STM32WB09TEF7TR, STM32WB1MMCH6, STM32WBA50KGU6, STM32WBA50KGU6TR, STM32WBA52CEU6, STM32WBA52CEU6TR, STM32WBA52CEU7, STM32WBA52CEU7TR, STM32WBA52CGU6, STM32WBA52CGU6TR, STM32WBA52CGU6U, STM32WBA52CGU7, STM32WBA52CGU7TR, STM32WBA52KEU6, STM32WBA52KEU6TR, STM32WBA52KGU6, STM32WBA52KGU6TR, STM32WBA54CEU6, STM32WBA54CEU6TR, STM32WBA54CEU7, STM32WBA54CEU7TR, STM32WBA54CGU6, STM32WBA54CGU6TR, STM32WBA54CGU7, STM32WBA54CGU7TR, STM32WBA54KEU6, STM32WBA54KEU6TR, STM32WBA54KEU7, STM32WBA54KEU7TR, STM32WBA54KGU6, STM32WBA54KGU6TR, STM32WBA54KGU7, STM32WBA54KGU7TR, STM32WBA55CEU6, STM32WBA55CEU6TR, STM32WBA55CEU7, STM32WBA55CEU7TR, STM32WBA55CGU6, STM32WBA55CGU6TR, STM32WBA55CGU6U, STM32WBA55CGU7, STM32WBA55CGU7TR, STM32WBA55G-DK1, STM32WBA55HEF6, STM32WBA55HEF7, STM32WBA55HGF6, STM32WBA55HGF7, STM32WBA55UEI6, STM32WBA55UEI6TR, STM32WBA55UEI7, STM32WBA55UEI7TR, STM32WBA55UGI6, STM32WBA55UGI6TR, STM32WBA55UGI7, STM32WBA55UGI7TR, STM32WL5MOCH6, STM32WL5MOCH6TR]
2024-09-10 17:02:35,761 [INFO] DbMcus:218 - Found 4251 MCUs, 4251 are supported
2024-09-10 17:02:35,767 [INFO] ApiDb:423 - Load user favorites file C:\Users\admin/.stm32cubeide/favorites.mcus.txt: 1 item(s)
2024-09-10 17:02:35,767 [INFO] ApiDb:427 - User favorites MCUs=[STM32F103C8T6]
2024-09-10 17:02:35,767 [INFO] DbMcus:224 - Set 1 / 1 favorites MCUs
2024-09-10 17:02:36,092 [INFO] ApiDb:668 - CubeFinder database Data Model version=2.1
2024-09-10 17:02:36,092 [INFO] ApiDb:669 - CubeFinder database Configuration version=3.0.39
2024-09-10 17:02:36,092 [INFO] ApiDb:670 - CubeFinder database generation date=2024-08-06 (1722941618)
2024-09-10 17:02:36,092 [INFO] ApiDb:671 - CubeFinder database FW Pack versions=[FP-ATR-ASTRA1_V2.0.0, FP-SNS-FLIGHT1_V5.0.2, FP-SNS-MOTENV1_V5.0.0, FP-SNS-MOTENVWB1_V1.4.0, FP-SNS-SMARTAG2_V1.2.0, FP-SNS-STBOX1_V2.0.0, STM32Cube_FW_C0_V1.2.0, STM32Cube_FW_F4_V1.28.0, STM32Cube_FW_F7_V1.17.2, STM32Cube_FW_G0_V1.6.2, STM32Cube_FW_G4_V1.6.0, STM32Cube_FW_H5_V1.3.0, STM32Cube_FW_H7RS_V1.1.0, STM32Cube_FW_H7_V1.11.2, STM32Cube_FW_L0_V1.12.2, STM32Cube_FW_L5_V1.5.1, STM32Cube_FW_U0_V1.1.0, STM32Cube_FW_U5_V1.6.0, STM32Cube_FW_WB0_V1.0.0, STM32Cube_FW_WBA_V1.4.1, STM32Cube_FW_WB_V1.20.0, STM32Cube_FW_WL_V1.3.0, X-CUBE-ALGOBUILD_V1.4.0, X-CUBE-ALS_V1.0.2, X-CUBE-AZRTOS-F4_V1.1.0, X-CUBE-AZRTOS-F7_V1.1.0, X-CUBE-AZRTOS-G0_V1.1.0, X-CUBE-AZRTOS-G4_V2.0.0, X-CUBE-AZRTOS-H7RS_V1.0.0, X-CUBE-AZRTOS-H7_V3.2.0, X-CUBE-AZRTOS-L4_V2.0.0, X-CUBE-AZRTOS-L5_V1.1.0, X-CUBE-AZRTOS-WB_V2.0.0, X-CUBE-AZRTOS-WL_V2.0.0, X-CUBE-BLE1_V7.0.0, X-CUBE-BLE2_V3.3.0, X-CUBE-BLEMGR_V3.1.0, X-CUBE-EEPRMA1_V5.1.0, X-CUBE-FREERTOS_V1.2.0, X-CUBE-GNSS1_V6.0.0, X-CUBE-MEMS1_V10.0.0, X-CUBE-NFC4_V3.0.0, X-CUBE-NFC7_V1.0.1, X-CUBE-SFXS2LP1_V4.0.0, X-CUBE-SUBG2_V5.0.0, X-CUBE-TOF1_V3.4.2]
2024-09-10 17:02:36,144 [INFO] DbBoardsSqlite:226 - include board P-NUCLEO-WB55-NUCLEO as a kit item of type 'Nucleo-64'
2024-09-10 17:02:36,144 [INFO] DbBoardsSqlite:226 - include board P-NUCLEO-WB55-USBDONGLE as a kit item of type 'Nucleo USB Dongle'
2024-09-10 17:02:36,144 [INFO] DbBoardsSqlite:226 - include board STEVAL-IDP005V1 as a kit item of type 'Evaluation Board'
2024-09-10 17:02:36,144 [INFO] DbBoardsSqlite:226 - include board STEVAL-IDP005V2 as a kit item of type 'Evaluation Board'
2024-09-10 17:02:36,195 [INFO] ApiDb:240 - Found 646 in-development CPN: [B-G473E-ZEST1S, B-WB1M-WPAN1, B-WL5M-SUBG1, NUCLEO-C031C6, NUCLEO-C071RB, NUCLEO-H503RB, NUCLEO-H533RE, NUCLEO-H563ZI, NUCLEO-H7S3L8, NUCLEO-U031R8, NUCLEO-U083RC, NUCLEO-U545RE-Q, NUCLEO-U5A5ZJ-Q, NUCLEO-WB05KZ, NUCLEO-WB07CC, NUCLEO-WB09KE, NUCLEO-WBA52CG, NUCLEO-WBA55CG, STEVAL-PROTEUS1, STEVAL-SMARTAG2, STEVAL-STWINBX1, STM320518-EVAL, STM32C0116-DK, STM32C011D6Y3TR, STM32C011D6Y6TR, STM32C011F4P3, STM32C011F4P6, STM32C011F4U3, STM32C011F4U6TR, STM32C011F6P3, STM32C011F6P6, STM32C011F6U3, STM32C011F6U6TR, STM32C011J4M3, STM32C011J4M6, STM32C011J6M3, STM32C011J6M6, STM32C0316-DK, STM32C031C4T3, STM32C031C4T6, STM32C031C4U3, STM32C031C4U6, STM32C031C6T3, STM32C031C6T6, STM32C031C6U3, STM32C031C6U6, STM32C031F4P3, STM32C031F4P6, STM32C031F6P3, STM32C031F6P6, STM32C031G4U3, STM32C031G4U6, STM32C031G6U3, STM32C031G6U6, STM32C031K4T3, STM32C031K4T6, STM32C031K4U3, STM32C031K4U6, STM32C031K6T3, STM32C031K6T6, STM32C031K6U3, STM32C031K6U6, STM32C071C8T6, STM32C071C8T6N, STM32C071C8U6, STM32C071C8U6N, STM32C071CBT6, STM32C071CBT6N, STM32C071CBU6, STM32C071CBU6N, STM32C071F8P6, STM32C071F8P6N, STM32C071FBP6, STM32C071FBP6N, STM32C071FBY6TR, STM32C071G8U6, STM32C071G8U6N, STM32C071GBU6, STM32C071GBU6N, STM32C071K8T6, STM32C071K8T6N, STM32C071K8U6, STM32C071K8U6N, STM32C071KBT6, STM32C071KBT6N, STM32C071KBU6, STM32C071KBU6N, STM32C071R8T6, STM32C071R8T6N, STM32C071RBI6N, STM32C071RBT6, STM32C071RBT6N, STM32G071K8TXN, STM32G071K8UXN, STM32G081GBU6N, STM32G081KBT6N, STM32G081KBUXN, STM32G0B1CCT6N, STM32G0B1KCT6, STM32G0B1NEY6TR, STM32G0B1RCT6N, STM32G0C1CCT6, STM32G0C1CCT6N, STM32G0C1CCU6N, STM32G0C1CET6N, STM32G0C1CEU6N, STM32G0C1KCT6, STM32G0C1NEY6TR, STM32G0C1RCI6N, STM32G0C1RCT6N, STM32G0C1REI6N, STM32G0C1RET6N, STM32G0C1VCI6, STM32G0C1VEI6, STM32G411C6T3, STM32G411C6T6, STM32G411C6U3, STM32G411C6U6, STM32G411C8T3, STM32G411C8T6, STM32G411C8U3, STM32G411C8U6, STM32G411CBT3, STM32G411CBT6, STM32G411CBU3, STM32G411CBU6, STM32G411K6T3, STM32G411K6T6, STM32G411K6U3, STM32G411K6U6, STM32G411K8T3, STM32G411K8T6, STM32G411K8U3, STM32G411K8U6, STM32G411KBT3, STM32G411KBT6, STM32G411KBU3, STM32G411KBU6, STM32G411M6T3, STM32G411M6T6, STM32G411M8T3, STM32G411M8T6, STM32G411MBT3, STM32G411MBT6, STM32G411R6T3, STM32G411R6T6, STM32G411R8T3, STM32G411R8T6, STM32G411RBT3, STM32G411RBT6, STM32G414CBT3, STM32G414CBT6, STM32G414CBU3, STM32G414CBU6, STM32G414CCT3, STM32G414CCT6, STM32G414CCU3, STM32G414CCU6, STM32G414MBT3, STM32G414MBT6, STM32G414MCT3, STM32G414MCT6, STM32G414RBT3, STM32G414RBT6, STM32G414RCT3, STM32G414RCT6, STM32G414VBT3, STM32G414VBT6, STM32G414VCT3, STM32G414VCT6, STM32G431CBT3Z, STM32G431RBT3Z, STM32G471CCT6, STM32G471CCU6, STM32G471CET3, STM32G471CET6, STM32G471CEU3, STM32G471CEU6, STM32G471MCT6, STM32G471MET3, STM32G471MET6, STM32G471MEY6TR, STM32G471QCT6, STM32G471QET3, STM32G471RCT6, STM32G471RET3, STM32G471RET6, STM32G471VCH6, STM32G471VCI6, STM32G471VCT6, STM32G471VEH3, STM32G471VEH6, STM32G471VEI3, STM32G471VEI6, STM32G471VET3, STM32G471VET6, STM32G473QET3Z, STM32G473RET3Z, STM32G474CCT6, STM32G491RET3Z, STM32H503CBT6, STM32H503CBU6, STM32H503EBY6TR, STM32H503KBU6, STM32H503RBT6, STM32H523CCT6, STM32H523CCU6, STM32H523CET6, STM32H523CEU6, STM32H523HEY6TR, STM32H523RCT6, STM32H523RET6, STM32H523VCI6, STM32H523VCT6, STM32H523VEI6, STM32H523VET6, STM32H523ZCJ6, STM32H523ZCT6, STM32H523ZEJ6, STM32H523ZET6, STM32H533CET6, STM32H533CEU6, STM32H533HEY6TR, STM32H533RET6, STM32H533VEI6, STM32H533VET6, STM32H533ZEJ6, STM32H533ZET6, STM32H562AGI6, STM32H562AII6, STM32H562IGK6, STM32H562IGT6, STM32H562IIK6, STM32H562IIT6, STM32H562RGT6, STM32H562RGV6, STM32H562RIT6, STM32H562RIV6, STM32H562VGT6, STM32H562VIT6, STM32H562ZGT6, STM32H562ZIT6, STM32H563AGI6, STM32H563AII3Q, STM32H563AII6, STM32H563IGK6, STM32H563IGT6, STM32H563IIK3Q, STM32H563IIK6, STM32H563IIT3Q, STM32H563IIT6, STM32H563MIY3QTR, STM32H563RGT6, STM32H563RGV6, STM32H563RIT6, STM32H563RIV6, STM32H563VGT6, STM32H563VIT3Q, STM32H563VIT6, STM32H563ZGT6, STM32H563ZIT3Q, STM32H563ZIT6, STM32H573AII3Q, STM32H573AII6, STM32H573I-DK, STM32H573IIK3Q, STM32H573IIK6, STM32H573IIT3Q, STM32H573IIT6, STM32H573MIY3QTR, STM32H573RIT6, STM32H573RIV6, STM32H573VIT3Q, STM32H573VIT6, STM32H573ZIT3Q, STM32H573ZIT6, STM32H7R3A8I6, STM32H7R3I8K6, STM32H7R3I8T6, STM32H7R3L8H6, STM32H7R3L8H6H, STM32H7R3R8V6, STM32H7R3V8H6, STM32H7R3V8T6, STM32H7R3V8Y6TR, STM32H7R3Z8J6, STM32H7R3Z8T6, STM32H7R7A8I6, STM32H7R7I8K6, STM32H7R7I8T6, STM32H7R7L8H6, STM32H7R7L8H6H, STM32H7R7Z8J6, STM32H7S3A8I6, STM32H7S3I8K6, STM32H7S3I8T6, STM32H7S3L8H6, STM32H7S3L8H6H, STM32H7S3R8V6, STM32H7S3V8H6, STM32H7S3V8T6, STM32H7S3V8Y6TR, STM32H7S3Z8J6, STM32H7S3Z8T6, STM32H7S78-DK, STM32H7S7A8I6, STM32H7S7I8K6, STM32H7S7I8T6, STM32H7S7L8H6, STM32H7S7L8H6H, STM32H7S7Z8J6, STM32L4R5QGI6STR, STM32MP131AAE3, STM32MP131AAF3, STM32MP131AAG3, STM32MP131CAE3, STM32MP131CAF3, STM32MP131CAG3, STM32MP131DAE7, STM32MP131DAF7, STM32MP131DAG7, STM32MP131FAE7, STM32MP131FAF7, STM32MP131FAG7, STM32MP133AAE3, STM32MP133AAF3, STM32MP133AAG3, STM32MP133CAE3, STM32MP133CAF3, STM32MP133CAG3, STM32MP133DAE7, STM32MP133DAF7, STM32MP133DAG7, STM32MP133FAE7, STM32MP133FAF7, STM32MP133FAG7, STM32MP135AAE3, STM32MP135AAF3, STM32MP135AAG3, STM32MP135CAE3, STM32MP135CAF3, STM32MP135CAG3, STM32MP135DAE7, STM32MP135DAF7, STM32MP135DAG7, STM32MP135F-DK, STM32MP135FAE7, STM32MP135FAF7, STM32MP135FAF7T, STM32MP135FAF7U, STM32MP135FAG7, STM32MP251AAI3, STM32MP251AAK3, STM32MP251AAL3, STM32MP251CAI3, STM32MP251CAK3, STM32MP251CAL3, STM32MP251DAI3, STM32MP251DAK3, STM32MP251DAL3, STM32MP251FAI3, STM32MP251FAK3, STM32MP251FAL3, STM32MP253AAI3, STM32MP253AAK3, STM32MP253AAL3, STM32MP253CAI3, STM32MP253CAK3, STM32MP253CAL3, STM32MP253DAI3, STM32MP253DAK3, STM32MP253DAL3, STM32MP253FAI3, STM32MP253FAK3, STM32MP253FAL3, STM32MP255AAI3, STM32MP255AAK3, STM32MP255AAL3, STM32MP255CAI3, STM32MP255CAK3, STM32MP255CAL3, STM32MP255DAI3, STM32MP255DAK3, STM32MP255DAL3, STM32MP255FAI3, STM32MP255FAK3, STM32MP255FAL3, STM32MP257AAI3, STM32MP257AAK3, STM32MP257AAL3, STM32MP257CAI3, STM32MP257CAK3, STM32MP257CAL3, STM32MP257DAI3, STM32MP257DAK3, STM32MP257DAL3, STM32MP257F-DK, STM32MP257F-EV1, STM32MP257FAI3, STM32MP257FAK3, STM32MP257FAL3, STM32U031C6T6, STM32U031C6U6, STM32U031C8T6, STM32U031C8U6, STM32U031F4P6, STM32U031F6P6, STM32U031F8P6, STM32U031G6Y6TR, STM32U031G8Y6TR, STM32U031K4U6, STM32U031K6U6, STM32U031K8U6, STM32U031R6I6, STM32U031R6T6, STM32U031R8I6, STM32U031R8T6, STM32U073C8T6, STM32U073C8U6, STM32U073CBT6, STM32U073CBU6, STM32U073CCT6, STM32U073CCU6, STM32U073H8Y6TR, STM32U073HBY6TR, STM32U073HCY6TR, STM32U073K8U6, STM32U073KBU6, STM32U073KCU6, STM32U073M8I6, STM32U073M8T6, STM32U073MBI6, STM32U073MBT6, STM32U073MCI6, STM32U073MCT6, STM32U073R8I6, STM32U073R8T6, STM32U073RBI6, STM32U073RBT6, STM32U073RCI6, STM32U073RCT6, STM32U083C-DK, STM32U083CCT6, STM32U083CCU6, STM32U083HCY6TR, STM32U083KCU6, STM32U083MCI6, STM32U083MCT6, STM32U083RCI6, STM32U083RCT6, STM32U535CBT6, STM32U535CBT6Q, STM32U535CBU6, STM32U535CBU6Q, STM32U535CCT6, STM32U535CCT6Q, STM32U535CCU6, STM32U535CCU6Q, STM32U535CET6, STM32U535CET6Q, STM32U535CEU6, STM32U535CEU6Q, STM32U535JEY6QTR, STM32U535NCY6QTR, STM32U535NEY6QTR, STM32U535RBI6, STM32U535RBI6Q, STM32U535RBT6, STM32U535RBT6Q, STM32U535RCI6, STM32U535RCI6Q, STM32U535RCT6, STM32U535RCT6Q, STM32U535REI6, STM32U535REI6Q, STM32U535RET6, STM32U535RET6Q, STM32U535VCI6, STM32U535VCI6Q, STM32U535VCT6, STM32U535VCT6Q, STM32U535VEI6, STM32U535VEI6Q, STM32U535VET6, STM32U535VET6Q, STM32U545CET6, STM32U545CET6Q, STM32U545CEU6, STM32U545CEU6Q, STM32U545JEY6QTR, STM32U545NEY6QTR, STM32U545REI6, STM32U545REI6Q, STM32U545RET6, STM32U545RET6Q, STM32U545VEI6, STM32U545VEI6Q, STM32U545VET6, STM32U545VET6Q, STM32U595AIH6, STM32U595AIH6Q, STM32U595AJH6, STM32U595AJH6Q, STM32U595QII6, STM32U595QII6Q, STM32U595QJI6, STM32U595QJI6Q, STM32U595RIT6, STM32U595RIT6Q, STM32U595RJT6, STM32U595RJT6Q, STM32U595VIT6, STM32U595VIT6Q, STM32U595VJT6, STM32U595VJT6Q, STM32U595ZIT6, STM32U595ZIT6Q, STM32U595ZIY6QTR, STM32U595ZJT6, STM32U595ZJT6Q, STM32U595ZJY6QTR, STM32U599BJY6QTR, STM32U599NIH6Q, STM32U599NJH6Q, STM32U599VIT6Q, STM32U599VJT6, STM32U599VJT6Q, STM32U599ZIT6Q, STM32U599ZIY6QTR, STM32U599ZJT6Q, STM32U599ZJY6QTR, STM32U5A5AJH6, STM32U5A5AJH6Q, STM32U5A5QII3Q , STM32U5A5QJI6, STM32U5A5QJI6Q, STM32U5A5RJT6, STM32U5A5RJT6Q, STM32U5A5VJT6, STM32U5A5VJT6Q, STM32U5A5ZJT6, STM32U5A5ZJT6Q, STM32U5A5ZJY6QTR, STM32U5A9BJY6QTR, STM32U5A9J-DK, STM32U5A9NJH6Q, STM32U5A9VJT6Q, STM32U5A9ZJT6Q, STM32U5A9ZJY6QTR, STM32U5F7VIT6, STM32U5F7VIT6Q, STM32U5F7VJT6, STM32U5F7VJT6Q, STM32U5F9BJY6QTR, STM32U5F9NJH6Q, STM32U5F9VIT6Q, STM32U5F9VJT6Q, STM32U5F9ZIJ6QTR, STM32U5F9ZIT6Q, STM32U5F9ZJJ6QTR, STM32U5F9ZJT6Q, STM32U5G7VJT6, STM32U5G7VJT6Q, STM32U5G9BJY6QTR, STM32U5G9J-DK1, STM32U5G9J-DK2, STM32U5G9NJH6Q, STM32U5G9VJT6Q, STM32U5G9ZJJ6QTR, STM32U5G9ZJT6Q, STM32WB05KZV6TR, STM32WB05KZV7TR, STM32WB05TZF6TR, STM32WB05TZF7TR, STM32WB06CCF6TR, STM32WB06CCF7TR, STM32WB06CCV6TR, STM32WB06CCV7TR, STM32WB06KCV6TR, STM32WB06KCV7TR, STM32WB07CCF6TR, STM32WB07CCF7TR, STM32WB07CCV6TR, STM32WB07CCV7TR, STM32WB07KCV6TR, STM32WB07KCV7TR, STM32WB09KEV6TR, STM32WB09KEV7TR, STM32WB09TEF6TR, STM32WB09TEF7TR, STM32WB1MMCH6, STM32WBA50KGU6, STM32WBA50KGU6TR, STM32WBA52CEU6, STM32WBA52CEU6TR, STM32WBA52CEU7, STM32WBA52CEU7TR, STM32WBA52CGU6, STM32WBA52CGU6TR, STM32WBA52CGU6U, STM32WBA52CGU7, STM32WBA52CGU7TR, STM32WBA52KEU6, STM32WBA52KEU6TR, STM32WBA52KGU6, STM32WBA52KGU6TR, STM32WBA54CEU6, STM32WBA54CEU6TR, STM32WBA54CEU7, STM32WBA54CEU7TR, STM32WBA54CGU6, STM32WBA54CGU6TR, STM32WBA54CGU7, STM32WBA54CGU7TR, STM32WBA54KEU6, STM32WBA54KEU6TR, STM32WBA54KEU7, STM32WBA54KEU7TR, STM32WBA54KGU6, STM32WBA54KGU6TR, STM32WBA54KGU7, STM32WBA54KGU7TR, STM32WBA55CEU6, STM32WBA55CEU6TR, STM32WBA55CEU7, STM32WBA55CEU7TR, STM32WBA55CGU6, STM32WBA55CGU6TR, STM32WBA55CGU6U, STM32WBA55CGU7, STM32WBA55CGU7TR, STM32WBA55G-DK1, STM32WBA55HEF6, STM32WBA55HEF7, STM32WBA55HGF6, STM32WBA55HGF7, STM32WBA55UEI6, STM32WBA55UEI6TR, STM32WBA55UEI7, STM32WBA55UEI7TR, STM32WBA55UGI6, STM32WBA55UGI6TR, STM32WBA55UGI7, STM32WBA55UGI7TR, STM32WL5MOCH6, STM32WL5MOCH6TR]
2024-09-10 17:02:36,375 [INFO] BoardInfo:889 - No configuration file found for board P-NUCLEO-WB55
2024-09-10 17:02:36,376 [INFO] DbBoards:161 - Kit is not supported: P-NUCLEO-WB55
2024-09-10 17:02:36,382 [INFO] BoardInfo:889 - No configuration file found for board STEVAL-BFA001V1B
2024-09-10 17:02:36,383 [INFO] DbBoards:161 - Kit is not supported: STEVAL-BFA001V1B
2024-09-10 17:02:36,384 [INFO] BoardInfo:889 - No configuration file found for board STEVAL-BFA001V2B
2024-09-10 17:02:36,385 [INFO] DbBoards:161 - Kit is not supported: STEVAL-BFA001V2B
2024-09-10 17:02:36,555 [INFO] DbBoards:168 - Found 201 boards, 198 are supported
2024-09-10 17:02:36,555 [INFO] DbBoards:169 - Found 201 boards, 25 of them is supported for  Bsp
2024-09-10 17:02:36,558 [INFO] ApiDb:423 - Load user favorites file C:\Users\admin/.stm32cubeide/favorites.boards.txt: 0 item(s)
2024-09-10 17:02:36,558 [INFO] ApiDb:427 - User favorites Boards=[]
2024-09-10 17:02:36,558 [INFO] DbBoards:198 - Set 0 / 0 favorites Boards
2024-09-10 17:02:36,560 [INFO] ApiDb:668 - CubeFinder database Data Model version=2.1
2024-09-10 17:02:36,560 [INFO] ApiDb:669 - CubeFinder database Configuration version=3.0.39
2024-09-10 17:02:36,560 [INFO] ApiDb:670 - CubeFinder database generation date=2024-08-06 (1722941618)
2024-09-10 17:02:36,560 [INFO] ApiDb:671 - CubeFinder database FW Pack versions=[FP-ATR-ASTRA1_V2.0.0, FP-SNS-FLIGHT1_V5.0.2, FP-SNS-MOTENV1_V5.0.0, FP-SNS-MOTENVWB1_V1.4.0, FP-SNS-SMARTAG2_V1.2.0, FP-SNS-STBOX1_V2.0.0, STM32Cube_FW_C0_V1.2.0, STM32Cube_FW_F4_V1.28.0, STM32Cube_FW_F7_V1.17.2, STM32Cube_FW_G0_V1.6.2, STM32Cube_FW_G4_V1.6.0, STM32Cube_FW_H5_V1.3.0, STM32Cube_FW_H7RS_V1.1.0, STM32Cube_FW_H7_V1.11.2, STM32Cube_FW_L0_V1.12.2, STM32Cube_FW_L5_V1.5.1, STM32Cube_FW_U0_V1.1.0, STM32Cube_FW_U5_V1.6.0, STM32Cube_FW_WB0_V1.0.0, STM32Cube_FW_WBA_V1.4.1, STM32Cube_FW_WB_V1.20.0, STM32Cube_FW_WL_V1.3.0, X-CUBE-ALGOBUILD_V1.4.0, X-CUBE-ALS_V1.0.2, X-CUBE-AZRTOS-F4_V1.1.0, X-CUBE-AZRTOS-F7_V1.1.0, X-CUBE-AZRTOS-G0_V1.1.0, X-CUBE-AZRTOS-G4_V2.0.0, X-CUBE-AZRTOS-H7RS_V1.0.0, X-CUBE-AZRTOS-H7_V3.2.0, X-CUBE-AZRTOS-L4_V2.0.0, X-CUBE-AZRTOS-L5_V1.1.0, X-CUBE-AZRTOS-WB_V2.0.0, X-CUBE-AZRTOS-WL_V2.0.0, X-CUBE-BLE1_V7.0.0, X-CUBE-BLE2_V3.3.0, X-CUBE-BLEMGR_V3.1.0, X-CUBE-EEPRMA1_V5.1.0, X-CUBE-FREERTOS_V1.2.0, X-CUBE-GNSS1_V6.0.0, X-CUBE-MEMS1_V10.0.0, X-CUBE-NFC4_V3.0.0, X-CUBE-NFC7_V1.0.1, X-CUBE-SFXS2LP1_V4.0.0, X-CUBE-SUBG2_V5.0.0, X-CUBE-TOF1_V3.4.2]
2024-09-10 17:02:37,241 [ERROR] DbExamplesSqlite:437 - Missing JSON key: board_cpn
2024-09-10 17:02:37,241 [ERROR] DbExamplesSqlite:437 - Missing JSON key: board_cpn
2024-09-10 17:02:37,241 [ERROR] DbExamplesSqlite:437 - Missing JSON key: board_cpn
2024-09-10 17:02:37,242 [ERROR] DbExamplesSqlite:437 - Missing JSON key: board_cpn
2024-09-10 17:02:37,383 [ERROR] DbExamplesSqlite:437 - Missing JSON key: board_cpn
2024-09-10 17:02:37,383 [ERROR] DbExamplesSqlite:437 - Missing JSON key: board_cpn
2024-09-10 17:02:37,383 [ERROR] DbExamplesSqlite:437 - Missing JSON key: board_cpn
2024-09-10 17:02:37,383 [ERROR] DbExamplesSqlite:437 - Missing JSON key: board_cpn
2024-09-10 17:02:37,384 [ERROR] DbExamplesSqlite:437 - Missing JSON key: board_cpn
2024-09-10 17:02:37,384 [ERROR] DbExamplesSqlite:437 - Missing JSON key: board_cpn
2024-09-10 17:02:37,384 [ERROR] DbExamplesSqlite:437 - Missing JSON key: board_cpn
2024-09-10 17:02:37,384 [ERROR] DbExamplesSqlite:437 - Missing JSON key: board_cpn
2024-09-10 17:02:37,384 [ERROR] DbExamplesSqlite:437 - Missing JSON key: board_cpn
2024-09-10 17:02:37,385 [INFO] DbExamplesSqlite:395 - Ignored 28 examples not supported by CubeIDE
2024-09-10 17:02:37,385 [INFO] DbExamplesSqlite:396 - Found 8608 examples active
2024-09-10 17:02:37,385 [INFO] DbExamplesSqlite:397 - Found 0 examples obsolete
2024-09-10 17:02:37,385 [INFO] DbExamplesSqlite:398 - Found 0 examples under development
2024-09-10 17:02:37,385 [INFO] DbExamplesSqlite:399 - Found 10 examples not building
2024-09-10 17:02:37,387 [INFO] DbExamples:125 - Found 8590 examples
2024-09-10 17:02:37,436 [ERROR] DbExamples:208 - Found 167 examples with invalid data (board or MCU)
2024-09-10 17:02:37,436 [INFO] DbExamples:222 - Found 108 boards with related examples
2024-09-10 17:02:37,437 [INFO] DbExamples:235 - Found 88 MCUs with related examples
2024-09-10 17:02:37,453 [INFO] ApiDb:414 - User favorites file not found: C:\Users\admin/.stm32cubeide/favorites.examples.txt
2024-09-10 17:02:37,453 [INFO] DbExamples:250 - Set 0 / 0 favorites Examples
2024-09-10 17:02:37,795 [INFO] McuFinderGlobals:76 - Set McuFinderConnectedMode to true
2024-09-10 17:02:37,801 [INFO] MultiScanPanel:200 - Auto-refresh data requested => check proxy status ongoing
2024-09-10 17:02:37,804 [INFO] FinderPluginLoader:95 - Searching for filters in installed packs
2024-09-10 17:02:39,010 [INFO] LoadUrlFilesThread:185 - End of LoadServerUrlFiles without Thread
2024-09-10 17:02:39,026 [INFO] DetailPanel:341 - Set advertising image to C:/Users/admin/STM32Cube/Repository/\en.prom-stm32h7rs-mcu-finder.jpg
2024-09-10 17:03:14,887 [INFO] MainUpdater:2873 - connection check result : 10
2024-09-10 17:03:14,887 [INFO] MainUpdater:2873 - connection check result : 10
2024-09-10 17:03:14,934 [INFO] RulesReader:64 - Compatibility file has been processed (297 Rules)
2024-09-10 17:03:14,944 [INFO] RulesReader:64 - Compatibility file has been processed (297 Rules)
2024-09-10 17:03:14,949 [INFO] MicroXplorer:468 - Change Database Path : 
2024-09-10 17:03:14,949 [INFO] MicroXplorer:498 - Change Database Version : DB.6.0.120
2024-09-10 17:03:14,957 [WARN] ThirdParty:871 - waiting for thirdparty lock release [close project]
2024-09-10 17:03:14,957 [INFO] ThirdParty:873 - entering critical section [close project]
2024-09-10 17:03:14,958 [INFO] ThirdParty:883 - exiting critical section [close project]
2024-09-10 17:03:14,961 [INFO] PinOutPanel:1561 - setPackage(No Configuration,No Configuration)
2024-09-10 17:03:14,965 [INFO] UtilMem:75 - Begin LoadConfig() Used Memory: 756962744 Bytes (1073741824)
2024-09-10 17:03:14,967 [INFO] MicroXplorer:468 - Change Database Path : 
2024-09-10 17:03:14,967 [INFO] MicroXplorer:498 - Change Database Version : DB.6.0.120
2024-09-10 17:03:14,967 [INFO] OpenFileManager:332 - Change cursor
2024-09-10 17:03:15,013 [INFO] Mcu:2032 - Initializing MCU STM32F103C8Tx STM32F103C8Tx STM32F103C8T6
2024-09-10 17:03:16,102 [INFO] Context:742 - Trying to add GPIOservice into a context  which must be forbidden
2024-09-10 17:03:16,365 [INFO] ImportTextPane:205 - (OptionalMessage_ERROR) Unable to find key (Mcu.ThirdPartyNb) in loaded IOC file
2024-09-10 17:03:16,366 [INFO] ImportTextPane:205 - (OptionalMessage_ERROR) Unable to find key (Mcu.PinsNb) in loaded IOC file
2024-09-10 17:03:16,366 [INFO] ImportTextPane:205 - (OptionalMessage_ERROR) Unable to find key (Mcu.IPNb) in loaded IOC file
2024-09-10 17:03:16,779 [INFO] RtosManager:555 - Registered RTOS mode: class=CMSIS, group=RTOS, mode=CMSIS_V1, owner=FREERTOS
2024-09-10 17:03:16,779 [INFO] RtosManager:555 - Registered RTOS mode: class=CMSIS, group=RTOS2, mode=CMSIS_V2, owner=FREERTOS
2024-09-10 17:03:16,779 [INFO] RtosManager:555 - Registered RTOS mode: class=RTOS, group=Core, mode=CMSIS_V1, owner=FREERTOS
2024-09-10 17:03:16,779 [INFO] RtosManager:555 - Registered RTOS mode: class=RTOS, group=Core, mode=CMSIS_V2, owner=FREERTOS
2024-09-10 17:03:16,779 [WARN] ModelIntegratedComponent:184 - Missing modes for component STMicroelectronics:FreeRTOS:0.0.1:STMicroelectronics:RTOS:FreeRTOS:Core:::10.2.0:
2024-09-10 17:03:16,797 [WARN] ModelIntegratedComponent:63 - No mode defined for component null
2024-09-10 17:03:16,797 [WARN] ModelIntegratedComponent:63 - No mode defined for component null
2024-09-10 17:03:16,797 [WARN] ModelIntegratedComponent:63 - No mode defined for component null
2024-09-10 17:03:16,797 [WARN] ModelIntegratedComponent:63 - No mode defined for component null
2024-09-10 17:03:16,797 [WARN] ModelIntegratedComponent:63 - No mode defined for component null
2024-09-10 17:03:16,797 [WARN] ModelIntegratedComponent:63 - No mode defined for component null
2024-09-10 17:03:16,797 [WARN] ModelIntegratedComponent:63 - No mode defined for component null
2024-09-10 17:03:16,797 [WARN] ModelIntegratedComponent:63 - No mode defined for component null
2024-09-10 17:03:16,797 [WARN] ModelIntegratedComponent:63 - No mode defined for component null
2024-09-10 17:03:16,797 [WARN] ModelIntegratedComponent:63 - No mode defined for component null
2024-09-10 17:03:16,798 [WARN] ModelIntegratedComponent:63 - No mode defined for component null
2024-09-10 17:03:16,798 [WARN] ModelIntegratedComponent:63 - No mode defined for component null
2024-09-10 17:03:16,798 [WARN] ModelIntegratedComponent:63 - No mode defined for component null
2024-09-10 17:03:16,798 [WARN] ModelIntegratedComponent:63 - No mode defined for component null
2024-09-10 17:03:16,798 [WARN] ModelIntegratedComponent:63 - No mode defined for component null
2024-09-10 17:03:16,798 [WARN] ModelIntegratedComponent:63 - No mode defined for component null
2024-09-10 17:03:16,798 [WARN] ModelIntegratedComponent:63 - No mode defined for component null
2024-09-10 17:03:16,798 [WARN] ModelIntegratedComponent:63 - No mode defined for component null
2024-09-10 17:03:16,798 [WARN] ModelIntegratedComponent:63 - No mode defined for component null
2024-09-10 17:03:16,798 [WARN] ModelIntegratedComponent:63 - No mode defined for component null
2024-09-10 17:03:16,798 [WARN] ModelIntegratedComponent:63 - No mode defined for component null
2024-09-10 17:03:16,798 [WARN] ModelIntegratedComponent:63 - No mode defined for component null
2024-09-10 17:03:16,798 [WARN] ModelIntegratedComponent:63 - No mode defined for component null
2024-09-10 17:03:16,798 [WARN] ModelIntegratedComponent:63 - No mode defined for component null
2024-09-10 17:03:16,799 [WARN] ModelIntegratedComponent:63 - No mode defined for component null
2024-09-10 17:03:16,810 [WARN] ModelIntegratedComponent:63 - No mode defined for component null
2024-09-10 17:03:16,810 [WARN] ModelIntegratedComponent:63 - No mode defined for component null
2024-09-10 17:03:16,810 [WARN] ModelIntegratedComponent:63 - No mode defined for component null
2024-09-10 17:03:16,810 [WARN] ModelIntegratedComponent:63 - No mode defined for component null
2024-09-10 17:03:16,810 [WARN] ModelIntegratedComponent:63 - No mode defined for component null
2024-09-10 17:03:16,810 [WARN] ModelIntegratedComponent:63 - No mode defined for component null
2024-09-10 17:03:16,810 [WARN] ModelIntegratedComponent:63 - No mode defined for component null
2024-09-10 17:03:16,810 [WARN] ModelIntegratedComponent:63 - No mode defined for component null
2024-09-10 17:03:16,810 [WARN] ModelIntegratedComponent:63 - No mode defined for component null
2024-09-10 17:03:16,810 [WARN] ModelIntegratedComponent:63 - No mode defined for component null
2024-09-10 17:03:16,810 [WARN] ModelPack:524 - Component already loaded: STMicroelectronics:HAL Drivers:0.0.0:STMicroelectronics:Device:STMicro_Driver:XSPI:HAL::0.0.1:HAL_XSPI
2024-09-10 17:03:16,957 [INFO] ThirdPartyModel:298 - Start build external matchings
2024-09-10 17:03:17,919 [INFO] ThirdPartyModel:316 - End build external matchings
2024-09-10 17:03:18,153 [INFO] UtilMem:75 - End LoadConfig() Used Memory: 793937168 Bytes (1073741824)
2024-09-10 17:03:18,189 [WARN] ThirdParty:833 - waiting for thirdparty lock release [change project]
2024-09-10 17:03:18,189 [INFO] ThirdParty:835 - entering critical section [change project]
2024-09-10 17:03:18,189 [INFO] ThirdParty:1030 - CMSIS Pack Vendor :STMicroelectronics USBPD 4.1
2024-09-10 17:03:18,189 [INFO] ThirdParty:1030 - CMSIS Pack Vendor :STMicroelectronics X-CUBE-AZRTOS-H7 3.3.0
2024-09-10 17:03:18,189 [INFO] ThirdParty:1030 - CMSIS Pack Vendor :STMicroelectronics X-CUBE-GNSS1 6.0.0
2024-09-10 17:03:18,189 [INFO] ThirdParty:1030 - CMSIS Pack Vendor :STMicroelectronics USB_HOST 2.0.0
2024-09-10 17:03:18,189 [INFO] ThirdParty:1030 - CMSIS Pack Vendor :STMicroelectronics FP-SNS-MOTENVWB1 1.4.0
2024-09-10 17:03:18,189 [INFO] ThirdParty:1030 - CMSIS Pack Vendor :STMicroelectronics X-CUBE-AZRTOS-F4 1.1.0
2024-09-10 17:03:18,189 [INFO] ThirdParty:1030 - CMSIS Pack Vendor :STMicroelectronics LIBJPEG 8.0.0
2024-09-10 17:03:18,189 [INFO] ThirdParty:1030 - CMSIS Pack Vendor :STMicroelectronics X-CUBE-SMBUS 2.1.0
2024-09-10 17:03:18,189 [INFO] ThirdParty:1030 - CMSIS Pack Vendor :STMicroelectronics USB_DEVICE 3.0.0
2024-09-10 17:03:18,189 [INFO] ThirdParty:1030 - CMSIS Pack Vendor :STMicroelectronics X-CUBE-TCPP 4.1.0
2024-09-10 17:03:18,189 [INFO] ThirdParty:1030 - CMSIS Pack Vendor :STMicroelectronics X-CUBE-FREERTOS 1.2.0
2024-09-10 17:03:18,189 [INFO] ThirdParty:1030 - CMSIS Pack Vendor :STMicroelectronics X-CUBE-AZRTOS-WB 2.0.0
2024-09-10 17:03:18,189 [INFO] ThirdParty:1030 - CMSIS Pack Vendor :STMicroelectronics X-CUBE-GNSS1 7.0.0
2024-09-10 17:03:18,189 [INFO] ThirdParty:1030 - CMSIS Pack Vendor :STMicroelectronics X-CUBE-AZRTOS-F7 1.1.0
2024-09-10 17:03:18,189 [INFO] ThirdParty:1030 - CMSIS Pack Vendor :STMicroelectronics X-CUBE-AZRTOS-L5 2.0.0
2024-09-10 17:03:18,189 [INFO] ThirdParty:1030 - CMSIS Pack Vendor :STMicroelectronics USB_DEVICE 2.0.0
2024-09-10 17:03:18,190 [INFO] ThirdParty:1030 - CMSIS Pack Vendor :STMicroelectronics X-CUBE-NFC6 3.1.0
2024-09-10 17:03:18,190 [INFO] ThirdParty:1030 - CMSIS Pack Vendor :STMicroelectronics FP-SNS-STBOX1 2.0.0
2024-09-10 17:03:18,190 [INFO] ThirdParty:1030 - CMSIS Pack Vendor :STMicroelectronics X-CUBE-MEMS1 11.0.0
2024-09-10 17:03:18,190 [INFO] ThirdParty:1030 - CMSIS Pack Vendor :STMicroelectronics FreeRTOS 0.0.1
2024-09-10 17:03:18,190 [INFO] ThirdParty:1030 - CMSIS Pack Vendor :STMicroelectronics X-CUBE-AZRTOS-G0 1.1.0
2024-09-10 17:03:18,190 [INFO] ThirdParty:1030 - CMSIS Pack Vendor :STMicroelectronics X-CUBE-SAFEA1 1.2.2
2024-09-10 17:03:18,190 [INFO] ThirdParty:1030 - CMSIS Pack Vendor :STMicroelectronics X-CUBE-NFC4 3.0.0
2024-09-10 17:03:18,190 [INFO] ThirdParty:1030 - CMSIS Pack Vendor :STMicroelectronics X-CUBE-DPower 1.2.0
2024-09-10 17:03:18,190 [INFO] ThirdParty:1030 - CMSIS Pack Vendor :STMicroelectronics X-CUBE-SUBG2 5.0.0
2024-09-10 17:03:18,190 [INFO] ThirdParty:1030 - CMSIS Pack Vendor :STMicroelectronics STM32_WPAN 1.0.0
2024-09-10 17:03:18,190 [INFO] ThirdParty:1030 - CMSIS Pack Vendor :EmbeddedOffice I-CUBE-FS-RTOS 1.0.1
2024-09-10 17:03:18,190 [INFO] ThirdParty:1030 - CMSIS Pack Vendor :STMicroelectronics lwIP 2.0.3
2024-09-10 17:03:18,190 [INFO] ThirdParty:1030 - CMSIS Pack Vendor :STMicroelectronics FP-SNS-FLIGHT1 5.0.2
2024-09-10 17:03:18,190 [INFO] ThirdParty:1030 - CMSIS Pack Vendor :Cesanta I-CUBE-Mongoose 7.13.0
2024-09-10 17:03:18,190 [INFO] ThirdParty:1030 - CMSIS Pack Vendor :STMicroelectronics USB_HOST 1.0.0
2024-09-10 17:03:18,190 [INFO] ThirdParty:1030 - CMSIS Pack Vendor :STMicroelectronics X-CUBE-AI 9.0.0
2024-09-10 17:03:18,190 [INFO] ThirdParty:1030 - CMSIS Pack Vendor :STMicroelectronics X-CUBE-AZRTOS-G4 2.0.0
2024-09-10 17:03:18,190 [INFO] ThirdParty:1030 - CMSIS Pack Vendor :STMicroelectronics PDM2PCM 3.1.0
2024-09-10 17:03:18,190 [INFO] ThirdParty:1030 - CMSIS Pack Vendor :STMicroelectronics PDM2PCM 3.3.0
2024-09-10 17:03:18,190 [INFO] ThirdParty:1030 - CMSIS Pack Vendor :STMicroelectronics X-CUBE-DISPLAY 3.0.0
2024-09-10 17:03:18,190 [INFO] ThirdParty:1030 - CMSIS Pack Vendor :RealThread X-CUBE-RT-Thread_Nano 4.1.1
2024-09-10 17:03:18,190 [INFO] ThirdParty:1030 - CMSIS Pack Vendor :STMicroelectronics X-CUBE-BLE1 7.0.0
2024-09-10 17:03:18,191 [INFO] ThirdParty:1030 - CMSIS Pack Vendor :STMicroelectronics FP-ATR-SIGFOX1 3.2.0
2024-09-10 17:03:18,191 [INFO] ThirdParty:1030 - CMSIS Pack Vendor :wolfSSL I-CUBE-wolfSSL 5.7.2
2024-09-10 17:03:18,191 [INFO] ThirdParty:1030 - CMSIS Pack Vendor :STMicroelectronics X-CUBE-ISPU 2.0.0
2024-09-10 17:03:18,191 [INFO] ThirdParty:1030 - CMSIS Pack Vendor :STMicroelectronics X-CUBE-EEPRMA1 5.1.0
2024-09-10 17:03:18,191 [INFO] ThirdParty:1030 - CMSIS Pack Vendor :STMicroelectronics HAL Drivers 0.0.0
2024-09-10 17:03:18,191 [INFO] ThirdParty:1030 - CMSIS Pack Vendor :STMicroelectronics MBEDTLS 2.16.2
2024-09-10 17:03:18,191 [INFO] ThirdParty:1030 - CMSIS Pack Vendor :STMicroelectronics X-CUBE-ALS 1.0.2
2024-09-10 17:03:18,191 [INFO] ThirdParty:1030 - CMSIS Pack Vendor :emotas I-CUBE-CANOPEN 1.3.0
2024-09-10 17:03:18,191 [INFO] ThirdParty:1030 - CMSIS Pack Vendor :STMicroelectronics X-CUBE-MEMS1 10.0.0
2024-09-10 17:03:18,191 [INFO] ThirdParty:1030 - CMSIS Pack Vendor :STMicroelectronics X-CUBE-NFC7 1.0.1
2024-09-10 17:03:18,191 [INFO] ThirdParty:1030 - CMSIS Pack Vendor :STMicroelectronics MBEDTLS 2.14.1
2024-09-10 17:03:18,191 [INFO] ThirdParty:1030 - CMSIS Pack Vendor :STMicroelectronics X-CUBE-TOUCHGFX 4.24.0
2024-09-10 17:03:18,191 [INFO] ThirdParty:1030 - CMSIS Pack Vendor :ITTIA_DB I-CUBE-ITTIADB 8.9.0
2024-09-10 17:03:18,191 [INFO] ThirdParty:1030 - CMSIS Pack Vendor :wolfSSL I-CUBE-wolfTPM 3.2.0
2024-09-10 17:03:18,191 [INFO] ThirdParty:1030 - CMSIS Pack Vendor :portGmbH I-Cube-SoM-uGOAL 1.1.0
2024-09-10 17:03:18,191 [INFO] ThirdParty:1030 - CMSIS Pack Vendor :STMicroelectronics X-CUBE-BLEMGR 3.1.0
2024-09-10 17:03:18,191 [INFO] ThirdParty:1030 - CMSIS Pack Vendor :STMicroelectronics ThreadX 1.0.0
2024-09-10 17:03:18,191 [INFO] ThirdParty:1030 - CMSIS Pack Vendor :STMicroelectronics FP-SNS-SMARTAG2 1.2.0
2024-09-10 17:03:18,191 [INFO] ThirdParty:1030 - CMSIS Pack Vendor :STMicroelectronics X-CUBE-AZRTOS-WL 2.0.0
2024-09-10 17:03:18,192 [INFO] ThirdParty:1030 - CMSIS Pack Vendor :SEGGER I-CUBE-embOS 1.3.1
2024-09-10 17:03:18,192 [INFO] ThirdParty:1030 - CMSIS Pack Vendor :STMicroelectronics X-CUBE-ALGOBUILD 1.4.0
2024-09-10 17:03:18,192 [INFO] ThirdParty:1030 - CMSIS Pack Vendor :STMicroelectronics FP-SNS-MOTENV1 5.0.0
2024-09-10 17:03:18,192 [INFO] ThirdParty:1030 - CMSIS Pack Vendor :STMicroelectronics USB_DEVICE 1.0.0
2024-09-10 17:03:18,192 [INFO] ThirdParty:1030 - CMSIS Pack Vendor :STMicroelectronics X-CUBE-AZRTOS-H7RS 1.0.0
2024-09-10 17:03:18,192 [INFO] ThirdParty:1030 - CMSIS Pack Vendor :wolfSSL I-CUBE-wolfMQTT 1.19.0
2024-09-10 17:03:18,192 [INFO] ThirdParty:1030 - CMSIS Pack Vendor :STMicroelectronics X-CUBE-AZRTOS-L4 2.0.0
2024-09-10 17:03:18,192 [INFO] ThirdParty:1030 - CMSIS Pack Vendor :STMicroelectronics ThreadX 0.0.2
2024-09-10 17:03:18,192 [INFO] ThirdParty:1030 - CMSIS Pack Vendor :WES I-CUBE-Cesium 1.3.0
2024-09-10 17:03:18,192 [INFO] ThirdParty:1030 - CMSIS Pack Vendor :STMicroelectronics FP-ATR-ASTRA1 2.0.0
2024-09-10 17:03:18,192 [INFO] ThirdParty:1030 - CMSIS Pack Vendor :STMicroelectronics lwIP 2.1.2
2024-09-10 17:03:18,192 [INFO] ThirdParty:1030 - CMSIS Pack Vendor :STMicroelectronics X-CUBE-SFXS2LP1 4.0.0
2024-09-10 17:03:18,192 [INFO] ThirdParty:1030 - CMSIS Pack Vendor :STMicroelectronics X-CUBE-BLE2 3.3.0
2024-09-10 17:03:18,192 [INFO] ThirdParty:1030 - CMSIS Pack Vendor :STMicroelectronics X-CUBE-TOF1 3.4.2
2024-09-10 17:03:18,192 [INFO] ThirdParty:1030 - CMSIS Pack Vendor :STMicroelectronics X-CUBE-AZRTOS-H7 3.2.0
2024-09-10 17:03:18,192 [INFO] ThirdParty:1030 - CMSIS Pack Vendor :Infineon AIROC-Wi-Fi-Bluetooth-STM32 1.6.0
2024-09-10 17:03:18,192 [INFO] ThirdParty:1030 - CMSIS Pack Vendor :STMicroelectronics PDM2PCM 3.2.0
2024-09-10 17:03:18,192 [INFO] ThirdParty:1030 - CMSIS Pack Vendor :wolfSSL I-CUBE-wolfSSH 1.4.17
2024-09-10 17:03:18,192 [INFO] ThirdParty:841 - exiting critical section [change project]
2024-09-10 17:03:18,442 [INFO] PinOutPanel:1561 - setPackage(No Configuration,No Configuration)
2024-09-10 17:03:18,443 [INFO] PinOutPanel:1561 - setPackage(STM32F103C8Tx,LQFP48)
2024-09-10 17:03:18,927 [INFO] UtilMem:75 - Before build in PCC Used Memory: 894572064 Bytes (1073741824)
2024-09-10 17:03:19,798 [INFO] UtilMem:75 - After build in PCC Used Memory: 647959488 Bytes (1073741824)
2024-09-10 17:03:19,822 [INFO] IPUIPlugin:80 - create IPUIPlugin
2024-09-10 17:03:19,822 [INFO] IPUIPlugin:80 - create IPUIPlugin
2024-09-10 17:03:19,822 [INFO] IPUIPlugin:80 - create IPUIPlugin
2024-09-10 17:03:19,822 [INFO] IPUIPlugin:80 - create IPUIPlugin
2024-09-10 17:03:19,822 [INFO] IPUIPlugin:80 - create IPUIPlugin
2024-09-10 17:03:19,822 [INFO] IPUIPlugin:80 - create IPUIPlugin
2024-09-10 17:03:19,824 [INFO] IPUIPlugin:80 - create IPUIPlugin
2024-09-10 17:03:19,824 [INFO] IPUIPlugin:80 - create IPUIPlugin
2024-09-10 17:03:19,824 [INFO] IPUIPlugin:80 - create IPUIPlugin
2024-09-10 17:03:19,824 [INFO] IPUIPlugin:80 - create IPUIPlugin
2024-09-10 17:03:19,825 [INFO] IPUIPlugin:80 - create IPUIPlugin
2024-09-10 17:03:19,825 [INFO] IPUIPlugin:80 - create IPUIPlugin
2024-09-10 17:03:19,825 [INFO] IPUIPlugin:80 - create IPUIPlugin
2024-09-10 17:03:19,825 [INFO] IPUIPlugin:80 - create IPUIPlugin
2024-09-10 17:03:19,826 [INFO] IPUIPlugin:80 - create IPUIPlugin
2024-09-10 17:03:19,826 [INFO] IPUIPlugin:80 - create IPUIPlugin
2024-09-10 17:03:19,826 [INFO] IPUIPlugin:80 - create IPUIPlugin
2024-09-10 17:03:19,827 [INFO] IPUIPlugin:80 - create IPUIPlugin
2024-09-10 17:03:19,827 [INFO] IPUIPlugin:80 - create IPUIPlugin
2024-09-10 17:03:19,827 [INFO] IPUIPlugin:80 - create IPUIPlugin
2024-09-10 17:03:19,827 [INFO] IPUIPlugin:80 - create IPUIPlugin
2024-09-10 17:03:19,827 [INFO] IPUIPlugin:80 - create IPUIPlugin
2024-09-10 17:03:19,828 [INFO] IPUIPlugin:80 - create IPUIPlugin
2024-09-10 17:03:19,828 [INFO] IPUIPlugin:80 - create IPUIPlugin
2024-09-10 17:03:19,828 [INFO] IPUIPlugin:80 - create IPUIPlugin
2024-09-10 17:03:19,828 [INFO] IPUIPlugin:80 - create IPUIPlugin
2024-09-10 17:03:19,828 [INFO] IPUIPlugin:80 - create IPUIPlugin
2024-09-10 17:03:20,027 [INFO] CADModel:165 - CPN selected for project levelSTM32F103C8T6
2024-09-10 17:03:20,027 [INFO] CADModel:114 - Register for checkConnection events
2024-09-10 17:03:20,067 [INFO] OpenFileManager:363 - Restore cursor
2024-09-10 17:03:20,678 [INFO] UtilMem:75 - End SaveConfig() Used Memory: 715110448 Bytes (1073741824)
2024-09-10 17:03:20,742 [INFO] UtilMem:75 - End SaveConfig() Used Memory: 726602688 Bytes (1073741824)
2024-09-10 17:03:21,240 [INFO] BlockDiagram:2766 - set Specific Code input for plugin: NVIC
2024-09-10 17:03:21,241 [INFO] BlockDiagram:2766 - set Specific Code input for plugin: RCC
2024-09-10 17:03:21,243 [INFO] CodeGenerator:807 - code generatio: config db path: C:\ST\STM32CubeIDE_1.16.0\STM32CubeIDE\plugins\com.st.stm32cube.common.mx_6.12.0.202406281431\\db\
2024-09-10 17:03:21,556 [INFO] CodeEngine:255 - oldGeneratedFile, C:\ST\workspace_1.16.0\proj15_tim_servo\MXTmpFiles\license.tmp_save
2024-09-10 17:03:22,020 [INFO] CodeEngine:279 - Generated code: C:\ST\workspace_1.16.0\proj15_tim_servo\MXTmpFiles\license.tmp
2024-09-10 17:03:22,048 [INFO] CodeEngine:255 - oldGeneratedFile, C:\ST\workspace_1.16.0\proj15_tim_servo\Core\Src\stm32f1xx_it.c_save
2024-09-10 17:03:22,247 [INFO] CodeEngine:279 - Generated code: C:\ST\workspace_1.16.0\proj15_tim_servo\Core\Src\stm32f1xx_it.c
2024-09-10 17:03:22,262 [INFO] CodeEngine:255 - oldGeneratedFile, C:\ST\workspace_1.16.0\proj15_tim_servo\Core\Inc\stm32f1xx_it.h_save
2024-09-10 17:03:22,421 [INFO] CodeEngine:279 - Generated code: C:\ST\workspace_1.16.0\proj15_tim_servo\Core\Inc\stm32f1xx_it.h
2024-09-10 17:03:22,571 [INFO] CodeEngine:255 - oldGeneratedFile, C:\ST\workspace_1.16.0\proj15_tim_servo\Core\Src\stm32f1xx_hal_msp.c_save
2024-09-10 17:03:22,749 [INFO] CodeEngine:279 - Generated code: C:\ST\workspace_1.16.0\proj15_tim_servo\Core\Src\stm32f1xx_hal_msp.c
2024-09-10 17:03:22,763 [INFO] CodeEngine:255 - oldGeneratedFile, C:\ST\workspace_1.16.0\proj15_tim_servo\MXTmpFiles\system.tmp_save
2024-09-10 17:03:22,859 [INFO] CodeEngine:279 - Generated code: C:\ST\workspace_1.16.0\proj15_tim_servo\MXTmpFiles\system.tmp
2024-09-10 17:03:22,877 [INFO] CodeEngine:311 - oldGeneratedFile, C:\ST\workspace_1.16.0\proj15_tim_servo\Core\Inc\stm32f1xx_hal_conf.h_save
2024-09-10 17:03:22,996 [INFO] CodeEngine:335 - Generated code: C:\ST\workspace_1.16.0\proj15_tim_servo\Core\Inc\stm32f1xx_hal_conf.h
2024-09-10 17:03:23,052 [INFO] CodeEngine:255 - oldGeneratedFile, C:\ST\workspace_1.16.0\proj15_tim_servo\Core\Inc\main.h_save
2024-09-10 17:03:23,184 [INFO] CodeEngine:279 - Generated code: C:\ST\workspace_1.16.0\proj15_tim_servo\Core\Inc\main.h
2024-09-10 17:03:23,196 [INFO] CodeEngine:255 - oldGeneratedFile, C:\ST\workspace_1.16.0\proj15_tim_servo\Core\Src\main.c_save
2024-09-10 17:03:23,355 [INFO] CodeEngine:279 - Generated code: C:\ST\workspace_1.16.0\proj15_tim_servo\Core\Src\main.c
2024-09-10 17:03:23,673 [INFO] ProjectBuilder:3249 - Time for Copy HAL[1] : 114mS.
2024-09-10 17:03:23,678 [INFO] ProjectBuilder:4828 - Project Generator version: 4.4.0-B60
2024-09-10 17:03:23,758 [INFO] ConfigFileManager:1531 - The Die is : DIE410
2024-09-10 17:03:23,778 [INFO] ApiDbMcu:508 - Load IP Config File for FATFS
2024-09-10 17:03:23,793 [INFO] ApiDbMcu:508 - Load IP Config File for FREERTOS
2024-09-10 17:03:23,810 [INFO] ApiDbMcu:508 - Load IP Config File for USB_DEVICE
2024-09-10 17:03:24,633 [INFO] LogOutputStream:77 - [STDOUT_REDIRECT] 
2024-09-10 17:03:27,879 [INFO] ProjectBuilder:5097 - Time for Generating toolchain IDE Files: 4201mS.
2024-09-10 17:03:27,880 [INFO] ProjectBuilder:3107 - Time for Copy CMSIS : 1mS.
2024-09-10 17:03:27,883 [INFO] ProjectBuilder:3107 - Time for Copy CMSIS : 0mS.
2024-09-10 17:03:29,230 [INFO] McuFinderGlobals:76 - Set McuFinderConnectedMode to true
2024-09-10 17:03:29,236 [INFO] ApiDb:448 - Save user favorites file C:\Users\admin/.stm32cubeide/favorites.mcus.txt: 1 item(s)
2024-09-10 17:03:29,236 [INFO] ApiDb:452 - User favorites MCUs=[STM32F103C8T6]
2024-09-10 17:06:46,394 [INFO] UtilMem:75 - End SaveConfig() Used Memory: 368592888 Bytes (817889280)
2024-09-10 17:06:46,455 [INFO] UtilMem:75 - End SaveConfig() Used Memory: 381136744 Bytes (817889280)
2024-09-10 17:06:47,348 [INFO] UtilMem:75 - End SaveConfig() Used Memory: 289994920 Bytes (817889280)
2024-09-10 17:06:47,649 [INFO] BlockDiagram:2766 - set Specific Code input for plugin: NVIC
2024-09-10 17:06:47,650 [INFO] BlockDiagram:2766 - set Specific Code input for plugin: TIM1_8F1
2024-09-10 17:06:47,650 [INFO] BlockDiagram:2766 - set Specific Code input for plugin: TIM1_8F1
2024-09-10 17:06:47,650 [INFO] BlockDiagram:2766 - set Specific Code input for plugin: SYS
2024-09-10 17:06:47,650 [INFO] BlockDiagram:2766 - set Specific Code input for plugin: GPIO
2024-09-10 17:06:47,650 [INFO] BlockDiagram:2766 - set Specific Code input for plugin: RCC
2024-09-10 17:06:47,651 [INFO] CodeGenerator:807 - code generatio: config db path: C:\ST\STM32CubeIDE_1.16.0\STM32CubeIDE\plugins\com.st.stm32cube.common.mx_6.12.0.202406281431\\db\
2024-09-10 17:06:47,724 [INFO] CodeEngine:255 - oldGeneratedFile, C:\ST\workspace_1.16.0\proj15_tim_servo\MXTmpFiles\license.tmp_save
2024-09-10 17:06:47,843 [INFO] CodeEngine:279 - Generated code: C:\ST\workspace_1.16.0\proj15_tim_servo\MXTmpFiles\license.tmp
2024-09-10 17:06:47,895 [INFO] CodeEngine:255 - oldGeneratedFile, C:\ST\workspace_1.16.0\proj15_tim_servo\MXTmpFiles\gpio.tmp_save
2024-09-10 17:06:47,999 [INFO] CodeEngine:279 - Generated code: C:\ST\workspace_1.16.0\proj15_tim_servo\MXTmpFiles\gpio.tmp
2024-09-10 17:06:48,097 [INFO] CodeEngine:255 - oldGeneratedFile, C:\ST\workspace_1.16.0\proj15_tim_servo\Core\Src\stm32f1xx_it.c_save
2024-09-10 17:06:48,317 [INFO] CodeEngine:279 - Generated code: C:\ST\workspace_1.16.0\proj15_tim_servo\Core\Src\stm32f1xx_it.c
2024-09-10 17:06:48,323 [INFO] CodeEngine:255 - oldGeneratedFile, C:\ST\workspace_1.16.0\proj15_tim_servo\Core\Inc\stm32f1xx_it.h_save
2024-09-10 17:06:48,390 [INFO] CodeEngine:279 - Generated code: C:\ST\workspace_1.16.0\proj15_tim_servo\Core\Inc\stm32f1xx_it.h
2024-09-10 17:06:48,413 [INFO] CodeEngine:255 - oldGeneratedFile, C:\ST\workspace_1.16.0\proj15_tim_servo\Core\Src\stm32f1xx_hal_msp.c_save
2024-09-10 17:06:48,588 [INFO] CodeEngine:279 - Generated code: C:\ST\workspace_1.16.0\proj15_tim_servo\Core\Src\stm32f1xx_hal_msp.c
2024-09-10 17:06:48,593 [INFO] CodeEngine:255 - oldGeneratedFile, C:\ST\workspace_1.16.0\proj15_tim_servo\MXTmpFiles\system.tmp_save
2024-09-10 17:06:48,655 [INFO] CodeEngine:279 - Generated code: C:\ST\workspace_1.16.0\proj15_tim_servo\MXTmpFiles\system.tmp
2024-09-10 17:06:48,672 [INFO] CodeEngine:311 - oldGeneratedFile, C:\ST\workspace_1.16.0\proj15_tim_servo\Core\Inc\stm32f1xx_hal_conf.h_save
2024-09-10 17:06:48,798 [INFO] CodeEngine:335 - Generated code: C:\ST\workspace_1.16.0\proj15_tim_servo\Core\Inc\stm32f1xx_hal_conf.h
2024-09-10 17:06:48,827 [WARN] IPConfigManager:3554 - IP not found : TIM
2024-09-10 17:06:48,828 [WARN] CodeGenerator:4002 - IP not found : null
2024-09-10 17:06:48,844 [INFO] CodeEngine:255 - oldGeneratedFile, C:\ST\workspace_1.16.0\proj15_tim_servo\Core\Inc\main.h_save
2024-09-10 17:06:49,011 [INFO] CodeEngine:279 - Generated code: C:\ST\workspace_1.16.0\proj15_tim_servo\Core\Inc\main.h
2024-09-10 17:06:49,031 [INFO] CodeEngine:255 - oldGeneratedFile, C:\ST\workspace_1.16.0\proj15_tim_servo\Core\Src\main.c_save
2024-09-10 17:06:49,199 [INFO] CodeEngine:279 - Generated code: C:\ST\workspace_1.16.0\proj15_tim_servo\Core\Src\main.c
2024-09-10 17:06:49,478 [INFO] ProjectBuilder:3249 - Time for Copy HAL[1] : 115mS.
2024-09-10 17:06:49,480 [INFO] ProjectBuilder:4828 - Project Generator version: 4.4.0-B60
2024-09-10 17:06:49,546 [INFO] ConfigFileManager:1531 - The Die is : DIE410
2024-09-10 17:06:50,792 [INFO] ProjectBuilder:5097 - Time for Generating toolchain IDE Files: 1312mS.
2024-09-10 17:06:50,793 [INFO] ProjectBuilder:3107 - Time for Copy CMSIS : 1mS.
2024-09-10 17:06:50,796 [INFO] ProjectBuilder:3107 - Time for Copy CMSIS : 0mS.
2024-09-10 17:07:52,699 [INFO] NvicIntPanel:101 - NVIC parent = com.st.microxplorer.plugins.ip.nvic.MultiNvicIntPanel[,0,0,0x0,invalid,layout=javax.swing.BoxLayout,alignmentX=0.0,alignmentY=0.0,border=,flags=9,maximumSize=,minimumSize=,preferredSize=]
2024-09-10 17:08:08,336 [INFO] UtilMem:75 - End SaveConfig() Used Memory: 274934632 Bytes (817889280)
2024-09-10 17:08:08,390 [INFO] UtilMem:75 - End SaveConfig() Used Memory: 287517544 Bytes (817889280)
2024-09-10 17:08:08,895 [INFO] UtilMem:75 - End SaveConfig() Used Memory: 341521256 Bytes (817889280)
2024-09-10 17:08:09,143 [INFO] BlockDiagram:2766 - set Specific Code input for plugin: NVIC
2024-09-10 17:08:09,143 [INFO] BlockDiagram:2766 - set Specific Code input for plugin: TIM1_8F1
2024-09-10 17:08:09,143 [INFO] BlockDiagram:2766 - set Specific Code input for plugin: TIM1_8F1
2024-09-10 17:08:09,143 [INFO] BlockDiagram:2766 - set Specific Code input for plugin: SYS
2024-09-10 17:08:09,143 [INFO] BlockDiagram:2766 - set Specific Code input for plugin: GPIO
2024-09-10 17:08:09,144 [INFO] BlockDiagram:2766 - set Specific Code input for plugin: RCC
2024-09-10 17:08:09,144 [INFO] CodeGenerator:807 - code generatio: config db path: C:\ST\STM32CubeIDE_1.16.0\STM32CubeIDE\plugins\com.st.stm32cube.common.mx_6.12.0.202406281431\\db\
2024-09-10 17:08:09,216 [INFO] CodeEngine:255 - oldGeneratedFile, C:\ST\workspace_1.16.0\proj15_tim_servo\MXTmpFiles\license.tmp_save
2024-09-10 17:08:09,287 [INFO] CodeEngine:279 - Generated code: C:\ST\workspace_1.16.0\proj15_tim_servo\MXTmpFiles\license.tmp
2024-09-10 17:08:09,298 [INFO] CodeEngine:255 - oldGeneratedFile, C:\ST\workspace_1.16.0\proj15_tim_servo\MXTmpFiles\gpio.tmp_save
2024-09-10 17:08:09,367 [INFO] CodeEngine:279 - Generated code: C:\ST\workspace_1.16.0\proj15_tim_servo\MXTmpFiles\gpio.tmp
2024-09-10 17:08:09,420 [INFO] CodeEngine:255 - oldGeneratedFile, C:\ST\workspace_1.16.0\proj15_tim_servo\Core\Src\stm32f1xx_it.c_save
2024-09-10 17:08:09,489 [INFO] CodeEngine:279 - Generated code: C:\ST\workspace_1.16.0\proj15_tim_servo\Core\Src\stm32f1xx_it.c
2024-09-10 17:08:09,493 [INFO] CodeEngine:255 - oldGeneratedFile, C:\ST\workspace_1.16.0\proj15_tim_servo\Core\Inc\stm32f1xx_it.h_save
2024-09-10 17:08:09,543 [INFO] CodeEngine:279 - Generated code: C:\ST\workspace_1.16.0\proj15_tim_servo\Core\Inc\stm32f1xx_it.h
2024-09-10 17:08:09,557 [INFO] CodeEngine:255 - oldGeneratedFile, C:\ST\workspace_1.16.0\proj15_tim_servo\Core\Src\stm32f1xx_hal_msp.c_save
2024-09-10 17:08:09,636 [INFO] CodeEngine:279 - Generated code: C:\ST\workspace_1.16.0\proj15_tim_servo\Core\Src\stm32f1xx_hal_msp.c
2024-09-10 17:08:09,639 [INFO] CodeEngine:255 - oldGeneratedFile, C:\ST\workspace_1.16.0\proj15_tim_servo\MXTmpFiles\system.tmp_save
2024-09-10 17:08:09,688 [INFO] CodeEngine:279 - Generated code: C:\ST\workspace_1.16.0\proj15_tim_servo\MXTmpFiles\system.tmp
2024-09-10 17:08:09,703 [INFO] CodeEngine:311 - oldGeneratedFile, C:\ST\workspace_1.16.0\proj15_tim_servo\Core\Inc\stm32f1xx_hal_conf.h_save
2024-09-10 17:08:09,790 [INFO] CodeEngine:335 - Generated code: C:\ST\workspace_1.16.0\proj15_tim_servo\Core\Inc\stm32f1xx_hal_conf.h
2024-09-10 17:08:09,811 [WARN] IPConfigManager:3554 - IP not found : TIM
2024-09-10 17:08:09,812 [WARN] CodeGenerator:4002 - IP not found : null
2024-09-10 17:08:09,828 [INFO] CodeEngine:255 - oldGeneratedFile, C:\ST\workspace_1.16.0\proj15_tim_servo\Core\Inc\main.h_save
2024-09-10 17:08:09,906 [INFO] CodeEngine:279 - Generated code: C:\ST\workspace_1.16.0\proj15_tim_servo\Core\Inc\main.h
2024-09-10 17:08:09,919 [INFO] CodeEngine:255 - oldGeneratedFile, C:\ST\workspace_1.16.0\proj15_tim_servo\Core\Src\main.c_save
2024-09-10 17:08:10,030 [INFO] CodeEngine:279 - Generated code: C:\ST\workspace_1.16.0\proj15_tim_servo\Core\Src\main.c
2024-09-10 17:08:10,271 [INFO] ProjectBuilder:3249 - Time for Copy HAL[1] : 105mS.
2024-09-10 17:08:10,273 [INFO] ProjectBuilder:4828 - Project Generator version: 4.4.0-B60
2024-09-10 17:08:10,333 [INFO] ConfigFileManager:1531 - The Die is : DIE410
2024-09-10 17:08:10,974 [INFO] ProjectBuilder:5097 - Time for Generating toolchain IDE Files: 701mS.
2024-09-10 17:08:10,975 [INFO] ProjectBuilder:3107 - Time for Copy CMSIS : 1mS.
2024-09-10 17:08:10,978 [INFO] ProjectBuilder:3107 - Time for Copy CMSIS : 1mS.
2024-09-10 18:11:14,577 [INFO] WebApp:388 - JxBrowser engine has been closed 
2024-09-10 18:12:05,049 [ERROR] LogOutputStream:75 - [STDERR_REDIRECT] 
