2024-11-07 16:54:16,672 [INFO] Activator:176 - 


2024-11-07 16:54:16,677 [INFO] Activator:177 - !SESSION log4j initialized
2024-11-07 16:54:25,574 [INFO] LogOutputStream:77 - [STDOUT_REDIRECT] 
2024-11-07 16:54:32,592 [INFO] ApplicationProperties:184 - Using Application install path: C:\ST\STM32CubeIDE_1.16.0\STM32CubeIDE\plugins\com.st.stm32cube.common.mx_6.12.0.202406281431
2024-11-07 16:54:32,610 [INFO] DbMcusXml:78 - Set database path to: C:\ST\STM32CubeIDE_1.16.0\STM32CubeIDE\plugins\com.st.stm32cube.common.mx_6.12.0.202406281431\\db\/mcu/
2024-11-07 16:54:32,612 [INFO] ApiDb:274 - Set plugin database path to: C:\ST\STM32CubeIDE_1.16.0\STM32CubeIDE\plugins\com.st.stm32cube.common.mx_6.12.0.202406281431\\db\/plugins/boardmanager/
2024-11-07 16:54:32,613 [WARN] ApiDb:259 - Overriding images path with different value:  => C:\ST\STM32CubeIDE_1.16.0\STM32CubeIDE\plugins\com.st.stm32cube.common.mx_6.12.0.202406281431\\db\/plugins/mcufinder/images/
2024-11-07 16:54:32,626 [INFO] ApiDb:250 - Set database path to: C:\Users\admin\.stmcufinder\plugins\mcufinder//mcu/
2024-11-07 16:54:32,627 [INFO] DbMcusAds:125 - Set database path to: C:\Users\admin\.stmcufinder\plugins\mcufinder//mcu/
2024-11-07 16:54:32,629 [INFO] CrossReferenceDbSqlite:203 - Set database path to: C:\Users\admin\.stmcufinder\plugins\mcufinder//mcu/cs/
2024-11-07 16:54:32,746 [INFO] RulesReader:64 - Compatibility file has been processed (297 Rules)
2024-11-07 16:54:32,819 [INFO] DbMcusXml:78 - Set database path to: C:\ST\STM32CubeIDE_1.16.0\STM32CubeIDE\plugins\com.st.stm32cube.common.mx_6.12.0.202406281431\\db\/mcu/
2024-11-07 16:54:32,820 [INFO] ApiDb:274 - Set plugin database path to: C:\ST\STM32CubeIDE_1.16.0\STM32CubeIDE\plugins\com.st.stm32cube.common.mx_6.12.0.202406281431\\db\/plugins/boardmanager/
2024-11-07 16:54:32,820 [INFO] ApiDb:261 - Set plugin images path to: C:\ST\STM32CubeIDE_1.16.0\STM32CubeIDE\plugins\com.st.stm32cube.common.mx_6.12.0.202406281431\\db\/plugins/mcufinder/images/
2024-11-07 16:54:32,820 [WARN] DbFile:41 - Overriding database path with different value: C:\Users\admin\.stmcufinder\plugins\mcufinder/ => C:\Users\admin\.stmcufinder\plugins\mcufinder
2024-11-07 16:54:32,820 [INFO] ApiDb:250 - Set database path to: C:\Users\admin\.stmcufinder\plugins\mcufinder//mcu/
2024-11-07 16:54:32,820 [WARN] DbFile:41 - Overriding database path with different value: C:\Users\admin\.stmcufinder\plugins\mcufinder/ => C:\Users\admin\.stmcufinder\plugins\mcufinder
2024-11-07 16:54:32,820 [INFO] DbMcusAds:125 - Set database path to: C:\Users\admin\.stmcufinder\plugins\mcufinder//mcu/
2024-11-07 16:54:32,820 [WARN] DbFile:41 - Overriding database path with different value: C:\Users\admin\.stmcufinder\plugins\mcufinder/ => C:\Users\admin\.stmcufinder\plugins\mcufinder
2024-11-07 16:54:32,820 [WARN] DbFile:41 - Overriding database path with different value: C:\Users\admin\.stmcufinder\plugins\mcufinder/ => C:\Users\admin\.stmcufinder\plugins\mcufinder
2024-11-07 16:54:32,820 [INFO] CrossReferenceDbSqlite:203 - Set database path to: C:\Users\admin\.stmcufinder\plugins\mcufinder//mcu/cs/
2024-11-07 16:54:32,892 [INFO] MainPanel:268 - HeapMemory: 268435456
2024-11-07 16:54:32,986 [INFO] DbMcusXml:78 - Set database path to: C:\ST\STM32CubeIDE_1.16.0\STM32CubeIDE\plugins\com.st.stm32cube.common.mx_6.12.0.202406281431\\db\/mcu/
2024-11-07 16:54:32,986 [INFO] ApiDb:274 - Set plugin database path to: C:\ST\STM32CubeIDE_1.16.0\STM32CubeIDE\plugins\com.st.stm32cube.common.mx_6.12.0.202406281431\\db\/plugins/boardmanager/
2024-11-07 16:54:32,987 [INFO] ApiDb:261 - Set plugin images path to: C:\ST\STM32CubeIDE_1.16.0\STM32CubeIDE\plugins\com.st.stm32cube.common.mx_6.12.0.202406281431\\db\/plugins/mcufinder/images/
2024-11-07 16:54:32,987 [WARN] DbFile:41 - Overriding database path with different value: C:\Users\admin\.stmcufinder\plugins\mcufinder/ => C:\Users\admin\.stmcufinder\plugins\mcufinder
2024-11-07 16:54:32,987 [INFO] ApiDb:250 - Set database path to: C:\Users\admin\.stmcufinder\plugins\mcufinder//mcu/
2024-11-07 16:54:32,987 [WARN] DbFile:41 - Overriding database path with different value: C:\Users\admin\.stmcufinder\plugins\mcufinder/ => C:\Users\admin\.stmcufinder\plugins\mcufinder
2024-11-07 16:54:32,987 [INFO] DbMcusAds:125 - Set database path to: C:\Users\admin\.stmcufinder\plugins\mcufinder//mcu/
2024-11-07 16:54:32,987 [WARN] DbFile:41 - Overriding database path with different value: C:\Users\admin\.stmcufinder\plugins\mcufinder/ => C:\Users\admin\.stmcufinder\plugins\mcufinder
2024-11-07 16:54:32,987 [WARN] DbFile:41 - Overriding database path with different value: C:\Users\admin\.stmcufinder\plugins\mcufinder/ => C:\Users\admin\.stmcufinder\plugins\mcufinder
2024-11-07 16:54:32,987 [INFO] CrossReferenceDbSqlite:203 - Set database path to: C:\Users\admin\.stmcufinder\plugins\mcufinder//mcu/cs/
2024-11-07 16:54:33,002 [INFO] ApplicationProperties:184 - Using Application install path: C:\ST\STM32CubeIDE_1.16.0\STM32CubeIDE\plugins\com.st.stm32cube.common.mx_6.12.0.202406281431
2024-11-07 16:54:33,004 [INFO] PluginManage:196 - Search for loadable plugins [exclusion list=, ]
2024-11-07 16:54:33,004 [INFO] PluginManage:310 - Check plugin analytics
2024-11-07 16:54:33,174 [INFO] AnalyticsPlugin:253 - Accepted Software Licenses: STM32CubeMX.6.12.0
2024-11-07 16:54:33,175 [INFO] AnalyticsPlugin:255 - Accepted CMSIS Pack Licenses: 
2024-11-07 16:54:33,175 [INFO] AnalyticsPlugin:257 - Accepted Firmware Licenses: 
2024-11-07 16:54:33,177 [INFO] PluginManage:359 - Loaded plugin analytics (category:tool,tabindex:-1)
2024-11-07 16:54:33,178 [INFO] PluginManage:310 - Check plugin cadmodel
2024-11-07 16:54:33,192 [INFO] CADModel:105 - Init CAD model plugin
2024-11-07 16:54:33,192 [INFO] PluginManage:359 - Loaded plugin cadmodel (category:power,tabindex:5)
2024-11-07 16:54:33,193 [INFO] PluginManage:310 - Check plugin clock
2024-11-07 16:54:33,212 [INFO] PluginManage:359 - Loaded plugin clock (category:base,tabindex:2)
2024-11-07 16:54:33,212 [INFO] PluginManage:310 - Check plugin ddr
2024-11-07 16:54:33,215 [INFO] PluginManage:359 - Loaded plugin ddr (category:tool,tabindex:6)
2024-11-07 16:54:33,215 [INFO] PluginManage:310 - Check plugin filemanager
2024-11-07 16:54:33,369 [INFO] PluginManage:359 - Loaded plugin filemanager (category:base,tabindex:10)
2024-11-07 16:54:33,369 [INFO] PluginManage:310 - Check plugin ipmanager
2024-11-07 16:54:33,375 [INFO] PluginManage:359 - Loaded plugin ipmanager (category:base,tabindex:5)
2024-11-07 16:54:33,376 [INFO] PluginManage:310 - Check plugin lpbam
2024-11-07 16:54:33,392 [INFO] PluginManage:359 - Loaded plugin lpbam (category:base,tabindex:0)
2024-11-07 16:54:33,392 [INFO] PluginManage:310 - Check plugin memorymap
2024-11-07 16:54:33,414 [INFO] PluginManage:359 - Loaded plugin memorymap (category:base,tabindex:4)
2024-11-07 16:54:33,414 [INFO] PluginManage:310 - Check plugin pinoutandconfiguration
2024-11-07 16:54:33,429 [INFO] PluginManage:359 - Loaded plugin pinoutandconfiguration (category:base,tabindex:1)
2024-11-07 16:54:33,430 [INFO] PluginManage:310 - Check plugin pinoutconfig
2024-11-07 16:54:33,520 [WARN] SupportedApi:132 - Cannot load RTOS API schema: s4s-elt-must-match.1: The content of 'definitions' must match (annotation?, (simpleType | complexType)?, (unique | key | keyref)*)). A problem was found starting at: attribute.
2024-11-07 16:54:33,651 [INFO] PluginManage:359 - Loaded plugin pinoutconfig (category:base,tabindex:0)
2024-11-07 16:54:33,651 [INFO] PluginManage:310 - Check plugin power
2024-11-07 16:54:33,669 [INFO] PluginManage:359 - Loaded plugin power (category:power,tabindex:4)
2024-11-07 16:54:33,669 [INFO] PluginManage:310 - Check plugin projectmanager
2024-11-07 16:54:33,683 [INFO] PluginManage:359 - Loaded plugin projectmanager (category:projectmanager,tabindex:4)
2024-11-07 16:54:33,683 [INFO] PluginManage:310 - Check plugin rif
2024-11-07 16:54:33,698 [INFO] PluginManage:359 - Loaded plugin rif (category:base,tabindex:3)
2024-11-07 16:54:33,698 [INFO] PluginManage:310 - Check plugin thirdparty
2024-11-07 16:54:33,944 [WARN] IntegrityCheckThread:84 - waiting for thirdparty lock release [integrity check]
2024-11-07 16:54:33,945 [INFO] IntegrityCheckThread:86 - entering critical section [integrity check]
2024-11-07 16:54:33,946 [INFO] ThirdPartyUpdaterWithRetryManager:70 - Updater plugin not ready yet. [1/15]
2024-11-07 16:54:33,946 [INFO] PluginManage:359 - Loaded plugin thirdparty (category:base,tabindex:-1)
2024-11-07 16:54:33,946 [INFO] PluginManage:310 - Check plugin tools
2024-11-07 16:54:33,977 [INFO] PluginManage:359 - Loaded plugin tools (category:base,tabindex:7)
2024-11-07 16:54:33,977 [INFO] PluginManage:310 - Check plugin tutovideos
2024-11-07 16:54:34,169 [INFO] PluginManage:359 - Loaded plugin tutovideos (category:base,tabindex:-1)
2024-11-07 16:54:34,169 [INFO] PluginManage:310 - Check plugin updater
2024-11-07 16:54:34,186 [INFO] PluginManage:359 - Loaded plugin updater (category:base,tabindex:12)
2024-11-07 16:54:34,186 [INFO] PluginManage:310 - Check plugin userauth
2024-11-07 16:54:34,194 [INFO] UserAuth:113 - Init User Auth plugin
2024-11-07 16:54:34,194 [INFO] PluginManage:359 - Loaded plugin userauth (category:base,tabindex:14)
2024-11-07 16:54:34,195 [INFO] PluginManage:283 - PluginManage : Loaded plugins [18]
2024-11-07 16:54:34,391 [INFO] PinOutPanel:1561 - setPackage(No Configuration,No Configuration)
2024-11-07 16:54:34,466 [INFO] CADModel:165 - CPN selected for project level
2024-11-07 16:54:34,466 [INFO] CADModel:114 - Register for checkConnection events
2024-11-07 16:54:34,490 [INFO] IPUIPlugin:80 - create IPUIPlugin
2024-11-07 16:54:34,490 [INFO] PluginManager:220 - loadIPPluginJar : add adc
2024-11-07 16:54:34,521 [INFO] IPUIPlugin:80 - create IPUIPlugin
2024-11-07 16:54:34,521 [INFO] PluginManager:220 - loadIPPluginJar : add aes
2024-11-07 16:54:34,558 [INFO] IPUIPlugin:80 - create IPUIPlugin
2024-11-07 16:54:34,558 [INFO] PluginManager:220 - loadIPPluginJar : add can
2024-11-07 16:54:34,580 [INFO] IPUIPlugin:80 - create IPUIPlugin
2024-11-07 16:54:34,580 [INFO] PluginManager:220 - loadIPPluginJar : add comp
2024-11-07 16:54:34,610 [INFO] IPUIPlugin:80 - create IPUIPlugin
2024-11-07 16:54:34,610 [INFO] PluginManager:220 - loadIPPluginJar : add cryp
2024-11-07 16:54:34,621 [INFO] IPUIPlugin:80 - create IPUIPlugin
2024-11-07 16:54:34,621 [INFO] PluginManager:220 - loadIPPluginJar : add ddr_ctrl_phy
2024-11-07 16:54:34,648 [INFO] IPUIPlugin:80 - create IPUIPlugin
2024-11-07 16:54:34,648 [INFO] PluginManager:220 - loadIPPluginJar : add dfsdm
2024-11-07 16:54:34,661 [INFO] IPUIPlugin:80 - create IPUIPlugin
2024-11-07 16:54:34,661 [INFO] PluginManager:220 - loadIPPluginJar : add dma
2024-11-07 16:54:34,699 [INFO] IPUIPlugin:80 - create IPUIPlugin
2024-11-07 16:54:34,700 [INFO] PluginManager:220 - loadIPPluginJar : add dma3
2024-11-07 16:54:34,740 [INFO] IPUIPlugin:80 - create IPUIPlugin
2024-11-07 16:54:34,740 [INFO] PluginManager:220 - loadIPPluginJar : add extmemmanager
2024-11-07 16:54:34,758 [INFO] IPUIPlugin:80 - create IPUIPlugin
2024-11-07 16:54:34,758 [INFO] PluginManager:220 - loadIPPluginJar : add fatfs
2024-11-07 16:54:34,801 [INFO] IPUIPlugin:80 - create IPUIPlugin
2024-11-07 16:54:34,803 [INFO] PluginManager:220 - loadIPPluginJar : add fmc
2024-11-07 16:54:34,816 [INFO] IPUIPlugin:80 - create IPUIPlugin
2024-11-07 16:54:34,816 [INFO] PluginManager:220 - loadIPPluginJar : add freertos
2024-11-07 16:54:34,834 [INFO] IPUIPlugin:80 - create IPUIPlugin
2024-11-07 16:54:34,834 [INFO] PluginManager:220 - loadIPPluginJar : add genericplugin
2024-11-07 16:54:34,915 [INFO] IPUIPlugin:80 - create IPUIPlugin
2024-11-07 16:54:34,915 [INFO] PluginManager:220 - loadIPPluginJar : add gfxmmu
2024-11-07 16:54:35,032 [INFO] IPUIPlugin:80 - create IPUIPlugin
2024-11-07 16:54:35,032 [INFO] PluginManager:220 - loadIPPluginJar : add gic
2024-11-07 16:54:35,043 [INFO] IPUIPlugin:80 - create IPUIPlugin
2024-11-07 16:54:35,044 [INFO] PluginManager:220 - loadIPPluginJar : add gpio
2024-11-07 16:54:35,130 [INFO] IPUIPlugin:80 - create IPUIPlugin
2024-11-07 16:54:35,130 [INFO] PluginManager:220 - loadIPPluginJar : add gtzc
2024-11-07 16:54:35,158 [INFO] IPUIPlugin:80 - create IPUIPlugin
2024-11-07 16:54:35,158 [INFO] PluginManager:220 - loadIPPluginJar : add hash
2024-11-07 16:54:35,205 [INFO] IPUIPlugin:80 - create IPUIPlugin
2024-11-07 16:54:35,205 [INFO] PluginManager:220 - loadIPPluginJar : add i2c
2024-11-07 16:54:35,239 [INFO] IPUIPlugin:80 - create IPUIPlugin
2024-11-07 16:54:35,239 [INFO] PluginManager:220 - loadIPPluginJar : add i2s
2024-11-07 16:54:35,276 [INFO] IPUIPlugin:80 - create IPUIPlugin
2024-11-07 16:54:35,276 [INFO] PluginManager:220 - loadIPPluginJar : add i3c
2024-11-07 16:54:35,375 [INFO] IPUIPlugin:80 - create IPUIPlugin
2024-11-07 16:54:35,375 [INFO] PluginManager:220 - loadIPPluginJar : add ipddr
2024-11-07 16:54:35,457 [INFO] IPUIPlugin:80 - create IPUIPlugin
2024-11-07 16:54:35,458 [INFO] PluginManager:220 - loadIPPluginJar : add linkedlist
2024-11-07 16:54:35,489 [INFO] IPUIPlugin:80 - create IPUIPlugin
2024-11-07 16:54:35,489 [INFO] PluginManager:220 - loadIPPluginJar : add lorawan
2024-11-07 16:54:35,521 [INFO] IPUIPlugin:80 - create IPUIPlugin
2024-11-07 16:54:35,521 [INFO] PluginManager:220 - loadIPPluginJar : add ltdc
2024-11-07 16:54:35,532 [INFO] IPUIPlugin:80 - create IPUIPlugin
2024-11-07 16:54:35,532 [INFO] PluginManager:220 - loadIPPluginJar : add mdma
2024-11-07 16:54:35,543 [INFO] IPUIPlugin:80 - create IPUIPlugin
2024-11-07 16:54:35,543 [INFO] PluginManager:220 - loadIPPluginJar : add nvic
2024-11-07 16:54:35,577 [INFO] IPUIPlugin:80 - create IPUIPlugin
2024-11-07 16:54:35,577 [INFO] PluginManager:220 - loadIPPluginJar : add opamp
2024-11-07 16:54:35,630 [INFO] IPUIPlugin:80 - create IPUIPlugin
2024-11-07 16:54:35,630 [INFO] PluginManager:220 - loadIPPluginJar : add openamp
2024-11-07 16:54:35,667 [INFO] IPUIPlugin:80 - create IPUIPlugin
2024-11-07 16:54:35,668 [INFO] PluginManager:220 - loadIPPluginJar : add pdm2pcm
2024-11-07 16:54:35,680 [INFO] IPUIPlugin:80 - create IPUIPlugin
2024-11-07 16:54:35,682 [INFO] PluginManager:220 - loadIPPluginJar : add plateformsettings
2024-11-07 16:54:35,702 [INFO] IPUIPlugin:80 - create IPUIPlugin
2024-11-07 16:54:35,702 [INFO] PluginManager:220 - loadIPPluginJar : add quadspi
2024-11-07 16:54:35,728 [INFO] IPUIPlugin:80 - create IPUIPlugin
2024-11-07 16:54:35,729 [INFO] PluginManager:220 - loadIPPluginJar : add radio
2024-11-07 16:54:35,739 [INFO] IPUIPlugin:80 - create IPUIPlugin
2024-11-07 16:54:35,739 [INFO] PluginManager:220 - loadIPPluginJar : add resmgrutility
2024-11-07 16:54:35,783 [INFO] IPUIPlugin:80 - create IPUIPlugin
2024-11-07 16:54:35,783 [INFO] PluginManager:220 - loadIPPluginJar : add sai
2024-11-07 16:54:35,815 [INFO] IPUIPlugin:80 - create IPUIPlugin
2024-11-07 16:54:35,815 [INFO] PluginManager:220 - loadIPPluginJar : add spi
2024-11-07 16:54:35,887 [INFO] IPUIPlugin:80 - create IPUIPlugin
2024-11-07 16:54:35,887 [INFO] PluginManager:220 - loadIPPluginJar : add stm32_wpan
2024-11-07 16:54:35,907 [INFO] IPUIPlugin:80 - create IPUIPlugin
2024-11-07 16:54:35,907 [INFO] PluginManager:220 - loadIPPluginJar : add tim
2024-11-07 16:54:35,963 [INFO] IPUIPlugin:80 - create IPUIPlugin
2024-11-07 16:54:35,963 [INFO] PluginManager:220 - loadIPPluginJar : add touchsensing
2024-11-07 16:54:35,983 [INFO] IPUIPlugin:80 - create IPUIPlugin
2024-11-07 16:54:35,983 [INFO] PluginManager:220 - loadIPPluginJar : add tracer_emb
2024-11-07 16:54:36,005 [INFO] IPUIPlugin:80 - create IPUIPlugin
2024-11-07 16:54:36,005 [INFO] PluginManager:220 - loadIPPluginJar : add ts
2024-11-07 16:54:36,024 [INFO] IPUIPlugin:80 - create IPUIPlugin
2024-11-07 16:54:36,024 [INFO] PluginManager:220 - loadIPPluginJar : add tsc
2024-11-07 16:54:36,043 [INFO] IPUIPlugin:80 - create IPUIPlugin
2024-11-07 16:54:36,043 [INFO] PluginManager:220 - loadIPPluginJar : add ucpd
2024-11-07 16:54:36,084 [INFO] IPUIPlugin:80 - create IPUIPlugin
2024-11-07 16:54:36,084 [INFO] PluginManager:220 - loadIPPluginJar : add usart
2024-11-07 16:54:36,124 [INFO] IPUIPlugin:80 - create IPUIPlugin
2024-11-07 16:54:36,124 [INFO] PluginManager:220 - loadIPPluginJar : add usbx
2024-11-07 16:54:36,244 [INFO] CADModel:165 - CPN selected for project level
2024-11-07 16:54:36,244 [INFO] CADModel:114 - Register for checkConnection events
2024-11-07 16:54:36,244 [FATAL] Updater:334 - Updater called before beeing initialized
2024-11-07 16:54:36,244 [ERROR] CADModel:125 - Updater not yet initialized, retry later 
2024-11-07 16:54:36,385 [INFO] CADModel:165 - CPN selected for project level
2024-11-07 16:54:36,385 [INFO] CADModel:114 - Register for checkConnection events
2024-11-07 16:54:36,385 [FATAL] Updater:334 - Updater called before beeing initialized
2024-11-07 16:54:36,385 [ERROR] CADModel:125 - Updater not yet initialized, retry later 
2024-11-07 16:54:36,388 [FATAL] Updater:334 - Updater called before beeing initialized
2024-11-07 16:54:36,477 [FATAL] Updater:334 - Updater called before beeing initialized
2024-11-07 16:54:36,486 [INFO] DbMcusAds:53 - JSON generation date=Fri Sep 20 21:04:23 CST 2024 (1726837463113)
2024-11-07 16:54:36,486 [FATAL] Updater:334 - Updater called before beeing initialized
2024-11-07 16:54:36,522 [WARN] DetailPanel:346 - Failed to get advertising image, set to default
2024-11-07 16:54:36,597 [FATAL] Updater:334 - Updater called before beeing initialized
2024-11-07 16:54:36,598 [FATAL] Updater:334 - Updater called before beeing initialized
2024-11-07 16:54:36,599 [FATAL] Updater:334 - Updater called before beeing initialized
2024-11-07 16:54:36,599 [WARN] DetailPanel:346 - Failed to get advertising image, set to default
2024-11-07 16:54:36,599 [FATAL] Updater:334 - Updater called before beeing initialized
2024-11-07 16:54:36,655 [ERROR] Updater:1164 - MainUpdater not yet initialized. External WinMGr cannot be set.
2024-11-07 16:54:36,664 [INFO] Updater:1100 - Updater Version found : 6.12.0
2024-11-07 16:54:36,680 [INFO] ApplicationProperties:184 - Using Application install path: C:\ST\STM32CubeIDE_1.16.0\STM32CubeIDE\plugins\com.st.stm32cube.common.mx_6.12.0.202406281431
2024-11-07 16:54:36,946 [INFO] ThirdPartyUpdaterWithRetryManager:70 - Updater plugin not ready yet. [2/15]
2024-11-07 16:54:38,258 [ERROR] LogOutputStream:75 - [STDERR_REDIRECT] Nov 07, 2024 4:54:38 PM java.util.prefs.WindowsPreferences <init>
2024-11-07 16:54:38,259 [ERROR] LogOutputStream:75 - [STDERR_REDIRECT] WARNING: Could not open/create prefs root node Software\JavaSoft\Prefs at root 0xffffffff80000002. Windows RegCreateKeyEx(...) returned error code 5.
2024-11-07 16:54:38,260 [ERROR] LogOutputStream:75 - [STDERR_REDIRECT] 
2024-11-07 16:54:38,546 [INFO] MainUpdater:2873 - connection check result : 10
2024-11-07 16:54:38,547 [INFO] MainUpdater:290 - Updater Check For Update Now.
2024-11-07 16:54:38,551 [INFO] MicroXplorer:498 - Change Database Version : DB.6.0.120
2024-11-07 16:54:38,567 [INFO] McuFinderGlobals:63 - Set McuFinder mode to 2 (CubeIDE integrated)
2024-11-07 16:54:38,572 [INFO] UserAuth:417 - Internet connection configuration mode: 1
2024-11-07 16:54:38,598 [INFO] JxBrowserEngine:152 - Initiate JxBrowser Engine with user profile folder
2024-11-07 16:54:38,780 [INFO] CheckServerUpdateThread:120 - End of CheckServer Thread
2024-11-07 16:54:40,149 [WARN] PackLoader:240 - Cannot read IP mode file for STMicroelectronics.FP-SNS-MOTENVWB1.1.4.0
2024-11-07 16:54:40,168 [WARN] PackLoader:240 - Cannot read IP mode file for STMicroelectronics.X-CUBE-SMBUS.2.1.0
2024-11-07 16:54:40,186 [WARN] PackLoader:240 - Cannot read IP mode file for STMicroelectronics.X-CUBE-WB05N.1.1.0
2024-11-07 16:54:40,221 [WARN] PackLoader:240 - Cannot read IP mode file for STMicroelectronics.X-CUBE-AZRTOS-F7.1.1.0
2024-11-07 16:54:40,292 [WARN] PackLoader:240 - Cannot read IP mode file for STMicroelectronics.X-CUBE-MEMS1.11.0.0
2024-11-07 16:54:40,443 [WARN] PackLoader:240 - Cannot read IP mode file for STMicroelectronics.FP-SNS-FLIGHT1.5.0.2
2024-11-07 16:54:40,457 [WARN] PackLoader:240 - Cannot read IP mode file for STMicroelectronics.X-CUBE-DISPLAY.3.0.0
2024-11-07 16:54:40,472 [WARN] PackLoader:240 - Cannot read IP mode file for STMicroelectronics.X-CUBE-BLE1.7.0.0
2024-11-07 16:54:40,485 [WARN] PackLoader:240 - Cannot read IP mode file for STMicroelectronics.X-CUBE-NFC10.1.0.0
2024-11-07 16:54:40,497 [WARN] PackLoader:240 - Cannot read IP mode file for emotas.I-CUBE-CANOPEN.1.3.0
2024-11-07 16:54:40,513 [WARN] PackLoader:240 - Cannot read IP mode file for STMicroelectronics.X-CUBE-BLEMGR.3.1.0
2024-11-07 16:54:40,528 [WARN] PackLoader:240 - Cannot read IP mode file for STMicroelectronics.FP-SNS-SMARTAG2.1.2.0
2024-11-07 16:54:40,545 [INFO] LogOutputStream:77 - [STDOUT_REDIRECT] 1 : Invalid condition id : UX_CORESTACK_Condition cause : null
2024-11-07 16:54:40,546 [INFO] LogOutputStream:77 - [STDOUT_REDIRECT] 1 : Invalid condition id : UX_CORESTACK_Condition cause : null
2024-11-07 16:54:40,547 [INFO] LogOutputStream:77 - [STDOUT_REDIRECT] 1 : Invalid condition id : UX_CORESTACK_Condition cause : null
2024-11-07 16:54:40,548 [INFO] LogOutputStream:77 - [STDOUT_REDIRECT] 1 : Invalid condition id : UX_CORESTACK_Condition cause : null
2024-11-07 16:54:40,549 [INFO] LogOutputStream:77 - [STDOUT_REDIRECT] 1 : Invalid condition id : UX_CORESTACK_Condition cause : null
2024-11-07 16:54:40,551 [WARN] PackLoader:240 - Cannot read IP mode file for STMicroelectronics.X-CUBE-AZRTOS-WL.2.0.0
2024-11-07 16:54:40,564 [WARN] PackLoader:240 - Cannot read IP mode file for STMicroelectronics.FP-SNS-MOTENV1.5.0.0
2024-11-07 16:54:40,575 [WARN] PackLoader:240 - Cannot read IP mode file for wolfSSL.I-CUBE-wolfMQTT.1.19.0
2024-11-07 16:54:40,589 [WARN] PackLoader:240 - Cannot read IP mode file for WES.I-CUBE-Cesium.1.3.0
2024-11-07 16:54:40,601 [WARN] PackLoader:240 - Cannot read IP mode file for STMicroelectronics.X-CUBE-BLE2.3.3.0
2024-11-07 16:54:40,616 [WARN] PackLoader:240 - Cannot read IP mode file for STMicroelectronics.X-CUBE-NFC9.1.0.0
2024-11-07 16:54:40,629 [WARN] PackLoader:240 - Cannot read IP mode file for STMicroelectronics.X-CUBE-TCPP.4.1.0
2024-11-07 16:54:40,661 [WARN] PackLoader:240 - Cannot read IP mode file for STMicroelectronics.X-CUBE-AZRTOS-G0.1.1.0
2024-11-07 16:54:40,687 [WARN] PackLoader:240 - Cannot read IP mode file for STMicroelectronics.X-CUBE-SAFEA1.1.2.2
2024-11-07 16:54:40,708 [WARN] PackLoader:240 - Cannot read IP mode file for STMicroelectronics.X-CUBE-NFC4.3.0.0
2024-11-07 16:54:40,746 [WARN] PackLoader:240 - Cannot read IP mode file for EmbeddedOffice.I-CUBE-FS-RTOS.1.0.1
2024-11-07 16:54:40,747 [ERROR] ConditionMgr:805 - Attr not supported : Dmpu
2024-11-07 16:54:40,747 [ERROR] ConditionMgr:805 - Attr not supported : Dmpu
2024-11-07 16:54:40,747 [ERROR] ConditionMgr:805 - Attr not supported : Dmpu
2024-11-07 16:54:40,747 [ERROR] ConditionMgr:805 - Attr not supported : Dmpu
2024-11-07 16:54:40,747 [ERROR] ConditionMgr:805 - Attr not supported : Dmpu
2024-11-07 16:54:40,747 [ERROR] ConditionMgr:805 - Attr not supported : Dmpu
2024-11-07 16:54:40,747 [ERROR] ConditionMgr:805 - Attr not supported : Dmpu
2024-11-07 16:54:40,747 [ERROR] ConditionMgr:805 - Attr not supported : Dmpu
2024-11-07 16:54:40,747 [ERROR] ConditionMgr:805 - Attr not supported : Dmpu
2024-11-07 16:54:40,748 [ERROR] ConditionMgr:805 - Attr not supported : Dmpu
2024-11-07 16:54:40,748 [ERROR] ConditionMgr:805 - Attr not supported : Dmpu
2024-11-07 16:54:40,748 [ERROR] ConditionMgr:805 - Attr not supported : Dmpu
2024-11-07 16:54:40,748 [ERROR] ConditionMgr:805 - Attr not supported : Dmpu
2024-11-07 16:54:40,748 [ERROR] ConditionMgr:805 - Attr not supported : Dmpu
2024-11-07 16:54:40,748 [ERROR] ConditionMgr:805 - Attr not supported : Dmpu
2024-11-07 16:54:40,748 [ERROR] ConditionMgr:805 - Attr not supported : Dmpu
2024-11-07 16:54:40,748 [ERROR] ConditionMgr:805 - Attr not supported : Dmpu
2024-11-07 16:54:40,748 [ERROR] ConditionMgr:805 - Attr not supported : Dmpu
2024-11-07 16:54:40,748 [ERROR] ConditionMgr:805 - Attr not supported : Dmpu
2024-11-07 16:54:40,748 [ERROR] ConditionMgr:805 - Attr not supported : Dmpu
2024-11-07 16:54:40,749 [ERROR] ConditionMgr:805 - Attr not supported : Dmpu
2024-11-07 16:54:40,749 [ERROR] ConditionMgr:805 - Attr not supported : Dmpu
2024-11-07 16:54:40,749 [ERROR] ConditionMgr:805 - Attr not supported : Dmpu
2024-11-07 16:54:40,749 [ERROR] ConditionMgr:805 - Attr not supported : Dmpu
2024-11-07 16:54:40,749 [ERROR] ConditionMgr:805 - Attr not supported : Dmpu
2024-11-07 16:54:40,749 [ERROR] ConditionMgr:805 - Attr not supported : Dmpu
2024-11-07 16:54:40,749 [ERROR] ConditionMgr:805 - Attr not supported : Dmpu
2024-11-07 16:54:40,749 [ERROR] ConditionMgr:805 - Attr not supported : Dmpu
2024-11-07 16:54:40,749 [ERROR] ConditionMgr:805 - Attr not supported : Dmpu
2024-11-07 16:54:40,749 [ERROR] ConditionMgr:805 - Attr not supported : Dmpu
2024-11-07 16:54:40,749 [ERROR] ConditionMgr:805 - Attr not supported : Dmpu
2024-11-07 16:54:40,749 [ERROR] ConditionMgr:805 - Attr not supported : Dmpu
2024-11-07 16:54:40,750 [ERROR] ConditionMgr:805 - Attr not supported : Dmpu
2024-11-07 16:54:40,750 [ERROR] ConditionMgr:805 - Attr not supported : Dmpu
2024-11-07 16:54:40,750 [ERROR] ConditionMgr:805 - Attr not supported : Dmpu
2024-11-07 16:54:40,750 [ERROR] ConditionMgr:805 - Attr not supported : Dmpu
2024-11-07 16:54:40,750 [ERROR] ConditionMgr:805 - Attr not supported : Dmpu
2024-11-07 16:54:40,750 [ERROR] ConditionMgr:805 - Attr not supported : Dmpu
2024-11-07 16:54:40,750 [ERROR] ConditionMgr:805 - Attr not supported : Dmpu
2024-11-07 16:54:40,750 [ERROR] ConditionMgr:805 - Attr not supported : Dmpu
2024-11-07 16:54:40,750 [ERROR] ConditionMgr:805 - Attr not supported : Dmpu
2024-11-07 16:54:40,752 [ERROR] ConditionMgr:805 - Attr not supported : Dmpu
2024-11-07 16:54:40,752 [ERROR] ConditionMgr:805 - Attr not supported : Dmpu
2024-11-07 16:54:40,752 [ERROR] ConditionMgr:805 - Attr not supported : Dmpu
2024-11-07 16:54:40,752 [ERROR] ConditionMgr:805 - Attr not supported : Dmpu
2024-11-07 16:54:40,752 [ERROR] ConditionMgr:805 - Attr not supported : Dmpu
2024-11-07 16:54:40,752 [ERROR] ConditionMgr:805 - Attr not supported : Dmpu
2024-11-07 16:54:40,752 [ERROR] ConditionMgr:805 - Attr not supported : Dmpu
2024-11-07 16:54:40,752 [ERROR] ConditionMgr:805 - Attr not supported : Dmpu
2024-11-07 16:54:40,753 [ERROR] ConditionMgr:805 - Attr not supported : Dmpu
2024-11-07 16:54:40,753 [ERROR] ConditionMgr:805 - Attr not supported : Dmpu
2024-11-07 16:54:40,753 [ERROR] ConditionMgr:805 - Attr not supported : Dmpu
2024-11-07 16:54:40,753 [ERROR] ConditionMgr:805 - Attr not supported : Dmpu
2024-11-07 16:54:40,753 [ERROR] ConditionMgr:805 - Attr not supported : Dmpu
2024-11-07 16:54:40,753 [ERROR] ConditionMgr:805 - Attr not supported : Dmpu
2024-11-07 16:54:40,753 [ERROR] ConditionMgr:805 - Attr not supported : Dmpu
2024-11-07 16:54:40,753 [ERROR] ConditionMgr:805 - Attr not supported : Dmpu
2024-11-07 16:54:40,753 [ERROR] ConditionMgr:805 - Attr not supported : Dmpu
2024-11-07 16:54:40,753 [ERROR] ConditionMgr:805 - Attr not supported : Dmpu
2024-11-07 16:54:40,754 [ERROR] ConditionMgr:805 - Attr not supported : Dmpu
2024-11-07 16:54:40,754 [ERROR] ConditionMgr:805 - Attr not supported : Dmpu
2024-11-07 16:54:40,754 [ERROR] ConditionMgr:805 - Attr not supported : Dmpu
2024-11-07 16:54:40,754 [ERROR] ConditionMgr:805 - Attr not supported : Dmpu
2024-11-07 16:54:40,754 [ERROR] ConditionMgr:805 - Attr not supported : Dmpu
2024-11-07 16:54:40,771 [WARN] PackLoader:240 - Cannot read IP mode file for RealThread.X-CUBE-RT-Thread_Nano.4.1.1
2024-11-07 16:54:40,786 [WARN] PackLoader:240 - Cannot read IP mode file for STMicroelectronics.FP-ATR-SIGFOX1.3.2.0
2024-11-07 16:54:40,799 [WARN] PackLoader:240 - Cannot read IP mode file for wolfSSL.I-CUBE-wolfSSL.5.7.2
2024-11-07 16:54:40,813 [WARN] PackLoader:240 - Cannot read IP mode file for STMicroelectronics.X-CUBE-EEPRMA1.5.1.0
2024-11-07 16:54:40,832 [WARN] PackLoader:240 - Cannot read IP mode file for ITTIA_DB.I-CUBE-ITTIADB.8.9.0
2024-11-07 16:54:40,869 [WARN] PackLoader:240 - Cannot read IP mode file for SEGGER.I-CUBE-embOS.1.3.1
2024-11-07 16:54:40,908 [WARN] PackLoader:240 - Cannot read IP mode file for STMicroelectronics.X-CUBE-ALGOBUILD.1.4.0
2024-11-07 16:54:40,920 [WARN] PackLoader:240 - Cannot read IP mode file for STMicroelectronics.X-CUBE-AI.9.1.0
2024-11-07 16:54:40,932 [WARN] PackLoader:240 - Cannot read IP mode file for STMicroelectronics.X-CUBE-GNSS1.6.0.0
2024-11-07 16:54:40,956 [WARN] PackLoader:240 - Cannot read IP mode file for STMicroelectronics.X-CUBE-AZRTOS-F4.1.1.0
2024-11-07 16:54:40,969 [WARN] PackLoader:240 - Cannot read IP mode file for STMicroelectronics.X-CUBE-ISPU.2.1.0
2024-11-07 16:54:40,980 [WARN] PackLoader:240 - Cannot read IP mode file for STMicroelectronics.X-CUBE-FREERTOS.1.2.0
2024-11-07 16:54:41,013 [WARN] PackLoader:240 - Cannot read IP mode file for STMicroelectronics.X-CUBE-AZRTOS-L5.2.0.0
2024-11-07 16:54:41,029 [WARN] PackLoader:240 - Cannot read IP mode file for STMicroelectronics.X-CUBE-NFC6.3.1.0
2024-11-07 16:54:41,045 [WARN] PackLoader:240 - Cannot read IP mode file for STMicroelectronics.X-CUBE-DPower.1.2.0
2024-11-07 16:54:41,057 [WARN] PackLoader:240 - Cannot read IP mode file for STMicroelectronics.X-CUBE-AI.9.0.0
2024-11-07 16:54:41,068 [WARN] PackLoader:240 - Cannot read IP mode file for STMicroelectronics.X-CUBE-NFC7.1.0.1
2024-11-07 16:54:41,080 [WARN] PackLoader:240 - Cannot read IP mode file for wolfSSL.I-CUBE-wolfTPM.3.2.0
2024-11-07 16:54:41,105 [WARN] ConditionMgr:438 - getConditionDescription Invalid condition id : LAN8742 Phy interface Condition cause : null
2024-11-07 16:54:41,106 [WARN] PackLoader:240 - Cannot read IP mode file for STMicroelectronics.X-CUBE-AZRTOS-L4.2.0.0
2024-11-07 16:54:41,107 [WARN] ConditionMgr:1039 - genDependencies : Invalid condition id : LAN8742 Phy interface Condition cause : null
2024-11-07 16:54:41,107 [WARN] ConditionMgr:1039 - genDependencies : Invalid condition id : LAN8742 Phy interface Condition cause : null
2024-11-07 16:54:41,107 [WARN] ConditionMgr:1039 - genDependencies : Invalid condition id : LAN8742 Phy interface Condition cause : null
2024-11-07 16:54:41,120 [WARN] PackLoader:240 - Cannot read IP mode file for STMicroelectronics.X-CUBE-SFXS2LP1.4.0.0
2024-11-07 16:54:41,149 [WARN] PackLoader:240 - Cannot read IP mode file for STMicroelectronics.X-CUBE-AZRTOS-H7.3.3.0
2024-11-07 16:54:41,169 [WARN] PackLoader:240 - Cannot read IP mode file for STMicroelectronics.X-CUBE-IPS.3.0.0
2024-11-07 16:54:41,193 [WARN] ConditionMgr:438 - getConditionDescription Invalid condition id : UX DEVICE CLASS RTOS Condition cause : null
2024-11-07 16:54:41,194 [WARN] ConditionMgr:438 - getConditionDescription Invalid condition id : UX DEVICE CLASS RTOS Condition cause : null
2024-11-07 16:54:41,195 [WARN] PackLoader:240 - Cannot read IP mode file for STMicroelectronics.X-CUBE-AZRTOS-WB.2.0.0
2024-11-07 16:54:41,196 [WARN] ConditionMgr:1039 - genDependencies : Invalid condition id : UX DEVICE CLASS RTOS Condition cause : null
2024-11-07 16:54:41,196 [WARN] ConditionMgr:1039 - genDependencies : Invalid condition id : UX DEVICE CLASS RTOS Condition cause : null
2024-11-07 16:54:41,196 [WARN] ConditionMgr:1039 - genDependencies : Invalid condition id : UX DEVICE CLASS RTOS Condition cause : null
2024-11-07 16:54:41,196 [WARN] ConditionMgr:1039 - genDependencies : Invalid condition id : UX DEVICE CLASS RTOS Condition cause : null
2024-11-07 16:54:41,196 [WARN] ConditionMgr:1039 - genDependencies : Invalid condition id : UX DEVICE CLASS RTOS Condition cause : null
2024-11-07 16:54:41,208 [WARN] PackLoader:240 - Cannot read IP mode file for STMicroelectronics.X-CUBE-GNSS1.7.0.0
2024-11-07 16:54:41,222 [WARN] PackLoader:240 - Cannot read IP mode file for STMicroelectronics.FP-SNS-STBOX1.2.0.0
2024-11-07 16:54:41,240 [WARN] PackLoader:240 - Cannot read IP mode file for STMicroelectronics.X-CUBE-SUBG2.5.0.0
2024-11-07 16:54:41,254 [WARN] PackLoader:240 - Cannot read IP mode file for Cesanta.I-CUBE-Mongoose.7.13.0
2024-11-07 16:54:41,276 [WARN] PackLoader:240 - Cannot read IP mode file for STMicroelectronics.X-CUBE-AZRTOS-G4.2.0.0
2024-11-07 16:54:41,287 [WARN] PackLoader:240 - Cannot read IP mode file for STMicroelectronics.X-CUBE-ISPU.2.0.0
2024-11-07 16:54:41,297 [WARN] PackLoader:240 - Cannot read IP mode file for STMicroelectronics.X-CUBE-ALS.1.0.2
2024-11-07 16:54:41,353 [WARN] PackLoader:240 - Cannot read IP mode file for STMicroelectronics.X-CUBE-MEMS1.10.0.0
2024-11-07 16:54:41,498 [WARN] PackLoader:240 - Cannot read IP mode file for STMicroelectronics.X-CUBE-TOUCHGFX.4.24.0
2024-11-07 16:54:41,507 [WARN] PackLoader:240 - Cannot read IP mode file for STMicroelectronics.X-CUBE-TOUCHGFX.4.24.1
2024-11-07 16:54:41,521 [WARN] PackLoader:240 - Cannot read IP mode file for portGmbH.I-Cube-SoM-uGOAL.1.1.0
2024-11-07 16:54:41,546 [WARN] PackLoader:240 - Cannot read IP mode file for STMicroelectronics.X-CUBE-AZRTOS-H7RS.1.0.0
2024-11-07 16:54:41,558 [WARN] PackLoader:240 - Cannot read IP mode file for STMicroelectronics.FP-ATR-ASTRA1.2.0.0
2024-11-07 16:54:41,574 [WARN] PackLoader:240 - Cannot read IP mode file for STMicroelectronics.X-CUBE-TOF1.3.4.2
2024-11-07 16:54:41,608 [WARN] PackLoader:240 - Cannot read IP mode file for STMicroelectronics.X-CUBE-AZRTOS-H7.3.2.0
2024-11-07 16:54:41,678 [WARN] PackLoader:240 - Cannot read IP mode file for Infineon.AIROC-Wi-Fi-Bluetooth-STM32.1.6.0
2024-11-07 16:54:41,692 [WARN] PackLoader:240 - Cannot read IP mode file for wolfSSL.I-CUBE-wolfSSH.1.4.17
2024-11-07 16:54:41,693 [INFO] ThirdParty:978 - Integrity check success = true
2024-11-07 16:54:41,694 [INFO] IntegrityCheckThread:100 - exiting critical section [integrity check]
2024-11-07 16:54:41,694 [INFO] IntegrityCheckThread:103 - End integrity checks thread
2024-11-07 16:54:45,214 [INFO] WebApp:167 - Instantiating new browser for Auth
2024-11-07 16:54:46,307 [INFO] WebApp:448 - Apply proxy settings
2024-11-07 16:54:46,307 [INFO] WebApp:533 - Chromium requires no authentication
2024-11-07 16:54:46,316 [INFO] WebApp:476 - Direct internet connection detected
2024-11-07 16:54:46,349 [INFO] WebApp:869 - Register for checkConnection events
2024-11-07 16:54:46,349 [INFO] WebApp:448 - Apply proxy settings
2024-11-07 16:54:46,349 [INFO] WebApp:533 - Chromium requires no authentication
2024-11-07 16:54:46,350 [INFO] WebApp:476 - Direct internet connection detected
2024-11-07 16:54:46,497 [INFO] WebApp:186 - Connection restablished
2024-11-07 16:54:46,579 [INFO] WebApp:220 - Starting web application
2024-11-07 16:54:46,579 [INFO] WebApp:578 - Web application path used C:\ST\STM32CubeIDE_1.16.0\STM32CubeIDE\plugins\com.st.stm32cube.common.mx_6.12.0.202406281431\db\plugins\mcufinder\reactClient1\index.html
2024-11-07 16:54:46,774 [INFO] UserAuth:417 - Internet connection configuration mode: 1
2024-11-07 17:56:26,600 [ERROR] LogOutputStream:75 - [STDERR_REDIRECT] 
2024-11-07 17:56:26,601 [ERROR] LogOutputStream:75 - [STDERR_REDIRECT] 
