2024-08-10 00:25:13,711 [INFO] WebApp:388 - JxBrowser engine has been closed 
2024-08-10 21:46:32,705 [INFO] Activator:176 - 


2024-08-10 21:46:32,707 [INFO] Activator:177 - !SESSION log4j initialized
2024-08-10 21:46:39,941 [INFO] LogOutputStream:77 - [STDOUT_REDIRECT] 
2024-08-10 21:46:42,400 [INFO] ApplicationProperties:184 - Using Application install path: C:\ST\STM32CubeIDE_1.16.0\STM32CubeIDE\plugins\com.st.stm32cube.common.mx_6.12.0.202406281431
2024-08-10 21:46:42,419 [INFO] DbMcusXml:78 - Set database path to: C:\ST\STM32CubeIDE_1.16.0\STM32CubeIDE\plugins\com.st.stm32cube.common.mx_6.12.0.202406281431\\db\/mcu/
2024-08-10 21:46:42,419 [INFO] ApiDb:274 - Set plugin database path to: C:\ST\STM32CubeIDE_1.16.0\STM32CubeIDE\plugins\com.st.stm32cube.common.mx_6.12.0.202406281431\\db\/plugins/boardmanager/
2024-08-10 21:46:42,419 [WARN] ApiDb:259 - Overriding images path with different value:  => C:\ST\STM32CubeIDE_1.16.0\STM32CubeIDE\plugins\com.st.stm32cube.common.mx_6.12.0.202406281431\\db\/plugins/mcufinder/images/
2024-08-10 21:46:42,434 [INFO] ApiDb:250 - Set database path to: C:\Users\admin\.stmcufinder\plugins\mcufinder//mcu/
2024-08-10 21:46:42,435 [INFO] DbMcusAds:125 - Set database path to: C:\Users\admin\.stmcufinder\plugins\mcufinder//mcu/
2024-08-10 21:46:42,438 [INFO] CrossReferenceDbSqlite:203 - Set database path to: C:\Users\admin\.stmcufinder\plugins\mcufinder//mcu/cs/
2024-08-10 21:46:42,571 [INFO] RulesReader:64 - Compatibility file has been processed (297 Rules)
2024-08-10 21:46:42,659 [INFO] DbMcusXml:78 - Set database path to: C:\ST\STM32CubeIDE_1.16.0\STM32CubeIDE\plugins\com.st.stm32cube.common.mx_6.12.0.202406281431\\db\/mcu/
2024-08-10 21:46:42,660 [INFO] ApiDb:274 - Set plugin database path to: C:\ST\STM32CubeIDE_1.16.0\STM32CubeIDE\plugins\com.st.stm32cube.common.mx_6.12.0.202406281431\\db\/plugins/boardmanager/
2024-08-10 21:46:42,660 [INFO] ApiDb:261 - Set plugin images path to: C:\ST\STM32CubeIDE_1.16.0\STM32CubeIDE\plugins\com.st.stm32cube.common.mx_6.12.0.202406281431\\db\/plugins/mcufinder/images/
2024-08-10 21:46:42,660 [WARN] DbFile:41 - Overriding database path with different value: C:\Users\admin\.stmcufinder\plugins\mcufinder/ => C:\Users\admin\.stmcufinder\plugins\mcufinder
2024-08-10 21:46:42,660 [INFO] ApiDb:250 - Set database path to: C:\Users\admin\.stmcufinder\plugins\mcufinder//mcu/
2024-08-10 21:46:42,660 [WARN] DbFile:41 - Overriding database path with different value: C:\Users\admin\.stmcufinder\plugins\mcufinder/ => C:\Users\admin\.stmcufinder\plugins\mcufinder
2024-08-10 21:46:42,660 [INFO] DbMcusAds:125 - Set database path to: C:\Users\admin\.stmcufinder\plugins\mcufinder//mcu/
2024-08-10 21:46:42,660 [WARN] DbFile:41 - Overriding database path with different value: C:\Users\admin\.stmcufinder\plugins\mcufinder/ => C:\Users\admin\.stmcufinder\plugins\mcufinder
2024-08-10 21:46:42,660 [WARN] DbFile:41 - Overriding database path with different value: C:\Users\admin\.stmcufinder\plugins\mcufinder/ => C:\Users\admin\.stmcufinder\plugins\mcufinder
2024-08-10 21:46:42,661 [INFO] CrossReferenceDbSqlite:203 - Set database path to: C:\Users\admin\.stmcufinder\plugins\mcufinder//mcu/cs/
2024-08-10 21:46:42,745 [INFO] MainPanel:268 - HeapMemory: 268435456
2024-08-10 21:46:42,851 [INFO] DbMcusXml:78 - Set database path to: C:\ST\STM32CubeIDE_1.16.0\STM32CubeIDE\plugins\com.st.stm32cube.common.mx_6.12.0.202406281431\\db\/mcu/
2024-08-10 21:46:42,851 [INFO] ApiDb:274 - Set plugin database path to: C:\ST\STM32CubeIDE_1.16.0\STM32CubeIDE\plugins\com.st.stm32cube.common.mx_6.12.0.202406281431\\db\/plugins/boardmanager/
2024-08-10 21:46:42,851 [INFO] ApiDb:261 - Set plugin images path to: C:\ST\STM32CubeIDE_1.16.0\STM32CubeIDE\plugins\com.st.stm32cube.common.mx_6.12.0.202406281431\\db\/plugins/mcufinder/images/
2024-08-10 21:46:42,852 [WARN] DbFile:41 - Overriding database path with different value: C:\Users\admin\.stmcufinder\plugins\mcufinder/ => C:\Users\admin\.stmcufinder\plugins\mcufinder
2024-08-10 21:46:42,852 [INFO] ApiDb:250 - Set database path to: C:\Users\admin\.stmcufinder\plugins\mcufinder//mcu/
2024-08-10 21:46:42,852 [WARN] DbFile:41 - Overriding database path with different value: C:\Users\admin\.stmcufinder\plugins\mcufinder/ => C:\Users\admin\.stmcufinder\plugins\mcufinder
2024-08-10 21:46:42,852 [INFO] DbMcusAds:125 - Set database path to: C:\Users\admin\.stmcufinder\plugins\mcufinder//mcu/
2024-08-10 21:46:42,852 [WARN] DbFile:41 - Overriding database path with different value: C:\Users\admin\.stmcufinder\plugins\mcufinder/ => C:\Users\admin\.stmcufinder\plugins\mcufinder
2024-08-10 21:46:42,852 [WARN] DbFile:41 - Overriding database path with different value: C:\Users\admin\.stmcufinder\plugins\mcufinder/ => C:\Users\admin\.stmcufinder\plugins\mcufinder
2024-08-10 21:46:42,852 [INFO] CrossReferenceDbSqlite:203 - Set database path to: C:\Users\admin\.stmcufinder\plugins\mcufinder//mcu/cs/
2024-08-10 21:46:42,869 [INFO] ApplicationProperties:184 - Using Application install path: C:\ST\STM32CubeIDE_1.16.0\STM32CubeIDE\plugins\com.st.stm32cube.common.mx_6.12.0.202406281431
2024-08-10 21:46:42,870 [INFO] PluginManage:196 - Search for loadable plugins [exclusion list=, ]
2024-08-10 21:46:42,873 [INFO] PluginManage:310 - Check plugin analytics
2024-08-10 21:46:43,063 [INFO] AnalyticsPlugin:253 - Accepted Software Licenses: STM32CubeMX.6.12.0
2024-08-10 21:46:43,063 [INFO] AnalyticsPlugin:255 - Accepted CMSIS Pack Licenses: 
2024-08-10 21:46:43,064 [INFO] AnalyticsPlugin:257 - Accepted Firmware Licenses: 
2024-08-10 21:46:43,066 [INFO] PluginManage:359 - Loaded plugin analytics (category:tool,tabindex:-1)
2024-08-10 21:46:43,067 [INFO] PluginManage:310 - Check plugin cadmodel
2024-08-10 21:46:43,082 [INFO] CADModel:105 - Init CAD model plugin
2024-08-10 21:46:43,082 [INFO] PluginManage:359 - Loaded plugin cadmodel (category:power,tabindex:5)
2024-08-10 21:46:43,082 [INFO] PluginManage:310 - Check plugin clock
2024-08-10 21:46:43,104 [INFO] PluginManage:359 - Loaded plugin clock (category:base,tabindex:2)
2024-08-10 21:46:43,104 [INFO] PluginManage:310 - Check plugin ddr
2024-08-10 21:46:43,106 [INFO] PluginManage:359 - Loaded plugin ddr (category:tool,tabindex:6)
2024-08-10 21:46:43,106 [INFO] PluginManage:310 - Check plugin filemanager
2024-08-10 21:46:43,254 [INFO] PluginManage:359 - Loaded plugin filemanager (category:base,tabindex:10)
2024-08-10 21:46:43,254 [INFO] PluginManage:310 - Check plugin ipmanager
2024-08-10 21:46:43,262 [INFO] PluginManage:359 - Loaded plugin ipmanager (category:base,tabindex:5)
2024-08-10 21:46:43,262 [INFO] PluginManage:310 - Check plugin lpbam
2024-08-10 21:46:43,280 [INFO] PluginManage:359 - Loaded plugin lpbam (category:base,tabindex:0)
2024-08-10 21:46:43,280 [INFO] PluginManage:310 - Check plugin memorymap
2024-08-10 21:46:43,302 [INFO] PluginManage:359 - Loaded plugin memorymap (category:base,tabindex:4)
2024-08-10 21:46:43,302 [INFO] PluginManage:310 - Check plugin pinoutandconfiguration
2024-08-10 21:46:43,320 [INFO] PluginManage:359 - Loaded plugin pinoutandconfiguration (category:base,tabindex:1)
2024-08-10 21:46:43,320 [INFO] PluginManage:310 - Check plugin pinoutconfig
2024-08-10 21:46:43,413 [WARN] SupportedApi:132 - Cannot load RTOS API schema: s4s-elt-must-match.1: The content of 'definitions' must match (annotation?, (simpleType | complexType)?, (unique | key | keyref)*)). A problem was found starting at: attribute.
2024-08-10 21:46:43,538 [INFO] PluginManage:359 - Loaded plugin pinoutconfig (category:base,tabindex:0)
2024-08-10 21:46:43,538 [INFO] PluginManage:310 - Check plugin power
2024-08-10 21:46:43,558 [INFO] PluginManage:359 - Loaded plugin power (category:power,tabindex:4)
2024-08-10 21:46:43,558 [INFO] PluginManage:310 - Check plugin projectmanager
2024-08-10 21:46:43,576 [INFO] PluginManage:359 - Loaded plugin projectmanager (category:projectmanager,tabindex:4)
2024-08-10 21:46:43,576 [INFO] PluginManage:310 - Check plugin rif
2024-08-10 21:46:43,590 [INFO] PluginManage:359 - Loaded plugin rif (category:base,tabindex:3)
2024-08-10 21:46:43,590 [INFO] PluginManage:310 - Check plugin thirdparty
2024-08-10 21:46:43,827 [INFO] PluginManage:359 - Loaded plugin thirdparty (category:base,tabindex:-1)
2024-08-10 21:46:43,828 [INFO] PluginManage:310 - Check plugin tools
2024-08-10 21:46:43,827 [WARN] IntegrityCheckThread:84 - waiting for thirdparty lock release [integrity check]
2024-08-10 21:46:43,828 [INFO] IntegrityCheckThread:86 - entering critical section [integrity check]
2024-08-10 21:46:43,828 [INFO] ThirdPartyUpdaterWithRetryManager:70 - Updater plugin not ready yet. [1/15]
2024-08-10 21:46:43,862 [INFO] PluginManage:359 - Loaded plugin tools (category:base,tabindex:7)
2024-08-10 21:46:43,862 [INFO] PluginManage:310 - Check plugin tutovideos
2024-08-10 21:46:44,067 [INFO] PluginManage:359 - Loaded plugin tutovideos (category:base,tabindex:-1)
2024-08-10 21:46:44,067 [INFO] PluginManage:310 - Check plugin updater
2024-08-10 21:46:44,084 [INFO] PluginManage:359 - Loaded plugin updater (category:base,tabindex:12)
2024-08-10 21:46:44,084 [INFO] PluginManage:310 - Check plugin userauth
2024-08-10 21:46:44,091 [INFO] UserAuth:113 - Init User Auth plugin
2024-08-10 21:46:44,091 [INFO] PluginManage:359 - Loaded plugin userauth (category:base,tabindex:14)
2024-08-10 21:46:44,091 [INFO] PluginManage:283 - PluginManage : Loaded plugins [18]
2024-08-10 21:46:44,272 [INFO] PinOutPanel:1561 - setPackage(No Configuration,No Configuration)
2024-08-10 21:46:44,351 [INFO] CADModel:165 - CPN selected for project level
2024-08-10 21:46:44,352 [INFO] CADModel:114 - Register for checkConnection events
2024-08-10 21:46:44,376 [INFO] IPUIPlugin:80 - create IPUIPlugin
2024-08-10 21:46:44,376 [INFO] PluginManager:220 - loadIPPluginJar : add adc
2024-08-10 21:46:44,412 [INFO] IPUIPlugin:80 - create IPUIPlugin
2024-08-10 21:46:44,412 [INFO] PluginManager:220 - loadIPPluginJar : add aes
2024-08-10 21:46:44,453 [INFO] IPUIPlugin:80 - create IPUIPlugin
2024-08-10 21:46:44,453 [INFO] PluginManager:220 - loadIPPluginJar : add can
2024-08-10 21:46:44,478 [INFO] IPUIPlugin:80 - create IPUIPlugin
2024-08-10 21:46:44,478 [INFO] PluginManager:220 - loadIPPluginJar : add comp
2024-08-10 21:46:44,513 [INFO] IPUIPlugin:80 - create IPUIPlugin
2024-08-10 21:46:44,513 [INFO] PluginManager:220 - loadIPPluginJar : add cryp
2024-08-10 21:46:44,526 [INFO] IPUIPlugin:80 - create IPUIPlugin
2024-08-10 21:46:44,526 [INFO] PluginManager:220 - loadIPPluginJar : add ddr_ctrl_phy
2024-08-10 21:46:44,557 [INFO] IPUIPlugin:80 - create IPUIPlugin
2024-08-10 21:46:44,557 [INFO] PluginManager:220 - loadIPPluginJar : add dfsdm
2024-08-10 21:46:44,571 [INFO] IPUIPlugin:80 - create IPUIPlugin
2024-08-10 21:46:44,572 [INFO] PluginManager:220 - loadIPPluginJar : add dma
2024-08-10 21:46:44,613 [INFO] IPUIPlugin:80 - create IPUIPlugin
2024-08-10 21:46:44,614 [INFO] PluginManager:220 - loadIPPluginJar : add dma3
2024-08-10 21:46:44,658 [INFO] IPUIPlugin:80 - create IPUIPlugin
2024-08-10 21:46:44,658 [INFO] PluginManager:220 - loadIPPluginJar : add extmemmanager
2024-08-10 21:46:44,677 [INFO] IPUIPlugin:80 - create IPUIPlugin
2024-08-10 21:46:44,677 [INFO] PluginManager:220 - loadIPPluginJar : add fatfs
2024-08-10 21:46:44,726 [INFO] IPUIPlugin:80 - create IPUIPlugin
2024-08-10 21:46:44,726 [INFO] PluginManager:220 - loadIPPluginJar : add fmc
2024-08-10 21:46:44,742 [INFO] IPUIPlugin:80 - create IPUIPlugin
2024-08-10 21:46:44,742 [INFO] PluginManager:220 - loadIPPluginJar : add freertos
2024-08-10 21:46:44,763 [INFO] IPUIPlugin:80 - create IPUIPlugin
2024-08-10 21:46:44,764 [INFO] PluginManager:220 - loadIPPluginJar : add genericplugin
2024-08-10 21:46:44,855 [INFO] IPUIPlugin:80 - create IPUIPlugin
2024-08-10 21:46:44,857 [INFO] PluginManager:220 - loadIPPluginJar : add gfxmmu
2024-08-10 21:46:44,988 [INFO] IPUIPlugin:80 - create IPUIPlugin
2024-08-10 21:46:44,988 [INFO] PluginManager:220 - loadIPPluginJar : add gic
2024-08-10 21:46:45,001 [INFO] IPUIPlugin:80 - create IPUIPlugin
2024-08-10 21:46:45,001 [INFO] PluginManager:220 - loadIPPluginJar : add gpio
2024-08-10 21:46:45,089 [INFO] IPUIPlugin:80 - create IPUIPlugin
2024-08-10 21:46:45,089 [INFO] PluginManager:220 - loadIPPluginJar : add gtzc
2024-08-10 21:46:45,120 [INFO] IPUIPlugin:80 - create IPUIPlugin
2024-08-10 21:46:45,120 [INFO] PluginManager:220 - loadIPPluginJar : add hash
2024-08-10 21:46:45,170 [INFO] IPUIPlugin:80 - create IPUIPlugin
2024-08-10 21:46:45,170 [INFO] PluginManager:220 - loadIPPluginJar : add i2c
2024-08-10 21:46:45,208 [INFO] IPUIPlugin:80 - create IPUIPlugin
2024-08-10 21:46:45,209 [INFO] PluginManager:220 - loadIPPluginJar : add i2s
2024-08-10 21:46:45,254 [INFO] IPUIPlugin:80 - create IPUIPlugin
2024-08-10 21:46:45,254 [INFO] PluginManager:220 - loadIPPluginJar : add i3c
2024-08-10 21:46:45,358 [INFO] IPUIPlugin:80 - create IPUIPlugin
2024-08-10 21:46:45,358 [INFO] PluginManager:220 - loadIPPluginJar : add ipddr
2024-08-10 21:46:45,448 [INFO] IPUIPlugin:80 - create IPUIPlugin
2024-08-10 21:46:45,448 [INFO] PluginManager:220 - loadIPPluginJar : add linkedlist
2024-08-10 21:46:45,501 [INFO] IPUIPlugin:80 - create IPUIPlugin
2024-08-10 21:46:45,501 [INFO] PluginManager:220 - loadIPPluginJar : add lorawan
2024-08-10 21:46:45,544 [INFO] IPUIPlugin:80 - create IPUIPlugin
2024-08-10 21:46:45,545 [INFO] PluginManager:220 - loadIPPluginJar : add ltdc
2024-08-10 21:46:45,562 [INFO] IPUIPlugin:80 - create IPUIPlugin
2024-08-10 21:46:45,562 [INFO] PluginManager:220 - loadIPPluginJar : add mdma
2024-08-10 21:46:45,576 [INFO] IPUIPlugin:80 - create IPUIPlugin
2024-08-10 21:46:45,576 [INFO] PluginManager:220 - loadIPPluginJar : add nvic
2024-08-10 21:46:45,621 [INFO] IPUIPlugin:80 - create IPUIPlugin
2024-08-10 21:46:45,621 [INFO] PluginManager:220 - loadIPPluginJar : add opamp
2024-08-10 21:46:45,694 [INFO] IPUIPlugin:80 - create IPUIPlugin
2024-08-10 21:46:45,694 [INFO] PluginManager:220 - loadIPPluginJar : add openamp
2024-08-10 21:46:45,742 [INFO] IPUIPlugin:80 - create IPUIPlugin
2024-08-10 21:46:45,742 [INFO] PluginManager:220 - loadIPPluginJar : add pdm2pcm
2024-08-10 21:46:45,759 [INFO] IPUIPlugin:80 - create IPUIPlugin
2024-08-10 21:46:45,761 [INFO] PluginManager:220 - loadIPPluginJar : add plateformsettings
2024-08-10 21:46:45,794 [INFO] IPUIPlugin:80 - create IPUIPlugin
2024-08-10 21:46:45,794 [INFO] PluginManager:220 - loadIPPluginJar : add quadspi
2024-08-10 21:46:45,850 [INFO] IPUIPlugin:80 - create IPUIPlugin
2024-08-10 21:46:45,851 [INFO] PluginManager:220 - loadIPPluginJar : add radio
2024-08-10 21:46:45,868 [INFO] IPUIPlugin:80 - create IPUIPlugin
2024-08-10 21:46:45,868 [INFO] PluginManager:220 - loadIPPluginJar : add resmgrutility
2024-08-10 21:46:45,929 [INFO] IPUIPlugin:80 - create IPUIPlugin
2024-08-10 21:46:45,929 [INFO] PluginManager:220 - loadIPPluginJar : add sai
2024-08-10 21:46:45,976 [INFO] IPUIPlugin:80 - create IPUIPlugin
2024-08-10 21:46:45,976 [INFO] PluginManager:220 - loadIPPluginJar : add spi
2024-08-10 21:46:46,075 [INFO] IPUIPlugin:80 - create IPUIPlugin
2024-08-10 21:46:46,076 [INFO] PluginManager:220 - loadIPPluginJar : add stm32_wpan
2024-08-10 21:46:46,115 [INFO] IPUIPlugin:80 - create IPUIPlugin
2024-08-10 21:46:46,115 [INFO] PluginManager:220 - loadIPPluginJar : add tim
2024-08-10 21:46:46,210 [INFO] IPUIPlugin:80 - create IPUIPlugin
2024-08-10 21:46:46,210 [INFO] PluginManager:220 - loadIPPluginJar : add touchsensing
2024-08-10 21:46:46,262 [INFO] IPUIPlugin:80 - create IPUIPlugin
2024-08-10 21:46:46,263 [INFO] PluginManager:220 - loadIPPluginJar : add tracer_emb
2024-08-10 21:46:46,314 [INFO] IPUIPlugin:80 - create IPUIPlugin
2024-08-10 21:46:46,314 [INFO] PluginManager:220 - loadIPPluginJar : add ts
2024-08-10 21:46:46,372 [INFO] IPUIPlugin:80 - create IPUIPlugin
2024-08-10 21:46:46,373 [INFO] PluginManager:220 - loadIPPluginJar : add tsc
2024-08-10 21:46:46,409 [INFO] IPUIPlugin:80 - create IPUIPlugin
2024-08-10 21:46:46,409 [INFO] PluginManager:220 - loadIPPluginJar : add ucpd
2024-08-10 21:46:46,485 [INFO] IPUIPlugin:80 - create IPUIPlugin
2024-08-10 21:46:46,485 [INFO] PluginManager:220 - loadIPPluginJar : add usart
2024-08-10 21:46:46,566 [INFO] IPUIPlugin:80 - create IPUIPlugin
2024-08-10 21:46:46,567 [INFO] PluginManager:220 - loadIPPluginJar : add usbx
2024-08-10 21:46:46,727 [INFO] CADModel:165 - CPN selected for project level
2024-08-10 21:46:46,728 [INFO] CADModel:114 - Register for checkConnection events
2024-08-10 21:46:46,728 [FATAL] Updater:334 - Updater called before beeing initialized
2024-08-10 21:46:46,728 [ERROR] CADModel:125 - Updater not yet initialized, retry later 
2024-08-10 21:46:46,830 [INFO] ThirdPartyUpdaterWithRetryManager:70 - Updater plugin not ready yet. [2/15]
2024-08-10 21:46:46,877 [INFO] CADModel:165 - CPN selected for project level
2024-08-10 21:46:46,878 [INFO] CADModel:114 - Register for checkConnection events
2024-08-10 21:46:46,878 [FATAL] Updater:334 - Updater called before beeing initialized
2024-08-10 21:46:46,878 [ERROR] CADModel:125 - Updater not yet initialized, retry later 
2024-08-10 21:46:46,884 [FATAL] Updater:334 - Updater called before beeing initialized
2024-08-10 21:46:47,241 [FATAL] Updater:334 - Updater called before beeing initialized
2024-08-10 21:46:47,259 [INFO] DbMcusAds:53 - JSON generation date=Thu May 16 17:22:00 CST 2024 (1715851320667)
2024-08-10 21:46:47,260 [FATAL] Updater:334 - Updater called before beeing initialized
2024-08-10 21:46:47,330 [WARN] DetailPanel:346 - Failed to get advertising image, set to default
2024-08-10 21:46:47,426 [FATAL] Updater:334 - Updater called before beeing initialized
2024-08-10 21:46:47,428 [FATAL] Updater:334 - Updater called before beeing initialized
2024-08-10 21:46:47,428 [FATAL] Updater:334 - Updater called before beeing initialized
2024-08-10 21:46:47,428 [WARN] DetailPanel:346 - Failed to get advertising image, set to default
2024-08-10 21:46:47,429 [FATAL] Updater:334 - Updater called before beeing initialized
2024-08-10 21:46:47,510 [ERROR] Updater:1164 - MainUpdater not yet initialized. External WinMGr cannot be set.
2024-08-10 21:46:47,525 [INFO] Updater:1100 - Updater Version found : 6.12.0
2024-08-10 21:46:47,544 [INFO] ApplicationProperties:184 - Using Application install path: C:\ST\STM32CubeIDE_1.16.0\STM32CubeIDE\plugins\com.st.stm32cube.common.mx_6.12.0.202406281431
2024-08-10 21:46:49,167 [ERROR] LogOutputStream:75 - [STDERR_REDIRECT] Aug 10, 2024 9:46:49 PM java.util.prefs.WindowsPreferences <init>
2024-08-10 21:46:49,176 [ERROR] LogOutputStream:75 - [STDERR_REDIRECT] WARNING: Could not open/create prefs root node Software\JavaSoft\Prefs at root 0xffffffff80000002. Windows RegCreateKeyEx(...) returned error code 5.
2024-08-10 21:46:49,176 [ERROR] LogOutputStream:75 - [STDERR_REDIRECT] 
2024-08-10 21:46:49,527 [INFO] MainUpdater:2873 - connection check result : 10
2024-08-10 21:46:49,527 [INFO] MainUpdater:290 - Updater Check For Update Now.
2024-08-10 21:46:49,528 [INFO] MicroXplorer:498 - Change Database Version : DB.6.0.120
2024-08-10 21:46:49,547 [INFO] McuFinderGlobals:63 - Set McuFinder mode to 2 (CubeIDE integrated)
2024-08-10 21:46:49,555 [INFO] UserAuth:417 - Internet connection configuration mode: 1
2024-08-10 21:46:49,590 [INFO] JxBrowserEngine:152 - Initiate JxBrowser Engine with user profile folder
2024-08-10 21:46:49,749 [INFO] CheckServerUpdateThread:120 - End of CheckServer Thread
2024-08-10 21:46:50,074 [WARN] PackLoader:240 - Cannot read IP mode file for STMicroelectronics.FP-SNS-MOTENVWB1.1.4.0
2024-08-10 21:46:50,106 [WARN] PackLoader:240 - Cannot read IP mode file for STMicroelectronics.X-CUBE-SMBUS.2.1.0
2024-08-10 21:46:50,174 [WARN] PackLoader:240 - Cannot read IP mode file for STMicroelectronics.X-CUBE-AZRTOS-F7.1.1.0
2024-08-10 21:46:50,199 [WARN] PackLoader:240 - Cannot read IP mode file for STMicroelectronics.FP-SNS-FLIGHT1.5.0.2
2024-08-10 21:46:50,224 [WARN] PackLoader:240 - Cannot read IP mode file for STMicroelectronics.X-CUBE-DISPLAY.3.0.0
2024-08-10 21:46:50,251 [WARN] PackLoader:240 - Cannot read IP mode file for STMicroelectronics.X-CUBE-BLE1.7.0.0
2024-08-10 21:46:50,275 [WARN] PackLoader:240 - Cannot read IP mode file for emotas.I-CUBE-CANOPEN.1.3.0
2024-08-10 21:46:50,309 [WARN] PackLoader:240 - Cannot read IP mode file for STMicroelectronics.X-CUBE-BLEMGR.3.1.0
2024-08-10 21:46:50,336 [WARN] PackLoader:240 - Cannot read IP mode file for STMicroelectronics.FP-SNS-SMARTAG2.1.2.0
2024-08-10 21:46:50,370 [INFO] LogOutputStream:77 - [STDOUT_REDIRECT] 1 : Invalid condition id : UX_CORESTACK_Condition cause : null
2024-08-10 21:46:50,370 [INFO] LogOutputStream:77 - [STDOUT_REDIRECT] 1 : Invalid condition id : UX_CORESTACK_Condition cause : null
2024-08-10 21:46:50,372 [INFO] LogOutputStream:77 - [STDOUT_REDIRECT] 1 : Invalid condition id : UX_CORESTACK_Condition cause : null
2024-08-10 21:46:50,374 [INFO] LogOutputStream:77 - [STDOUT_REDIRECT] 1 : Invalid condition id : UX_CORESTACK_Condition cause : null
2024-08-10 21:46:50,376 [INFO] LogOutputStream:77 - [STDOUT_REDIRECT] 1 : Invalid condition id : UX_CORESTACK_Condition cause : null
2024-08-10 21:46:50,384 [WARN] PackLoader:240 - Cannot read IP mode file for STMicroelectronics.X-CUBE-AZRTOS-WL.2.0.0
2024-08-10 21:46:50,407 [WARN] PackLoader:240 - Cannot read IP mode file for STMicroelectronics.FP-SNS-MOTENV1.5.0.0
2024-08-10 21:46:50,425 [WARN] PackLoader:240 - Cannot read IP mode file for wolfSSL.I-CUBE-wolfMQTT.1.19.0
2024-08-10 21:46:50,443 [WARN] PackLoader:240 - Cannot read IP mode file for WES.I-CUBE-Cesium.1.3.0
2024-08-10 21:46:50,461 [WARN] PackLoader:240 - Cannot read IP mode file for STMicroelectronics.X-CUBE-BLE2.3.3.0
2024-08-10 21:46:50,480 [WARN] PackLoader:240 - Cannot read IP mode file for STMicroelectronics.X-CUBE-TCPP.4.1.0
2024-08-10 21:46:50,527 [WARN] PackLoader:240 - Cannot read IP mode file for STMicroelectronics.X-CUBE-AZRTOS-G0.1.1.0
2024-08-10 21:46:50,544 [WARN] PackLoader:240 - Cannot read IP mode file for STMicroelectronics.X-CUBE-SAFEA1.1.2.2
2024-08-10 21:46:50,578 [WARN] PackLoader:240 - Cannot read IP mode file for STMicroelectronics.X-CUBE-NFC4.3.0.0
2024-08-10 21:46:50,605 [WARN] PackLoader:240 - Cannot read IP mode file for EmbeddedOffice.I-CUBE-FS-RTOS.1.0.1
2024-08-10 21:46:50,606 [ERROR] ConditionMgr:805 - Attr not supported : Dmpu
2024-08-10 21:46:50,606 [ERROR] ConditionMgr:805 - Attr not supported : Dmpu
2024-08-10 21:46:50,606 [ERROR] ConditionMgr:805 - Attr not supported : Dmpu
2024-08-10 21:46:50,606 [ERROR] ConditionMgr:805 - Attr not supported : Dmpu
2024-08-10 21:46:50,606 [ERROR] ConditionMgr:805 - Attr not supported : Dmpu
2024-08-10 21:46:50,606 [ERROR] ConditionMgr:805 - Attr not supported : Dmpu
2024-08-10 21:46:50,606 [ERROR] ConditionMgr:805 - Attr not supported : Dmpu
2024-08-10 21:46:50,606 [ERROR] ConditionMgr:805 - Attr not supported : Dmpu
2024-08-10 21:46:50,607 [ERROR] ConditionMgr:805 - Attr not supported : Dmpu
2024-08-10 21:46:50,607 [ERROR] ConditionMgr:805 - Attr not supported : Dmpu
2024-08-10 21:46:50,607 [ERROR] ConditionMgr:805 - Attr not supported : Dmpu
2024-08-10 21:46:50,607 [ERROR] ConditionMgr:805 - Attr not supported : Dmpu
2024-08-10 21:46:50,607 [ERROR] ConditionMgr:805 - Attr not supported : Dmpu
2024-08-10 21:46:50,607 [ERROR] ConditionMgr:805 - Attr not supported : Dmpu
2024-08-10 21:46:50,607 [ERROR] ConditionMgr:805 - Attr not supported : Dmpu
2024-08-10 21:46:50,607 [ERROR] ConditionMgr:805 - Attr not supported : Dmpu
2024-08-10 21:46:50,608 [ERROR] ConditionMgr:805 - Attr not supported : Dmpu
2024-08-10 21:46:50,608 [ERROR] ConditionMgr:805 - Attr not supported : Dmpu
2024-08-10 21:46:50,608 [ERROR] ConditionMgr:805 - Attr not supported : Dmpu
2024-08-10 21:46:50,608 [ERROR] ConditionMgr:805 - Attr not supported : Dmpu
2024-08-10 21:46:50,608 [ERROR] ConditionMgr:805 - Attr not supported : Dmpu
2024-08-10 21:46:50,608 [ERROR] ConditionMgr:805 - Attr not supported : Dmpu
2024-08-10 21:46:50,608 [ERROR] ConditionMgr:805 - Attr not supported : Dmpu
2024-08-10 21:46:50,608 [ERROR] ConditionMgr:805 - Attr not supported : Dmpu
2024-08-10 21:46:50,608 [ERROR] ConditionMgr:805 - Attr not supported : Dmpu
2024-08-10 21:46:50,608 [ERROR] ConditionMgr:805 - Attr not supported : Dmpu
2024-08-10 21:46:50,609 [ERROR] ConditionMgr:805 - Attr not supported : Dmpu
2024-08-10 21:46:50,609 [ERROR] ConditionMgr:805 - Attr not supported : Dmpu
2024-08-10 21:46:50,609 [ERROR] ConditionMgr:805 - Attr not supported : Dmpu
2024-08-10 21:46:50,609 [ERROR] ConditionMgr:805 - Attr not supported : Dmpu
2024-08-10 21:46:50,609 [ERROR] ConditionMgr:805 - Attr not supported : Dmpu
2024-08-10 21:46:50,609 [ERROR] ConditionMgr:805 - Attr not supported : Dmpu
2024-08-10 21:46:50,609 [ERROR] ConditionMgr:805 - Attr not supported : Dmpu
2024-08-10 21:46:50,609 [ERROR] ConditionMgr:805 - Attr not supported : Dmpu
2024-08-10 21:46:50,609 [ERROR] ConditionMgr:805 - Attr not supported : Dmpu
2024-08-10 21:46:50,609 [ERROR] ConditionMgr:805 - Attr not supported : Dmpu
2024-08-10 21:46:50,609 [ERROR] ConditionMgr:805 - Attr not supported : Dmpu
2024-08-10 21:46:50,609 [ERROR] ConditionMgr:805 - Attr not supported : Dmpu
2024-08-10 21:46:50,609 [ERROR] ConditionMgr:805 - Attr not supported : Dmpu
2024-08-10 21:46:50,611 [ERROR] ConditionMgr:805 - Attr not supported : Dmpu
2024-08-10 21:46:50,611 [ERROR] ConditionMgr:805 - Attr not supported : Dmpu
2024-08-10 21:46:50,611 [ERROR] ConditionMgr:805 - Attr not supported : Dmpu
2024-08-10 21:46:50,611 [ERROR] ConditionMgr:805 - Attr not supported : Dmpu
2024-08-10 21:46:50,611 [ERROR] ConditionMgr:805 - Attr not supported : Dmpu
2024-08-10 21:46:50,611 [ERROR] ConditionMgr:805 - Attr not supported : Dmpu
2024-08-10 21:46:50,611 [ERROR] ConditionMgr:805 - Attr not supported : Dmpu
2024-08-10 21:46:50,611 [ERROR] ConditionMgr:805 - Attr not supported : Dmpu
2024-08-10 21:46:50,612 [ERROR] ConditionMgr:805 - Attr not supported : Dmpu
2024-08-10 21:46:50,612 [ERROR] ConditionMgr:805 - Attr not supported : Dmpu
2024-08-10 21:46:50,612 [ERROR] ConditionMgr:805 - Attr not supported : Dmpu
2024-08-10 21:46:50,613 [ERROR] ConditionMgr:805 - Attr not supported : Dmpu
2024-08-10 21:46:50,613 [ERROR] ConditionMgr:805 - Attr not supported : Dmpu
2024-08-10 21:46:50,613 [ERROR] ConditionMgr:805 - Attr not supported : Dmpu
2024-08-10 21:46:50,613 [ERROR] ConditionMgr:805 - Attr not supported : Dmpu
2024-08-10 21:46:50,613 [ERROR] ConditionMgr:805 - Attr not supported : Dmpu
2024-08-10 21:46:50,613 [ERROR] ConditionMgr:805 - Attr not supported : Dmpu
2024-08-10 21:46:50,613 [ERROR] ConditionMgr:805 - Attr not supported : Dmpu
2024-08-10 21:46:50,614 [ERROR] ConditionMgr:805 - Attr not supported : Dmpu
2024-08-10 21:46:50,614 [ERROR] ConditionMgr:805 - Attr not supported : Dmpu
2024-08-10 21:46:50,614 [ERROR] ConditionMgr:805 - Attr not supported : Dmpu
2024-08-10 21:46:50,614 [ERROR] ConditionMgr:805 - Attr not supported : Dmpu
2024-08-10 21:46:50,615 [ERROR] ConditionMgr:805 - Attr not supported : Dmpu
2024-08-10 21:46:50,615 [ERROR] ConditionMgr:805 - Attr not supported : Dmpu
2024-08-10 21:46:50,615 [ERROR] ConditionMgr:805 - Attr not supported : Dmpu
2024-08-10 21:46:50,633 [WARN] PackLoader:240 - Cannot read IP mode file for RealThread.X-CUBE-RT-Thread_Nano.4.1.1
2024-08-10 21:46:50,646 [WARN] PackLoader:240 - Cannot read IP mode file for STMicroelectronics.FP-ATR-SIGFOX1.3.2.0
2024-08-10 21:46:50,667 [WARN] PackLoader:240 - Cannot read IP mode file for wolfSSL.I-CUBE-wolfSSL.5.7.2
2024-08-10 21:46:50,691 [WARN] PackLoader:240 - Cannot read IP mode file for STMicroelectronics.X-CUBE-EEPRMA1.5.1.0
2024-08-10 21:46:50,708 [WARN] PackLoader:240 - Cannot read IP mode file for ITTIA_DB.I-CUBE-ITTIADB.8.9.0
2024-08-10 21:46:50,752 [WARN] PackLoader:240 - Cannot read IP mode file for SEGGER.I-CUBE-embOS.1.3.1
2024-08-10 21:46:50,815 [WARN] PackLoader:240 - Cannot read IP mode file for STMicroelectronics.X-CUBE-ALGOBUILD.1.4.0
2024-08-10 21:46:50,837 [WARN] PackLoader:240 - Cannot read IP mode file for STMicroelectronics.X-CUBE-GNSS1.6.0.0
2024-08-10 21:46:50,876 [WARN] PackLoader:240 - Cannot read IP mode file for STMicroelectronics.X-CUBE-AZRTOS-F4.1.1.0
2024-08-10 21:46:50,893 [WARN] PackLoader:240 - Cannot read IP mode file for STMicroelectronics.X-CUBE-FREERTOS.1.2.0
2024-08-10 21:46:50,928 [WARN] PackLoader:240 - Cannot read IP mode file for STMicroelectronics.X-CUBE-AZRTOS-L5.2.0.0
2024-08-10 21:46:50,949 [WARN] PackLoader:240 - Cannot read IP mode file for STMicroelectronics.X-CUBE-NFC6.3.1.0
2024-08-10 21:46:50,967 [WARN] PackLoader:240 - Cannot read IP mode file for STMicroelectronics.X-CUBE-DPower.1.2.0
2024-08-10 21:46:50,983 [WARN] PackLoader:240 - Cannot read IP mode file for STMicroelectronics.X-CUBE-AI.9.0.0
2024-08-10 21:46:50,996 [WARN] PackLoader:240 - Cannot read IP mode file for STMicroelectronics.X-CUBE-NFC7.1.0.1
2024-08-10 21:46:51,009 [WARN] PackLoader:240 - Cannot read IP mode file for wolfSSL.I-CUBE-wolfTPM.3.2.0
2024-08-10 21:46:51,039 [WARN] ConditionMgr:438 - getConditionDescription Invalid condition id : LAN8742 Phy interface Condition cause : null
2024-08-10 21:46:51,040 [WARN] PackLoader:240 - Cannot read IP mode file for STMicroelectronics.X-CUBE-AZRTOS-L4.2.0.0
2024-08-10 21:46:51,041 [WARN] ConditionMgr:1039 - genDependencies : Invalid condition id : LAN8742 Phy interface Condition cause : null
2024-08-10 21:46:51,041 [WARN] ConditionMgr:1039 - genDependencies : Invalid condition id : LAN8742 Phy interface Condition cause : null
2024-08-10 21:46:51,041 [WARN] ConditionMgr:1039 - genDependencies : Invalid condition id : LAN8742 Phy interface Condition cause : null
2024-08-10 21:46:51,059 [WARN] PackLoader:240 - Cannot read IP mode file for STMicroelectronics.X-CUBE-SFXS2LP1.4.0.0
2024-08-10 21:46:51,093 [WARN] ConditionMgr:438 - getConditionDescription Invalid condition id : UX DEVICE CLASS RTOS Condition cause : null
2024-08-10 21:46:51,093 [WARN] ConditionMgr:438 - getConditionDescription Invalid condition id : UX DEVICE CLASS RTOS Condition cause : null
2024-08-10 21:46:51,097 [WARN] PackLoader:240 - Cannot read IP mode file for STMicroelectronics.X-CUBE-AZRTOS-WB.2.0.0
2024-08-10 21:46:51,098 [WARN] ConditionMgr:1039 - genDependencies : Invalid condition id : UX DEVICE CLASS RTOS Condition cause : null
2024-08-10 21:46:51,098 [WARN] ConditionMgr:1039 - genDependencies : Invalid condition id : UX DEVICE CLASS RTOS Condition cause : null
2024-08-10 21:46:51,099 [WARN] ConditionMgr:1039 - genDependencies : Invalid condition id : UX DEVICE CLASS RTOS Condition cause : null
2024-08-10 21:46:51,099 [WARN] ConditionMgr:1039 - genDependencies : Invalid condition id : UX DEVICE CLASS RTOS Condition cause : null
2024-08-10 21:46:51,099 [WARN] ConditionMgr:1039 - genDependencies : Invalid condition id : UX DEVICE CLASS RTOS Condition cause : null
2024-08-10 21:46:51,124 [WARN] PackLoader:240 - Cannot read IP mode file for STMicroelectronics.FP-SNS-STBOX1.2.0.0
2024-08-10 21:46:51,166 [WARN] PackLoader:240 - Cannot read IP mode file for STMicroelectronics.X-CUBE-SUBG2.5.0.0
2024-08-10 21:46:51,213 [WARN] PackLoader:240 - Cannot read IP mode file for Cesanta.I-CUBE-Mongoose.7.13.0
2024-08-10 21:46:51,246 [WARN] PackLoader:240 - Cannot read IP mode file for STMicroelectronics.X-CUBE-AZRTOS-G4.2.0.0
2024-08-10 21:46:51,262 [WARN] PackLoader:240 - Cannot read IP mode file for STMicroelectronics.X-CUBE-ISPU.2.0.0
2024-08-10 21:46:51,277 [WARN] PackLoader:240 - Cannot read IP mode file for STMicroelectronics.X-CUBE-ALS.1.0.2
2024-08-10 21:46:51,331 [WARN] PackLoader:240 - Cannot read IP mode file for STMicroelectronics.X-CUBE-MEMS1.10.0.0
2024-08-10 21:46:51,483 [WARN] PackLoader:240 - Cannot read IP mode file for STMicroelectronics.X-CUBE-TOUCHGFX.4.24.0
2024-08-10 21:46:51,497 [WARN] PackLoader:240 - Cannot read IP mode file for portGmbH.I-Cube-SoM-uGOAL.1.1.0
2024-08-10 21:46:51,523 [WARN] PackLoader:240 - Cannot read IP mode file for STMicroelectronics.X-CUBE-AZRTOS-H7RS.1.0.0
2024-08-10 21:46:51,535 [WARN] PackLoader:240 - Cannot read IP mode file for STMicroelectronics.FP-ATR-ASTRA1.2.0.0
2024-08-10 21:46:51,557 [WARN] PackLoader:240 - Cannot read IP mode file for STMicroelectronics.X-CUBE-TOF1.3.4.2
2024-08-10 21:46:51,599 [WARN] PackLoader:240 - Cannot read IP mode file for STMicroelectronics.X-CUBE-AZRTOS-H7.3.2.0
2024-08-10 21:46:51,623 [WARN] PackLoader:240 - Cannot read IP mode file for Infineon.AIROC-Wi-Fi-Bluetooth-STM32.1.6.0
2024-08-10 21:46:51,635 [WARN] PackLoader:240 - Cannot read IP mode file for wolfSSL.I-CUBE-wolfSSH.1.4.17
2024-08-10 21:46:51,635 [INFO] ThirdParty:978 - Integrity check success = true
2024-08-10 21:46:51,635 [INFO] IntegrityCheckThread:100 - exiting critical section [integrity check]
2024-08-10 21:46:51,635 [INFO] IntegrityCheckThread:103 - End integrity checks thread
2024-08-10 21:46:53,251 [INFO] WebApp:167 - Instantiating new browser for Auth
2024-08-10 21:46:54,061 [INFO] WebApp:448 - Apply proxy settings
2024-08-10 21:46:54,061 [INFO] WebApp:533 - Chromium requires no authentication
2024-08-10 21:46:54,073 [INFO] WebApp:476 - Direct internet connection detected
2024-08-10 21:46:54,102 [INFO] WebApp:869 - Register for checkConnection events
2024-08-10 21:46:54,102 [INFO] WebApp:448 - Apply proxy settings
2024-08-10 21:46:54,102 [INFO] WebApp:533 - Chromium requires no authentication
2024-08-10 21:46:54,102 [INFO] WebApp:476 - Direct internet connection detected
2024-08-10 21:46:54,281 [INFO] WebApp:186 - Connection restablished
2024-08-10 21:46:54,364 [INFO] WebApp:220 - Starting web application
2024-08-10 21:46:54,364 [INFO] WebApp:578 - Web application path used C:\ST\STM32CubeIDE_1.16.0\STM32CubeIDE\plugins\com.st.stm32cube.common.mx_6.12.0.202406281431\db\plugins\mcufinder\reactClient1\index.html
2024-08-10 21:46:54,573 [INFO] UserAuth:417 - Internet connection configuration mode: 1
