2024-08-19 21:15:18,682 [INFO] Activator:176 - 


2024-08-19 21:15:18,691 [INFO] Activator:177 - !SESSION log4j initialized
2024-08-19 21:15:28,434 [INFO] LogOutputStream:77 - [STDOUT_REDIRECT] 
2024-08-19 21:15:32,799 [INFO] ApplicationProperties:184 - Using Application install path: C:\ST\STM32CubeIDE_1.16.0\STM32CubeIDE\plugins\com.st.stm32cube.common.mx_6.12.0.202406281431
2024-08-19 21:15:32,821 [INFO] DbMcusXml:78 - Set database path to: C:\ST\STM32CubeIDE_1.16.0\STM32CubeIDE\plugins\com.st.stm32cube.common.mx_6.12.0.202406281431\\db\/mcu/
2024-08-19 21:15:32,821 [INFO] ApiDb:274 - Set plugin database path to: C:\ST\STM32CubeIDE_1.16.0\STM32CubeIDE\plugins\com.st.stm32cube.common.mx_6.12.0.202406281431\\db\/plugins/boardmanager/
2024-08-19 21:15:32,822 [WARN] ApiDb:259 - Overriding images path with different value:  => C:\ST\STM32CubeIDE_1.16.0\STM32CubeIDE\plugins\com.st.stm32cube.common.mx_6.12.0.202406281431\\db\/plugins/mcufinder/images/
2024-08-19 21:15:32,840 [INFO] ApiDb:250 - Set database path to: C:\Users\admin\.stmcufinder\plugins\mcufinder//mcu/
2024-08-19 21:15:32,841 [INFO] DbMcusAds:125 - Set database path to: C:\Users\admin\.stmcufinder\plugins\mcufinder//mcu/
2024-08-19 21:15:32,844 [INFO] CrossReferenceDbSqlite:203 - Set database path to: C:\Users\admin\.stmcufinder\plugins\mcufinder//mcu/cs/
2024-08-19 21:15:32,997 [INFO] RulesReader:64 - Compatibility file has been processed (297 Rules)
2024-08-19 21:15:33,107 [INFO] DbMcusXml:78 - Set database path to: C:\ST\STM32CubeIDE_1.16.0\STM32CubeIDE\plugins\com.st.stm32cube.common.mx_6.12.0.202406281431\\db\/mcu/
2024-08-19 21:15:33,107 [INFO] ApiDb:274 - Set plugin database path to: C:\ST\STM32CubeIDE_1.16.0\STM32CubeIDE\plugins\com.st.stm32cube.common.mx_6.12.0.202406281431\\db\/plugins/boardmanager/
2024-08-19 21:15:33,107 [INFO] ApiDb:261 - Set plugin images path to: C:\ST\STM32CubeIDE_1.16.0\STM32CubeIDE\plugins\com.st.stm32cube.common.mx_6.12.0.202406281431\\db\/plugins/mcufinder/images/
2024-08-19 21:15:33,107 [WARN] DbFile:41 - Overriding database path with different value: C:\Users\admin\.stmcufinder\plugins\mcufinder/ => C:\Users\admin\.stmcufinder\plugins\mcufinder
2024-08-19 21:15:33,107 [INFO] ApiDb:250 - Set database path to: C:\Users\admin\.stmcufinder\plugins\mcufinder//mcu/
2024-08-19 21:15:33,108 [WARN] DbFile:41 - Overriding database path with different value: C:\Users\admin\.stmcufinder\plugins\mcufinder/ => C:\Users\admin\.stmcufinder\plugins\mcufinder
2024-08-19 21:15:33,108 [INFO] DbMcusAds:125 - Set database path to: C:\Users\admin\.stmcufinder\plugins\mcufinder//mcu/
2024-08-19 21:15:33,108 [WARN] DbFile:41 - Overriding database path with different value: C:\Users\admin\.stmcufinder\plugins\mcufinder/ => C:\Users\admin\.stmcufinder\plugins\mcufinder
2024-08-19 21:15:33,108 [WARN] DbFile:41 - Overriding database path with different value: C:\Users\admin\.stmcufinder\plugins\mcufinder/ => C:\Users\admin\.stmcufinder\plugins\mcufinder
2024-08-19 21:15:33,108 [INFO] CrossReferenceDbSqlite:203 - Set database path to: C:\Users\admin\.stmcufinder\plugins\mcufinder//mcu/cs/
2024-08-19 21:15:33,215 [INFO] MainPanel:268 - HeapMemory: 268435456
2024-08-19 21:15:33,356 [INFO] DbMcusXml:78 - Set database path to: C:\ST\STM32CubeIDE_1.16.0\STM32CubeIDE\plugins\com.st.stm32cube.common.mx_6.12.0.202406281431\\db\/mcu/
2024-08-19 21:15:33,356 [INFO] ApiDb:274 - Set plugin database path to: C:\ST\STM32CubeIDE_1.16.0\STM32CubeIDE\plugins\com.st.stm32cube.common.mx_6.12.0.202406281431\\db\/plugins/boardmanager/
2024-08-19 21:15:33,357 [INFO] ApiDb:261 - Set plugin images path to: C:\ST\STM32CubeIDE_1.16.0\STM32CubeIDE\plugins\com.st.stm32cube.common.mx_6.12.0.202406281431\\db\/plugins/mcufinder/images/
2024-08-19 21:15:33,357 [WARN] DbFile:41 - Overriding database path with different value: C:\Users\admin\.stmcufinder\plugins\mcufinder/ => C:\Users\admin\.stmcufinder\plugins\mcufinder
2024-08-19 21:15:33,357 [INFO] ApiDb:250 - Set database path to: C:\Users\admin\.stmcufinder\plugins\mcufinder//mcu/
2024-08-19 21:15:33,357 [WARN] DbFile:41 - Overriding database path with different value: C:\Users\admin\.stmcufinder\plugins\mcufinder/ => C:\Users\admin\.stmcufinder\plugins\mcufinder
2024-08-19 21:15:33,357 [INFO] DbMcusAds:125 - Set database path to: C:\Users\admin\.stmcufinder\plugins\mcufinder//mcu/
2024-08-19 21:15:33,357 [WARN] DbFile:41 - Overriding database path with different value: C:\Users\admin\.stmcufinder\plugins\mcufinder/ => C:\Users\admin\.stmcufinder\plugins\mcufinder
2024-08-19 21:15:33,357 [WARN] DbFile:41 - Overriding database path with different value: C:\Users\admin\.stmcufinder\plugins\mcufinder/ => C:\Users\admin\.stmcufinder\plugins\mcufinder
2024-08-19 21:15:33,358 [INFO] CrossReferenceDbSqlite:203 - Set database path to: C:\Users\admin\.stmcufinder\plugins\mcufinder//mcu/cs/
2024-08-19 21:15:33,377 [INFO] ApplicationProperties:184 - Using Application install path: C:\ST\STM32CubeIDE_1.16.0\STM32CubeIDE\plugins\com.st.stm32cube.common.mx_6.12.0.202406281431
2024-08-19 21:15:33,379 [INFO] PluginManage:196 - Search for loadable plugins [exclusion list=, ]
2024-08-19 21:15:33,381 [INFO] PluginManage:310 - Check plugin analytics
2024-08-19 21:15:33,641 [INFO] AnalyticsPlugin:253 - Accepted Software Licenses: STM32CubeMX.6.12.0
2024-08-19 21:15:33,641 [INFO] AnalyticsPlugin:255 - Accepted CMSIS Pack Licenses: 
2024-08-19 21:15:33,641 [INFO] AnalyticsPlugin:257 - Accepted Firmware Licenses: 
2024-08-19 21:15:33,645 [INFO] PluginManage:359 - Loaded plugin analytics (category:tool,tabindex:-1)
2024-08-19 21:15:33,646 [INFO] PluginManage:310 - Check plugin cadmodel
2024-08-19 21:15:33,666 [INFO] CADModel:105 - Init CAD model plugin
2024-08-19 21:15:33,666 [INFO] PluginManage:359 - Loaded plugin cadmodel (category:power,tabindex:5)
2024-08-19 21:15:33,667 [INFO] PluginManage:310 - Check plugin clock
2024-08-19 21:15:33,691 [INFO] PluginManage:359 - Loaded plugin clock (category:base,tabindex:2)
2024-08-19 21:15:33,691 [INFO] PluginManage:310 - Check plugin ddr
2024-08-19 21:15:33,694 [INFO] PluginManage:359 - Loaded plugin ddr (category:tool,tabindex:6)
2024-08-19 21:15:33,694 [INFO] PluginManage:310 - Check plugin filemanager
2024-08-19 21:15:33,870 [INFO] PluginManage:359 - Loaded plugin filemanager (category:base,tabindex:10)
2024-08-19 21:15:33,870 [INFO] PluginManage:310 - Check plugin ipmanager
2024-08-19 21:15:33,877 [INFO] PluginManage:359 - Loaded plugin ipmanager (category:base,tabindex:5)
2024-08-19 21:15:33,877 [INFO] PluginManage:310 - Check plugin lpbam
2024-08-19 21:15:33,898 [INFO] PluginManage:359 - Loaded plugin lpbam (category:base,tabindex:0)
2024-08-19 21:15:33,898 [INFO] PluginManage:310 - Check plugin memorymap
2024-08-19 21:15:33,927 [INFO] PluginManage:359 - Loaded plugin memorymap (category:base,tabindex:4)
2024-08-19 21:15:33,927 [INFO] PluginManage:310 - Check plugin pinoutandconfiguration
2024-08-19 21:15:33,948 [INFO] PluginManage:359 - Loaded plugin pinoutandconfiguration (category:base,tabindex:1)
2024-08-19 21:15:33,948 [INFO] PluginManage:310 - Check plugin pinoutconfig
2024-08-19 21:15:34,084 [WARN] SupportedApi:132 - Cannot load RTOS API schema: s4s-elt-must-match.1: The content of 'definitions' must match (annotation?, (simpleType | complexType)?, (unique | key | keyref)*)). A problem was found starting at: attribute.
2024-08-19 21:15:34,269 [INFO] PluginManage:359 - Loaded plugin pinoutconfig (category:base,tabindex:0)
2024-08-19 21:15:34,269 [INFO] PluginManage:310 - Check plugin power
2024-08-19 21:15:34,294 [INFO] PluginManage:359 - Loaded plugin power (category:power,tabindex:4)
2024-08-19 21:15:34,294 [INFO] PluginManage:310 - Check plugin projectmanager
2024-08-19 21:15:34,319 [INFO] PluginManage:359 - Loaded plugin projectmanager (category:projectmanager,tabindex:4)
2024-08-19 21:15:34,319 [INFO] PluginManage:310 - Check plugin rif
2024-08-19 21:15:34,338 [INFO] PluginManage:359 - Loaded plugin rif (category:base,tabindex:3)
2024-08-19 21:15:34,338 [INFO] PluginManage:310 - Check plugin thirdparty
2024-08-19 21:15:34,680 [WARN] IntegrityCheckThread:84 - waiting for thirdparty lock release [integrity check]
2024-08-19 21:15:34,681 [INFO] PluginManage:359 - Loaded plugin thirdparty (category:base,tabindex:-1)
2024-08-19 21:15:34,681 [INFO] IntegrityCheckThread:86 - entering critical section [integrity check]
2024-08-19 21:15:34,681 [INFO] PluginManage:310 - Check plugin tools
2024-08-19 21:15:34,682 [INFO] ThirdPartyUpdaterWithRetryManager:70 - Updater plugin not ready yet. [1/15]
2024-08-19 21:15:34,731 [INFO] PluginManage:359 - Loaded plugin tools (category:base,tabindex:7)
2024-08-19 21:15:34,731 [INFO] PluginManage:310 - Check plugin tutovideos
2024-08-19 21:15:34,994 [INFO] PluginManage:359 - Loaded plugin tutovideos (category:base,tabindex:-1)
2024-08-19 21:15:34,994 [INFO] PluginManage:310 - Check plugin updater
2024-08-19 21:15:35,015 [INFO] PluginManage:359 - Loaded plugin updater (category:base,tabindex:12)
2024-08-19 21:15:35,015 [INFO] PluginManage:310 - Check plugin userauth
2024-08-19 21:15:35,023 [INFO] UserAuth:113 - Init User Auth plugin
2024-08-19 21:15:35,023 [INFO] PluginManage:359 - Loaded plugin userauth (category:base,tabindex:14)
2024-08-19 21:15:35,024 [INFO] PluginManage:283 - PluginManage : Loaded plugins [18]
2024-08-19 21:15:35,283 [INFO] PinOutPanel:1561 - setPackage(No Configuration,No Configuration)
2024-08-19 21:15:35,393 [INFO] CADModel:165 - CPN selected for project level
2024-08-19 21:15:35,393 [INFO] CADModel:114 - Register for checkConnection events
2024-08-19 21:15:35,422 [INFO] IPUIPlugin:80 - create IPUIPlugin
2024-08-19 21:15:35,422 [INFO] PluginManager:220 - loadIPPluginJar : add adc
2024-08-19 21:15:35,472 [INFO] IPUIPlugin:80 - create IPUIPlugin
2024-08-19 21:15:35,472 [INFO] PluginManager:220 - loadIPPluginJar : add aes
2024-08-19 21:15:35,531 [INFO] IPUIPlugin:80 - create IPUIPlugin
2024-08-19 21:15:35,531 [INFO] PluginManager:220 - loadIPPluginJar : add can
2024-08-19 21:15:35,562 [INFO] IPUIPlugin:80 - create IPUIPlugin
2024-08-19 21:15:35,562 [INFO] PluginManager:220 - loadIPPluginJar : add comp
2024-08-19 21:15:35,609 [INFO] IPUIPlugin:80 - create IPUIPlugin
2024-08-19 21:15:35,609 [INFO] PluginManager:220 - loadIPPluginJar : add cryp
2024-08-19 21:15:35,623 [INFO] IPUIPlugin:80 - create IPUIPlugin
2024-08-19 21:15:35,623 [INFO] PluginManager:220 - loadIPPluginJar : add ddr_ctrl_phy
2024-08-19 21:15:35,665 [INFO] IPUIPlugin:80 - create IPUIPlugin
2024-08-19 21:15:35,665 [INFO] PluginManager:220 - loadIPPluginJar : add dfsdm
2024-08-19 21:15:35,681 [INFO] IPUIPlugin:80 - create IPUIPlugin
2024-08-19 21:15:35,682 [INFO] PluginManager:220 - loadIPPluginJar : add dma
2024-08-19 21:15:35,744 [INFO] IPUIPlugin:80 - create IPUIPlugin
2024-08-19 21:15:35,744 [INFO] PluginManager:220 - loadIPPluginJar : add dma3
2024-08-19 21:15:35,804 [INFO] IPUIPlugin:80 - create IPUIPlugin
2024-08-19 21:15:35,804 [INFO] PluginManager:220 - loadIPPluginJar : add extmemmanager
2024-08-19 21:15:35,830 [INFO] IPUIPlugin:80 - create IPUIPlugin
2024-08-19 21:15:35,830 [INFO] PluginManager:220 - loadIPPluginJar : add fatfs
2024-08-19 21:15:35,896 [INFO] IPUIPlugin:80 - create IPUIPlugin
2024-08-19 21:15:35,896 [INFO] PluginManager:220 - loadIPPluginJar : add fmc
2024-08-19 21:15:35,915 [INFO] IPUIPlugin:80 - create IPUIPlugin
2024-08-19 21:15:35,915 [INFO] PluginManager:220 - loadIPPluginJar : add freertos
2024-08-19 21:15:35,942 [INFO] IPUIPlugin:80 - create IPUIPlugin
2024-08-19 21:15:35,942 [INFO] PluginManager:220 - loadIPPluginJar : add genericplugin
2024-08-19 21:15:36,084 [INFO] IPUIPlugin:80 - create IPUIPlugin
2024-08-19 21:15:36,084 [INFO] PluginManager:220 - loadIPPluginJar : add gfxmmu
2024-08-19 21:15:36,266 [INFO] IPUIPlugin:80 - create IPUIPlugin
2024-08-19 21:15:36,266 [INFO] PluginManager:220 - loadIPPluginJar : add gic
2024-08-19 21:15:36,281 [INFO] IPUIPlugin:80 - create IPUIPlugin
2024-08-19 21:15:36,281 [INFO] PluginManager:220 - loadIPPluginJar : add gpio
2024-08-19 21:15:36,410 [INFO] IPUIPlugin:80 - create IPUIPlugin
2024-08-19 21:15:36,411 [INFO] PluginManager:220 - loadIPPluginJar : add gtzc
2024-08-19 21:15:36,458 [INFO] IPUIPlugin:80 - create IPUIPlugin
2024-08-19 21:15:36,458 [INFO] PluginManager:220 - loadIPPluginJar : add hash
2024-08-19 21:15:36,531 [INFO] IPUIPlugin:80 - create IPUIPlugin
2024-08-19 21:15:36,532 [INFO] PluginManager:220 - loadIPPluginJar : add i2c
2024-08-19 21:15:36,583 [INFO] IPUIPlugin:80 - create IPUIPlugin
2024-08-19 21:15:36,584 [INFO] PluginManager:220 - loadIPPluginJar : add i2s
2024-08-19 21:15:36,638 [INFO] IPUIPlugin:80 - create IPUIPlugin
2024-08-19 21:15:36,639 [INFO] PluginManager:220 - loadIPPluginJar : add i3c
2024-08-19 21:15:36,790 [INFO] IPUIPlugin:80 - create IPUIPlugin
2024-08-19 21:15:36,790 [INFO] PluginManager:220 - loadIPPluginJar : add ipddr
2024-08-19 21:15:36,923 [INFO] IPUIPlugin:80 - create IPUIPlugin
2024-08-19 21:15:36,924 [INFO] PluginManager:220 - loadIPPluginJar : add linkedlist
2024-08-19 21:15:36,975 [INFO] IPUIPlugin:80 - create IPUIPlugin
2024-08-19 21:15:36,975 [INFO] PluginManager:220 - loadIPPluginJar : add lorawan
2024-08-19 21:15:37,025 [INFO] IPUIPlugin:80 - create IPUIPlugin
2024-08-19 21:15:37,025 [INFO] PluginManager:220 - loadIPPluginJar : add ltdc
2024-08-19 21:15:37,042 [INFO] IPUIPlugin:80 - create IPUIPlugin
2024-08-19 21:15:37,043 [INFO] PluginManager:220 - loadIPPluginJar : add mdma
2024-08-19 21:15:37,058 [INFO] IPUIPlugin:80 - create IPUIPlugin
2024-08-19 21:15:37,058 [INFO] PluginManager:220 - loadIPPluginJar : add nvic
2024-08-19 21:15:37,109 [INFO] IPUIPlugin:80 - create IPUIPlugin
2024-08-19 21:15:37,109 [INFO] PluginManager:220 - loadIPPluginJar : add opamp
2024-08-19 21:15:37,194 [INFO] IPUIPlugin:80 - create IPUIPlugin
2024-08-19 21:15:37,194 [INFO] PluginManager:220 - loadIPPluginJar : add openamp
2024-08-19 21:15:37,254 [INFO] IPUIPlugin:80 - create IPUIPlugin
2024-08-19 21:15:37,254 [INFO] PluginManager:220 - loadIPPluginJar : add pdm2pcm
2024-08-19 21:15:37,273 [INFO] IPUIPlugin:80 - create IPUIPlugin
2024-08-19 21:15:37,277 [INFO] PluginManager:220 - loadIPPluginJar : add plateformsettings
2024-08-19 21:15:37,305 [INFO] IPUIPlugin:80 - create IPUIPlugin
2024-08-19 21:15:37,305 [INFO] PluginManager:220 - loadIPPluginJar : add quadspi
2024-08-19 21:15:37,343 [INFO] IPUIPlugin:80 - create IPUIPlugin
2024-08-19 21:15:37,344 [INFO] PluginManager:220 - loadIPPluginJar : add radio
2024-08-19 21:15:37,360 [INFO] IPUIPlugin:80 - create IPUIPlugin
2024-08-19 21:15:37,360 [INFO] PluginManager:220 - loadIPPluginJar : add resmgrutility
2024-08-19 21:15:37,424 [INFO] IPUIPlugin:80 - create IPUIPlugin
2024-08-19 21:15:37,424 [INFO] PluginManager:220 - loadIPPluginJar : add sai
2024-08-19 21:15:37,480 [INFO] IPUIPlugin:80 - create IPUIPlugin
2024-08-19 21:15:37,480 [INFO] PluginManager:220 - loadIPPluginJar : add spi
2024-08-19 21:15:37,577 [INFO] IPUIPlugin:80 - create IPUIPlugin
2024-08-19 21:15:37,577 [INFO] PluginManager:220 - loadIPPluginJar : add stm32_wpan
2024-08-19 21:15:37,611 [INFO] IPUIPlugin:80 - create IPUIPlugin
2024-08-19 21:15:37,611 [INFO] PluginManager:220 - loadIPPluginJar : add tim
2024-08-19 21:15:37,684 [INFO] ThirdPartyUpdaterWithRetryManager:70 - Updater plugin not ready yet. [2/15]
2024-08-19 21:15:37,694 [INFO] IPUIPlugin:80 - create IPUIPlugin
2024-08-19 21:15:37,694 [INFO] PluginManager:220 - loadIPPluginJar : add touchsensing
2024-08-19 21:15:37,725 [INFO] IPUIPlugin:80 - create IPUIPlugin
2024-08-19 21:15:37,725 [INFO] PluginManager:220 - loadIPPluginJar : add tracer_emb
2024-08-19 21:15:37,752 [INFO] IPUIPlugin:80 - create IPUIPlugin
2024-08-19 21:15:37,753 [INFO] PluginManager:220 - loadIPPluginJar : add ts
2024-08-19 21:15:37,781 [INFO] IPUIPlugin:80 - create IPUIPlugin
2024-08-19 21:15:37,782 [INFO] PluginManager:220 - loadIPPluginJar : add tsc
2024-08-19 21:15:37,815 [INFO] IPUIPlugin:80 - create IPUIPlugin
2024-08-19 21:15:37,816 [INFO] PluginManager:220 - loadIPPluginJar : add ucpd
2024-08-19 21:15:37,891 [INFO] IPUIPlugin:80 - create IPUIPlugin
2024-08-19 21:15:37,891 [INFO] PluginManager:220 - loadIPPluginJar : add usart
2024-08-19 21:15:37,951 [INFO] IPUIPlugin:80 - create IPUIPlugin
2024-08-19 21:15:37,951 [INFO] PluginManager:220 - loadIPPluginJar : add usbx
2024-08-19 21:15:38,096 [INFO] CADModel:165 - CPN selected for project level
2024-08-19 21:15:38,096 [INFO] CADModel:114 - Register for checkConnection events
2024-08-19 21:15:38,097 [FATAL] Updater:334 - Updater called before beeing initialized
2024-08-19 21:15:38,097 [ERROR] CADModel:125 - Updater not yet initialized, retry later 
2024-08-19 21:15:38,270 [INFO] CADModel:165 - CPN selected for project level
2024-08-19 21:15:38,270 [INFO] CADModel:114 - Register for checkConnection events
2024-08-19 21:15:38,270 [FATAL] Updater:334 - Updater called before beeing initialized
2024-08-19 21:15:38,270 [ERROR] CADModel:125 - Updater not yet initialized, retry later 
2024-08-19 21:15:38,275 [FATAL] Updater:334 - Updater called before beeing initialized
2024-08-19 21:15:38,409 [FATAL] Updater:334 - Updater called before beeing initialized
2024-08-19 21:15:38,420 [INFO] DbMcusAds:53 - JSON generation date=Thu May 16 17:22:00 CST 2024 (1715851320667)
2024-08-19 21:15:38,421 [FATAL] Updater:334 - Updater called before beeing initialized
2024-08-19 21:15:38,468 [WARN] DetailPanel:346 - Failed to get advertising image, set to default
2024-08-19 21:15:38,577 [FATAL] Updater:334 - Updater called before beeing initialized
2024-08-19 21:15:38,579 [FATAL] Updater:334 - Updater called before beeing initialized
2024-08-19 21:15:38,579 [FATAL] Updater:334 - Updater called before beeing initialized
2024-08-19 21:15:38,579 [WARN] DetailPanel:346 - Failed to get advertising image, set to default
2024-08-19 21:15:38,580 [FATAL] Updater:334 - Updater called before beeing initialized
2024-08-19 21:15:38,659 [ERROR] Updater:1164 - MainUpdater not yet initialized. External WinMGr cannot be set.
2024-08-19 21:15:38,673 [INFO] Updater:1100 - Updater Version found : 6.12.0
2024-08-19 21:15:38,699 [INFO] ApplicationProperties:184 - Using Application install path: C:\ST\STM32CubeIDE_1.16.0\STM32CubeIDE\plugins\com.st.stm32cube.common.mx_6.12.0.202406281431
2024-08-19 21:15:40,283 [ERROR] LogOutputStream:75 - [STDERR_REDIRECT] Aug 19, 2024 9:15:40 PM java.util.prefs.WindowsPreferences <init>
2024-08-19 21:15:40,286 [ERROR] LogOutputStream:75 - [STDERR_REDIRECT] WARNING: Could not open/create prefs root node Software\JavaSoft\Prefs at root 0xffffffff80000002. Windows RegCreateKeyEx(...) returned error code 5.
2024-08-19 21:15:40,286 [ERROR] LogOutputStream:75 - [STDERR_REDIRECT] 
2024-08-19 21:15:40,623 [INFO] MainUpdater:2873 - connection check result : 10
2024-08-19 21:15:40,623 [INFO] MainUpdater:3567 - Updater definition file requires update
2024-08-19 21:15:40,626 [INFO] MainUpdater:290 - Updater Check For Update Now.
2024-08-19 21:15:40,626 [INFO] MicroXplorer:498 - Change Database Version : DB.6.0.120
2024-08-19 21:15:40,646 [INFO] ServerAccessManage:473 - Download File updaters.zip
2024-08-19 21:15:40,648 [INFO] McuFinderGlobals:63 - Set McuFinder mode to 2 (CubeIDE integrated)
2024-08-19 21:15:40,659 [INFO] UserAuth:417 - Internet connection configuration mode: 1
2024-08-19 21:15:40,684 [WARN] MainUpdater:1194 - Updater busy. Cannot search thirdparties
2024-08-19 21:15:40,684 [INFO] ThirdPartyUpdaterWithRetryManager:96 - Updater plugin is busy. [1/15]
2024-08-19 21:15:40,696 [INFO] JxBrowserEngine:152 - Initiate JxBrowser Engine with user profile folder
2024-08-19 21:15:40,745 [INFO] FileExtend:240 - Unzip File : updaters.zip
2024-08-19 21:15:40,745 [INFO] FileExtend:255 - Standard Zip Deflate
2024-08-19 21:15:41,629 [INFO] ServerAccessManage:473 - Download File PacksControlFlags.xml
2024-08-19 21:15:41,748 [INFO] ServerAccessManage:473 - Download File cubemx.pidx
2024-08-19 21:15:42,777 [INFO] ServerAccessManage:473 - Download File STMicroelectronics.X-CUBE-MEMS1.pdsc
2024-08-19 21:15:43,622 [INFO] ServerAccessManage:473 - Download File STMicroelectronics.X-CUBE-AZRTOS-H7.pdsc
2024-08-19 21:15:43,685 [WARN] MainUpdater:1194 - Updater busy. Cannot search thirdparties
2024-08-19 21:15:43,685 [INFO] ThirdPartyUpdaterWithRetryManager:96 - Updater plugin is busy. [2/15]
2024-08-19 21:15:44,672 [WARN] PackLoader:240 - Cannot read IP mode file for STMicroelectronics.X-CUBE-MEMS1.11.0.0
2024-08-19 21:15:44,725 [INFO] CheckServerUpdateThread:120 - End of CheckServer Thread
2024-08-19 21:15:44,949 [WARN] PackLoader:240 - Cannot read IP mode file for STMicroelectronics.X-CUBE-AZRTOS-H7.3.3.0
2024-08-19 21:15:44,957 [INFO] PopulateThirdPartyThread:66 - Ending populate Thread
2024-08-19 21:15:44,959 [INFO] ThirdParty:1030 - CMSIS Pack Vendor :STMicroelectronics X-CUBE-AZRTOS-H7 3.3.0
2024-08-19 21:15:44,959 [INFO] ThirdParty:1030 - CMSIS Pack Vendor :STMicroelectronics X-CUBE-MEMS1 11.0.0
2024-08-19 21:15:44,959 [INFO] LoadServerUpdatesThread:375 - End of LoadServerUpdate Thread
2024-08-19 21:15:46,310 [INFO] WebApp:167 - Instantiating new browser for Auth
2024-08-19 21:15:46,962 [WARN] PackLoader:240 - Cannot read IP mode file for STMicroelectronics.FP-SNS-MOTENVWB1.1.4.0
2024-08-19 21:15:46,987 [WARN] PackLoader:240 - Cannot read IP mode file for STMicroelectronics.X-CUBE-SMBUS.2.1.0
2024-08-19 21:15:47,028 [WARN] PackLoader:240 - Cannot read IP mode file for STMicroelectronics.X-CUBE-AZRTOS-F7.1.1.0
2024-08-19 21:15:47,091 [WARN] PackLoader:240 - Cannot read IP mode file for STMicroelectronics.X-CUBE-MEMS1.11.0.0
2024-08-19 21:15:47,454 [WARN] PackLoader:240 - Cannot read IP mode file for STMicroelectronics.FP-SNS-FLIGHT1.5.0.2
2024-08-19 21:15:47,489 [WARN] PackLoader:240 - Cannot read IP mode file for STMicroelectronics.X-CUBE-DISPLAY.3.0.0
2024-08-19 21:15:47,511 [INFO] WebApp:448 - Apply proxy settings
2024-08-19 21:15:47,512 [INFO] WebApp:533 - Chromium requires no authentication
2024-08-19 21:15:47,523 [WARN] PackLoader:240 - Cannot read IP mode file for STMicroelectronics.X-CUBE-BLE1.7.0.0
2024-08-19 21:15:47,530 [INFO] WebApp:476 - Direct internet connection detected
2024-08-19 21:15:47,545 [WARN] PackLoader:240 - Cannot read IP mode file for emotas.I-CUBE-CANOPEN.1.3.0
2024-08-19 21:15:47,574 [WARN] PackLoader:240 - Cannot read IP mode file for STMicroelectronics.X-CUBE-BLEMGR.3.1.0
2024-08-19 21:15:47,591 [INFO] WebApp:869 - Register for checkConnection events
2024-08-19 21:15:47,592 [INFO] WebApp:448 - Apply proxy settings
2024-08-19 21:15:47,592 [INFO] WebApp:533 - Chromium requires no authentication
2024-08-19 21:15:47,592 [INFO] WebApp:476 - Direct internet connection detected
2024-08-19 21:15:47,598 [WARN] PackLoader:240 - Cannot read IP mode file for STMicroelectronics.FP-SNS-SMARTAG2.1.2.0
2024-08-19 21:15:47,637 [INFO] LogOutputStream:77 - [STDOUT_REDIRECT] 1 : Invalid condition id : UX_CORESTACK_Condition cause : null
2024-08-19 21:15:47,638 [INFO] LogOutputStream:77 - [STDOUT_REDIRECT] 1 : Invalid condition id : UX_CORESTACK_Condition cause : null
2024-08-19 21:15:47,641 [INFO] LogOutputStream:77 - [STDOUT_REDIRECT] 1 : Invalid condition id : UX_CORESTACK_Condition cause : null
2024-08-19 21:15:47,645 [INFO] LogOutputStream:77 - [STDOUT_REDIRECT] 1 : Invalid condition id : UX_CORESTACK_Condition cause : null
2024-08-19 21:15:47,648 [INFO] LogOutputStream:77 - [STDOUT_REDIRECT] 1 : Invalid condition id : UX_CORESTACK_Condition cause : null
2024-08-19 21:15:47,653 [WARN] PackLoader:240 - Cannot read IP mode file for STMicroelectronics.X-CUBE-AZRTOS-WL.2.0.0
2024-08-19 21:15:47,675 [WARN] PackLoader:240 - Cannot read IP mode file for STMicroelectronics.FP-SNS-MOTENV1.5.0.0
2024-08-19 21:15:47,686 [WARN] PackLoader:240 - Cannot read IP mode file for wolfSSL.I-CUBE-wolfMQTT.1.19.0
2024-08-19 21:15:47,710 [WARN] PackLoader:240 - Cannot read IP mode file for WES.I-CUBE-Cesium.1.3.0
2024-08-19 21:15:47,736 [WARN] PackLoader:240 - Cannot read IP mode file for STMicroelectronics.X-CUBE-BLE2.3.3.0
2024-08-19 21:15:47,761 [WARN] PackLoader:240 - Cannot read IP mode file for STMicroelectronics.X-CUBE-TCPP.4.1.0
2024-08-19 21:15:47,770 [INFO] WebApp:186 - Connection restablished
2024-08-19 21:15:47,822 [WARN] PackLoader:240 - Cannot read IP mode file for STMicroelectronics.X-CUBE-AZRTOS-G0.1.1.0
2024-08-19 21:15:47,851 [WARN] PackLoader:240 - Cannot read IP mode file for STMicroelectronics.X-CUBE-SAFEA1.1.2.2
2024-08-19 21:15:47,876 [WARN] PackLoader:240 - Cannot read IP mode file for STMicroelectronics.X-CUBE-NFC4.3.0.0
2024-08-19 21:15:47,913 [WARN] PackLoader:240 - Cannot read IP mode file for EmbeddedOffice.I-CUBE-FS-RTOS.1.0.1
2024-08-19 21:15:47,913 [ERROR] ConditionMgr:805 - Attr not supported : Dmpu
2024-08-19 21:15:47,914 [ERROR] ConditionMgr:805 - Attr not supported : Dmpu
2024-08-19 21:15:47,914 [ERROR] ConditionMgr:805 - Attr not supported : Dmpu
2024-08-19 21:15:47,914 [ERROR] ConditionMgr:805 - Attr not supported : Dmpu
2024-08-19 21:15:47,914 [ERROR] ConditionMgr:805 - Attr not supported : Dmpu
2024-08-19 21:15:47,914 [ERROR] ConditionMgr:805 - Attr not supported : Dmpu
2024-08-19 21:15:47,914 [ERROR] ConditionMgr:805 - Attr not supported : Dmpu
2024-08-19 21:15:47,914 [ERROR] ConditionMgr:805 - Attr not supported : Dmpu
2024-08-19 21:15:47,915 [ERROR] ConditionMgr:805 - Attr not supported : Dmpu
2024-08-19 21:15:47,915 [ERROR] ConditionMgr:805 - Attr not supported : Dmpu
2024-08-19 21:15:47,915 [ERROR] ConditionMgr:805 - Attr not supported : Dmpu
2024-08-19 21:15:47,915 [ERROR] ConditionMgr:805 - Attr not supported : Dmpu
2024-08-19 21:15:47,915 [ERROR] ConditionMgr:805 - Attr not supported : Dmpu
2024-08-19 21:15:47,915 [ERROR] ConditionMgr:805 - Attr not supported : Dmpu
2024-08-19 21:15:47,915 [ERROR] ConditionMgr:805 - Attr not supported : Dmpu
2024-08-19 21:15:47,915 [ERROR] ConditionMgr:805 - Attr not supported : Dmpu
2024-08-19 21:15:47,916 [ERROR] ConditionMgr:805 - Attr not supported : Dmpu
2024-08-19 21:15:47,916 [ERROR] ConditionMgr:805 - Attr not supported : Dmpu
2024-08-19 21:15:47,916 [ERROR] ConditionMgr:805 - Attr not supported : Dmpu
2024-08-19 21:15:47,916 [ERROR] ConditionMgr:805 - Attr not supported : Dmpu
2024-08-19 21:15:47,916 [ERROR] ConditionMgr:805 - Attr not supported : Dmpu
2024-08-19 21:15:47,916 [ERROR] ConditionMgr:805 - Attr not supported : Dmpu
2024-08-19 21:15:47,916 [ERROR] ConditionMgr:805 - Attr not supported : Dmpu
2024-08-19 21:15:47,916 [ERROR] ConditionMgr:805 - Attr not supported : Dmpu
2024-08-19 21:15:47,917 [ERROR] ConditionMgr:805 - Attr not supported : Dmpu
2024-08-19 21:15:47,917 [ERROR] ConditionMgr:805 - Attr not supported : Dmpu
2024-08-19 21:15:47,917 [ERROR] ConditionMgr:805 - Attr not supported : Dmpu
2024-08-19 21:15:47,917 [ERROR] ConditionMgr:805 - Attr not supported : Dmpu
2024-08-19 21:15:47,917 [ERROR] ConditionMgr:805 - Attr not supported : Dmpu
2024-08-19 21:15:47,917 [ERROR] ConditionMgr:805 - Attr not supported : Dmpu
2024-08-19 21:15:47,917 [ERROR] ConditionMgr:805 - Attr not supported : Dmpu
2024-08-19 21:15:47,917 [ERROR] ConditionMgr:805 - Attr not supported : Dmpu
2024-08-19 21:15:47,918 [ERROR] ConditionMgr:805 - Attr not supported : Dmpu
2024-08-19 21:15:47,918 [ERROR] ConditionMgr:805 - Attr not supported : Dmpu
2024-08-19 21:15:47,919 [ERROR] ConditionMgr:805 - Attr not supported : Dmpu
2024-08-19 21:15:47,919 [ERROR] ConditionMgr:805 - Attr not supported : Dmpu
2024-08-19 21:15:47,919 [ERROR] ConditionMgr:805 - Attr not supported : Dmpu
2024-08-19 21:15:47,920 [ERROR] ConditionMgr:805 - Attr not supported : Dmpu
2024-08-19 21:15:47,920 [ERROR] ConditionMgr:805 - Attr not supported : Dmpu
2024-08-19 21:15:47,920 [ERROR] ConditionMgr:805 - Attr not supported : Dmpu
2024-08-19 21:15:47,920 [ERROR] ConditionMgr:805 - Attr not supported : Dmpu
2024-08-19 21:15:47,921 [ERROR] ConditionMgr:805 - Attr not supported : Dmpu
2024-08-19 21:15:47,921 [ERROR] ConditionMgr:805 - Attr not supported : Dmpu
2024-08-19 21:15:47,922 [ERROR] ConditionMgr:805 - Attr not supported : Dmpu
2024-08-19 21:15:47,922 [ERROR] ConditionMgr:805 - Attr not supported : Dmpu
2024-08-19 21:15:47,923 [ERROR] ConditionMgr:805 - Attr not supported : Dmpu
2024-08-19 21:15:47,923 [ERROR] ConditionMgr:805 - Attr not supported : Dmpu
2024-08-19 21:15:47,924 [ERROR] ConditionMgr:805 - Attr not supported : Dmpu
2024-08-19 21:15:47,924 [ERROR] ConditionMgr:805 - Attr not supported : Dmpu
2024-08-19 21:15:47,924 [ERROR] ConditionMgr:805 - Attr not supported : Dmpu
2024-08-19 21:15:47,924 [ERROR] ConditionMgr:805 - Attr not supported : Dmpu
2024-08-19 21:15:47,925 [ERROR] ConditionMgr:805 - Attr not supported : Dmpu
2024-08-19 21:15:47,925 [ERROR] ConditionMgr:805 - Attr not supported : Dmpu
2024-08-19 21:15:47,925 [ERROR] ConditionMgr:805 - Attr not supported : Dmpu
2024-08-19 21:15:47,925 [ERROR] ConditionMgr:805 - Attr not supported : Dmpu
2024-08-19 21:15:47,926 [ERROR] ConditionMgr:805 - Attr not supported : Dmpu
2024-08-19 21:15:47,926 [ERROR] ConditionMgr:805 - Attr not supported : Dmpu
2024-08-19 21:15:47,926 [ERROR] ConditionMgr:805 - Attr not supported : Dmpu
2024-08-19 21:15:47,926 [ERROR] ConditionMgr:805 - Attr not supported : Dmpu
2024-08-19 21:15:47,926 [ERROR] ConditionMgr:805 - Attr not supported : Dmpu
2024-08-19 21:15:47,926 [ERROR] ConditionMgr:805 - Attr not supported : Dmpu
2024-08-19 21:15:47,926 [ERROR] ConditionMgr:805 - Attr not supported : Dmpu
2024-08-19 21:15:47,927 [ERROR] ConditionMgr:805 - Attr not supported : Dmpu
2024-08-19 21:15:47,927 [ERROR] ConditionMgr:805 - Attr not supported : Dmpu
2024-08-19 21:15:47,958 [WARN] PackLoader:240 - Cannot read IP mode file for RealThread.X-CUBE-RT-Thread_Nano.4.1.1
2024-08-19 21:15:47,967 [WARN] PackLoader:240 - Cannot read IP mode file for STMicroelectronics.FP-ATR-SIGFOX1.3.2.0
2024-08-19 21:15:47,990 [WARN] PackLoader:240 - Cannot read IP mode file for wolfSSL.I-CUBE-wolfSSL.5.7.2
2024-08-19 21:15:48,016 [WARN] PackLoader:240 - Cannot read IP mode file for STMicroelectronics.X-CUBE-EEPRMA1.5.1.0
2024-08-19 21:15:48,043 [WARN] PackLoader:240 - Cannot read IP mode file for ITTIA_DB.I-CUBE-ITTIADB.8.9.0
2024-08-19 21:15:48,104 [INFO] WebApp:220 - Starting web application
2024-08-19 21:15:48,104 [INFO] WebApp:578 - Web application path used C:\ST\STM32CubeIDE_1.16.0\STM32CubeIDE\plugins\com.st.stm32cube.common.mx_6.12.0.202406281431\db\plugins\mcufinder\reactClient1\index.html
2024-08-19 21:15:48,113 [WARN] PackLoader:240 - Cannot read IP mode file for SEGGER.I-CUBE-embOS.1.3.1
2024-08-19 21:15:48,242 [WARN] PackLoader:240 - Cannot read IP mode file for STMicroelectronics.X-CUBE-ALGOBUILD.1.4.0
2024-08-19 21:15:48,269 [WARN] PackLoader:240 - Cannot read IP mode file for STMicroelectronics.X-CUBE-GNSS1.6.0.0
2024-08-19 21:15:48,326 [WARN] PackLoader:240 - Cannot read IP mode file for STMicroelectronics.X-CUBE-AZRTOS-F4.1.1.0
2024-08-19 21:15:48,356 [WARN] PackLoader:240 - Cannot read IP mode file for STMicroelectronics.X-CUBE-FREERTOS.1.2.0
2024-08-19 21:15:48,403 [INFO] UserAuth:417 - Internet connection configuration mode: 1
2024-08-19 21:15:48,407 [WARN] PackLoader:240 - Cannot read IP mode file for STMicroelectronics.X-CUBE-AZRTOS-L5.2.0.0
2024-08-19 21:15:48,447 [WARN] PackLoader:240 - Cannot read IP mode file for STMicroelectronics.X-CUBE-NFC6.3.1.0
2024-08-19 21:15:48,474 [WARN] PackLoader:240 - Cannot read IP mode file for STMicroelectronics.X-CUBE-DPower.1.2.0
2024-08-19 21:15:48,503 [WARN] PackLoader:240 - Cannot read IP mode file for STMicroelectronics.X-CUBE-AI.9.0.0
2024-08-19 21:15:48,528 [WARN] PackLoader:240 - Cannot read IP mode file for STMicroelectronics.X-CUBE-NFC7.1.0.1
2024-08-19 21:15:48,539 [WARN] PackLoader:240 - Cannot read IP mode file for wolfSSL.I-CUBE-wolfTPM.3.2.0
2024-08-19 21:15:48,606 [WARN] ConditionMgr:438 - getConditionDescription Invalid condition id : LAN8742 Phy interface Condition cause : null
2024-08-19 21:15:48,611 [WARN] PackLoader:240 - Cannot read IP mode file for STMicroelectronics.X-CUBE-AZRTOS-L4.2.0.0
2024-08-19 21:15:48,615 [WARN] ConditionMgr:1039 - genDependencies : Invalid condition id : LAN8742 Phy interface Condition cause : null
2024-08-19 21:15:48,615 [WARN] ConditionMgr:1039 - genDependencies : Invalid condition id : LAN8742 Phy interface Condition cause : null
2024-08-19 21:15:48,616 [WARN] ConditionMgr:1039 - genDependencies : Invalid condition id : LAN8742 Phy interface Condition cause : null
2024-08-19 21:15:48,651 [WARN] PackLoader:240 - Cannot read IP mode file for STMicroelectronics.X-CUBE-SFXS2LP1.4.0.0
2024-08-19 21:15:48,707 [WARN] PackLoader:240 - Cannot read IP mode file for STMicroelectronics.X-CUBE-AZRTOS-H7.3.3.0
2024-08-19 21:15:48,769 [WARN] ConditionMgr:438 - getConditionDescription Invalid condition id : UX DEVICE CLASS RTOS Condition cause : null
2024-08-19 21:15:48,769 [WARN] ConditionMgr:438 - getConditionDescription Invalid condition id : UX DEVICE CLASS RTOS Condition cause : null
2024-08-19 21:15:48,774 [WARN] PackLoader:240 - Cannot read IP mode file for STMicroelectronics.X-CUBE-AZRTOS-WB.2.0.0
2024-08-19 21:15:48,775 [WARN] ConditionMgr:1039 - genDependencies : Invalid condition id : UX DEVICE CLASS RTOS Condition cause : null
2024-08-19 21:15:48,775 [WARN] ConditionMgr:1039 - genDependencies : Invalid condition id : UX DEVICE CLASS RTOS Condition cause : null
2024-08-19 21:15:48,776 [WARN] ConditionMgr:1039 - genDependencies : Invalid condition id : UX DEVICE CLASS RTOS Condition cause : null
2024-08-19 21:15:48,777 [WARN] ConditionMgr:1039 - genDependencies : Invalid condition id : UX DEVICE CLASS RTOS Condition cause : null
2024-08-19 21:15:48,777 [WARN] ConditionMgr:1039 - genDependencies : Invalid condition id : UX DEVICE CLASS RTOS Condition cause : null
2024-08-19 21:15:48,806 [WARN] PackLoader:240 - Cannot read IP mode file for STMicroelectronics.FP-SNS-STBOX1.2.0.0
2024-08-19 21:15:48,842 [WARN] PackLoader:240 - Cannot read IP mode file for STMicroelectronics.X-CUBE-SUBG2.5.0.0
2024-08-19 21:15:48,860 [WARN] PackLoader:240 - Cannot read IP mode file for Cesanta.I-CUBE-Mongoose.7.13.0
2024-08-19 21:15:48,898 [WARN] PackLoader:240 - Cannot read IP mode file for STMicroelectronics.X-CUBE-AZRTOS-G4.2.0.0
2024-08-19 21:15:48,921 [WARN] PackLoader:240 - Cannot read IP mode file for STMicroelectronics.X-CUBE-ISPU.2.0.0
2024-08-19 21:15:48,942 [WARN] PackLoader:240 - Cannot read IP mode file for STMicroelectronics.X-CUBE-ALS.1.0.2
2024-08-19 21:15:49,023 [WARN] PackLoader:240 - Cannot read IP mode file for STMicroelectronics.X-CUBE-MEMS1.10.0.0
2024-08-19 21:15:49,230 [WARN] PackLoader:240 - Cannot read IP mode file for STMicroelectronics.X-CUBE-TOUCHGFX.4.24.0
2024-08-19 21:15:49,253 [WARN] PackLoader:240 - Cannot read IP mode file for portGmbH.I-Cube-SoM-uGOAL.1.1.0
2024-08-19 21:15:49,300 [WARN] PackLoader:240 - Cannot read IP mode file for STMicroelectronics.X-CUBE-AZRTOS-H7RS.1.0.0
2024-08-19 21:15:49,311 [WARN] PackLoader:240 - Cannot read IP mode file for STMicroelectronics.FP-ATR-ASTRA1.2.0.0
2024-08-19 21:15:49,341 [WARN] PackLoader:240 - Cannot read IP mode file for STMicroelectronics.X-CUBE-TOF1.3.4.2
2024-08-19 21:15:49,404 [WARN] PackLoader:240 - Cannot read IP mode file for STMicroelectronics.X-CUBE-AZRTOS-H7.3.2.0
2024-08-19 21:15:49,444 [WARN] PackLoader:240 - Cannot read IP mode file for Infineon.AIROC-Wi-Fi-Bluetooth-STM32.1.6.0
2024-08-19 21:15:49,456 [WARN] PackLoader:240 - Cannot read IP mode file for wolfSSL.I-CUBE-wolfSSH.1.4.17
2024-08-19 21:15:49,457 [INFO] ThirdParty:978 - Integrity check success = true
2024-08-19 21:15:49,457 [INFO] IntegrityCheckThread:100 - exiting critical section [integrity check]
2024-08-19 21:15:49,458 [INFO] IntegrityCheckThread:103 - End integrity checks thread
