2024-08-27 00:42:03,392 [WARN] IP:2191 - I2C_Coeff_DF not found: check if there is a RefParameter without a condition.
2024-08-27 00:42:03,408 [WARN] IP:2191 - Analog_Filter not found: check if there is a RefParameter without a condition.
2024-08-27 00:42:03,409 [WARN] IP:2191 - I2C_Coeff_DF not found: check if there is a RefParameter without a condition.
2024-08-27 00:42:03,409 [WARN] IP:2191 - Analog_Filter not found: check if there is a RefParameter without a condition.
2024-08-27 00:42:09,042 [INFO] DmaTabbedPanel:205 - Cannot restore the selected Tab for DMA
2024-08-27 00:42:16,218 [WARN] IP:2191 - I2C_Coeff_DF not found: check if there is a RefParameter without a condition.
2024-08-27 00:42:16,218 [WARN] IP:2191 - Analog_Filter not found: check if there is a RefParameter without a condition.
2024-08-27 00:42:21,272 [INFO] Gpio:277 - dependency for GPIO [I2C1, USART2]
2024-08-27 00:42:22,917 [INFO] Gpio:277 - dependency for GPIO [I2C1, USART2]
2024-08-27 00:42:22,961 [INFO] DmaTabbedPanel:205 - Cannot restore the selected Tab for DMA
2024-08-27 00:42:30,136 [INFO] DmaTabbedPanel:205 - Cannot restore the selected Tab for DMA
2024-08-27 00:42:35,125 [INFO] UtilMem:75 - End SaveConfig() Used Memory: 280776456 Bytes (832569344)
2024-08-27 00:42:35,178 [INFO] UtilMem:75 - End SaveConfig() Used Memory: 293327880 Bytes (832569344)
2024-08-27 00:42:35,702 [INFO] UtilMem:75 - End SaveConfig() Used Memory: 320590856 Bytes (832569344)
2024-08-27 00:42:35,965 [INFO] BlockDiagram:2766 - set Specific Code input for plugin: NVIC
2024-08-27 00:42:35,965 [INFO] BlockDiagram:2766 - set Specific Code input for plugin: USART
2024-08-27 00:42:35,965 [INFO] BlockDiagram:2766 - set Specific Code input for plugin: SYS
2024-08-27 00:42:35,966 [INFO] BlockDiagram:2766 - set Specific Code input for plugin: GPIO
2024-08-27 00:42:35,966 [INFO] BlockDiagram:2766 - set Specific Code input for plugin: RCC
2024-08-27 00:42:35,966 [INFO] BlockDiagram:2766 - set Specific Code input for plugin: I2C
2024-08-27 00:42:35,966 [INFO] CodeGenerator:807 - code generatio: config db path: C:\ST\STM32CubeIDE_1.16.0\STM32CubeIDE\plugins\com.st.stm32cube.common.mx_6.12.0.202406281431\\db\
2024-08-27 00:42:35,967 [WARN] IP:2191 - I2C_Coeff_DF not found: check if there is a RefParameter without a condition.
2024-08-27 00:42:35,967 [WARN] IP:2191 - Analog_Filter not found: check if there is a RefParameter without a condition.
2024-08-27 00:42:36,074 [INFO] CodeEngine:255 - oldGeneratedFile, C:\ST\workspace_1.16.0\proj6_iic\MXTmpFiles\license.tmp_save
2024-08-27 00:42:36,176 [INFO] CodeEngine:279 - Generated code: C:\ST\workspace_1.16.0\proj6_iic\MXTmpFiles\license.tmp
2024-08-27 00:42:36,226 [INFO] CodeEngine:255 - oldGeneratedFile, C:\ST\workspace_1.16.0\proj6_iic\Core\Src\gpio.c_save
2024-08-27 00:42:36,314 [INFO] CodeEngine:279 - Generated code: C:\ST\workspace_1.16.0\proj6_iic\Core\Src\gpio.c
2024-08-27 00:42:36,335 [INFO] CodeEngine:255 - oldGeneratedFile, C:\ST\workspace_1.16.0\proj6_iic\Core\Inc\gpio.h_save
2024-08-27 00:42:36,426 [INFO] CodeEngine:279 - Generated code: C:\ST\workspace_1.16.0\proj6_iic\Core\Inc\gpio.h
2024-08-27 00:42:36,550 [INFO] CodeEngine:255 - oldGeneratedFile, C:\ST\workspace_1.16.0\proj6_iic\Core\Src\i2c.c_save
2024-08-27 00:42:36,696 [INFO] CodeEngine:279 - Generated code: C:\ST\workspace_1.16.0\proj6_iic\Core\Src\i2c.c
2024-08-27 00:42:36,720 [INFO] CodeEngine:255 - oldGeneratedFile, C:\ST\workspace_1.16.0\proj6_iic\Core\Inc\i2c.h_save
2024-08-27 00:42:36,810 [INFO] CodeEngine:279 - Generated code: C:\ST\workspace_1.16.0\proj6_iic\Core\Inc\i2c.h
2024-08-27 00:42:36,831 [INFO] CodeEngine:255 - oldGeneratedFile, C:\ST\workspace_1.16.0\proj6_iic\Core\Src\usart.c_save
2024-08-27 00:42:36,942 [INFO] CodeEngine:279 - Generated code: C:\ST\workspace_1.16.0\proj6_iic\Core\Src\usart.c
2024-08-27 00:42:36,947 [INFO] CodeEngine:255 - oldGeneratedFile, C:\ST\workspace_1.16.0\proj6_iic\Core\Inc\usart.h_save
2024-08-27 00:42:37,045 [INFO] CodeEngine:279 - Generated code: C:\ST\workspace_1.16.0\proj6_iic\Core\Inc\usart.h
2024-08-27 00:42:37,073 [INFO] CodeEngine:255 - oldGeneratedFile, C:\ST\workspace_1.16.0\proj6_iic\Core\Src\stm32f1xx_it.c_save
2024-08-27 00:42:37,255 [INFO] CodeEngine:279 - Generated code: C:\ST\workspace_1.16.0\proj6_iic\Core\Src\stm32f1xx_it.c
2024-08-27 00:42:37,280 [INFO] CodeEngine:255 - oldGeneratedFile, C:\ST\workspace_1.16.0\proj6_iic\Core\Inc\stm32f1xx_it.h_save
2024-08-27 00:42:37,365 [INFO] CodeEngine:279 - Generated code: C:\ST\workspace_1.16.0\proj6_iic\Core\Inc\stm32f1xx_it.h
2024-08-27 00:42:37,395 [INFO] CodeEngine:255 - oldGeneratedFile, C:\ST\workspace_1.16.0\proj6_iic\Core\Src\stm32f1xx_hal_msp.c_save
2024-08-27 00:42:37,517 [INFO] CodeEngine:279 - Generated code: C:\ST\workspace_1.16.0\proj6_iic\Core\Src\stm32f1xx_hal_msp.c
2024-08-27 00:42:37,528 [INFO] CodeEngine:255 - oldGeneratedFile, C:\ST\workspace_1.16.0\proj6_iic\MXTmpFiles\system.tmp_save
2024-08-27 00:42:37,599 [INFO] CodeEngine:279 - Generated code: C:\ST\workspace_1.16.0\proj6_iic\MXTmpFiles\system.tmp
2024-08-27 00:42:37,620 [INFO] CodeEngine:311 - oldGeneratedFile, C:\ST\workspace_1.16.0\proj6_iic\Core\Inc\stm32f1xx_hal_conf.h_save
2024-08-27 00:42:37,695 [INFO] CodeEngine:335 - Generated code: C:\ST\workspace_1.16.0\proj6_iic\Core\Inc\stm32f1xx_hal_conf.h
2024-08-27 00:42:37,739 [INFO] CodeEngine:255 - oldGeneratedFile, C:\ST\workspace_1.16.0\proj6_iic\Core\Inc\main.h_save
2024-08-27 00:42:37,826 [INFO] CodeEngine:279 - Generated code: C:\ST\workspace_1.16.0\proj6_iic\Core\Inc\main.h
2024-08-27 00:42:37,844 [INFO] CodeEngine:255 - oldGeneratedFile, C:\ST\workspace_1.16.0\proj6_iic\Core\Src\main.c_save
2024-08-27 00:42:37,966 [INFO] CodeEngine:279 - Generated code: C:\ST\workspace_1.16.0\proj6_iic\Core\Src\main.c
2024-08-27 00:42:38,283 [INFO] ProjectBuilder:3249 - Time for Copy HAL[1] : 138mS.
2024-08-27 00:42:38,286 [INFO] ProjectBuilder:4828 - Project Generator version: 4.4.0-B60
2024-08-27 00:42:38,356 [INFO] ConfigFileManager:1531 - The Die is : DIE410
2024-08-27 00:42:39,149 [INFO] ProjectBuilder:5097 - Time for Generating toolchain IDE Files: 864mS.
2024-08-27 00:42:39,149 [INFO] ProjectBuilder:3107 - Time for Copy CMSIS : 0mS.
2024-08-27 00:42:39,154 [INFO] ProjectBuilder:3107 - Time for Copy CMSIS : 0mS.
2024-08-27 00:45:22,748 [INFO] Gpio:277 - dependency for GPIO [I2C1, SYS, USART2]
