2024-11-05 17:27:10,589 [INFO] Activator:176 - 


2024-11-05 17:27:10,595 [INFO] Activator:177 - !SESSION log4j initialized
2024-11-05 17:27:19,417 [INFO] LogOutputStream:77 - [STDOUT_REDIRECT] 
2024-11-05 17:27:27,884 [INFO] ApplicationProperties:184 - Using Application install path: C:\ST\STM32CubeIDE_1.16.0\STM32CubeIDE\plugins\com.st.stm32cube.common.mx_6.12.0.202406281431
2024-11-05 17:27:27,905 [INFO] DbMcusXml:78 - Set database path to: C:\ST\STM32CubeIDE_1.16.0\STM32CubeIDE\plugins\com.st.stm32cube.common.mx_6.12.0.202406281431\\db\/mcu/
2024-11-05 17:27:27,905 [INFO] ApiDb:274 - Set plugin database path to: C:\ST\STM32CubeIDE_1.16.0\STM32CubeIDE\plugins\com.st.stm32cube.common.mx_6.12.0.202406281431\\db\/plugins/boardmanager/
2024-11-05 17:27:27,907 [WARN] ApiDb:259 - Overriding images path with different value:  => C:\ST\STM32CubeIDE_1.16.0\STM32CubeIDE\plugins\com.st.stm32cube.common.mx_6.12.0.202406281431\\db\/plugins/mcufinder/images/
2024-11-05 17:27:27,920 [INFO] ApiDb:250 - Set database path to: C:\Users\admin\.stmcufinder\plugins\mcufinder//mcu/
2024-11-05 17:27:27,921 [INFO] DbMcusAds:125 - Set database path to: C:\Users\admin\.stmcufinder\plugins\mcufinder//mcu/
2024-11-05 17:27:27,923 [INFO] CrossReferenceDbSqlite:203 - Set database path to: C:\Users\admin\.stmcufinder\plugins\mcufinder//mcu/cs/
2024-11-05 17:27:28,053 [INFO] RulesReader:64 - Compatibility file has been processed (297 Rules)
2024-11-05 17:27:28,147 [INFO] DbMcusXml:78 - Set database path to: C:\ST\STM32CubeIDE_1.16.0\STM32CubeIDE\plugins\com.st.stm32cube.common.mx_6.12.0.202406281431\\db\/mcu/
2024-11-05 17:27:28,147 [INFO] ApiDb:274 - Set plugin database path to: C:\ST\STM32CubeIDE_1.16.0\STM32CubeIDE\plugins\com.st.stm32cube.common.mx_6.12.0.202406281431\\db\/plugins/boardmanager/
2024-11-05 17:27:28,147 [INFO] ApiDb:261 - Set plugin images path to: C:\ST\STM32CubeIDE_1.16.0\STM32CubeIDE\plugins\com.st.stm32cube.common.mx_6.12.0.202406281431\\db\/plugins/mcufinder/images/
2024-11-05 17:27:28,148 [WARN] DbFile:41 - Overriding database path with different value: C:\Users\admin\.stmcufinder\plugins\mcufinder/ => C:\Users\admin\.stmcufinder\plugins\mcufinder
2024-11-05 17:27:28,148 [INFO] ApiDb:250 - Set database path to: C:\Users\admin\.stmcufinder\plugins\mcufinder//mcu/
2024-11-05 17:27:28,148 [WARN] DbFile:41 - Overriding database path with different value: C:\Users\admin\.stmcufinder\plugins\mcufinder/ => C:\Users\admin\.stmcufinder\plugins\mcufinder
2024-11-05 17:27:28,148 [INFO] DbMcusAds:125 - Set database path to: C:\Users\admin\.stmcufinder\plugins\mcufinder//mcu/
2024-11-05 17:27:28,148 [WARN] DbFile:41 - Overriding database path with different value: C:\Users\admin\.stmcufinder\plugins\mcufinder/ => C:\Users\admin\.stmcufinder\plugins\mcufinder
2024-11-05 17:27:28,148 [WARN] DbFile:41 - Overriding database path with different value: C:\Users\admin\.stmcufinder\plugins\mcufinder/ => C:\Users\admin\.stmcufinder\plugins\mcufinder
2024-11-05 17:27:28,148 [INFO] CrossReferenceDbSqlite:203 - Set database path to: C:\Users\admin\.stmcufinder\plugins\mcufinder//mcu/cs/
2024-11-05 17:27:28,234 [INFO] MainPanel:268 - HeapMemory: 268435456
2024-11-05 17:27:28,346 [INFO] DbMcusXml:78 - Set database path to: C:\ST\STM32CubeIDE_1.16.0\STM32CubeIDE\plugins\com.st.stm32cube.common.mx_6.12.0.202406281431\\db\/mcu/
2024-11-05 17:27:28,346 [INFO] ApiDb:274 - Set plugin database path to: C:\ST\STM32CubeIDE_1.16.0\STM32CubeIDE\plugins\com.st.stm32cube.common.mx_6.12.0.202406281431\\db\/plugins/boardmanager/
2024-11-05 17:27:28,346 [INFO] ApiDb:261 - Set plugin images path to: C:\ST\STM32CubeIDE_1.16.0\STM32CubeIDE\plugins\com.st.stm32cube.common.mx_6.12.0.202406281431\\db\/plugins/mcufinder/images/
2024-11-05 17:27:28,346 [WARN] DbFile:41 - Overriding database path with different value: C:\Users\admin\.stmcufinder\plugins\mcufinder/ => C:\Users\admin\.stmcufinder\plugins\mcufinder
2024-11-05 17:27:28,346 [INFO] ApiDb:250 - Set database path to: C:\Users\admin\.stmcufinder\plugins\mcufinder//mcu/
2024-11-05 17:27:28,346 [WARN] DbFile:41 - Overriding database path with different value: C:\Users\admin\.stmcufinder\plugins\mcufinder/ => C:\Users\admin\.stmcufinder\plugins\mcufinder
2024-11-05 17:27:28,346 [INFO] DbMcusAds:125 - Set database path to: C:\Users\admin\.stmcufinder\plugins\mcufinder//mcu/
2024-11-05 17:27:28,346 [WARN] DbFile:41 - Overriding database path with different value: C:\Users\admin\.stmcufinder\plugins\mcufinder/ => C:\Users\admin\.stmcufinder\plugins\mcufinder
2024-11-05 17:27:28,346 [WARN] DbFile:41 - Overriding database path with different value: C:\Users\admin\.stmcufinder\plugins\mcufinder/ => C:\Users\admin\.stmcufinder\plugins\mcufinder
2024-11-05 17:27:28,346 [INFO] CrossReferenceDbSqlite:203 - Set database path to: C:\Users\admin\.stmcufinder\plugins\mcufinder//mcu/cs/
2024-11-05 17:27:28,362 [INFO] ApplicationProperties:184 - Using Application install path: C:\ST\STM32CubeIDE_1.16.0\STM32CubeIDE\plugins\com.st.stm32cube.common.mx_6.12.0.202406281431
2024-11-05 17:27:28,363 [INFO] PluginManage:196 - Search for loadable plugins [exclusion list=, ]
2024-11-05 17:27:28,364 [INFO] PluginManage:310 - Check plugin analytics
2024-11-05 17:27:28,590 [INFO] AnalyticsPlugin:253 - Accepted Software Licenses: STM32CubeMX.6.12.0
2024-11-05 17:27:28,591 [INFO] AnalyticsPlugin:255 - Accepted CMSIS Pack Licenses: 
2024-11-05 17:27:28,591 [INFO] AnalyticsPlugin:257 - Accepted Firmware Licenses: 
2024-11-05 17:27:28,593 [INFO] PluginManage:359 - Loaded plugin analytics (category:tool,tabindex:-1)
2024-11-05 17:27:28,594 [INFO] PluginManage:310 - Check plugin cadmodel
2024-11-05 17:27:28,610 [INFO] CADModel:105 - Init CAD model plugin
2024-11-05 17:27:28,610 [INFO] PluginManage:359 - Loaded plugin cadmodel (category:power,tabindex:5)
2024-11-05 17:27:28,610 [INFO] PluginManage:310 - Check plugin clock
2024-11-05 17:27:28,628 [INFO] PluginManage:359 - Loaded plugin clock (category:base,tabindex:2)
2024-11-05 17:27:28,628 [INFO] PluginManage:310 - Check plugin ddr
2024-11-05 17:27:28,631 [INFO] PluginManage:359 - Loaded plugin ddr (category:tool,tabindex:6)
2024-11-05 17:27:28,631 [INFO] PluginManage:310 - Check plugin filemanager
2024-11-05 17:27:28,785 [INFO] PluginManage:359 - Loaded plugin filemanager (category:base,tabindex:10)
2024-11-05 17:27:28,785 [INFO] PluginManage:310 - Check plugin ipmanager
2024-11-05 17:27:28,792 [INFO] PluginManage:359 - Loaded plugin ipmanager (category:base,tabindex:5)
2024-11-05 17:27:28,792 [INFO] PluginManage:310 - Check plugin lpbam
2024-11-05 17:27:28,811 [INFO] PluginManage:359 - Loaded plugin lpbam (category:base,tabindex:0)
2024-11-05 17:27:28,811 [INFO] PluginManage:310 - Check plugin memorymap
2024-11-05 17:27:28,835 [INFO] PluginManage:359 - Loaded plugin memorymap (category:base,tabindex:4)
2024-11-05 17:27:28,835 [INFO] PluginManage:310 - Check plugin pinoutandconfiguration
2024-11-05 17:27:28,853 [INFO] PluginManage:359 - Loaded plugin pinoutandconfiguration (category:base,tabindex:1)
2024-11-05 17:27:28,853 [INFO] PluginManage:310 - Check plugin pinoutconfig
2024-11-05 17:27:28,947 [WARN] SupportedApi:132 - Cannot load RTOS API schema: s4s-elt-must-match.1: The content of 'definitions' must match (annotation?, (simpleType | complexType)?, (unique | key | keyref)*)). A problem was found starting at: attribute.
2024-11-05 17:27:29,106 [INFO] PluginManage:359 - Loaded plugin pinoutconfig (category:base,tabindex:0)
2024-11-05 17:27:29,106 [INFO] PluginManage:310 - Check plugin power
2024-11-05 17:27:29,128 [INFO] PluginManage:359 - Loaded plugin power (category:power,tabindex:4)
2024-11-05 17:27:29,128 [INFO] PluginManage:310 - Check plugin projectmanager
2024-11-05 17:27:29,144 [INFO] PluginManage:359 - Loaded plugin projectmanager (category:projectmanager,tabindex:4)
2024-11-05 17:27:29,144 [INFO] PluginManage:310 - Check plugin rif
2024-11-05 17:27:29,157 [INFO] PluginManage:359 - Loaded plugin rif (category:base,tabindex:3)
2024-11-05 17:27:29,159 [INFO] PluginManage:310 - Check plugin thirdparty
2024-11-05 17:27:29,409 [INFO] PluginManage:359 - Loaded plugin thirdparty (category:base,tabindex:-1)
2024-11-05 17:27:29,409 [WARN] IntegrityCheckThread:84 - waiting for thirdparty lock release [integrity check]
2024-11-05 17:27:29,409 [INFO] PluginManage:310 - Check plugin tools
2024-11-05 17:27:29,409 [INFO] IntegrityCheckThread:86 - entering critical section [integrity check]
2024-11-05 17:27:29,410 [INFO] ThirdPartyUpdaterWithRetryManager:70 - Updater plugin not ready yet. [1/15]
2024-11-05 17:27:29,441 [INFO] PluginManage:359 - Loaded plugin tools (category:base,tabindex:7)
2024-11-05 17:27:29,442 [INFO] PluginManage:310 - Check plugin tutovideos
2024-11-05 17:27:29,638 [INFO] PluginManage:359 - Loaded plugin tutovideos (category:base,tabindex:-1)
2024-11-05 17:27:29,638 [INFO] PluginManage:310 - Check plugin updater
2024-11-05 17:27:29,660 [INFO] PluginManage:359 - Loaded plugin updater (category:base,tabindex:12)
2024-11-05 17:27:29,660 [INFO] PluginManage:310 - Check plugin userauth
2024-11-05 17:27:29,665 [INFO] UserAuth:113 - Init User Auth plugin
2024-11-05 17:27:29,665 [INFO] PluginManage:359 - Loaded plugin userauth (category:base,tabindex:14)
2024-11-05 17:27:29,666 [INFO] PluginManage:283 - PluginManage : Loaded plugins [18]
2024-11-05 17:27:29,862 [INFO] PinOutPanel:1561 - setPackage(No Configuration,No Configuration)
2024-11-05 17:27:29,945 [INFO] CADModel:165 - CPN selected for project level
2024-11-05 17:27:29,946 [INFO] CADModel:114 - Register for checkConnection events
2024-11-05 17:27:29,970 [INFO] IPUIPlugin:80 - create IPUIPlugin
2024-11-05 17:27:29,970 [INFO] PluginManager:220 - loadIPPluginJar : add adc
2024-11-05 17:27:30,005 [INFO] IPUIPlugin:80 - create IPUIPlugin
2024-11-05 17:27:30,006 [INFO] PluginManager:220 - loadIPPluginJar : add aes
2024-11-05 17:27:30,043 [INFO] IPUIPlugin:80 - create IPUIPlugin
2024-11-05 17:27:30,043 [INFO] PluginManager:220 - loadIPPluginJar : add can
2024-11-05 17:27:30,065 [INFO] IPUIPlugin:80 - create IPUIPlugin
2024-11-05 17:27:30,065 [INFO] PluginManager:220 - loadIPPluginJar : add comp
2024-11-05 17:27:30,098 [INFO] IPUIPlugin:80 - create IPUIPlugin
2024-11-05 17:27:30,098 [INFO] PluginManager:220 - loadIPPluginJar : add cryp
2024-11-05 17:27:30,107 [INFO] IPUIPlugin:80 - create IPUIPlugin
2024-11-05 17:27:30,107 [INFO] PluginManager:220 - loadIPPluginJar : add ddr_ctrl_phy
2024-11-05 17:27:30,137 [INFO] IPUIPlugin:80 - create IPUIPlugin
2024-11-05 17:27:30,137 [INFO] PluginManager:220 - loadIPPluginJar : add dfsdm
2024-11-05 17:27:30,149 [INFO] IPUIPlugin:80 - create IPUIPlugin
2024-11-05 17:27:30,149 [INFO] PluginManager:220 - loadIPPluginJar : add dma
2024-11-05 17:27:30,190 [INFO] IPUIPlugin:80 - create IPUIPlugin
2024-11-05 17:27:30,190 [INFO] PluginManager:220 - loadIPPluginJar : add dma3
2024-11-05 17:27:30,234 [INFO] IPUIPlugin:80 - create IPUIPlugin
2024-11-05 17:27:30,234 [INFO] PluginManager:220 - loadIPPluginJar : add extmemmanager
2024-11-05 17:27:30,253 [INFO] IPUIPlugin:80 - create IPUIPlugin
2024-11-05 17:27:30,253 [INFO] PluginManager:220 - loadIPPluginJar : add fatfs
2024-11-05 17:27:30,298 [INFO] IPUIPlugin:80 - create IPUIPlugin
2024-11-05 17:27:30,298 [INFO] PluginManager:220 - loadIPPluginJar : add fmc
2024-11-05 17:27:30,311 [INFO] IPUIPlugin:80 - create IPUIPlugin
2024-11-05 17:27:30,311 [INFO] PluginManager:220 - loadIPPluginJar : add freertos
2024-11-05 17:27:30,330 [INFO] IPUIPlugin:80 - create IPUIPlugin
2024-11-05 17:27:30,330 [INFO] PluginManager:220 - loadIPPluginJar : add genericplugin
2024-11-05 17:27:30,419 [INFO] IPUIPlugin:80 - create IPUIPlugin
2024-11-05 17:27:30,419 [INFO] PluginManager:220 - loadIPPluginJar : add gfxmmu
2024-11-05 17:27:30,541 [INFO] IPUIPlugin:80 - create IPUIPlugin
2024-11-05 17:27:30,542 [INFO] PluginManager:220 - loadIPPluginJar : add gic
2024-11-05 17:27:30,552 [INFO] IPUIPlugin:80 - create IPUIPlugin
2024-11-05 17:27:30,552 [INFO] PluginManager:220 - loadIPPluginJar : add gpio
2024-11-05 17:27:30,652 [INFO] IPUIPlugin:80 - create IPUIPlugin
2024-11-05 17:27:30,652 [INFO] PluginManager:220 - loadIPPluginJar : add gtzc
2024-11-05 17:27:30,684 [INFO] IPUIPlugin:80 - create IPUIPlugin
2024-11-05 17:27:30,684 [INFO] PluginManager:220 - loadIPPluginJar : add hash
2024-11-05 17:27:30,735 [INFO] IPUIPlugin:80 - create IPUIPlugin
2024-11-05 17:27:30,735 [INFO] PluginManager:220 - loadIPPluginJar : add i2c
2024-11-05 17:27:30,771 [INFO] IPUIPlugin:80 - create IPUIPlugin
2024-11-05 17:27:30,771 [INFO] PluginManager:220 - loadIPPluginJar : add i2s
2024-11-05 17:27:30,811 [INFO] IPUIPlugin:80 - create IPUIPlugin
2024-11-05 17:27:30,811 [INFO] PluginManager:220 - loadIPPluginJar : add i3c
2024-11-05 17:27:30,910 [INFO] IPUIPlugin:80 - create IPUIPlugin
2024-11-05 17:27:30,910 [INFO] PluginManager:220 - loadIPPluginJar : add ipddr
2024-11-05 17:27:30,997 [INFO] IPUIPlugin:80 - create IPUIPlugin
2024-11-05 17:27:30,997 [INFO] PluginManager:220 - loadIPPluginJar : add linkedlist
2024-11-05 17:27:31,029 [INFO] IPUIPlugin:80 - create IPUIPlugin
2024-11-05 17:27:31,030 [INFO] PluginManager:220 - loadIPPluginJar : add lorawan
2024-11-05 17:27:31,063 [INFO] IPUIPlugin:80 - create IPUIPlugin
2024-11-05 17:27:31,063 [INFO] PluginManager:220 - loadIPPluginJar : add ltdc
2024-11-05 17:27:31,078 [INFO] IPUIPlugin:80 - create IPUIPlugin
2024-11-05 17:27:31,078 [INFO] PluginManager:220 - loadIPPluginJar : add mdma
2024-11-05 17:27:31,087 [INFO] IPUIPlugin:80 - create IPUIPlugin
2024-11-05 17:27:31,087 [INFO] PluginManager:220 - loadIPPluginJar : add nvic
2024-11-05 17:27:31,121 [INFO] IPUIPlugin:80 - create IPUIPlugin
2024-11-05 17:27:31,121 [INFO] PluginManager:220 - loadIPPluginJar : add opamp
2024-11-05 17:27:31,179 [INFO] IPUIPlugin:80 - create IPUIPlugin
2024-11-05 17:27:31,179 [INFO] PluginManager:220 - loadIPPluginJar : add openamp
2024-11-05 17:27:31,220 [INFO] IPUIPlugin:80 - create IPUIPlugin
2024-11-05 17:27:31,220 [INFO] PluginManager:220 - loadIPPluginJar : add pdm2pcm
2024-11-05 17:27:31,231 [INFO] IPUIPlugin:80 - create IPUIPlugin
2024-11-05 17:27:31,233 [INFO] PluginManager:220 - loadIPPluginJar : add plateformsettings
2024-11-05 17:27:31,253 [INFO] IPUIPlugin:80 - create IPUIPlugin
2024-11-05 17:27:31,253 [INFO] PluginManager:220 - loadIPPluginJar : add quadspi
2024-11-05 17:27:31,278 [INFO] IPUIPlugin:80 - create IPUIPlugin
2024-11-05 17:27:31,278 [INFO] PluginManager:220 - loadIPPluginJar : add radio
2024-11-05 17:27:31,290 [INFO] IPUIPlugin:80 - create IPUIPlugin
2024-11-05 17:27:31,290 [INFO] PluginManager:220 - loadIPPluginJar : add resmgrutility
2024-11-05 17:27:31,336 [INFO] IPUIPlugin:80 - create IPUIPlugin
2024-11-05 17:27:31,336 [INFO] PluginManager:220 - loadIPPluginJar : add sai
2024-11-05 17:27:31,370 [INFO] IPUIPlugin:80 - create IPUIPlugin
2024-11-05 17:27:31,370 [INFO] PluginManager:220 - loadIPPluginJar : add spi
2024-11-05 17:27:31,439 [INFO] IPUIPlugin:80 - create IPUIPlugin
2024-11-05 17:27:31,439 [INFO] PluginManager:220 - loadIPPluginJar : add stm32_wpan
2024-11-05 17:27:31,461 [INFO] IPUIPlugin:80 - create IPUIPlugin
2024-11-05 17:27:31,461 [INFO] PluginManager:220 - loadIPPluginJar : add tim
2024-11-05 17:27:31,519 [INFO] IPUIPlugin:80 - create IPUIPlugin
2024-11-05 17:27:31,519 [INFO] PluginManager:220 - loadIPPluginJar : add touchsensing
2024-11-05 17:27:31,542 [INFO] IPUIPlugin:80 - create IPUIPlugin
2024-11-05 17:27:31,542 [INFO] PluginManager:220 - loadIPPluginJar : add tracer_emb
2024-11-05 17:27:31,562 [INFO] IPUIPlugin:80 - create IPUIPlugin
2024-11-05 17:27:31,562 [INFO] PluginManager:220 - loadIPPluginJar : add ts
2024-11-05 17:27:31,583 [INFO] IPUIPlugin:80 - create IPUIPlugin
2024-11-05 17:27:31,583 [INFO] PluginManager:220 - loadIPPluginJar : add tsc
2024-11-05 17:27:31,604 [INFO] IPUIPlugin:80 - create IPUIPlugin
2024-11-05 17:27:31,604 [INFO] PluginManager:220 - loadIPPluginJar : add ucpd
2024-11-05 17:27:31,645 [INFO] IPUIPlugin:80 - create IPUIPlugin
2024-11-05 17:27:31,645 [INFO] PluginManager:220 - loadIPPluginJar : add usart
2024-11-05 17:27:31,687 [INFO] IPUIPlugin:80 - create IPUIPlugin
2024-11-05 17:27:31,687 [INFO] PluginManager:220 - loadIPPluginJar : add usbx
2024-11-05 17:27:31,811 [INFO] CADModel:165 - CPN selected for project level
2024-11-05 17:27:31,811 [INFO] CADModel:114 - Register for checkConnection events
2024-11-05 17:27:31,811 [FATAL] Updater:334 - Updater called before beeing initialized
2024-11-05 17:27:31,811 [ERROR] CADModel:125 - Updater not yet initialized, retry later 
2024-11-05 17:27:31,964 [INFO] CADModel:165 - CPN selected for project level
2024-11-05 17:27:31,965 [INFO] CADModel:114 - Register for checkConnection events
2024-11-05 17:27:31,965 [FATAL] Updater:334 - Updater called before beeing initialized
2024-11-05 17:27:31,965 [ERROR] CADModel:125 - Updater not yet initialized, retry later 
2024-11-05 17:27:31,968 [FATAL] Updater:334 - Updater called before beeing initialized
2024-11-05 17:27:32,067 [FATAL] Updater:334 - Updater called before beeing initialized
2024-11-05 17:27:32,078 [INFO] DbMcusAds:53 - JSON generation date=Fri Sep 20 21:04:23 CST 2024 (1726837463113)
2024-11-05 17:27:32,079 [FATAL] Updater:334 - Updater called before beeing initialized
2024-11-05 17:27:32,116 [WARN] DetailPanel:346 - Failed to get advertising image, set to default
2024-11-05 17:27:32,193 [FATAL] Updater:334 - Updater called before beeing initialized
2024-11-05 17:27:32,195 [FATAL] Updater:334 - Updater called before beeing initialized
2024-11-05 17:27:32,195 [FATAL] Updater:334 - Updater called before beeing initialized
2024-11-05 17:27:32,195 [WARN] DetailPanel:346 - Failed to get advertising image, set to default
2024-11-05 17:27:32,196 [FATAL] Updater:334 - Updater called before beeing initialized
2024-11-05 17:27:32,255 [ERROR] Updater:1164 - MainUpdater not yet initialized. External WinMGr cannot be set.
2024-11-05 17:27:32,265 [INFO] Updater:1100 - Updater Version found : 6.12.0
2024-11-05 17:27:32,286 [INFO] ApplicationProperties:184 - Using Application install path: C:\ST\STM32CubeIDE_1.16.0\STM32CubeIDE\plugins\com.st.stm32cube.common.mx_6.12.0.202406281431
2024-11-05 17:27:32,411 [INFO] ThirdPartyUpdaterWithRetryManager:70 - Updater plugin not ready yet. [2/15]
2024-11-05 17:27:33,863 [ERROR] LogOutputStream:75 - [STDERR_REDIRECT] Nov 05, 2024 5:27:33 PM java.util.prefs.WindowsPreferences <init>
2024-11-05 17:27:33,865 [ERROR] LogOutputStream:75 - [STDERR_REDIRECT] WARNING: Could not open/create prefs root node Software\JavaSoft\Prefs at root 0xffffffff80000002. Windows RegCreateKeyEx(...) returned error code 5.
2024-11-05 17:27:33,867 [ERROR] LogOutputStream:75 - [STDERR_REDIRECT] 
2024-11-05 17:27:34,187 [INFO] MainUpdater:2873 - connection check result : 10
2024-11-05 17:27:34,187 [INFO] MainUpdater:3567 - Updater definition file requires update
2024-11-05 17:27:34,188 [INFO] MainUpdater:290 - Updater Check For Update Now.
2024-11-05 17:27:34,188 [INFO] MicroXplorer:498 - Change Database Version : DB.6.0.120
2024-11-05 17:27:34,201 [INFO] ServerAccessManage:473 - Download File updaters.zip
2024-11-05 17:27:34,204 [INFO] McuFinderGlobals:63 - Set McuFinder mode to 2 (CubeIDE integrated)
2024-11-05 17:27:34,211 [INFO] UserAuth:417 - Internet connection configuration mode: 1
2024-11-05 17:27:34,243 [INFO] JxBrowserEngine:152 - Initiate JxBrowser Engine with user profile folder
2024-11-05 17:27:34,258 [INFO] FileExtend:240 - Unzip File : updaters.zip
2024-11-05 17:27:34,258 [INFO] FileExtend:255 - Standard Zip Deflate
2024-11-05 17:27:34,932 [INFO] ServerAccessManage:473 - Download File PacksControlFlags.xml
2024-11-05 17:27:35,073 [INFO] ServerAccessManage:473 - Download File cubemx.pidx
2024-11-05 17:27:35,200 [INFO] LoadServerUpdatesThread:375 - End of LoadServerUpdate Thread
2024-11-05 17:27:35,411 [WARN] MainUpdater:1194 - Updater busy. Cannot search thirdparties
2024-11-05 17:27:35,411 [INFO] ThirdPartyUpdaterWithRetryManager:96 - Updater plugin is busy. [1/15]
2024-11-05 17:27:35,427 [INFO] CheckServerUpdateThread:120 - End of CheckServer Thread
2024-11-05 17:27:38,611 [WARN] PackLoader:240 - Cannot read IP mode file for STMicroelectronics.FP-SNS-MOTENVWB1.1.4.0
2024-11-05 17:27:38,625 [WARN] PackLoader:240 - Cannot read IP mode file for STMicroelectronics.X-CUBE-SMBUS.2.1.0
2024-11-05 17:27:38,639 [WARN] PackLoader:240 - Cannot read IP mode file for STMicroelectronics.X-CUBE-WB05N.1.1.0
2024-11-05 17:27:38,674 [WARN] PackLoader:240 - Cannot read IP mode file for STMicroelectronics.X-CUBE-AZRTOS-F7.1.1.0
2024-11-05 17:27:38,755 [WARN] PackLoader:240 - Cannot read IP mode file for STMicroelectronics.X-CUBE-MEMS1.11.0.0
2024-11-05 17:27:38,914 [WARN] PackLoader:240 - Cannot read IP mode file for STMicroelectronics.FP-SNS-FLIGHT1.5.0.2
2024-11-05 17:27:38,930 [WARN] PackLoader:240 - Cannot read IP mode file for STMicroelectronics.X-CUBE-DISPLAY.3.0.0
2024-11-05 17:27:38,949 [WARN] PackLoader:240 - Cannot read IP mode file for STMicroelectronics.X-CUBE-BLE1.7.0.0
2024-11-05 17:27:38,963 [WARN] PackLoader:240 - Cannot read IP mode file for STMicroelectronics.X-CUBE-NFC10.1.0.0
2024-11-05 17:27:38,978 [WARN] PackLoader:240 - Cannot read IP mode file for emotas.I-CUBE-CANOPEN.1.3.0
2024-11-05 17:27:38,994 [WARN] PackLoader:240 - Cannot read IP mode file for STMicroelectronics.X-CUBE-BLEMGR.3.1.0
2024-11-05 17:27:39,007 [WARN] PackLoader:240 - Cannot read IP mode file for STMicroelectronics.FP-SNS-SMARTAG2.1.2.0
2024-11-05 17:27:39,028 [INFO] LogOutputStream:77 - [STDOUT_REDIRECT] 1 : Invalid condition id : UX_CORESTACK_Condition cause : null
2024-11-05 17:27:39,029 [INFO] LogOutputStream:77 - [STDOUT_REDIRECT] 1 : Invalid condition id : UX_CORESTACK_Condition cause : null
2024-11-05 17:27:39,030 [INFO] LogOutputStream:77 - [STDOUT_REDIRECT] 1 : Invalid condition id : UX_CORESTACK_Condition cause : null
2024-11-05 17:27:39,031 [INFO] LogOutputStream:77 - [STDOUT_REDIRECT] 1 : Invalid condition id : UX_CORESTACK_Condition cause : null
2024-11-05 17:27:39,032 [INFO] LogOutputStream:77 - [STDOUT_REDIRECT] 1 : Invalid condition id : UX_CORESTACK_Condition cause : null
2024-11-05 17:27:39,035 [WARN] PackLoader:240 - Cannot read IP mode file for STMicroelectronics.X-CUBE-AZRTOS-WL.2.0.0
2024-11-05 17:27:39,050 [WARN] PackLoader:240 - Cannot read IP mode file for STMicroelectronics.FP-SNS-MOTENV1.5.0.0
2024-11-05 17:27:39,061 [WARN] PackLoader:240 - Cannot read IP mode file for wolfSSL.I-CUBE-wolfMQTT.1.19.0
2024-11-05 17:27:39,075 [WARN] PackLoader:240 - Cannot read IP mode file for WES.I-CUBE-Cesium.1.3.0
2024-11-05 17:27:39,089 [WARN] PackLoader:240 - Cannot read IP mode file for STMicroelectronics.X-CUBE-BLE2.3.3.0
2024-11-05 17:27:39,106 [WARN] PackLoader:240 - Cannot read IP mode file for STMicroelectronics.X-CUBE-NFC9.1.0.0
2024-11-05 17:27:39,123 [WARN] PackLoader:240 - Cannot read IP mode file for STMicroelectronics.X-CUBE-TCPP.4.1.0
2024-11-05 17:27:39,154 [WARN] PackLoader:240 - Cannot read IP mode file for STMicroelectronics.X-CUBE-AZRTOS-G0.1.1.0
2024-11-05 17:27:39,172 [WARN] PackLoader:240 - Cannot read IP mode file for STMicroelectronics.X-CUBE-SAFEA1.1.2.2
2024-11-05 17:27:39,185 [WARN] PackLoader:240 - Cannot read IP mode file for STMicroelectronics.X-CUBE-NFC4.3.0.0
2024-11-05 17:27:39,205 [WARN] PackLoader:240 - Cannot read IP mode file for EmbeddedOffice.I-CUBE-FS-RTOS.1.0.1
2024-11-05 17:27:39,205 [ERROR] ConditionMgr:805 - Attr not supported : Dmpu
2024-11-05 17:27:39,205 [ERROR] ConditionMgr:805 - Attr not supported : Dmpu
2024-11-05 17:27:39,205 [ERROR] ConditionMgr:805 - Attr not supported : Dmpu
2024-11-05 17:27:39,206 [ERROR] ConditionMgr:805 - Attr not supported : Dmpu
2024-11-05 17:27:39,206 [ERROR] ConditionMgr:805 - Attr not supported : Dmpu
2024-11-05 17:27:39,206 [ERROR] ConditionMgr:805 - Attr not supported : Dmpu
2024-11-05 17:27:39,206 [ERROR] ConditionMgr:805 - Attr not supported : Dmpu
2024-11-05 17:27:39,206 [ERROR] ConditionMgr:805 - Attr not supported : Dmpu
2024-11-05 17:27:39,206 [ERROR] ConditionMgr:805 - Attr not supported : Dmpu
2024-11-05 17:27:39,206 [ERROR] ConditionMgr:805 - Attr not supported : Dmpu
2024-11-05 17:27:39,206 [ERROR] ConditionMgr:805 - Attr not supported : Dmpu
2024-11-05 17:27:39,206 [ERROR] ConditionMgr:805 - Attr not supported : Dmpu
2024-11-05 17:27:39,206 [ERROR] ConditionMgr:805 - Attr not supported : Dmpu
2024-11-05 17:27:39,206 [ERROR] ConditionMgr:805 - Attr not supported : Dmpu
2024-11-05 17:27:39,206 [ERROR] ConditionMgr:805 - Attr not supported : Dmpu
2024-11-05 17:27:39,206 [ERROR] ConditionMgr:805 - Attr not supported : Dmpu
2024-11-05 17:27:39,206 [ERROR] ConditionMgr:805 - Attr not supported : Dmpu
2024-11-05 17:27:39,207 [ERROR] ConditionMgr:805 - Attr not supported : Dmpu
2024-11-05 17:27:39,207 [ERROR] ConditionMgr:805 - Attr not supported : Dmpu
2024-11-05 17:27:39,207 [ERROR] ConditionMgr:805 - Attr not supported : Dmpu
2024-11-05 17:27:39,207 [ERROR] ConditionMgr:805 - Attr not supported : Dmpu
2024-11-05 17:27:39,207 [ERROR] ConditionMgr:805 - Attr not supported : Dmpu
2024-11-05 17:27:39,207 [ERROR] ConditionMgr:805 - Attr not supported : Dmpu
2024-11-05 17:27:39,207 [ERROR] ConditionMgr:805 - Attr not supported : Dmpu
2024-11-05 17:27:39,207 [ERROR] ConditionMgr:805 - Attr not supported : Dmpu
2024-11-05 17:27:39,207 [ERROR] ConditionMgr:805 - Attr not supported : Dmpu
2024-11-05 17:27:39,207 [ERROR] ConditionMgr:805 - Attr not supported : Dmpu
2024-11-05 17:27:39,207 [ERROR] ConditionMgr:805 - Attr not supported : Dmpu
2024-11-05 17:27:39,207 [ERROR] ConditionMgr:805 - Attr not supported : Dmpu
2024-11-05 17:27:39,208 [ERROR] ConditionMgr:805 - Attr not supported : Dmpu
2024-11-05 17:27:39,208 [ERROR] ConditionMgr:805 - Attr not supported : Dmpu
2024-11-05 17:27:39,208 [ERROR] ConditionMgr:805 - Attr not supported : Dmpu
2024-11-05 17:27:39,208 [ERROR] ConditionMgr:805 - Attr not supported : Dmpu
2024-11-05 17:27:39,208 [ERROR] ConditionMgr:805 - Attr not supported : Dmpu
2024-11-05 17:27:39,208 [ERROR] ConditionMgr:805 - Attr not supported : Dmpu
2024-11-05 17:27:39,208 [ERROR] ConditionMgr:805 - Attr not supported : Dmpu
2024-11-05 17:27:39,208 [ERROR] ConditionMgr:805 - Attr not supported : Dmpu
2024-11-05 17:27:39,209 [ERROR] ConditionMgr:805 - Attr not supported : Dmpu
2024-11-05 17:27:39,209 [ERROR] ConditionMgr:805 - Attr not supported : Dmpu
2024-11-05 17:27:39,209 [ERROR] ConditionMgr:805 - Attr not supported : Dmpu
2024-11-05 17:27:39,209 [ERROR] ConditionMgr:805 - Attr not supported : Dmpu
2024-11-05 17:27:39,209 [ERROR] ConditionMgr:805 - Attr not supported : Dmpu
2024-11-05 17:27:39,209 [ERROR] ConditionMgr:805 - Attr not supported : Dmpu
2024-11-05 17:27:39,209 [ERROR] ConditionMgr:805 - Attr not supported : Dmpu
2024-11-05 17:27:39,209 [ERROR] ConditionMgr:805 - Attr not supported : Dmpu
2024-11-05 17:27:39,210 [ERROR] ConditionMgr:805 - Attr not supported : Dmpu
2024-11-05 17:27:39,210 [ERROR] ConditionMgr:805 - Attr not supported : Dmpu
2024-11-05 17:27:39,210 [ERROR] ConditionMgr:805 - Attr not supported : Dmpu
2024-11-05 17:27:39,210 [ERROR] ConditionMgr:805 - Attr not supported : Dmpu
2024-11-05 17:27:39,210 [ERROR] ConditionMgr:805 - Attr not supported : Dmpu
2024-11-05 17:27:39,210 [ERROR] ConditionMgr:805 - Attr not supported : Dmpu
2024-11-05 17:27:39,210 [ERROR] ConditionMgr:805 - Attr not supported : Dmpu
2024-11-05 17:27:39,210 [ERROR] ConditionMgr:805 - Attr not supported : Dmpu
2024-11-05 17:27:39,210 [ERROR] ConditionMgr:805 - Attr not supported : Dmpu
2024-11-05 17:27:39,211 [ERROR] ConditionMgr:805 - Attr not supported : Dmpu
2024-11-05 17:27:39,211 [ERROR] ConditionMgr:805 - Attr not supported : Dmpu
2024-11-05 17:27:39,211 [ERROR] ConditionMgr:805 - Attr not supported : Dmpu
2024-11-05 17:27:39,211 [ERROR] ConditionMgr:805 - Attr not supported : Dmpu
2024-11-05 17:27:39,211 [ERROR] ConditionMgr:805 - Attr not supported : Dmpu
2024-11-05 17:27:39,211 [ERROR] ConditionMgr:805 - Attr not supported : Dmpu
2024-11-05 17:27:39,211 [ERROR] ConditionMgr:805 - Attr not supported : Dmpu
2024-11-05 17:27:39,211 [ERROR] ConditionMgr:805 - Attr not supported : Dmpu
2024-11-05 17:27:39,211 [ERROR] ConditionMgr:805 - Attr not supported : Dmpu
2024-11-05 17:27:39,211 [ERROR] ConditionMgr:805 - Attr not supported : Dmpu
2024-11-05 17:27:39,224 [WARN] PackLoader:240 - Cannot read IP mode file for RealThread.X-CUBE-RT-Thread_Nano.4.1.1
2024-11-05 17:27:39,234 [WARN] PackLoader:240 - Cannot read IP mode file for STMicroelectronics.FP-ATR-SIGFOX1.3.2.0
2024-11-05 17:27:39,244 [WARN] PackLoader:240 - Cannot read IP mode file for wolfSSL.I-CUBE-wolfSSL.5.7.2
2024-11-05 17:27:39,257 [WARN] PackLoader:240 - Cannot read IP mode file for STMicroelectronics.X-CUBE-EEPRMA1.5.1.0
2024-11-05 17:27:39,273 [WARN] PackLoader:240 - Cannot read IP mode file for ITTIA_DB.I-CUBE-ITTIADB.8.9.0
2024-11-05 17:27:39,314 [WARN] PackLoader:240 - Cannot read IP mode file for SEGGER.I-CUBE-embOS.1.3.1
2024-11-05 17:27:39,360 [WARN] PackLoader:240 - Cannot read IP mode file for STMicroelectronics.X-CUBE-ALGOBUILD.1.4.0
2024-11-05 17:27:39,373 [WARN] PackLoader:240 - Cannot read IP mode file for STMicroelectronics.X-CUBE-AI.9.1.0
2024-11-05 17:27:39,390 [WARN] PackLoader:240 - Cannot read IP mode file for STMicroelectronics.X-CUBE-GNSS1.6.0.0
2024-11-05 17:27:39,420 [WARN] PackLoader:240 - Cannot read IP mode file for STMicroelectronics.X-CUBE-AZRTOS-F4.1.1.0
2024-11-05 17:27:39,434 [WARN] PackLoader:240 - Cannot read IP mode file for STMicroelectronics.X-CUBE-ISPU.2.1.0
2024-11-05 17:27:39,445 [WARN] PackLoader:240 - Cannot read IP mode file for STMicroelectronics.X-CUBE-FREERTOS.1.2.0
2024-11-05 17:27:39,473 [WARN] PackLoader:240 - Cannot read IP mode file for STMicroelectronics.X-CUBE-AZRTOS-L5.2.0.0
2024-11-05 17:27:39,492 [WARN] PackLoader:240 - Cannot read IP mode file for STMicroelectronics.X-CUBE-NFC6.3.1.0
2024-11-05 17:27:39,503 [WARN] PackLoader:240 - Cannot read IP mode file for STMicroelectronics.X-CUBE-DPower.1.2.0
2024-11-05 17:27:39,515 [WARN] PackLoader:240 - Cannot read IP mode file for STMicroelectronics.X-CUBE-AI.9.0.0
2024-11-05 17:27:39,528 [WARN] PackLoader:240 - Cannot read IP mode file for STMicroelectronics.X-CUBE-NFC7.1.0.1
2024-11-05 17:27:39,542 [WARN] PackLoader:240 - Cannot read IP mode file for wolfSSL.I-CUBE-wolfTPM.3.2.0
2024-11-05 17:27:39,580 [WARN] ConditionMgr:438 - getConditionDescription Invalid condition id : LAN8742 Phy interface Condition cause : null
2024-11-05 17:27:39,581 [WARN] PackLoader:240 - Cannot read IP mode file for STMicroelectronics.X-CUBE-AZRTOS-L4.2.0.0
2024-11-05 17:27:39,582 [WARN] ConditionMgr:1039 - genDependencies : Invalid condition id : LAN8742 Phy interface Condition cause : null
2024-11-05 17:27:39,582 [WARN] ConditionMgr:1039 - genDependencies : Invalid condition id : LAN8742 Phy interface Condition cause : null
2024-11-05 17:27:39,583 [WARN] ConditionMgr:1039 - genDependencies : Invalid condition id : LAN8742 Phy interface Condition cause : null
2024-11-05 17:27:39,598 [WARN] PackLoader:240 - Cannot read IP mode file for STMicroelectronics.X-CUBE-SFXS2LP1.4.0.0
2024-11-05 17:27:39,630 [WARN] PackLoader:240 - Cannot read IP mode file for STMicroelectronics.X-CUBE-AZRTOS-H7.3.3.0
2024-11-05 17:27:39,651 [WARN] PackLoader:240 - Cannot read IP mode file for STMicroelectronics.X-CUBE-IPS.3.0.0
2024-11-05 17:27:39,678 [WARN] ConditionMgr:438 - getConditionDescription Invalid condition id : UX DEVICE CLASS RTOS Condition cause : null
2024-11-05 17:27:39,678 [WARN] ConditionMgr:438 - getConditionDescription Invalid condition id : UX DEVICE CLASS RTOS Condition cause : null
2024-11-05 17:27:39,680 [WARN] PackLoader:240 - Cannot read IP mode file for STMicroelectronics.X-CUBE-AZRTOS-WB.2.0.0
2024-11-05 17:27:39,681 [WARN] ConditionMgr:1039 - genDependencies : Invalid condition id : UX DEVICE CLASS RTOS Condition cause : null
2024-11-05 17:27:39,681 [WARN] ConditionMgr:1039 - genDependencies : Invalid condition id : UX DEVICE CLASS RTOS Condition cause : null
2024-11-05 17:27:39,681 [WARN] ConditionMgr:1039 - genDependencies : Invalid condition id : UX DEVICE CLASS RTOS Condition cause : null
2024-11-05 17:27:39,681 [WARN] ConditionMgr:1039 - genDependencies : Invalid condition id : UX DEVICE CLASS RTOS Condition cause : null
2024-11-05 17:27:39,681 [WARN] ConditionMgr:1039 - genDependencies : Invalid condition id : UX DEVICE CLASS RTOS Condition cause : null
2024-11-05 17:27:39,694 [WARN] PackLoader:240 - Cannot read IP mode file for STMicroelectronics.X-CUBE-GNSS1.7.0.0
2024-11-05 17:27:39,709 [WARN] PackLoader:240 - Cannot read IP mode file for STMicroelectronics.FP-SNS-STBOX1.2.0.0
2024-11-05 17:27:39,727 [WARN] PackLoader:240 - Cannot read IP mode file for STMicroelectronics.X-CUBE-SUBG2.5.0.0
2024-11-05 17:27:39,742 [WARN] PackLoader:240 - Cannot read IP mode file for Cesanta.I-CUBE-Mongoose.7.13.0
2024-11-05 17:27:39,772 [WARN] PackLoader:240 - Cannot read IP mode file for STMicroelectronics.X-CUBE-AZRTOS-G4.2.0.0
2024-11-05 17:27:39,785 [WARN] PackLoader:240 - Cannot read IP mode file for STMicroelectronics.X-CUBE-ISPU.2.0.0
2024-11-05 17:27:39,795 [WARN] PackLoader:240 - Cannot read IP mode file for STMicroelectronics.X-CUBE-ALS.1.0.2
2024-11-05 17:27:39,848 [WARN] PackLoader:240 - Cannot read IP mode file for STMicroelectronics.X-CUBE-MEMS1.10.0.0
2024-11-05 17:27:39,937 [WARN] PackLoader:240 - Cannot read IP mode file for STMicroelectronics.X-CUBE-TOUCHGFX.4.24.0
2024-11-05 17:27:39,948 [WARN] PackLoader:240 - Cannot read IP mode file for STMicroelectronics.X-CUBE-TOUCHGFX.4.24.1
2024-11-05 17:27:39,960 [WARN] PackLoader:240 - Cannot read IP mode file for portGmbH.I-Cube-SoM-uGOAL.1.1.0
2024-11-05 17:27:39,985 [WARN] PackLoader:240 - Cannot read IP mode file for STMicroelectronics.X-CUBE-AZRTOS-H7RS.1.0.0
2024-11-05 17:27:39,997 [WARN] PackLoader:240 - Cannot read IP mode file for STMicroelectronics.FP-ATR-ASTRA1.2.0.0
2024-11-05 17:27:40,015 [WARN] PackLoader:240 - Cannot read IP mode file for STMicroelectronics.X-CUBE-TOF1.3.4.2
2024-11-05 17:27:40,049 [WARN] PackLoader:240 - Cannot read IP mode file for STMicroelectronics.X-CUBE-AZRTOS-H7.3.2.0
2024-11-05 17:27:40,076 [WARN] PackLoader:240 - Cannot read IP mode file for Infineon.AIROC-Wi-Fi-Bluetooth-STM32.1.6.0
2024-11-05 17:27:40,091 [WARN] PackLoader:240 - Cannot read IP mode file for wolfSSL.I-CUBE-wolfSSH.1.4.17
2024-11-05 17:27:40,092 [INFO] ThirdParty:978 - Integrity check success = true
2024-11-05 17:27:40,092 [INFO] IntegrityCheckThread:100 - exiting critical section [integrity check]
2024-11-05 17:27:40,092 [INFO] IntegrityCheckThread:103 - End integrity checks thread
2024-11-05 17:27:41,186 [INFO] WebApp:167 - Instantiating new browser for Auth
2024-11-05 17:27:41,971 [INFO] WebApp:448 - Apply proxy settings
2024-11-05 17:27:41,971 [INFO] WebApp:533 - Chromium requires no authentication
2024-11-05 17:27:41,981 [INFO] WebApp:476 - Direct internet connection detected
2024-11-05 17:27:42,018 [INFO] WebApp:869 - Register for checkConnection events
2024-11-05 17:27:42,018 [INFO] WebApp:448 - Apply proxy settings
2024-11-05 17:27:42,018 [INFO] WebApp:533 - Chromium requires no authentication
2024-11-05 17:27:42,018 [INFO] WebApp:476 - Direct internet connection detected
2024-11-05 17:27:42,173 [INFO] WebApp:186 - Connection restablished
2024-11-05 17:27:42,257 [INFO] WebApp:220 - Starting web application
2024-11-05 17:27:42,257 [INFO] WebApp:578 - Web application path used C:\ST\STM32CubeIDE_1.16.0\STM32CubeIDE\plugins\com.st.stm32cube.common.mx_6.12.0.202406281431\db\plugins\mcufinder\reactClient1\index.html
2024-11-05 17:27:42,475 [INFO] UserAuth:417 - Internet connection configuration mode: 1
2024-11-05 17:44:06,001 [ERROR] LogOutputStream:75 - [STDERR_REDIRECT] 
2024-11-05 17:44:06,002 [ERROR] LogOutputStream:75 - [STDERR_REDIRECT] 
