2024-08-13 00:34:40,320 [ERROR] LogOutputStream:75 - [STDERR_REDIRECT] 
2024-08-13 10:04:26,702 [INFO] Activator:176 - 


2024-08-13 10:04:26,705 [INFO] Activator:177 - !SESSION log4j initialized
2024-08-13 10:04:34,551 [INFO] LogOutputStream:77 - [STDOUT_REDIRECT] 
2024-08-13 10:04:37,520 [INFO] ApplicationProperties:184 - Using Application install path: C:\ST\STM32CubeIDE_1.16.0\STM32CubeIDE\plugins\com.st.stm32cube.common.mx_6.12.0.202406281431
2024-08-13 10:04:37,542 [INFO] DbMcusXml:78 - Set database path to: C:\ST\STM32CubeIDE_1.16.0\STM32CubeIDE\plugins\com.st.stm32cube.common.mx_6.12.0.202406281431\\db\/mcu/
2024-08-13 10:04:37,542 [INFO] ApiDb:274 - Set plugin database path to: C:\ST\STM32CubeIDE_1.16.0\STM32CubeIDE\plugins\com.st.stm32cube.common.mx_6.12.0.202406281431\\db\/plugins/boardmanager/
2024-08-13 10:04:37,542 [WARN] ApiDb:259 - Overriding images path with different value:  => C:\ST\STM32CubeIDE_1.16.0\STM32CubeIDE\plugins\com.st.stm32cube.common.mx_6.12.0.202406281431\\db\/plugins/mcufinder/images/
2024-08-13 10:04:37,557 [INFO] ApiDb:250 - Set database path to: C:\Users\admin\.stmcufinder\plugins\mcufinder//mcu/
2024-08-13 10:04:37,558 [INFO] DbMcusAds:125 - Set database path to: C:\Users\admin\.stmcufinder\plugins\mcufinder//mcu/
2024-08-13 10:04:37,561 [INFO] CrossReferenceDbSqlite:203 - Set database path to: C:\Users\admin\.stmcufinder\plugins\mcufinder//mcu/cs/
2024-08-13 10:04:37,697 [INFO] RulesReader:64 - Compatibility file has been processed (297 Rules)
2024-08-13 10:04:37,788 [INFO] DbMcusXml:78 - Set database path to: C:\ST\STM32CubeIDE_1.16.0\STM32CubeIDE\plugins\com.st.stm32cube.common.mx_6.12.0.202406281431\\db\/mcu/
2024-08-13 10:04:37,788 [INFO] ApiDb:274 - Set plugin database path to: C:\ST\STM32CubeIDE_1.16.0\STM32CubeIDE\plugins\com.st.stm32cube.common.mx_6.12.0.202406281431\\db\/plugins/boardmanager/
2024-08-13 10:04:37,788 [INFO] ApiDb:261 - Set plugin images path to: C:\ST\STM32CubeIDE_1.16.0\STM32CubeIDE\plugins\com.st.stm32cube.common.mx_6.12.0.202406281431\\db\/plugins/mcufinder/images/
2024-08-13 10:04:37,789 [WARN] DbFile:41 - Overriding database path with different value: C:\Users\admin\.stmcufinder\plugins\mcufinder/ => C:\Users\admin\.stmcufinder\plugins\mcufinder
2024-08-13 10:04:37,789 [INFO] ApiDb:250 - Set database path to: C:\Users\admin\.stmcufinder\plugins\mcufinder//mcu/
2024-08-13 10:04:37,789 [WARN] DbFile:41 - Overriding database path with different value: C:\Users\admin\.stmcufinder\plugins\mcufinder/ => C:\Users\admin\.stmcufinder\plugins\mcufinder
2024-08-13 10:04:37,789 [INFO] DbMcusAds:125 - Set database path to: C:\Users\admin\.stmcufinder\plugins\mcufinder//mcu/
2024-08-13 10:04:37,789 [WARN] DbFile:41 - Overriding database path with different value: C:\Users\admin\.stmcufinder\plugins\mcufinder/ => C:\Users\admin\.stmcufinder\plugins\mcufinder
2024-08-13 10:04:37,789 [WARN] DbFile:41 - Overriding database path with different value: C:\Users\admin\.stmcufinder\plugins\mcufinder/ => C:\Users\admin\.stmcufinder\plugins\mcufinder
2024-08-13 10:04:37,789 [INFO] CrossReferenceDbSqlite:203 - Set database path to: C:\Users\admin\.stmcufinder\plugins\mcufinder//mcu/cs/
2024-08-13 10:04:37,882 [INFO] MainPanel:268 - HeapMemory: 268435456
2024-08-13 10:04:37,991 [INFO] DbMcusXml:78 - Set database path to: C:\ST\STM32CubeIDE_1.16.0\STM32CubeIDE\plugins\com.st.stm32cube.common.mx_6.12.0.202406281431\\db\/mcu/
2024-08-13 10:04:37,992 [INFO] ApiDb:274 - Set plugin database path to: C:\ST\STM32CubeIDE_1.16.0\STM32CubeIDE\plugins\com.st.stm32cube.common.mx_6.12.0.202406281431\\db\/plugins/boardmanager/
2024-08-13 10:04:37,992 [INFO] ApiDb:261 - Set plugin images path to: C:\ST\STM32CubeIDE_1.16.0\STM32CubeIDE\plugins\com.st.stm32cube.common.mx_6.12.0.202406281431\\db\/plugins/mcufinder/images/
2024-08-13 10:04:37,992 [WARN] DbFile:41 - Overriding database path with different value: C:\Users\admin\.stmcufinder\plugins\mcufinder/ => C:\Users\admin\.stmcufinder\plugins\mcufinder
2024-08-13 10:04:37,992 [INFO] ApiDb:250 - Set database path to: C:\Users\admin\.stmcufinder\plugins\mcufinder//mcu/
2024-08-13 10:04:37,992 [WARN] DbFile:41 - Overriding database path with different value: C:\Users\admin\.stmcufinder\plugins\mcufinder/ => C:\Users\admin\.stmcufinder\plugins\mcufinder
2024-08-13 10:04:37,992 [INFO] DbMcusAds:125 - Set database path to: C:\Users\admin\.stmcufinder\plugins\mcufinder//mcu/
2024-08-13 10:04:37,992 [WARN] DbFile:41 - Overriding database path with different value: C:\Users\admin\.stmcufinder\plugins\mcufinder/ => C:\Users\admin\.stmcufinder\plugins\mcufinder
2024-08-13 10:04:37,992 [WARN] DbFile:41 - Overriding database path with different value: C:\Users\admin\.stmcufinder\plugins\mcufinder/ => C:\Users\admin\.stmcufinder\plugins\mcufinder
2024-08-13 10:04:37,993 [INFO] CrossReferenceDbSqlite:203 - Set database path to: C:\Users\admin\.stmcufinder\plugins\mcufinder//mcu/cs/
2024-08-13 10:04:38,007 [INFO] ApplicationProperties:184 - Using Application install path: C:\ST\STM32CubeIDE_1.16.0\STM32CubeIDE\plugins\com.st.stm32cube.common.mx_6.12.0.202406281431
2024-08-13 10:04:38,009 [INFO] PluginManage:196 - Search for loadable plugins [exclusion list=, ]
2024-08-13 10:04:38,011 [INFO] PluginManage:310 - Check plugin analytics
2024-08-13 10:04:38,243 [INFO] AnalyticsPlugin:253 - Accepted Software Licenses: STM32CubeMX.6.12.0
2024-08-13 10:04:38,244 [INFO] AnalyticsPlugin:255 - Accepted CMSIS Pack Licenses: 
2024-08-13 10:04:38,244 [INFO] AnalyticsPlugin:257 - Accepted Firmware Licenses: 
2024-08-13 10:04:38,248 [INFO] PluginManage:359 - Loaded plugin analytics (category:tool,tabindex:-1)
2024-08-13 10:04:38,249 [INFO] PluginManage:310 - Check plugin cadmodel
2024-08-13 10:04:38,268 [INFO] CADModel:105 - Init CAD model plugin
2024-08-13 10:04:38,268 [INFO] PluginManage:359 - Loaded plugin cadmodel (category:power,tabindex:5)
2024-08-13 10:04:38,269 [INFO] PluginManage:310 - Check plugin clock
2024-08-13 10:04:38,293 [INFO] PluginManage:359 - Loaded plugin clock (category:base,tabindex:2)
2024-08-13 10:04:38,294 [INFO] PluginManage:310 - Check plugin ddr
2024-08-13 10:04:38,299 [INFO] PluginManage:359 - Loaded plugin ddr (category:tool,tabindex:6)
2024-08-13 10:04:38,299 [INFO] PluginManage:310 - Check plugin filemanager
2024-08-13 10:04:38,484 [INFO] PluginManage:359 - Loaded plugin filemanager (category:base,tabindex:10)
2024-08-13 10:04:38,484 [INFO] PluginManage:310 - Check plugin ipmanager
2024-08-13 10:04:38,494 [INFO] PluginManage:359 - Loaded plugin ipmanager (category:base,tabindex:5)
2024-08-13 10:04:38,494 [INFO] PluginManage:310 - Check plugin lpbam
2024-08-13 10:04:38,514 [INFO] PluginManage:359 - Loaded plugin lpbam (category:base,tabindex:0)
2024-08-13 10:04:38,515 [INFO] PluginManage:310 - Check plugin memorymap
2024-08-13 10:04:38,545 [INFO] PluginManage:359 - Loaded plugin memorymap (category:base,tabindex:4)
2024-08-13 10:04:38,545 [INFO] PluginManage:310 - Check plugin pinoutandconfiguration
2024-08-13 10:04:38,565 [INFO] PluginManage:359 - Loaded plugin pinoutandconfiguration (category:base,tabindex:1)
2024-08-13 10:04:38,565 [INFO] PluginManage:310 - Check plugin pinoutconfig
2024-08-13 10:04:38,686 [WARN] SupportedApi:132 - Cannot load RTOS API schema: s4s-elt-must-match.1: The content of 'definitions' must match (annotation?, (simpleType | complexType)?, (unique | key | keyref)*)). A problem was found starting at: attribute.
2024-08-13 10:04:38,841 [INFO] PluginManage:359 - Loaded plugin pinoutconfig (category:base,tabindex:0)
2024-08-13 10:04:38,841 [INFO] PluginManage:310 - Check plugin power
2024-08-13 10:04:38,866 [INFO] PluginManage:359 - Loaded plugin power (category:power,tabindex:4)
2024-08-13 10:04:38,866 [INFO] PluginManage:310 - Check plugin projectmanager
2024-08-13 10:04:38,886 [INFO] PluginManage:359 - Loaded plugin projectmanager (category:projectmanager,tabindex:4)
2024-08-13 10:04:38,886 [INFO] PluginManage:310 - Check plugin rif
2024-08-13 10:04:38,903 [INFO] PluginManage:359 - Loaded plugin rif (category:base,tabindex:3)
2024-08-13 10:04:38,903 [INFO] PluginManage:310 - Check plugin thirdparty
2024-08-13 10:04:39,202 [WARN] IntegrityCheckThread:84 - waiting for thirdparty lock release [integrity check]
2024-08-13 10:04:39,202 [INFO] IntegrityCheckThread:86 - entering critical section [integrity check]
2024-08-13 10:04:39,203 [INFO] PluginManage:359 - Loaded plugin thirdparty (category:base,tabindex:-1)
2024-08-13 10:04:39,204 [INFO] PluginManage:310 - Check plugin tools
2024-08-13 10:04:39,204 [INFO] ThirdPartyUpdaterWithRetryManager:70 - Updater plugin not ready yet. [1/15]
2024-08-13 10:04:39,243 [INFO] PluginManage:359 - Loaded plugin tools (category:base,tabindex:7)
2024-08-13 10:04:39,243 [INFO] PluginManage:310 - Check plugin tutovideos
2024-08-13 10:04:39,451 [INFO] PluginManage:359 - Loaded plugin tutovideos (category:base,tabindex:-1)
2024-08-13 10:04:39,451 [INFO] PluginManage:310 - Check plugin updater
2024-08-13 10:04:39,469 [INFO] PluginManage:359 - Loaded plugin updater (category:base,tabindex:12)
2024-08-13 10:04:39,469 [INFO] PluginManage:310 - Check plugin userauth
2024-08-13 10:04:39,476 [INFO] UserAuth:113 - Init User Auth plugin
2024-08-13 10:04:39,476 [INFO] PluginManage:359 - Loaded plugin userauth (category:base,tabindex:14)
2024-08-13 10:04:39,478 [INFO] PluginManage:283 - PluginManage : Loaded plugins [18]
2024-08-13 10:04:39,705 [INFO] PinOutPanel:1561 - setPackage(No Configuration,No Configuration)
2024-08-13 10:04:39,804 [INFO] CADModel:165 - CPN selected for project level
2024-08-13 10:04:39,804 [INFO] CADModel:114 - Register for checkConnection events
2024-08-13 10:04:39,830 [INFO] IPUIPlugin:80 - create IPUIPlugin
2024-08-13 10:04:39,830 [INFO] PluginManager:220 - loadIPPluginJar : add adc
2024-08-13 10:04:39,868 [INFO] IPUIPlugin:80 - create IPUIPlugin
2024-08-13 10:04:39,868 [INFO] PluginManager:220 - loadIPPluginJar : add aes
2024-08-13 10:04:39,912 [INFO] IPUIPlugin:80 - create IPUIPlugin
2024-08-13 10:04:39,912 [INFO] PluginManager:220 - loadIPPluginJar : add can
2024-08-13 10:04:39,936 [INFO] IPUIPlugin:80 - create IPUIPlugin
2024-08-13 10:04:39,936 [INFO] PluginManager:220 - loadIPPluginJar : add comp
2024-08-13 10:04:39,971 [INFO] IPUIPlugin:80 - create IPUIPlugin
2024-08-13 10:04:39,971 [INFO] PluginManager:220 - loadIPPluginJar : add cryp
2024-08-13 10:04:39,986 [INFO] IPUIPlugin:80 - create IPUIPlugin
2024-08-13 10:04:39,986 [INFO] PluginManager:220 - loadIPPluginJar : add ddr_ctrl_phy
2024-08-13 10:04:40,017 [INFO] IPUIPlugin:80 - create IPUIPlugin
2024-08-13 10:04:40,017 [INFO] PluginManager:220 - loadIPPluginJar : add dfsdm
2024-08-13 10:04:40,031 [INFO] IPUIPlugin:80 - create IPUIPlugin
2024-08-13 10:04:40,031 [INFO] PluginManager:220 - loadIPPluginJar : add dma
2024-08-13 10:04:40,079 [INFO] IPUIPlugin:80 - create IPUIPlugin
2024-08-13 10:04:40,080 [INFO] PluginManager:220 - loadIPPluginJar : add dma3
2024-08-13 10:04:40,127 [INFO] IPUIPlugin:80 - create IPUIPlugin
2024-08-13 10:04:40,127 [INFO] PluginManager:220 - loadIPPluginJar : add extmemmanager
2024-08-13 10:04:40,150 [INFO] IPUIPlugin:80 - create IPUIPlugin
2024-08-13 10:04:40,150 [INFO] PluginManager:220 - loadIPPluginJar : add fatfs
2024-08-13 10:04:40,200 [INFO] IPUIPlugin:80 - create IPUIPlugin
2024-08-13 10:04:40,200 [INFO] PluginManager:220 - loadIPPluginJar : add fmc
2024-08-13 10:04:40,216 [INFO] IPUIPlugin:80 - create IPUIPlugin
2024-08-13 10:04:40,216 [INFO] PluginManager:220 - loadIPPluginJar : add freertos
2024-08-13 10:04:40,238 [INFO] IPUIPlugin:80 - create IPUIPlugin
2024-08-13 10:04:40,238 [INFO] PluginManager:220 - loadIPPluginJar : add genericplugin
2024-08-13 10:04:40,340 [INFO] IPUIPlugin:80 - create IPUIPlugin
2024-08-13 10:04:40,340 [INFO] PluginManager:220 - loadIPPluginJar : add gfxmmu
2024-08-13 10:04:40,478 [INFO] IPUIPlugin:80 - create IPUIPlugin
2024-08-13 10:04:40,479 [INFO] PluginManager:220 - loadIPPluginJar : add gic
2024-08-13 10:04:40,491 [INFO] IPUIPlugin:80 - create IPUIPlugin
2024-08-13 10:04:40,491 [INFO] PluginManager:220 - loadIPPluginJar : add gpio
2024-08-13 10:04:40,588 [INFO] IPUIPlugin:80 - create IPUIPlugin
2024-08-13 10:04:40,588 [INFO] PluginManager:220 - loadIPPluginJar : add gtzc
2024-08-13 10:04:40,623 [INFO] IPUIPlugin:80 - create IPUIPlugin
2024-08-13 10:04:40,623 [INFO] PluginManager:220 - loadIPPluginJar : add hash
2024-08-13 10:04:40,678 [INFO] IPUIPlugin:80 - create IPUIPlugin
2024-08-13 10:04:40,678 [INFO] PluginManager:220 - loadIPPluginJar : add i2c
2024-08-13 10:04:40,718 [INFO] IPUIPlugin:80 - create IPUIPlugin
2024-08-13 10:04:40,718 [INFO] PluginManager:220 - loadIPPluginJar : add i2s
2024-08-13 10:04:40,760 [INFO] IPUIPlugin:80 - create IPUIPlugin
2024-08-13 10:04:40,760 [INFO] PluginManager:220 - loadIPPluginJar : add i3c
2024-08-13 10:04:40,867 [INFO] IPUIPlugin:80 - create IPUIPlugin
2024-08-13 10:04:40,867 [INFO] PluginManager:220 - loadIPPluginJar : add ipddr
2024-08-13 10:04:40,964 [INFO] IPUIPlugin:80 - create IPUIPlugin
2024-08-13 10:04:40,964 [INFO] PluginManager:220 - loadIPPluginJar : add linkedlist
2024-08-13 10:04:41,000 [INFO] IPUIPlugin:80 - create IPUIPlugin
2024-08-13 10:04:41,001 [INFO] PluginManager:220 - loadIPPluginJar : add lorawan
2024-08-13 10:04:41,038 [INFO] IPUIPlugin:80 - create IPUIPlugin
2024-08-13 10:04:41,038 [INFO] PluginManager:220 - loadIPPluginJar : add ltdc
2024-08-13 10:04:41,053 [INFO] IPUIPlugin:80 - create IPUIPlugin
2024-08-13 10:04:41,055 [INFO] PluginManager:220 - loadIPPluginJar : add mdma
2024-08-13 10:04:41,066 [INFO] IPUIPlugin:80 - create IPUIPlugin
2024-08-13 10:04:41,067 [INFO] PluginManager:220 - loadIPPluginJar : add nvic
2024-08-13 10:04:41,105 [INFO] IPUIPlugin:80 - create IPUIPlugin
2024-08-13 10:04:41,105 [INFO] PluginManager:220 - loadIPPluginJar : add opamp
2024-08-13 10:04:41,168 [INFO] IPUIPlugin:80 - create IPUIPlugin
2024-08-13 10:04:41,168 [INFO] PluginManager:220 - loadIPPluginJar : add openamp
2024-08-13 10:04:41,211 [INFO] IPUIPlugin:80 - create IPUIPlugin
2024-08-13 10:04:41,211 [INFO] PluginManager:220 - loadIPPluginJar : add pdm2pcm
2024-08-13 10:04:41,226 [INFO] IPUIPlugin:80 - create IPUIPlugin
2024-08-13 10:04:41,228 [INFO] PluginManager:220 - loadIPPluginJar : add plateformsettings
2024-08-13 10:04:41,253 [INFO] IPUIPlugin:80 - create IPUIPlugin
2024-08-13 10:04:41,253 [INFO] PluginManager:220 - loadIPPluginJar : add quadspi
2024-08-13 10:04:41,282 [INFO] IPUIPlugin:80 - create IPUIPlugin
2024-08-13 10:04:41,283 [INFO] PluginManager:220 - loadIPPluginJar : add radio
2024-08-13 10:04:41,296 [INFO] IPUIPlugin:80 - create IPUIPlugin
2024-08-13 10:04:41,296 [INFO] PluginManager:220 - loadIPPluginJar : add resmgrutility
2024-08-13 10:04:41,346 [INFO] IPUIPlugin:80 - create IPUIPlugin
2024-08-13 10:04:41,346 [INFO] PluginManager:220 - loadIPPluginJar : add sai
2024-08-13 10:04:41,385 [INFO] IPUIPlugin:80 - create IPUIPlugin
2024-08-13 10:04:41,385 [INFO] PluginManager:220 - loadIPPluginJar : add spi
2024-08-13 10:04:41,457 [INFO] IPUIPlugin:80 - create IPUIPlugin
2024-08-13 10:04:41,457 [INFO] PluginManager:220 - loadIPPluginJar : add stm32_wpan
2024-08-13 10:04:41,482 [INFO] IPUIPlugin:80 - create IPUIPlugin
2024-08-13 10:04:41,482 [INFO] PluginManager:220 - loadIPPluginJar : add tim
2024-08-13 10:04:41,543 [INFO] IPUIPlugin:80 - create IPUIPlugin
2024-08-13 10:04:41,543 [INFO] PluginManager:220 - loadIPPluginJar : add touchsensing
2024-08-13 10:04:41,567 [INFO] IPUIPlugin:80 - create IPUIPlugin
2024-08-13 10:04:41,567 [INFO] PluginManager:220 - loadIPPluginJar : add tracer_emb
2024-08-13 10:04:41,592 [INFO] IPUIPlugin:80 - create IPUIPlugin
2024-08-13 10:04:41,592 [INFO] PluginManager:220 - loadIPPluginJar : add ts
2024-08-13 10:04:41,615 [INFO] IPUIPlugin:80 - create IPUIPlugin
2024-08-13 10:04:41,615 [INFO] PluginManager:220 - loadIPPluginJar : add tsc
2024-08-13 10:04:41,637 [INFO] IPUIPlugin:80 - create IPUIPlugin
2024-08-13 10:04:41,637 [INFO] PluginManager:220 - loadIPPluginJar : add ucpd
2024-08-13 10:04:41,688 [INFO] IPUIPlugin:80 - create IPUIPlugin
2024-08-13 10:04:41,688 [INFO] PluginManager:220 - loadIPPluginJar : add usart
2024-08-13 10:04:41,731 [INFO] IPUIPlugin:80 - create IPUIPlugin
2024-08-13 10:04:41,731 [INFO] PluginManager:220 - loadIPPluginJar : add usbx
2024-08-13 10:04:41,856 [INFO] CADModel:165 - CPN selected for project level
2024-08-13 10:04:41,856 [INFO] CADModel:114 - Register for checkConnection events
2024-08-13 10:04:41,857 [FATAL] Updater:334 - Updater called before beeing initialized
2024-08-13 10:04:41,857 [ERROR] CADModel:125 - Updater not yet initialized, retry later 
2024-08-13 10:04:41,997 [INFO] CADModel:165 - CPN selected for project level
2024-08-13 10:04:41,997 [INFO] CADModel:114 - Register for checkConnection events
2024-08-13 10:04:41,997 [FATAL] Updater:334 - Updater called before beeing initialized
2024-08-13 10:04:41,997 [ERROR] CADModel:125 - Updater not yet initialized, retry later 
2024-08-13 10:04:42,000 [FATAL] Updater:334 - Updater called before beeing initialized
2024-08-13 10:04:42,108 [FATAL] Updater:334 - Updater called before beeing initialized
2024-08-13 10:04:42,119 [INFO] DbMcusAds:53 - JSON generation date=Thu May 16 17:22:00 CST 2024 (1715851320667)
2024-08-13 10:04:42,119 [FATAL] Updater:334 - Updater called before beeing initialized
2024-08-13 10:04:42,159 [WARN] DetailPanel:346 - Failed to get advertising image, set to default
2024-08-13 10:04:42,205 [INFO] ThirdPartyUpdaterWithRetryManager:70 - Updater plugin not ready yet. [2/15]
2024-08-13 10:04:42,239 [FATAL] Updater:334 - Updater called before beeing initialized
2024-08-13 10:04:42,241 [FATAL] Updater:334 - Updater called before beeing initialized
2024-08-13 10:04:42,241 [FATAL] Updater:334 - Updater called before beeing initialized
2024-08-13 10:04:42,241 [WARN] DetailPanel:346 - Failed to get advertising image, set to default
2024-08-13 10:04:42,242 [FATAL] Updater:334 - Updater called before beeing initialized
2024-08-13 10:04:42,314 [ERROR] Updater:1164 - MainUpdater not yet initialized. External WinMGr cannot be set.
2024-08-13 10:04:42,325 [INFO] Updater:1100 - Updater Version found : 6.12.0
2024-08-13 10:04:42,347 [INFO] ApplicationProperties:184 - Using Application install path: C:\ST\STM32CubeIDE_1.16.0\STM32CubeIDE\plugins\com.st.stm32cube.common.mx_6.12.0.202406281431
2024-08-13 10:04:43,931 [ERROR] LogOutputStream:75 - [STDERR_REDIRECT] Aug 13, 2024 10:04:43 AM java.util.prefs.WindowsPreferences <init>
2024-08-13 10:04:43,933 [ERROR] LogOutputStream:75 - [STDERR_REDIRECT] WARNING: Could not open/create prefs root node Software\JavaSoft\Prefs at root 0xffffffff80000002. Windows RegCreateKeyEx(...) returned error code 5.
2024-08-13 10:04:43,933 [ERROR] LogOutputStream:75 - [STDERR_REDIRECT] 
2024-08-13 10:04:44,236 [INFO] MainUpdater:2873 - connection check result : 10
2024-08-13 10:04:44,238 [INFO] MainUpdater:290 - Updater Check For Update Now.
2024-08-13 10:04:44,238 [INFO] MicroXplorer:498 - Change Database Version : DB.6.0.120
2024-08-13 10:04:44,259 [INFO] McuFinderGlobals:63 - Set McuFinder mode to 2 (CubeIDE integrated)
2024-08-13 10:04:44,268 [INFO] UserAuth:417 - Internet connection configuration mode: 1
2024-08-13 10:04:44,314 [INFO] JxBrowserEngine:152 - Initiate JxBrowser Engine with user profile folder
2024-08-13 10:04:44,471 [INFO] CheckServerUpdateThread:120 - End of CheckServer Thread
2024-08-13 10:04:45,465 [WARN] PackLoader:240 - Cannot read IP mode file for STMicroelectronics.FP-SNS-MOTENVWB1.1.4.0
2024-08-13 10:04:45,488 [WARN] PackLoader:240 - Cannot read IP mode file for STMicroelectronics.X-CUBE-SMBUS.2.1.0
2024-08-13 10:04:45,540 [WARN] PackLoader:240 - Cannot read IP mode file for STMicroelectronics.X-CUBE-AZRTOS-F7.1.1.0
2024-08-13 10:04:45,564 [WARN] PackLoader:240 - Cannot read IP mode file for STMicroelectronics.FP-SNS-FLIGHT1.5.0.2
2024-08-13 10:04:45,587 [WARN] PackLoader:240 - Cannot read IP mode file for STMicroelectronics.X-CUBE-DISPLAY.3.0.0
2024-08-13 10:04:45,617 [WARN] PackLoader:240 - Cannot read IP mode file for STMicroelectronics.X-CUBE-BLE1.7.0.0
2024-08-13 10:04:45,636 [WARN] PackLoader:240 - Cannot read IP mode file for emotas.I-CUBE-CANOPEN.1.3.0
2024-08-13 10:04:45,663 [WARN] PackLoader:240 - Cannot read IP mode file for STMicroelectronics.X-CUBE-BLEMGR.3.1.0
2024-08-13 10:04:45,694 [WARN] PackLoader:240 - Cannot read IP mode file for STMicroelectronics.FP-SNS-SMARTAG2.1.2.0
2024-08-13 10:04:45,722 [INFO] LogOutputStream:77 - [STDOUT_REDIRECT] 1 : Invalid condition id : UX_CORESTACK_Condition cause : null
2024-08-13 10:04:45,722 [INFO] LogOutputStream:77 - [STDOUT_REDIRECT] 1 : Invalid condition id : UX_CORESTACK_Condition cause : null
2024-08-13 10:04:45,724 [INFO] LogOutputStream:77 - [STDOUT_REDIRECT] 1 : Invalid condition id : UX_CORESTACK_Condition cause : null
2024-08-13 10:04:45,726 [INFO] LogOutputStream:77 - [STDOUT_REDIRECT] 1 : Invalid condition id : UX_CORESTACK_Condition cause : null
2024-08-13 10:04:45,727 [INFO] LogOutputStream:77 - [STDOUT_REDIRECT] 1 : Invalid condition id : UX_CORESTACK_Condition cause : null
2024-08-13 10:04:45,731 [WARN] PackLoader:240 - Cannot read IP mode file for STMicroelectronics.X-CUBE-AZRTOS-WL.2.0.0
2024-08-13 10:04:45,749 [WARN] PackLoader:240 - Cannot read IP mode file for STMicroelectronics.FP-SNS-MOTENV1.5.0.0
2024-08-13 10:04:45,766 [WARN] PackLoader:240 - Cannot read IP mode file for wolfSSL.I-CUBE-wolfMQTT.1.19.0
2024-08-13 10:04:45,786 [WARN] PackLoader:240 - Cannot read IP mode file for WES.I-CUBE-Cesium.1.3.0
2024-08-13 10:04:45,799 [WARN] PackLoader:240 - Cannot read IP mode file for STMicroelectronics.X-CUBE-BLE2.3.3.0
2024-08-13 10:04:45,817 [WARN] PackLoader:240 - Cannot read IP mode file for STMicroelectronics.X-CUBE-TCPP.4.1.0
2024-08-13 10:04:45,857 [WARN] PackLoader:240 - Cannot read IP mode file for STMicroelectronics.X-CUBE-AZRTOS-G0.1.1.0
2024-08-13 10:04:45,877 [WARN] PackLoader:240 - Cannot read IP mode file for STMicroelectronics.X-CUBE-SAFEA1.1.2.2
2024-08-13 10:04:45,895 [WARN] PackLoader:240 - Cannot read IP mode file for STMicroelectronics.X-CUBE-NFC4.3.0.0
2024-08-13 10:04:45,922 [WARN] PackLoader:240 - Cannot read IP mode file for EmbeddedOffice.I-CUBE-FS-RTOS.1.0.1
2024-08-13 10:04:45,922 [ERROR] ConditionMgr:805 - Attr not supported : Dmpu
2024-08-13 10:04:45,922 [ERROR] ConditionMgr:805 - Attr not supported : Dmpu
2024-08-13 10:04:45,922 [ERROR] ConditionMgr:805 - Attr not supported : Dmpu
2024-08-13 10:04:45,922 [ERROR] ConditionMgr:805 - Attr not supported : Dmpu
2024-08-13 10:04:45,922 [ERROR] ConditionMgr:805 - Attr not supported : Dmpu
2024-08-13 10:04:45,922 [ERROR] ConditionMgr:805 - Attr not supported : Dmpu
2024-08-13 10:04:45,922 [ERROR] ConditionMgr:805 - Attr not supported : Dmpu
2024-08-13 10:04:45,922 [ERROR] ConditionMgr:805 - Attr not supported : Dmpu
2024-08-13 10:04:45,923 [ERROR] ConditionMgr:805 - Attr not supported : Dmpu
2024-08-13 10:04:45,923 [ERROR] ConditionMgr:805 - Attr not supported : Dmpu
2024-08-13 10:04:45,923 [ERROR] ConditionMgr:805 - Attr not supported : Dmpu
2024-08-13 10:04:45,923 [ERROR] ConditionMgr:805 - Attr not supported : Dmpu
2024-08-13 10:04:45,923 [ERROR] ConditionMgr:805 - Attr not supported : Dmpu
2024-08-13 10:04:45,923 [ERROR] ConditionMgr:805 - Attr not supported : Dmpu
2024-08-13 10:04:45,923 [ERROR] ConditionMgr:805 - Attr not supported : Dmpu
2024-08-13 10:04:45,923 [ERROR] ConditionMgr:805 - Attr not supported : Dmpu
2024-08-13 10:04:45,923 [ERROR] ConditionMgr:805 - Attr not supported : Dmpu
2024-08-13 10:04:45,924 [ERROR] ConditionMgr:805 - Attr not supported : Dmpu
2024-08-13 10:04:45,924 [ERROR] ConditionMgr:805 - Attr not supported : Dmpu
2024-08-13 10:04:45,924 [ERROR] ConditionMgr:805 - Attr not supported : Dmpu
2024-08-13 10:04:45,924 [ERROR] ConditionMgr:805 - Attr not supported : Dmpu
2024-08-13 10:04:45,924 [ERROR] ConditionMgr:805 - Attr not supported : Dmpu
2024-08-13 10:04:45,924 [ERROR] ConditionMgr:805 - Attr not supported : Dmpu
2024-08-13 10:04:45,924 [ERROR] ConditionMgr:805 - Attr not supported : Dmpu
2024-08-13 10:04:45,924 [ERROR] ConditionMgr:805 - Attr not supported : Dmpu
2024-08-13 10:04:45,924 [ERROR] ConditionMgr:805 - Attr not supported : Dmpu
2024-08-13 10:04:45,924 [ERROR] ConditionMgr:805 - Attr not supported : Dmpu
2024-08-13 10:04:45,924 [ERROR] ConditionMgr:805 - Attr not supported : Dmpu
2024-08-13 10:04:45,924 [ERROR] ConditionMgr:805 - Attr not supported : Dmpu
2024-08-13 10:04:45,924 [ERROR] ConditionMgr:805 - Attr not supported : Dmpu
2024-08-13 10:04:45,924 [ERROR] ConditionMgr:805 - Attr not supported : Dmpu
2024-08-13 10:04:45,925 [ERROR] ConditionMgr:805 - Attr not supported : Dmpu
2024-08-13 10:04:45,925 [ERROR] ConditionMgr:805 - Attr not supported : Dmpu
2024-08-13 10:04:45,925 [ERROR] ConditionMgr:805 - Attr not supported : Dmpu
2024-08-13 10:04:45,925 [ERROR] ConditionMgr:805 - Attr not supported : Dmpu
2024-08-13 10:04:45,925 [ERROR] ConditionMgr:805 - Attr not supported : Dmpu
2024-08-13 10:04:45,925 [ERROR] ConditionMgr:805 - Attr not supported : Dmpu
2024-08-13 10:04:45,925 [ERROR] ConditionMgr:805 - Attr not supported : Dmpu
2024-08-13 10:04:45,925 [ERROR] ConditionMgr:805 - Attr not supported : Dmpu
2024-08-13 10:04:45,925 [ERROR] ConditionMgr:805 - Attr not supported : Dmpu
2024-08-13 10:04:45,925 [ERROR] ConditionMgr:805 - Attr not supported : Dmpu
2024-08-13 10:04:45,925 [ERROR] ConditionMgr:805 - Attr not supported : Dmpu
2024-08-13 10:04:45,926 [ERROR] ConditionMgr:805 - Attr not supported : Dmpu
2024-08-13 10:04:45,926 [ERROR] ConditionMgr:805 - Attr not supported : Dmpu
2024-08-13 10:04:45,926 [ERROR] ConditionMgr:805 - Attr not supported : Dmpu
2024-08-13 10:04:45,926 [ERROR] ConditionMgr:805 - Attr not supported : Dmpu
2024-08-13 10:04:45,926 [ERROR] ConditionMgr:805 - Attr not supported : Dmpu
2024-08-13 10:04:45,926 [ERROR] ConditionMgr:805 - Attr not supported : Dmpu
2024-08-13 10:04:45,926 [ERROR] ConditionMgr:805 - Attr not supported : Dmpu
2024-08-13 10:04:45,926 [ERROR] ConditionMgr:805 - Attr not supported : Dmpu
2024-08-13 10:04:45,926 [ERROR] ConditionMgr:805 - Attr not supported : Dmpu
2024-08-13 10:04:45,927 [ERROR] ConditionMgr:805 - Attr not supported : Dmpu
2024-08-13 10:04:45,927 [ERROR] ConditionMgr:805 - Attr not supported : Dmpu
2024-08-13 10:04:45,927 [ERROR] ConditionMgr:805 - Attr not supported : Dmpu
2024-08-13 10:04:45,927 [ERROR] ConditionMgr:805 - Attr not supported : Dmpu
2024-08-13 10:04:45,927 [ERROR] ConditionMgr:805 - Attr not supported : Dmpu
2024-08-13 10:04:45,927 [ERROR] ConditionMgr:805 - Attr not supported : Dmpu
2024-08-13 10:04:45,927 [ERROR] ConditionMgr:805 - Attr not supported : Dmpu
2024-08-13 10:04:45,927 [ERROR] ConditionMgr:805 - Attr not supported : Dmpu
2024-08-13 10:04:45,927 [ERROR] ConditionMgr:805 - Attr not supported : Dmpu
2024-08-13 10:04:45,927 [ERROR] ConditionMgr:805 - Attr not supported : Dmpu
2024-08-13 10:04:45,928 [ERROR] ConditionMgr:805 - Attr not supported : Dmpu
2024-08-13 10:04:45,928 [ERROR] ConditionMgr:805 - Attr not supported : Dmpu
2024-08-13 10:04:45,928 [ERROR] ConditionMgr:805 - Attr not supported : Dmpu
2024-08-13 10:04:45,945 [WARN] PackLoader:240 - Cannot read IP mode file for RealThread.X-CUBE-RT-Thread_Nano.4.1.1
2024-08-13 10:04:45,959 [WARN] PackLoader:240 - Cannot read IP mode file for STMicroelectronics.FP-ATR-SIGFOX1.3.2.0
2024-08-13 10:04:45,973 [WARN] PackLoader:240 - Cannot read IP mode file for wolfSSL.I-CUBE-wolfSSL.5.7.2
2024-08-13 10:04:45,992 [WARN] PackLoader:240 - Cannot read IP mode file for STMicroelectronics.X-CUBE-EEPRMA1.5.1.0
2024-08-13 10:04:46,010 [WARN] PackLoader:240 - Cannot read IP mode file for ITTIA_DB.I-CUBE-ITTIADB.8.9.0
2024-08-13 10:04:46,059 [WARN] PackLoader:240 - Cannot read IP mode file for SEGGER.I-CUBE-embOS.1.3.1
2024-08-13 10:04:46,121 [WARN] PackLoader:240 - Cannot read IP mode file for STMicroelectronics.X-CUBE-ALGOBUILD.1.4.0
2024-08-13 10:04:46,137 [WARN] PackLoader:240 - Cannot read IP mode file for STMicroelectronics.X-CUBE-GNSS1.6.0.0
2024-08-13 10:04:46,171 [WARN] PackLoader:240 - Cannot read IP mode file for STMicroelectronics.X-CUBE-AZRTOS-F4.1.1.0
2024-08-13 10:04:46,191 [WARN] PackLoader:240 - Cannot read IP mode file for STMicroelectronics.X-CUBE-FREERTOS.1.2.0
2024-08-13 10:04:46,231 [WARN] PackLoader:240 - Cannot read IP mode file for STMicroelectronics.X-CUBE-AZRTOS-L5.2.0.0
2024-08-13 10:04:46,255 [WARN] PackLoader:240 - Cannot read IP mode file for STMicroelectronics.X-CUBE-NFC6.3.1.0
2024-08-13 10:04:46,271 [WARN] PackLoader:240 - Cannot read IP mode file for STMicroelectronics.X-CUBE-DPower.1.2.0
2024-08-13 10:04:46,289 [WARN] PackLoader:240 - Cannot read IP mode file for STMicroelectronics.X-CUBE-AI.9.0.0
2024-08-13 10:04:46,304 [WARN] PackLoader:240 - Cannot read IP mode file for STMicroelectronics.X-CUBE-NFC7.1.0.1
2024-08-13 10:04:46,323 [WARN] PackLoader:240 - Cannot read IP mode file for wolfSSL.I-CUBE-wolfTPM.3.2.0
2024-08-13 10:04:46,362 [WARN] ConditionMgr:438 - getConditionDescription Invalid condition id : LAN8742 Phy interface Condition cause : null
2024-08-13 10:04:46,362 [WARN] PackLoader:240 - Cannot read IP mode file for STMicroelectronics.X-CUBE-AZRTOS-L4.2.0.0
2024-08-13 10:04:46,364 [WARN] ConditionMgr:1039 - genDependencies : Invalid condition id : LAN8742 Phy interface Condition cause : null
2024-08-13 10:04:46,365 [WARN] ConditionMgr:1039 - genDependencies : Invalid condition id : LAN8742 Phy interface Condition cause : null
2024-08-13 10:04:46,365 [WARN] ConditionMgr:1039 - genDependencies : Invalid condition id : LAN8742 Phy interface Condition cause : null
2024-08-13 10:04:46,383 [WARN] PackLoader:240 - Cannot read IP mode file for STMicroelectronics.X-CUBE-SFXS2LP1.4.0.0
2024-08-13 10:04:46,416 [WARN] ConditionMgr:438 - getConditionDescription Invalid condition id : UX DEVICE CLASS RTOS Condition cause : null
2024-08-13 10:04:46,417 [WARN] ConditionMgr:438 - getConditionDescription Invalid condition id : UX DEVICE CLASS RTOS Condition cause : null
2024-08-13 10:04:46,420 [WARN] PackLoader:240 - Cannot read IP mode file for STMicroelectronics.X-CUBE-AZRTOS-WB.2.0.0
2024-08-13 10:04:46,420 [WARN] ConditionMgr:1039 - genDependencies : Invalid condition id : UX DEVICE CLASS RTOS Condition cause : null
2024-08-13 10:04:46,420 [WARN] ConditionMgr:1039 - genDependencies : Invalid condition id : UX DEVICE CLASS RTOS Condition cause : null
2024-08-13 10:04:46,421 [WARN] ConditionMgr:1039 - genDependencies : Invalid condition id : UX DEVICE CLASS RTOS Condition cause : null
2024-08-13 10:04:46,421 [WARN] ConditionMgr:1039 - genDependencies : Invalid condition id : UX DEVICE CLASS RTOS Condition cause : null
2024-08-13 10:04:46,421 [WARN] ConditionMgr:1039 - genDependencies : Invalid condition id : UX DEVICE CLASS RTOS Condition cause : null
2024-08-13 10:04:46,439 [WARN] PackLoader:240 - Cannot read IP mode file for STMicroelectronics.FP-SNS-STBOX1.2.0.0
2024-08-13 10:04:46,464 [WARN] PackLoader:240 - Cannot read IP mode file for STMicroelectronics.X-CUBE-SUBG2.5.0.0
2024-08-13 10:04:46,483 [WARN] PackLoader:240 - Cannot read IP mode file for Cesanta.I-CUBE-Mongoose.7.13.0
2024-08-13 10:04:46,510 [WARN] PackLoader:240 - Cannot read IP mode file for STMicroelectronics.X-CUBE-AZRTOS-G4.2.0.0
2024-08-13 10:04:46,528 [WARN] PackLoader:240 - Cannot read IP mode file for STMicroelectronics.X-CUBE-ISPU.2.0.0
2024-08-13 10:04:46,540 [WARN] PackLoader:240 - Cannot read IP mode file for STMicroelectronics.X-CUBE-ALS.1.0.2
2024-08-13 10:04:46,598 [WARN] PackLoader:240 - Cannot read IP mode file for STMicroelectronics.X-CUBE-MEMS1.10.0.0
2024-08-13 10:04:46,828 [WARN] PackLoader:240 - Cannot read IP mode file for STMicroelectronics.X-CUBE-TOUCHGFX.4.24.0
2024-08-13 10:04:46,842 [WARN] PackLoader:240 - Cannot read IP mode file for portGmbH.I-Cube-SoM-uGOAL.1.1.0
2024-08-13 10:04:46,875 [WARN] PackLoader:240 - Cannot read IP mode file for STMicroelectronics.X-CUBE-AZRTOS-H7RS.1.0.0
2024-08-13 10:04:46,890 [WARN] PackLoader:240 - Cannot read IP mode file for STMicroelectronics.FP-ATR-ASTRA1.2.0.0
2024-08-13 10:04:46,911 [WARN] PackLoader:240 - Cannot read IP mode file for STMicroelectronics.X-CUBE-TOF1.3.4.2
2024-08-13 10:04:46,955 [WARN] PackLoader:240 - Cannot read IP mode file for STMicroelectronics.X-CUBE-AZRTOS-H7.3.2.0
2024-08-13 10:04:46,987 [WARN] PackLoader:240 - Cannot read IP mode file for Infineon.AIROC-Wi-Fi-Bluetooth-STM32.1.6.0
2024-08-13 10:04:47,004 [WARN] PackLoader:240 - Cannot read IP mode file for wolfSSL.I-CUBE-wolfSSH.1.4.17
2024-08-13 10:04:47,005 [INFO] ThirdParty:978 - Integrity check success = true
2024-08-13 10:04:47,005 [INFO] IntegrityCheckThread:100 - exiting critical section [integrity check]
2024-08-13 10:04:47,005 [INFO] IntegrityCheckThread:103 - End integrity checks thread
2024-08-13 10:04:48,306 [INFO] WebApp:167 - Instantiating new browser for Auth
2024-08-13 10:04:49,482 [INFO] WebApp:448 - Apply proxy settings
2024-08-13 10:04:49,483 [INFO] WebApp:533 - Chromium requires no authentication
2024-08-13 10:04:49,497 [INFO] WebApp:476 - Direct internet connection detected
2024-08-13 10:04:49,531 [INFO] WebApp:869 - Register for checkConnection events
2024-08-13 10:04:49,531 [INFO] WebApp:448 - Apply proxy settings
2024-08-13 10:04:49,531 [INFO] WebApp:533 - Chromium requires no authentication
2024-08-13 10:04:49,532 [INFO] WebApp:476 - Direct internet connection detected
2024-08-13 10:04:49,693 [INFO] WebApp:186 - Connection restablished
2024-08-13 10:04:49,783 [INFO] WebApp:220 - Starting web application
2024-08-13 10:04:49,783 [INFO] WebApp:578 - Web application path used C:\ST\STM32CubeIDE_1.16.0\STM32CubeIDE\plugins\com.st.stm32cube.common.mx_6.12.0.202406281431\db\plugins\mcufinder\reactClient1\index.html
2024-08-13 10:04:49,988 [INFO] UserAuth:417 - Internet connection configuration mode: 1
2024-08-13 10:20:57,454 [ERROR] LogOutputStream:75 - [STDERR_REDIRECT] 
2024-08-13 10:20:57,455 [ERROR] LogOutputStream:75 - [STDERR_REDIRECT] 
